#
# A fatal error has been detected by the Java Runtime Environment:
#
#  SIGSEGV (0xb) at pc=0x00007fc48e9663c0, pid=9471, tid=9472
#
# JRE version: OpenJDK Runtime Environment Corretto-21.0.2.13.1 (21.0.2+13) (build 21.0.2+13-LTS)
# Java VM: OpenJDK 64-Bit Server VM Corretto-21.0.2.13.1 (21.0.2+13-LTS, mixed mode, sharing, tiered, compressed oops, compressed class ptrs, g1 gc, linux-amd64)
# Problematic frame:
# V  [libjvm.so+0xb663c0]
#
# No core dump will be written. Core dumps have been disabled. To enable core dumping, try "ulimit -c unlimited" before starting Java again
#
# If you would like to submit a bug report, please visit:
#   https://github.com/corretto/corretto-21/issues/
#

---------------  S U M M A R Y ------------

Command Line: -Djava.library.path=. HelloWorld

Host: AMD Ryzen 9 3900X 12-Core Processor, 24 cores, 47G, Ubuntu 22.04.3 LTS
Time: Fri Mar  1 09:44:03 2024 CET elapsed time: 0.042930 seconds (0d 0h 0m 0s)

---------------  T H R E A D  ---------------

Current thread (0x00007fc488028480):  JavaThread "main"             [_thread_in_vm, id=9472, stack(0x00007fc48dd00000,0x00007fc48de00000) (1024K)]

Stack: [0x00007fc48dd00000,0x00007fc48de00000],  sp=0x00007fc48ddfe6e8,  free space=1017k
Native frames: (J=compiled Java code, j=interpreted, Vv=VM code, C=native code)
V  [libjvm.so+0xb663c0]
C  [libcppjnilib.so+0x3a48]  JNIEnv_::SetIntArrayRegion(_jintArray*, int, int, int const*)+0x38
C  [libcppjnilib.so+0x2c8e]  ExtIntMatrix::toJObjectArray(JNIEnv_*)+0x13e
C  [libcppjnilib.so+0x2682]  Java_HelloWorld_matrixMultiplication+0x62
j  HelloWorld.matrixMultiplication([[I[[I)[[I+0
j  HelloWorld.main([Ljava/lang/String;)V+153
v  ~StubRoutines::call_stub 0x00007fc477d2ccc6
V  [libjvm.so+0x909a24]  JavaCalls::call_helper(JavaValue*, methodHandle const&, JavaCallArguments*, JavaThread*)+0x2f4
V  [libjvm.so+0x9b5e1f]  jni_invoke_static(JNIEnv_*, JavaValue*, _jobject*, JNICallType, _jmethodID*, JNI_ArgumentPusher*, JavaThread*) [clone .isra.156] [clone .constprop.261]+0x15f
V  [libjvm.so+0x9b803f]  jni_CallStaticVoidMethod+0x14f
C  [libjli.so+0x57b7]  JavaMain+0xfb7
C  [libjli.so+0x8719]  ThreadJavaMain+0x9
Java frames: (J=compiled Java code, j=interpreted, Vv=VM code)
j  HelloWorld.matrixMultiplication([[I[[I)[[I+0
j  HelloWorld.main([Ljava/lang/String;)V+153
v  ~StubRoutines::call_stub 0x00007fc477d2ccc6

siginfo: si_signo: 11 (SIGSEGV), si_code: 1 (SEGV_MAPERR), si_addr: 0x00007fc3745ff6f7

Registers:
RAX=0x00007fc3745ff6f7, RBX=0x00007fc488028480, RCX=0x000000053e813500, RDX=0xffffffffffffffff
RSP=0x00007fc48ddfe6e8, RBP=0x00007fc48ddfe750, RSI=0x000000053e813500, RDI=0x00007fc3745ff6f7
R8 =0x0000000000000003, R9 =0x00007fc48ddfe680, R10=0x00007fc48fa21900, R11=0x00007fc48fa24a10
R12=0x00007fc488028838, R13=0x0000000000000003, R14=0x0000000000000010, R15=0x0000000000000000
RIP=0x00007fc48e9663c0, EFLAGS=0x0000000000010297, CSGSFS=0x002b000000000033, ERR=0x0000000000000004
  TRAPNO=0x000000000000000e


Register to memory mapping:

RAX=0x00007fc3745ff6f7 is an unknown value
RBX=0x00007fc488028480 is a thread
RCX=
[error occurred during error reporting (printing register info), id 0xb, SIGSEGV (0xb) at pc=0x00007fc48e5db466]
RDX=0xffffffffffffffff is an unknown value
RSP=0x00007fc48ddfe6e8 is pointing into the stack for thread: 0x00007fc488028480
RBP=0x00007fc48ddfe750 is pointing into the stack for thread: 0x00007fc488028480
RSI=
[error occurred during error reporting (printing register info, attempt 2), id 0xb, SIGSEGV (0xb) at pc=0x00007fc48e5db466]
RDI=0x00007fc3745ff6f7 is an unknown value
R8 =0x0000000000000003 is an unknown value
R9 =0x00007fc48ddfe680 is pointing into the stack for thread: 0x00007fc488028480
R10=0x00007fc48fa21900: <offset 0x0000000000000900> in /mnt/e/code/BA-Thesis/java/app/build/libcppjnilib.so at 0x00007fc48fa21000
R11=0x00007fc48fa24a10: _ZN7JNIEnv_17SetIntArrayRegionEP10_jintArrayiiPKi+0x0000000000000000 in /mnt/e/code/BA-Thesis/java/app/build/libcppjnilib.so at 0x00007fc48fa21000
R12=0x00007fc488028838 points into unknown readable memory: 0x00007fc48f526160 | 60 61 52 8f c4 7f 00 00
R13=0x0000000000000003 is an unknown value
R14=0x0000000000000010 is an unknown value
R15=0x0 is null

Top of Stack: (sp=0x00007fc48ddfe6e8)
0x00007fc48ddfe6e8:   00007fc48e7be482 00007fc3745ff6f7
0x00007fc48ddfe6f8:   000000053e8134f0 00007fc488028480
0x00007fc48ddfe708:   0000000000000000 00007fc4519fb540
0x00007fc48ddfe718:   00007fc48f7f2780 00007fc48f7ee600
0x00007fc48ddfe728:   00007fc3ff4005d0 0000000000000000
0x00007fc48ddfe738:   00007fc3ff4005d0 00007fc48ddfe8f8
0x00007fc48ddfe748:   00007fc488028480 00007fc48ddfe780
0x00007fc48ddfe758:   00007fc48fa24a48 00007fc3745ff6f7
0x00007fc48ddfe768:   0000000000000003 00007fc488134fd0
0x00007fc48ddfe778:   00007fc488028838 00007fc48ddfe7d0
0x00007fc48ddfe788:   00007fc48fa23c8e 00007fc48ddfe7f0
0x00007fc48ddfe798:   00007fc488028838 0000000388134fb8
0x00007fc48ddfe7a8:   00007fc488134fd0 0000000000000003
0x00007fc48ddfe7b8:   00007fc488134fc8 00007fc488028838
0x00007fc48ddfe7c8:   00007fc48ddfe7f0 00007fc48ddfe850
0x00007fc48ddfe7d8:   00007fc48fa23682 00007fc48ddfe810
0x00007fc48ddfe7e8:   00007fc488002da0 00007fc4881776c0
0x00007fc48ddfe7f8:   0000000300000003 00007fc48ddfe840
0x00007fc48ddfe808:   00007fc48e6ff884 00007fc4881776a0
0x00007fc48ddfe818:   0000000300000003 00007fc4881772c0
0x00007fc48ddfe828:   0000000300000003 00007fc48ddfe8e8
0x00007fc48ddfe838:   00007fc48ddfe8f0 00007fc48ddfe8f8
0x00007fc48ddfe848:   00007fc488028838 00007fc48ddfe8c8
0x00007fc48ddfe858:   00007fc477d38980 00007fc48ddfe8c8
0x00007fc48ddfe868:   00007fc477d38657 0000000000000000
0x00007fc48ddfe878:   00007fc477d3861f 00007fc48ddfe880
0x00007fc48ddfe888:   00007fc3ff4005d0 0000000000000006
0x00007fc48ddfe898:   00007fc3ff400998 0000000000000000
0x00007fc48ddfe8a8:   000000053e812108 00007fc3ff4005d0
0x00007fc48ddfe8b8:   0000000000000000 00007fc48ddfe8e8
0x00007fc48ddfe8c8:   00007fc48ddfe948 00007fc477d342d8
0x00007fc48ddfe8d8:   0000000000000000 00007fc477d35f9a 

Instructions: (pc=0x00007fc48e9663c0)
0x00007fc48e9662c0:   08 89 71 08 48 83 c1 04 49 f7 c0 01 00 00 00 74
0x00007fc48e9662d0:   0a 66 42 8b 74 47 fe 66 89 71 08 c3 0f 1f 40 00
0x00007fc48e9662e0:   48 8b 74 d0 e8 48 89 74 d1 e8 48 8b 74 d0 f0 48
0x00007fc48e9662f0:   89 74 d1 f0 48 8b 74 d0 f8 48 89 74 d1 f8 48 8b
0x00007fc48e966300:   34 d0 48 89 34 d1 48 83 c2 04 7e d4 48 83 ea 04
0x00007fc48e966310:   7c 93 eb a1 49 f7 c0 01 00 00 00 74 0c 66 42 8b
0x00007fc48e966320:   4c 47 fe 66 42 89 4c 46 fe 49 f7 c0 02 00 00 00
0x00007fc48e966330:   74 44 8b 0c d7 89 0c d6 eb 3c 48 8b 4c d7 f8 48
0x00007fc48e966340:   89 4c d6 f8 48 83 ea 01 75 f0 c3 0f 1f 44 00 00
0x00007fc48e966350:   48 8b 4c d7 18 48 89 4c d6 18 48 8b 4c d7 10 48
0x00007fc48e966360:   89 4c d6 10 48 8b 4c d7 08 48 89 4c d6 08 48 8b
0x00007fc48e966370:   0c d7 48 89 0c d6 48 83 ea 04 7d d4 48 83 c2 04
0x00007fc48e966380:   7f b8 c3 0f 1f 00 66 2e 0f 1f 84 00 00 00 00 00
0x00007fc48e966390:   49 89 d0 48 d1 ea 48 39 fe 4a 8d 44 87 fc 76 05
0x00007fc48e9663a0:   48 39 c6 76 6f 48 8d 44 d7 f8 48 8d 4c d6 f8 48
0x00007fc48e9663b0:   f7 da eb 52 66 90 66 2e 0f 1f 84 00 00 00 00 00
0x00007fc48e9663c0:   48 8b 74 d0 08 48 89 74 d1 08 48 83 c2 01 75 f0
0x00007fc48e9663d0:   49 f7 c0 01 00 00 00 74 06 8b 70 08 89 71 08 c3
0x00007fc48e9663e0:   48 8b 74 d0 e8 48 89 74 d1 e8 48 8b 74 d0 f0 48
0x00007fc48e9663f0:   89 74 d1 f0 48 8b 74 d0 f8 48 89 74 d1 f8 48 8b
0x00007fc48e966400:   34 d0 48 89 34 d1 48 83 c2 04 7e d4 48 83 ea 04
0x00007fc48e966410:   7c ae eb bc 49 f7 c0 01 00 00 00 74 49 42 8b 4c
0x00007fc48e966420:   87 fc 42 89 4c 86 fc eb 3d 48 8b 4c d7 f8 48 89
0x00007fc48e966430:   4c d6 f8 48 83 ea 01 75 f0 c3 66 0f 1f 44 00 00
0x00007fc48e966440:   48 8b 4c d7 18 48 89 4c d6 18 48 8b 4c d7 10 48
0x00007fc48e966450:   89 4c d6 10 48 8b 4c d7 08 48 89 4c d6 08 48 8b
0x00007fc48e966460:   0c d7 48 89 0c d6 48 83 ea 04 7d d4 48 83 c2 04
0x00007fc48e966470:   7f b7 c3 0f 1f 00 66 2e 0f 1f 84 00 00 00 00 00
0x00007fc48e966480:   48 39 fe 48 8d 44 d7 f8 76 09 48 39 c6 0f 86 93
0x00007fc48e966490:   00 00 00 48 8d 4c d6 f8 48 f7 da eb 39 48 8b 74
0x00007fc48e9664a0:   d0 08 48 89 74 d1 08 48 83 c2 01 75 f0 c3 66 90
0x00007fc48e9664b0:   48 8b 74 d0 e8 48 89 74 d1 e8 48 8b 74 d0 f0 48 


Stack slot to memory mapping:

stack at sp + 0 slots: 0x00007fc48e7be482: <offset 0x00000000009be482> in /root/.sdkman/candidates/java/21.0.2-amzn/lib/server/libjvm.so at 0x00007fc48de00000
stack at sp + 1 slots: 0x00007fc3745ff6f7 is an unknown value
stack at sp + 2 slots: 0x000000053e8134f0 is an oop: [I 
{0x000000053e8134f0} - klass: {type array int}
 - length: 3
stack at sp + 3 slots: 0x00007fc488028480 is a thread
stack at sp + 4 slots: 0x0 is null
stack at sp + 5 slots: 0x00007fc4519fb540: _ZSt4cout+0x0000000000000000 in /lib/x86_64-linux-gnu/libstdc++.so.6 at 0x00007fc4517d2000
stack at sp + 6 slots: 0x00007fc48f7f2780: _IO_2_1_stdout_+0x0000000000000000 in /lib/x86_64-linux-gnu/libc.so.6 at 0x00007fc48f5d7000
stack at sp + 7 slots: 0x00007fc48f7ee600: _IO_file_jumps+0x0000000000000000 in /lib/x86_64-linux-gnu/libc.so.6 at 0x00007fc48f5d7000


---------------  P R O C E S S  ---------------

Threads class SMR info:
_java_thread_list=0x00007fc48815f060, length=10, elements={
0x00007fc488028480, 0x00007fc488143680, 0x00007fc488144df0, 0x00007fc4881468d0,
0x00007fc488147f10, 0x00007fc4881494b0, 0x00007fc48814b070, 0x00007fc48814c730,
0x00007fc48815a940, 0x00007fc48815df20
}

Java Threads: ( => current thread )
=>0x00007fc488028480 JavaThread "main"                              [_thread_in_vm, id=9472, stack(0x00007fc48dd00000,0x00007fc48de00000) (1024K)]
  0x00007fc488143680 JavaThread "Reference Handler"          daemon [_thread_blocked, id=9480, stack(0x00007fc4605b7000,0x00007fc4606b7000) (1024K)]
  0x00007fc488144df0 JavaThread "Finalizer"                  daemon [_thread_blocked, id=9481, stack(0x00007fc4604b6000,0x00007fc4605b6000) (1024K)]
  0x00007fc4881468d0 JavaThread "Signal Dispatcher"          daemon [_thread_blocked, id=9482, stack(0x00007fc4603b5000,0x00007fc4604b5000) (1024K)]
  0x00007fc488147f10 JavaThread "Service Thread"             daemon [_thread_blocked, id=9483, stack(0x00007fc4602b4000,0x00007fc4603b4000) (1024K)]
  0x00007fc4881494b0 JavaThread "Monitor Deflation Thread"   daemon [_thread_blocked, id=9484, stack(0x00007fc4601b3000,0x00007fc4602b3000) (1024K)]
  0x00007fc48814b070 JavaThread "C2 CompilerThread0"         daemon [_thread_blocked, id=9485, stack(0x00007fc4600b2000,0x00007fc4601b2000) (1024K)]
  0x00007fc48814c730 JavaThread "C1 CompilerThread0"         daemon [_thread_blocked, id=9486, stack(0x00007fc451f00000,0x00007fc452000000) (1024K)]
  0x00007fc48815a940 JavaThread "Notification Thread"        daemon [_thread_blocked, id=9487, stack(0x00007fc451b00000,0x00007fc451c00000) (1024K)]
  0x00007fc48815df20 JavaThread "Common-Cleaner"             daemon [_thread_blocked, id=9488, stack(0x00007fc4519ff000,0x00007fc451aff000) (1024K)]
Total: 10

Other Threads:
  0x00007fc488133a70 VMThread "VM Thread"                           [id=9479, stack(0x00007fc46070f000,0x00007fc46080f000) (1024K)]
  0x00007fc488118bb0 WatcherThread "VM Periodic Task Thread"        [id=9478, stack(0x00007fc460810000,0x00007fc460910000) (1024K)]
  0x00007fc488053090 WorkerThread "GC Thread#0"                     [id=9473, stack(0x00007fc48c2be000,0x00007fc48c3be000) (1024K)]
  0x00007fc488060300 ConcurrentGCThread "G1 Main Marker"            [id=9474, stack(0x00007fc48c1bd000,0x00007fc48c2bd000) (1024K)]
  0x00007fc4880612d0 WorkerThread "G1 Conc#0"                       [id=9475, stack(0x00007fc48c0bc000,0x00007fc48c1bc000) (1024K)]
  0x00007fc4880feb20 ConcurrentGCThread "G1 Refine#0"               [id=9476, stack(0x00007fc460a93000,0x00007fc460b93000) (1024K)]
  0x00007fc4880ffad0 ConcurrentGCThread "G1 Service"                [id=9477, stack(0x00007fc460992000,0x00007fc460a92000) (1024K)]
Total: 7

Threads with active compile tasks:
Total: 0

VM state: not at safepoint (normal execution)

VM Mutex/Monitor currently owned by a thread: None

Heap address: 0x000000050f800000, size: 12040 MB, Compressed Oops mode: Zero based, Oop shift amount: 3

CDS archive(s) mapped at: [0x00007fc403000000-0x00007fc403ca6000-0x00007fc403ca6000), size 13262848, SharedBaseAddress: 0x00007fc403000000, ArchiveRelocationMode: 1.
Compressed class space mapped at: 0x00007fc404000000-0x00007fc444000000, reserved size: 1073741824
Narrow klass base: 0x00007fc403000000, Narrow klass shift: 0, Narrow klass range: 0x100000000

GC Precious Log:
 CardTable entry size: 512
 Card Set container configuration: InlinePtr #cards 4 size 8 Array Of Cards #cards 64 size 144 Howl #buckets 8 coarsen threshold 14745 Howl Bitmap #cards 2048 size 272 coarsen threshold 1843 Card regions per heap region 1 cards per card region 16384
 CPUs: 24 total, 24 available
 Memory: 48137M
 Large Page Support: Disabled
 NUMA Support: Disabled
 Compressed Oops: Enabled (Zero based)
 Heap Region Size: 8M
 Heap Min Capacity: 8M
 Heap Initial Capacity: 760M
 Heap Max Capacity: 12040M
 Pre-touch: Disabled
 Parallel Workers: 18
 Concurrent Workers: 5
 Concurrent Refinement Workers: 18
 Periodic GC: Disabled

Heap:
 garbage-first heap   total 786432K, used 1053K [0x000000050f800000, 0x0000000800000000)
  region size 8192K, 1 young (8192K), 0 survivors (0K)
 Metaspace       used 82K, committed 320K, reserved 1114112K
  class space    used 3K, committed 128K, reserved 1048576K

Heap Regions: E=young(eden), S=young(survivor), O=old, HS=humongous(starts), HC=humongous(continues), CS=collection set, F=free, TAMS=top-at-mark-start, PB=parsable bottom
|   0|0x000000050f800000, 0x000000050f800000, 0x0000000510000000|  0%| F|  |TAMS 0x000000050f800000| PB 0x000000050f800000| Untracked 
|   1|0x0000000510000000, 0x0000000510000000, 0x0000000510800000|  0%| F|  |TAMS 0x0000000510000000| PB 0x0000000510000000| Untracked 
|   2|0x0000000510800000, 0x0000000510800000, 0x0000000511000000|  0%| F|  |TAMS 0x0000000510800000| PB 0x0000000510800000| Untracked 
|   3|0x0000000511000000, 0x0000000511000000, 0x0000000511800000|  0%| F|  |TAMS 0x0000000511000000| PB 0x0000000511000000| Untracked 
|   4|0x0000000511800000, 0x0000000511800000, 0x0000000512000000|  0%| F|  |TAMS 0x0000000511800000| PB 0x0000000511800000| Untracked 
|   5|0x0000000512000000, 0x0000000512000000, 0x0000000512800000|  0%| F|  |TAMS 0x0000000512000000| PB 0x0000000512000000| Untracked 
|   6|0x0000000512800000, 0x0000000512800000, 0x0000000513000000|  0%| F|  |TAMS 0x0000000512800000| PB 0x0000000512800000| Untracked 
|   7|0x0000000513000000, 0x0000000513000000, 0x0000000513800000|  0%| F|  |TAMS 0x0000000513000000| PB 0x0000000513000000| Untracked 
|   8|0x0000000513800000, 0x0000000513800000, 0x0000000514000000|  0%| F|  |TAMS 0x0000000513800000| PB 0x0000000513800000| Untracked 
|   9|0x0000000514000000, 0x0000000514000000, 0x0000000514800000|  0%| F|  |TAMS 0x0000000514000000| PB 0x0000000514000000| Untracked 
|  10|0x0000000514800000, 0x0000000514800000, 0x0000000515000000|  0%| F|  |TAMS 0x0000000514800000| PB 0x0000000514800000| Untracked 
|  11|0x0000000515000000, 0x0000000515000000, 0x0000000515800000|  0%| F|  |TAMS 0x0000000515000000| PB 0x0000000515000000| Untracked 
|  12|0x0000000515800000, 0x0000000515800000, 0x0000000516000000|  0%| F|  |TAMS 0x0000000515800000| PB 0x0000000515800000| Untracked 
|  13|0x0000000516000000, 0x0000000516000000, 0x0000000516800000|  0%| F|  |TAMS 0x0000000516000000| PB 0x0000000516000000| Untracked 
|  14|0x0000000516800000, 0x0000000516800000, 0x0000000517000000|  0%| F|  |TAMS 0x0000000516800000| PB 0x0000000516800000| Untracked 
|  15|0x0000000517000000, 0x0000000517000000, 0x0000000517800000|  0%| F|  |TAMS 0x0000000517000000| PB 0x0000000517000000| Untracked 
|  16|0x0000000517800000, 0x0000000517800000, 0x0000000518000000|  0%| F|  |TAMS 0x0000000517800000| PB 0x0000000517800000| Untracked 
|  17|0x0000000518000000, 0x0000000518000000, 0x0000000518800000|  0%| F|  |TAMS 0x0000000518000000| PB 0x0000000518000000| Untracked 
|  18|0x0000000518800000, 0x0000000518800000, 0x0000000519000000|  0%| F|  |TAMS 0x0000000518800000| PB 0x0000000518800000| Untracked 
|  19|0x0000000519000000, 0x0000000519000000, 0x0000000519800000|  0%| F|  |TAMS 0x0000000519000000| PB 0x0000000519000000| Untracked 
|  20|0x0000000519800000, 0x0000000519800000, 0x000000051a000000|  0%| F|  |TAMS 0x0000000519800000| PB 0x0000000519800000| Untracked 
|  21|0x000000051a000000, 0x000000051a000000, 0x000000051a800000|  0%| F|  |TAMS 0x000000051a000000| PB 0x000000051a000000| Untracked 
|  22|0x000000051a800000, 0x000000051a800000, 0x000000051b000000|  0%| F|  |TAMS 0x000000051a800000| PB 0x000000051a800000| Untracked 
|  23|0x000000051b000000, 0x000000051b000000, 0x000000051b800000|  0%| F|  |TAMS 0x000000051b000000| PB 0x000000051b000000| Untracked 
|  24|0x000000051b800000, 0x000000051b800000, 0x000000051c000000|  0%| F|  |TAMS 0x000000051b800000| PB 0x000000051b800000| Untracked 
|  25|0x000000051c000000, 0x000000051c000000, 0x000000051c800000|  0%| F|  |TAMS 0x000000051c000000| PB 0x000000051c000000| Untracked 
|  26|0x000000051c800000, 0x000000051c800000, 0x000000051d000000|  0%| F|  |TAMS 0x000000051c800000| PB 0x000000051c800000| Untracked 
|  27|0x000000051d000000, 0x000000051d000000, 0x000000051d800000|  0%| F|  |TAMS 0x000000051d000000| PB 0x000000051d000000| Untracked 
|  28|0x000000051d800000, 0x000000051d800000, 0x000000051e000000|  0%| F|  |TAMS 0x000000051d800000| PB 0x000000051d800000| Untracked 
|  29|0x000000051e000000, 0x000000051e000000, 0x000000051e800000|  0%| F|  |TAMS 0x000000051e000000| PB 0x000000051e000000| Untracked 
|  30|0x000000051e800000, 0x000000051e800000, 0x000000051f000000|  0%| F|  |TAMS 0x000000051e800000| PB 0x000000051e800000| Untracked 
|  31|0x000000051f000000, 0x000000051f000000, 0x000000051f800000|  0%| F|  |TAMS 0x000000051f000000| PB 0x000000051f000000| Untracked 
|  32|0x000000051f800000, 0x000000051f800000, 0x0000000520000000|  0%| F|  |TAMS 0x000000051f800000| PB 0x000000051f800000| Untracked 
|  33|0x0000000520000000, 0x0000000520000000, 0x0000000520800000|  0%| F|  |TAMS 0x0000000520000000| PB 0x0000000520000000| Untracked 
|  34|0x0000000520800000, 0x0000000520800000, 0x0000000521000000|  0%| F|  |TAMS 0x0000000520800000| PB 0x0000000520800000| Untracked 
|  35|0x0000000521000000, 0x0000000521000000, 0x0000000521800000|  0%| F|  |TAMS 0x0000000521000000| PB 0x0000000521000000| Untracked 
|  36|0x0000000521800000, 0x0000000521800000, 0x0000000522000000|  0%| F|  |TAMS 0x0000000521800000| PB 0x0000000521800000| Untracked 
|  37|0x0000000522000000, 0x0000000522000000, 0x0000000522800000|  0%| F|  |TAMS 0x0000000522000000| PB 0x0000000522000000| Untracked 
|  38|0x0000000522800000, 0x0000000522800000, 0x0000000523000000|  0%| F|  |TAMS 0x0000000522800000| PB 0x0000000522800000| Untracked 
|  39|0x0000000523000000, 0x0000000523000000, 0x0000000523800000|  0%| F|  |TAMS 0x0000000523000000| PB 0x0000000523000000| Untracked 
|  40|0x0000000523800000, 0x0000000523800000, 0x0000000524000000|  0%| F|  |TAMS 0x0000000523800000| PB 0x0000000523800000| Untracked 
|  41|0x0000000524000000, 0x0000000524000000, 0x0000000524800000|  0%| F|  |TAMS 0x0000000524000000| PB 0x0000000524000000| Untracked 
|  42|0x0000000524800000, 0x0000000524800000, 0x0000000525000000|  0%| F|  |TAMS 0x0000000524800000| PB 0x0000000524800000| Untracked 
|  43|0x0000000525000000, 0x0000000525000000, 0x0000000525800000|  0%| F|  |TAMS 0x0000000525000000| PB 0x0000000525000000| Untracked 
|  44|0x0000000525800000, 0x0000000525800000, 0x0000000526000000|  0%| F|  |TAMS 0x0000000525800000| PB 0x0000000525800000| Untracked 
|  45|0x0000000526000000, 0x0000000526000000, 0x0000000526800000|  0%| F|  |TAMS 0x0000000526000000| PB 0x0000000526000000| Untracked 
|  46|0x0000000526800000, 0x0000000526800000, 0x0000000527000000|  0%| F|  |TAMS 0x0000000526800000| PB 0x0000000526800000| Untracked 
|  47|0x0000000527000000, 0x0000000527000000, 0x0000000527800000|  0%| F|  |TAMS 0x0000000527000000| PB 0x0000000527000000| Untracked 
|  48|0x0000000527800000, 0x0000000527800000, 0x0000000528000000|  0%| F|  |TAMS 0x0000000527800000| PB 0x0000000527800000| Untracked 
|  49|0x0000000528000000, 0x0000000528000000, 0x0000000528800000|  0%| F|  |TAMS 0x0000000528000000| PB 0x0000000528000000| Untracked 
|  50|0x0000000528800000, 0x0000000528800000, 0x0000000529000000|  0%| F|  |TAMS 0x0000000528800000| PB 0x0000000528800000| Untracked 
|  51|0x0000000529000000, 0x0000000529000000, 0x0000000529800000|  0%| F|  |TAMS 0x0000000529000000| PB 0x0000000529000000| Untracked 
|  52|0x0000000529800000, 0x0000000529800000, 0x000000052a000000|  0%| F|  |TAMS 0x0000000529800000| PB 0x0000000529800000| Untracked 
|  53|0x000000052a000000, 0x000000052a000000, 0x000000052a800000|  0%| F|  |TAMS 0x000000052a000000| PB 0x000000052a000000| Untracked 
|  54|0x000000052a800000, 0x000000052a800000, 0x000000052b000000|  0%| F|  |TAMS 0x000000052a800000| PB 0x000000052a800000| Untracked 
|  55|0x000000052b000000, 0x000000052b000000, 0x000000052b800000|  0%| F|  |TAMS 0x000000052b000000| PB 0x000000052b000000| Untracked 
|  56|0x000000052b800000, 0x000000052b800000, 0x000000052c000000|  0%| F|  |TAMS 0x000000052b800000| PB 0x000000052b800000| Untracked 
|  57|0x000000052c000000, 0x000000052c000000, 0x000000052c800000|  0%| F|  |TAMS 0x000000052c000000| PB 0x000000052c000000| Untracked 
|  58|0x000000052c800000, 0x000000052c800000, 0x000000052d000000|  0%| F|  |TAMS 0x000000052c800000| PB 0x000000052c800000| Untracked 
|  59|0x000000052d000000, 0x000000052d000000, 0x000000052d800000|  0%| F|  |TAMS 0x000000052d000000| PB 0x000000052d000000| Untracked 
|  60|0x000000052d800000, 0x000000052d800000, 0x000000052e000000|  0%| F|  |TAMS 0x000000052d800000| PB 0x000000052d800000| Untracked 
|  61|0x000000052e000000, 0x000000052e000000, 0x000000052e800000|  0%| F|  |TAMS 0x000000052e000000| PB 0x000000052e000000| Untracked 
|  62|0x000000052e800000, 0x000000052e800000, 0x000000052f000000|  0%| F|  |TAMS 0x000000052e800000| PB 0x000000052e800000| Untracked 
|  63|0x000000052f000000, 0x000000052f000000, 0x000000052f800000|  0%| F|  |TAMS 0x000000052f000000| PB 0x000000052f000000| Untracked 
|  64|0x000000052f800000, 0x000000052f800000, 0x0000000530000000|  0%| F|  |TAMS 0x000000052f800000| PB 0x000000052f800000| Untracked 
|  65|0x0000000530000000, 0x0000000530000000, 0x0000000530800000|  0%| F|  |TAMS 0x0000000530000000| PB 0x0000000530000000| Untracked 
|  66|0x0000000530800000, 0x0000000530800000, 0x0000000531000000|  0%| F|  |TAMS 0x0000000530800000| PB 0x0000000530800000| Untracked 
|  67|0x0000000531000000, 0x0000000531000000, 0x0000000531800000|  0%| F|  |TAMS 0x0000000531000000| PB 0x0000000531000000| Untracked 
|  68|0x0000000531800000, 0x0000000531800000, 0x0000000532000000|  0%| F|  |TAMS 0x0000000531800000| PB 0x0000000531800000| Untracked 
|  69|0x0000000532000000, 0x0000000532000000, 0x0000000532800000|  0%| F|  |TAMS 0x0000000532000000| PB 0x0000000532000000| Untracked 
|  70|0x0000000532800000, 0x0000000532800000, 0x0000000533000000|  0%| F|  |TAMS 0x0000000532800000| PB 0x0000000532800000| Untracked 
|  71|0x0000000533000000, 0x0000000533000000, 0x0000000533800000|  0%| F|  |TAMS 0x0000000533000000| PB 0x0000000533000000| Untracked 
|  72|0x0000000533800000, 0x0000000533800000, 0x0000000534000000|  0%| F|  |TAMS 0x0000000533800000| PB 0x0000000533800000| Untracked 
|  73|0x0000000534000000, 0x0000000534000000, 0x0000000534800000|  0%| F|  |TAMS 0x0000000534000000| PB 0x0000000534000000| Untracked 
|  74|0x0000000534800000, 0x0000000534800000, 0x0000000535000000|  0%| F|  |TAMS 0x0000000534800000| PB 0x0000000534800000| Untracked 
|  75|0x0000000535000000, 0x0000000535000000, 0x0000000535800000|  0%| F|  |TAMS 0x0000000535000000| PB 0x0000000535000000| Untracked 
|  76|0x0000000535800000, 0x0000000535800000, 0x0000000536000000|  0%| F|  |TAMS 0x0000000535800000| PB 0x0000000535800000| Untracked 
|  77|0x0000000536000000, 0x0000000536000000, 0x0000000536800000|  0%| F|  |TAMS 0x0000000536000000| PB 0x0000000536000000| Untracked 
|  78|0x0000000536800000, 0x0000000536800000, 0x0000000537000000|  0%| F|  |TAMS 0x0000000536800000| PB 0x0000000536800000| Untracked 
|  79|0x0000000537000000, 0x0000000537000000, 0x0000000537800000|  0%| F|  |TAMS 0x0000000537000000| PB 0x0000000537000000| Untracked 
|  80|0x0000000537800000, 0x0000000537800000, 0x0000000538000000|  0%| F|  |TAMS 0x0000000537800000| PB 0x0000000537800000| Untracked 
|  81|0x0000000538000000, 0x0000000538000000, 0x0000000538800000|  0%| F|  |TAMS 0x0000000538000000| PB 0x0000000538000000| Untracked 
|  82|0x0000000538800000, 0x0000000538800000, 0x0000000539000000|  0%| F|  |TAMS 0x0000000538800000| PB 0x0000000538800000| Untracked 
|  83|0x0000000539000000, 0x0000000539000000, 0x0000000539800000|  0%| F|  |TAMS 0x0000000539000000| PB 0x0000000539000000| Untracked 
|  84|0x0000000539800000, 0x0000000539800000, 0x000000053a000000|  0%| F|  |TAMS 0x0000000539800000| PB 0x0000000539800000| Untracked 
|  85|0x000000053a000000, 0x000000053a000000, 0x000000053a800000|  0%| F|  |TAMS 0x000000053a000000| PB 0x000000053a000000| Untracked 
|  86|0x000000053a800000, 0x000000053a800000, 0x000000053b000000|  0%| F|  |TAMS 0x000000053a800000| PB 0x000000053a800000| Untracked 
|  87|0x000000053b000000, 0x000000053b000000, 0x000000053b800000|  0%| F|  |TAMS 0x000000053b000000| PB 0x000000053b000000| Untracked 
|  88|0x000000053b800000, 0x000000053b800000, 0x000000053c000000|  0%| F|  |TAMS 0x000000053b800000| PB 0x000000053b800000| Untracked 
|  89|0x000000053c000000, 0x000000053c000000, 0x000000053c800000|  0%| F|  |TAMS 0x000000053c000000| PB 0x000000053c000000| Untracked 
|  90|0x000000053c800000, 0x000000053c800000, 0x000000053d000000|  0%| F|  |TAMS 0x000000053c800000| PB 0x000000053c800000| Untracked 
|  91|0x000000053d000000, 0x000000053d000000, 0x000000053d800000|  0%| F|  |TAMS 0x000000053d000000| PB 0x000000053d000000| Untracked 
|  92|0x000000053d800000, 0x000000053d800000, 0x000000053e000000|  0%| F|  |TAMS 0x000000053d800000| PB 0x000000053d800000| Untracked 
|  93|0x000000053e000000, 0x000000053e000000, 0x000000053e800000|  0%| F|  |TAMS 0x000000053e000000| PB 0x000000053e000000| Untracked 
|  94|0x000000053e800000, 0x000000053e9eb8d8, 0x000000053f000000| 24%| E|  |TAMS 0x000000053e800000| PB 0x000000053e800000| Complete 
|1504|0x00000007ff800000, 0x00000007ff907778, 0x0000000800000000| 12%| O|  |TAMS 0x00000007ff800000| PB 0x00000007ff800000| Untracked 

Card table byte_map: [0x00007fc46d9c5000,0x00007fc46f149000] _byte_map_base: 0x00007fc46b149000

Marking Bits: (CMBitMap*) 0x00007fc488053bb0
 Bits: [0x00007fc461da5000, 0x00007fc46d9c5000)

Polling page: 0x00007fc48fbc6000

Metaspace:

Usage:
  Non-class:     78.75 KB used.
      Class:      3.75 KB used.
       Both:     82.50 KB used.

Virtual space:
  Non-class space:       64.00 MB reserved,     192.00 KB ( <1%) committed,  1 nodes.
      Class space:        1.00 GB reserved,     128.00 KB ( <1%) committed,  1 nodes.
             Both:        1.06 GB reserved,     320.00 KB ( <1%) committed. 

Chunk freelists:
   Non-Class:  12.00 MB
       Class:  15.75 MB
        Both:  27.74 MB

MaxMetaspaceSize: unlimited
CompressedClassSpaceSize: 1.00 GB
Initial GC threshold: 21.00 MB
Current GC threshold: 21.00 MB
CDS: on
 - commit_granule_bytes: 65536.
 - commit_granule_words: 8192.
 - virtual_space_node_default_size: 8388608.
 - enlarge_chunks_in_place: 1.
 - use_allocation_guard: 0.


Internal statistics:

num_allocs_failed_limit: 0.
num_arena_births: 4.
num_arena_deaths: 0.
num_vsnodes_births: 2.
num_vsnodes_deaths: 0.
num_space_committed: 5.
num_space_uncommitted: 0.
num_chunks_returned_to_freelist: 0.
num_chunks_taken_from_freelist: 5.
num_chunk_merges: 0.
num_chunk_splits: 3.
num_chunks_enlarged: 0.
num_inconsistent_stats: 0.

CodeHeap 'non-profiled nmethods': size=119168Kb used=0Kb max_used=0Kb free=119168Kb
 bounds [0x00007fc47846d000, 0x00007fc4786dd000, 0x00007fc47f8cd000]
CodeHeap 'profiled nmethods': size=119164Kb used=4Kb max_used=4Kb free=119159Kb
 bounds [0x00007fc4708cd000, 0x00007fc470b3d000, 0x00007fc477d2c000]
CodeHeap 'non-nmethods': size=7428Kb used=1152Kb max_used=1157Kb free=6275Kb
 bounds [0x00007fc477d2c000, 0x00007fc477f9c000, 0x00007fc47846d000]
 total_blobs=303 nmethods=4 adapters=206
 compilation: enabled
              stopped_count=0, restarted_count=0
 full_count=0

Compilation events (7 events):
Event: 0.018 Thread 0x00007fc48814c730    1       3       java.lang.Object::<init> (1 bytes)
Event: 0.019 Thread 0x00007fc48814c730 nmethod 1 0x00007fc4708cd010 code [0x00007fc4708cd1a0, 0x00007fc4708cd2a0]
Event: 0.020 Thread 0x00007fc48814c730    2       3       java.lang.String::coder (15 bytes)
Event: 0.020 Thread 0x00007fc48814c730 nmethod 2 0x00007fc4708cd310 code [0x00007fc4708cd4a0, 0x00007fc4708cd5d0]
Event: 0.024 Thread 0x00007fc48814c730    3       3       java.lang.String::length (11 bytes)
Event: 0.024 Thread 0x00007fc48814c730 nmethod 3 0x00007fc4708cd690 code [0x00007fc4708cd840, 0x00007fc4708cd9e0]
Event: 0.031 Thread 0x00007fc48814c730    4       3       java.lang.String::hashCode (60 bytes)

GC Heap History (0 events):
No events

Dll operation events (3 events):
Event: 0.002 Loaded shared library /root/.sdkman/candidates/java/21.0.2-amzn/lib/libjava.so
Event: 0.017 Loaded shared library /root/.sdkman/candidates/java/21.0.2-amzn/lib/libjsvml.so
Event: 0.031 Loaded shared library /mnt/e/code/BA-Thesis/java/app/build/libcppjnilib.so

Deoptimization events (0 events):
No events

Classes loaded (8 events):
Event: 0.015 Loading class sun/nio/cs/UTF_8$Encoder
Event: 0.015 Loading class sun/nio/cs/UTF_8$Encoder done
Event: 0.020 Loading class jdk/internal/vm/PostVMInitHook
Event: 0.020 Loading class jdk/internal/vm/PostVMInitHook done
Event: 0.020 Loading class jdk/internal/loader/URLClassPath$FileLoader
Event: 0.020 Loading class jdk/internal/loader/URLClassPath$FileLoader done
Event: 0.021 Loading class jdk/internal/loader/URLClassPath$FileLoader$1
Event: 0.021 Loading class jdk/internal/loader/URLClassPath$FileLoader$1 done

Classes unloaded (0 events):
No events

Classes redefined (0 events):
No events

Internal exceptions (0 events):
No events

ZGC Phase Switch (0 events):
No events

VM Operations (0 events):
No events

Events (20 events):
Event: 0.002 Protecting memory [0x00007fc48dd00000,0x00007fc48dd04000] with protection modes 0
Event: 0.010 Thread 0x00007fc488028480 Thread added: 0x00007fc488028480
Event: 0.016 Thread 0x00007fc488143680 Thread added: 0x00007fc488143680
Event: 0.016 Protecting memory [0x00007fc4605b7000,0x00007fc4605bb000] with protection modes 0
Event: 0.016 Thread 0x00007fc488144df0 Thread added: 0x00007fc488144df0
Event: 0.016 Protecting memory [0x00007fc4604b6000,0x00007fc4604ba000] with protection modes 0
Event: 0.016 Thread 0x00007fc4881468d0 Thread added: 0x00007fc4881468d0
Event: 0.016 Protecting memory [0x00007fc4603b5000,0x00007fc4603b9000] with protection modes 0
Event: 0.017 Thread 0x00007fc488147f10 Thread added: 0x00007fc488147f10
Event: 0.017 Protecting memory [0x00007fc4602b4000,0x00007fc4602b8000] with protection modes 0
Event: 0.017 Thread 0x00007fc4881494b0 Thread added: 0x00007fc4881494b0
Event: 0.017 Protecting memory [0x00007fc4601b3000,0x00007fc4601b7000] with protection modes 0
Event: 0.017 Thread 0x00007fc48814b070 Thread added: 0x00007fc48814b070
Event: 0.017 Protecting memory [0x00007fc4600b2000,0x00007fc4600b6000] with protection modes 0
Event: 0.017 Thread 0x00007fc48814c730 Thread added: 0x00007fc48814c730
Event: 0.017 Protecting memory [0x00007fc451f00000,0x00007fc451f04000] with protection modes 0
Event: 0.020 Thread 0x00007fc48815a940 Thread added: 0x00007fc48815a940
Event: 0.020 Protecting memory [0x00007fc451b00000,0x00007fc451b04000] with protection modes 0
Event: 0.022 Thread 0x00007fc48815df20 Thread added: 0x00007fc48815df20
Event: 0.022 Protecting memory [0x00007fc4519ff000,0x00007fc451a03000] with protection modes 0


Dynamic libraries:
50f800000-53f000000 rw-p 00000000 00:00 0 
53f000000-7ff800000 ---p 00000000 00:00 0 
7ff800000-7ff908000 rw-p 00ce5000 08:20 537309                           /root/.sdkman/candidates/java/21.0.2-amzn/lib/server/classes.jsa
7ff908000-800000000 rw-p 00000000 00:00 0 
56035ec00000-56035ec01000 r-xp 00000000 08:20 307511                     /root/.sdkman/candidates/java/21.0.2-amzn/bin/java
56035ee01000-56035ee02000 r--p 00001000 08:20 307511                     /root/.sdkman/candidates/java/21.0.2-amzn/bin/java
56035ee02000-56035ee03000 rw-p 00002000 08:20 307511                     /root/.sdkman/candidates/java/21.0.2-amzn/bin/java
56036094b000-560360991000 rw-p 00000000 00:00 0                          [heap]
7fc3d0000000-7fc3d0021000 rw-p 00000000 00:00 0 
7fc3d0021000-7fc3d4000000 ---p 00000000 00:00 0 
7fc3d8000000-7fc3d8021000 rw-p 00000000 00:00 0 
7fc3d8021000-7fc3dc000000 ---p 00000000 00:00 0 
7fc3dc000000-7fc3dc021000 rw-p 00000000 00:00 0 
7fc3dc021000-7fc3e0000000 ---p 00000000 00:00 0 
7fc3e0000000-7fc3e0021000 rw-p 00000000 00:00 0 
7fc3e0021000-7fc3e4000000 ---p 00000000 00:00 0 
7fc3e4000000-7fc3e406f000 rw-p 00000000 00:00 0 
7fc3e406f000-7fc3e8000000 ---p 00000000 00:00 0 
7fc3e8000000-7fc3e8021000 rw-p 00000000 00:00 0 
7fc3e8021000-7fc3ec000000 ---p 00000000 00:00 0 
7fc3ec000000-7fc3ec021000 rw-p 00000000 00:00 0 
7fc3ec021000-7fc3f0000000 ---p 00000000 00:00 0 
7fc3f0000000-7fc3f0021000 rw-p 00000000 00:00 0 
7fc3f0021000-7fc3f4000000 ---p 00000000 00:00 0 
7fc3f4000000-7fc3f4021000 rw-p 00000000 00:00 0 
7fc3f4021000-7fc3f8000000 ---p 00000000 00:00 0 
7fc3f8000000-7fc3f8021000 rw-p 00000000 00:00 0 
7fc3f8021000-7fc3fc000000 ---p 00000000 00:00 0 
7fc3ff000000-7fc3ff020000 rw-p 00000000 00:00 0 
7fc3ff020000-7fc3ff400000 ---p 00000000 00:00 0 
7fc3ff400000-7fc3ff410000 rw-p 00000000 00:00 0 
7fc3ff410000-7fc403000000 ---p 00000000 00:00 0 
7fc403000000-7fc403ca6000 rw-p 00001000 08:20 537309                     /root/.sdkman/candidates/java/21.0.2-amzn/lib/server/classes.jsa
7fc403ca6000-7fc404000000 ---p 00000000 00:00 0 
7fc404000000-7fc404010000 rw-p 00000000 00:00 0 
7fc404010000-7fc404040000 ---p 00000000 00:00 0 
7fc404040000-7fc404050000 rw-p 00000000 00:00 0 
7fc404050000-7fc444000000 ---p 00000000 00:00 0 
7fc444000000-7fc444021000 rw-p 00000000 00:00 0 
7fc444021000-7fc448000000 ---p 00000000 00:00 0 
7fc448000000-7fc448021000 rw-p 00000000 00:00 0 
7fc448021000-7fc44c000000 ---p 00000000 00:00 0 
7fc44c000000-7fc44c021000 rw-p 00000000 00:00 0 
7fc44c021000-7fc450000000 ---p 00000000 00:00 0 
7fc45136f000-7fc4517d2000 rw-p 00000000 00:00 0 
7fc4517d2000-7fc45186c000 r--p 00000000 08:20 27187                      /usr/lib/x86_64-linux-gnu/libstdc++.so.6.0.30
7fc45186c000-7fc45197d000 r-xp 0009a000 08:20 27187                      /usr/lib/x86_64-linux-gnu/libstdc++.so.6.0.30
7fc45197d000-7fc4519ec000 r--p 001ab000 08:20 27187                      /usr/lib/x86_64-linux-gnu/libstdc++.so.6.0.30
7fc4519ec000-7fc4519ed000 ---p 0021a000 08:20 27187                      /usr/lib/x86_64-linux-gnu/libstdc++.so.6.0.30
7fc4519ed000-7fc4519f8000 r--p 0021a000 08:20 27187                      /usr/lib/x86_64-linux-gnu/libstdc++.so.6.0.30
7fc4519f8000-7fc4519fb000 rw-p 00225000 08:20 27187                      /usr/lib/x86_64-linux-gnu/libstdc++.so.6.0.30
7fc4519fb000-7fc4519fe000 rw-p 00000000 00:00 0 
7fc4519fe000-7fc4519ff000 ---p 00000000 00:00 0 
7fc4519ff000-7fc451a03000 ---p 00000000 00:00 0 
7fc451a03000-7fc451aff000 rw-p 00000000 00:00 0 
7fc451aff000-7fc451b00000 ---p 00000000 00:00 0 
7fc451b00000-7fc451b04000 ---p 00000000 00:00 0 
7fc451b04000-7fc451c00000 rw-p 00000000 00:00 0 
7fc451c00000-7fc451cce000 r-xp 00000000 08:20 537319                     /root/.sdkman/candidates/java/21.0.2-amzn/lib/libjsvml.so
7fc451cce000-7fc451ecd000 ---p 000ce000 08:20 537319                     /root/.sdkman/candidates/java/21.0.2-amzn/lib/libjsvml.so
7fc451ecd000-7fc451ece000 r--p 000cd000 08:20 537319                     /root/.sdkman/candidates/java/21.0.2-amzn/lib/libjsvml.so
7fc451ece000-7fc451ecf000 rw-p 000ce000 08:20 537319                     /root/.sdkman/candidates/java/21.0.2-amzn/lib/libjsvml.so
7fc451eff000-7fc451f00000 ---p 00000000 00:00 0 
7fc451f00000-7fc451f04000 ---p 00000000 00:00 0 
7fc451f04000-7fc454000000 rw-p 00000000 00:00 0 
7fc454000000-7fc454021000 rw-p 00000000 00:00 0 
7fc454021000-7fc458000000 ---p 00000000 00:00 0 
7fc458000000-7fc458021000 rw-p 00000000 00:00 0 
7fc458021000-7fc45c000000 ---p 00000000 00:00 0 
7fc45c000000-7fc45c021000 rw-p 00000000 00:00 0 
7fc45c021000-7fc460000000 ---p 00000000 00:00 0 
7fc4600b1000-7fc4600b2000 ---p 00000000 00:00 0 
7fc4600b2000-7fc4600b6000 ---p 00000000 00:00 0 
7fc4600b6000-7fc4601b2000 rw-p 00000000 00:00 0 
7fc4601b2000-7fc4601b3000 ---p 00000000 00:00 0 
7fc4601b3000-7fc4601b7000 ---p 00000000 00:00 0 
7fc4601b7000-7fc4602b3000 rw-p 00000000 00:00 0 
7fc4602b3000-7fc4602b4000 ---p 00000000 00:00 0 
7fc4602b4000-7fc4602b8000 ---p 00000000 00:00 0 
7fc4602b8000-7fc4603b4000 rw-p 00000000 00:00 0 
7fc4603b4000-7fc4603b5000 ---p 00000000 00:00 0 
7fc4603b5000-7fc4603b9000 ---p 00000000 00:00 0 
7fc4603b9000-7fc4604b5000 rw-p 00000000 00:00 0 
7fc4604b5000-7fc4604b6000 ---p 00000000 00:00 0 
7fc4604b6000-7fc4604ba000 ---p 00000000 00:00 0 
7fc4604ba000-7fc4605b6000 rw-p 00000000 00:00 0 
7fc4605b6000-7fc4605b7000 ---p 00000000 00:00 0 
7fc4605b7000-7fc4605bb000 ---p 00000000 00:00 0 
7fc4605bb000-7fc4606b7000 rw-p 00000000 00:00 0 
7fc4606b7000-7fc46070e000 r--p 00000000 08:20 7397                       /usr/lib/locale/C.utf8/LC_CTYPE
7fc46070e000-7fc46070f000 ---p 00000000 00:00 0 
7fc46070f000-7fc46080f000 rw-p 00000000 00:00 0 
7fc46080f000-7fc460810000 ---p 00000000 00:00 0 
7fc460810000-7fc460991000 rw-p 00000000 00:00 0 
7fc460991000-7fc460992000 ---p 00000000 00:00 0 
7fc460992000-7fc460a92000 rw-p 00000000 00:00 0 
7fc460a92000-7fc460a93000 ---p 00000000 00:00 0 
7fc460a93000-7fc462985000 rw-p 00000000 00:00 0 
7fc462985000-7fc46d9a5000 ---p 00000000 00:00 0 
7fc46d9a5000-7fc46db41000 rw-p 00000000 00:00 0 
7fc46db41000-7fc46f145000 ---p 00000000 00:00 0 
7fc46f145000-7fc46f2c5000 rw-p 00000000 00:00 0 
7fc46f2c5000-7fc4708c9000 ---p 00000000 00:00 0 
7fc4708c9000-7fc4708cd000 rw-p 00000000 00:00 0 
7fc4708cd000-7fc470b3d000 rwxp 00000000 00:00 0 
7fc470b3d000-7fc477d2c000 ---p 00000000 00:00 0 
7fc477d2c000-7fc477f9c000 rwxp 00000000 00:00 0 
7fc477f9c000-7fc47846d000 ---p 00000000 00:00 0 
7fc47846d000-7fc4786dd000 rwxp 00000000 00:00 0 
7fc4786dd000-7fc47f8cd000 ---p 00000000 00:00 0 
7fc47f8cd000-7fc488000000 r--s 00000000 08:20 537331                     /root/.sdkman/candidates/java/21.0.2-amzn/lib/modules
7fc488000000-7fc488188000 rw-p 00000000 00:00 0 
7fc488188000-7fc48c000000 ---p 00000000 00:00 0 
7fc48c01f000-7fc48c0bb000 rw-p 00000000 00:00 0 
7fc48c0bb000-7fc48c0bc000 ---p 00000000 00:00 0 
7fc48c0bc000-7fc48c1bc000 rw-p 00000000 00:00 0 
7fc48c1bc000-7fc48c1bd000 ---p 00000000 00:00 0 
7fc48c1bd000-7fc48c2bd000 rw-p 00000000 00:00 0 
7fc48c2bd000-7fc48c2be000 ---p 00000000 00:00 0 
7fc48c2be000-7fc48d600000 rw-p 00000000 00:00 0 
7fc48d600000-7fc48d620000 r-xp 00000000 08:20 537301                     /root/.sdkman/candidates/java/21.0.2-amzn/lib/libjava.so
7fc48d620000-7fc48d81f000 ---p 00020000 08:20 537301                     /root/.sdkman/candidates/java/21.0.2-amzn/lib/libjava.so
7fc48d81f000-7fc48d820000 r--p 0001f000 08:20 537301                     /root/.sdkman/candidates/java/21.0.2-amzn/lib/libjava.so
7fc48d820000-7fc48d821000 rw-p 00020000 08:20 537301                     /root/.sdkman/candidates/java/21.0.2-amzn/lib/libjava.so
7fc48d821000-7fc48d822000 rw-p 00000000 00:00 0 
7fc48d82e000-7fc48d833000 rw-p 00000000 00:00 0 
7fc48d833000-7fc48d917000 ---p 00000000 00:00 0 
7fc48d917000-7fc48d91c000 rw-p 00000000 00:00 0 
7fc48d91c000-7fc48da00000 ---p 00000000 00:00 0 
7fc48da00000-7fc48da1b000 r-xp 00000000 08:20 537352                     /root/.sdkman/candidates/java/21.0.2-amzn/lib/libjimage.so
7fc48da1b000-7fc48dc1a000 ---p 0001b000 08:20 537352                     /root/.sdkman/candidates/java/21.0.2-amzn/lib/libjimage.so
7fc48dc1a000-7fc48dc1c000 r--p 0001a000 08:20 537352                     /root/.sdkman/candidates/java/21.0.2-amzn/lib/libjimage.so
7fc48dc1c000-7fc48dc1d000 rw-p 0001c000 08:20 537352                     /root/.sdkman/candidates/java/21.0.2-amzn/lib/libjimage.so
7fc48dc40000-7fc48dd00000 rw-p 00000000 00:00 0 
7fc48dd00000-7fc48dd04000 ---p 00000000 00:00 0 
7fc48dd04000-7fc48de00000 rw-p 00000000 00:00 0 
7fc48de00000-7fc48f24f000 r-xp 00000000 08:20 537311                     /root/.sdkman/candidates/java/21.0.2-amzn/lib/server/libjvm.so
7fc48f24f000-7fc48f44e000 ---p 0144f000 08:20 537311                     /root/.sdkman/candidates/java/21.0.2-amzn/lib/server/libjvm.so
7fc48f44e000-7fc48f51f000 r--p 0144e000 08:20 537311                     /root/.sdkman/candidates/java/21.0.2-amzn/lib/server/libjvm.so
7fc48f51f000-7fc48f54f000 rw-p 0151f000 08:20 537311                     /root/.sdkman/candidates/java/21.0.2-amzn/lib/server/libjvm.so
7fc48f54f000-7fc48f5b5000 rw-p 00000000 00:00 0 
7fc48f5b7000-7fc48f5ba000 r--p 00000000 08:20 9341                       /usr/lib/x86_64-linux-gnu/libgcc_s.so.1
7fc48f5ba000-7fc48f5d1000 r-xp 00003000 08:20 9341                       /usr/lib/x86_64-linux-gnu/libgcc_s.so.1
7fc48f5d1000-7fc48f5d5000 r--p 0001a000 08:20 9341                       /usr/lib/x86_64-linux-gnu/libgcc_s.so.1
7fc48f5d5000-7fc48f5d6000 r--p 0001d000 08:20 9341                       /usr/lib/x86_64-linux-gnu/libgcc_s.so.1
7fc48f5d6000-7fc48f5d7000 rw-p 0001e000 08:20 9341                       /usr/lib/x86_64-linux-gnu/libgcc_s.so.1
7fc48f5d7000-7fc48f5ff000 r--p 00000000 08:20 26535                      /usr/lib/x86_64-linux-gnu/libc.so.6
7fc48f5ff000-7fc48f794000 r-xp 00028000 08:20 26535                      /usr/lib/x86_64-linux-gnu/libc.so.6
7fc48f794000-7fc48f7ec000 r--p 001bd000 08:20 26535                      /usr/lib/x86_64-linux-gnu/libc.so.6
7fc48f7ec000-7fc48f7ed000 ---p 00215000 08:20 26535                      /usr/lib/x86_64-linux-gnu/libc.so.6
7fc48f7ed000-7fc48f7f1000 r--p 00215000 08:20 26535                      /usr/lib/x86_64-linux-gnu/libc.so.6
7fc48f7f1000-7fc48f7f3000 rw-p 00219000 08:20 26535                      /usr/lib/x86_64-linux-gnu/libc.so.6
7fc48f7f3000-7fc48f800000 rw-p 00000000 00:00 0 
7fc48f800000-7fc48f80f000 r-xp 00000000 08:20 537304                     /root/.sdkman/candidates/java/21.0.2-amzn/lib/libjli.so
7fc48f80f000-7fc48fa0f000 ---p 0000f000 08:20 537304                     /root/.sdkman/candidates/java/21.0.2-amzn/lib/libjli.so
7fc48fa0f000-7fc48fa10000 r--p 0000f000 08:20 537304                     /root/.sdkman/candidates/java/21.0.2-amzn/lib/libjli.so
7fc48fa10000-7fc48fa11000 rw-p 00010000 08:20 537304                     /root/.sdkman/candidates/java/21.0.2-amzn/lib/libjli.so
7fc48fa21000-7fc48fa23000 r--p 00000000 00:53 5348024558630140           /mnt/e/code/BA-Thesis/java/app/build/libcppjnilib.so
7fc48fa23000-7fc48fa25000 r-xp 00002000 00:53 5348024558630140           /mnt/e/code/BA-Thesis/java/app/build/libcppjnilib.so
7fc48fa25000-7fc48fa26000 r--p 00004000 00:53 5348024558630140           /mnt/e/code/BA-Thesis/java/app/build/libcppjnilib.so
7fc48fa26000-7fc48fa27000 r--p 00004000 00:53 5348024558630140           /mnt/e/code/BA-Thesis/java/app/build/libcppjnilib.so
7fc48fa27000-7fc48fa28000 rw-p 00005000 00:53 5348024558630140           /mnt/e/code/BA-Thesis/java/app/build/libcppjnilib.so
7fc48fa28000-7fc48fa29000 r--p 00000000 08:20 7406                       /usr/lib/locale/C.utf8/LC_NUMERIC
7fc48fa29000-7fc48fa2a000 r--p 00000000 08:20 7409                       /usr/lib/locale/C.utf8/LC_TIME
7fc48fa2a000-7fc48fa2b000 r--p 00000000 08:20 7396                       /usr/lib/locale/C.utf8/LC_COLLATE
7fc48fa2b000-7fc48fa2c000 r--p 00000000 08:20 7403                       /usr/lib/locale/C.utf8/LC_MONETARY
7fc48fa2c000-7fc48fa2d000 r--p 00000000 08:20 7401                       /usr/lib/locale/C.utf8/LC_MESSAGES/SYS_LC_MESSAGES
7fc48fa2d000-7fc48fa2e000 r--p 00000000 08:20 7407                       /usr/lib/locale/C.utf8/LC_PAPER
7fc48fa2e000-7fc48fa2f000 r--p 00000000 08:20 7404                       /usr/lib/locale/C.utf8/LC_NAME
7fc48fa2f000-7fc48fa30000 r--p 00000000 08:20 7395                       /usr/lib/locale/C.utf8/LC_ADDRESS
7fc48fa30000-7fc48fa31000 r--p 00000000 08:20 7408                       /usr/lib/locale/C.utf8/LC_TELEPHONE
7fc48fa31000-7fc48fa32000 r--p 00000000 08:20 7400                       /usr/lib/locale/C.utf8/LC_MEASUREMENT
7fc48fa32000-7fc48fa39000 r--s 00000000 08:20 51605                      /usr/lib/x86_64-linux-gnu/gconv/gconv-modules.cache
7fc48fa39000-7fc48fa9d000 rw-p 00000000 00:00 0 
7fc48fa9d000-7fc48faa7000 ---p 00000000 00:00 0 
7fc48faa7000-7fc48fab5000 r--p 00000000 08:20 26538                      /usr/lib/x86_64-linux-gnu/libm.so.6
7fc48fab5000-7fc48fb31000 r-xp 0000e000 08:20 26538                      /usr/lib/x86_64-linux-gnu/libm.so.6
7fc48fb31000-7fc48fb8c000 r--p 0008a000 08:20 26538                      /usr/lib/x86_64-linux-gnu/libm.so.6
7fc48fb8c000-7fc48fb8d000 r--p 000e4000 08:20 26538                      /usr/lib/x86_64-linux-gnu/libm.so.6
7fc48fb8d000-7fc48fb8e000 rw-p 000e5000 08:20 26538                      /usr/lib/x86_64-linux-gnu/libm.so.6
7fc48fb8e000-7fc48fb8f000 r--p 00000000 08:20 26549                      /usr/lib/x86_64-linux-gnu/librt.so.1
7fc48fb8f000-7fc48fb90000 r-xp 00001000 08:20 26549                      /usr/lib/x86_64-linux-gnu/librt.so.1
7fc48fb90000-7fc48fb91000 r--p 00002000 08:20 26549                      /usr/lib/x86_64-linux-gnu/librt.so.1
7fc48fb91000-7fc48fb92000 r--p 00002000 08:20 26549                      /usr/lib/x86_64-linux-gnu/librt.so.1
7fc48fb92000-7fc48fb93000 rw-p 00003000 08:20 26549                      /usr/lib/x86_64-linux-gnu/librt.so.1
7fc48fb93000-7fc48fb97000 rw-p 00000000 00:00 0 
7fc48fb97000-7fc48fb98000 r--p 00000000 08:20 26537                      /usr/lib/x86_64-linux-gnu/libdl.so.2
7fc48fb98000-7fc48fb99000 r-xp 00001000 08:20 26537                      /usr/lib/x86_64-linux-gnu/libdl.so.2
7fc48fb99000-7fc48fb9a000 r--p 00002000 08:20 26537                      /usr/lib/x86_64-linux-gnu/libdl.so.2
7fc48fb9a000-7fc48fb9b000 r--p 00002000 08:20 26537                      /usr/lib/x86_64-linux-gnu/libdl.so.2
7fc48fb9b000-7fc48fb9c000 rw-p 00003000 08:20 26537                      /usr/lib/x86_64-linux-gnu/libdl.so.2
7fc48fb9c000-7fc48fb9d000 r--p 00000000 08:20 26547                      /usr/lib/x86_64-linux-gnu/libpthread.so.0
7fc48fb9d000-7fc48fb9e000 r-xp 00001000 08:20 26547                      /usr/lib/x86_64-linux-gnu/libpthread.so.0
7fc48fb9e000-7fc48fb9f000 r--p 00002000 08:20 26547                      /usr/lib/x86_64-linux-gnu/libpthread.so.0
7fc48fb9f000-7fc48fba0000 r--p 00002000 08:20 26547                      /usr/lib/x86_64-linux-gnu/libpthread.so.0
7fc48fba0000-7fc48fba1000 rw-p 00003000 08:20 26547                      /usr/lib/x86_64-linux-gnu/libpthread.so.0
7fc48fba1000-7fc48fba3000 r--p 00000000 08:20 6844                       /usr/lib/x86_64-linux-gnu/libz.so.1.2.11
7fc48fba3000-7fc48fbb4000 r-xp 00002000 08:20 6844                       /usr/lib/x86_64-linux-gnu/libz.so.1.2.11
7fc48fbb4000-7fc48fbba000 r--p 00013000 08:20 6844                       /usr/lib/x86_64-linux-gnu/libz.so.1.2.11
7fc48fbba000-7fc48fbbb000 ---p 00019000 08:20 6844                       /usr/lib/x86_64-linux-gnu/libz.so.1.2.11
7fc48fbbb000-7fc48fbbc000 r--p 00019000 08:20 6844                       /usr/lib/x86_64-linux-gnu/libz.so.1.2.11
7fc48fbbc000-7fc48fbbd000 rw-p 0001a000 08:20 6844                       /usr/lib/x86_64-linux-gnu/libz.so.1.2.11
7fc48fbbd000-7fc48fbbe000 r--p 00000000 08:20 7398                       /usr/lib/locale/C.utf8/LC_IDENTIFICATION
7fc48fbbe000-7fc48fbc6000 rw-s 00000000 08:20 1213                       /tmp/hsperfdata_root/9471
7fc48fbc6000-7fc48fbc7000 ---p 00000000 00:00 0 
7fc48fbc7000-7fc48fbc8000 r--p 00000000 00:00 0 
7fc48fbc8000-7fc48fbca000 rw-p 00000000 00:00 0 
7fc48fbca000-7fc48fbcc000 r--p 00000000 08:20 26532                      /usr/lib/x86_64-linux-gnu/ld-linux-x86-64.so.2
7fc48fbcc000-7fc48fbf6000 r-xp 00002000 08:20 26532                      /usr/lib/x86_64-linux-gnu/ld-linux-x86-64.so.2
7fc48fbf6000-7fc48fc01000 r--p 0002c000 08:20 26532                      /usr/lib/x86_64-linux-gnu/ld-linux-x86-64.so.2
7fc48fc01000-7fc48fc02000 ---p 00000000 00:00 0 
7fc48fc02000-7fc48fc04000 r--p 00037000 08:20 26532                      /usr/lib/x86_64-linux-gnu/ld-linux-x86-64.so.2
7fc48fc04000-7fc48fc06000 rw-p 00039000 08:20 26532                      /usr/lib/x86_64-linux-gnu/ld-linux-x86-64.so.2
7fffbb7c4000-7fffbb7e6000 rw-p 00000000 00:00 0                          [stack]
7fffbb7f0000-7fffbb7f4000 r--p 00000000 00:00 0                          [vvar]
7fffbb7f4000-7fffbb7f6000 r-xp 00000000 00:00 0                          [vdso]
Total number of mappings: 216


VM Arguments:
jvm_args: -Djava.library.path=. 
java_command: HelloWorld
java_class_path (initial): .
Launcher Type: SUN_STANDARD

[Global flags]
     intx CICompilerCount                          = 12                                        {product} {ergonomic}
     uint ConcGCThreads                            = 5                                         {product} {ergonomic}
     uint G1ConcRefinementThreads                  = 18                                        {product} {ergonomic}
   size_t G1HeapRegionSize                         = 8388608                                   {product} {ergonomic}
    uintx GCDrainStackTargetSize                   = 64                                        {product} {ergonomic}
   size_t InitialHeapSize                          = 796917760                                 {product} {ergonomic}
   size_t MarkStackSize                            = 4194304                                   {product} {ergonomic}
   size_t MaxHeapSize                              = 12624855040                               {product} {ergonomic}
   size_t MaxNewSize                               = 7574913024                                {product} {ergonomic}
   size_t MinHeapDeltaBytes                        = 8388608                                   {product} {ergonomic}
   size_t MinHeapSize                              = 8388608                                   {product} {ergonomic}
    uintx NonNMethodCodeHeapSize                   = 7602480                                {pd product} {ergonomic}
    uintx NonProfiledCodeHeapSize                  = 122027880                              {pd product} {ergonomic}
    uintx ProfiledCodeHeapSize                     = 122027880                              {pd product} {ergonomic}
    uintx ReservedCodeCacheSize                    = 251658240                              {pd product} {ergonomic}
     bool SegmentedCodeCache                       = true                                      {product} {ergonomic}
   size_t SoftMaxHeapSize                          = 12624855040                            {manageable} {ergonomic}
     bool UseCompressedOops                        = true                           {product lp64_product} {ergonomic}
     bool UseG1GC                                  = true                                      {product} {ergonomic}

Logging:
Log output configuration:
 #0: stdout all=warning uptime,level,tags foldmultilines=false
 #1: stderr all=off uptime,level,tags foldmultilines=false

Environment Variables:
JAVA_HOME=/root/.sdkman/candidates/java/current
PATH=/root/android-ndk/android-ndk-r26b:/root/.nix-profile/bin:/nix/var/nix/profiles/default/bin:/root/android-ndk/android-ndk-r26b/:/root/.sdkman/candidates/kotlin/current/bin:/root/.sdkman/candidates/java/current/bin:/root/.sdkman/candidates/gradle/current/bin:/usr/local/sbin:/usr/local/bin:/usr/sbin:/usr/bin:/sbin:/bin:/usr/games:/usr/local/games:/usr/lib/wsl/lib:/mnt/c/Program Files/PowerShell/7:/mnt/c/Users/Jean/fvm/versions/stable/bin/:/mnt/c/Program Files (x86)/Common Files/Intel/Shared Libraries/redist/intel64_win/compiler:/mnt/c/Program Files/Lapce/:/mnt/c/tools/python/Python311/Scripts/:/mnt/c/tools/python/Python311/:/mnt/c/Program Files (x86)/VMware/VMware Workstation/bin/:/mnt/c/Program Files/OpenSSH/:/mnt/c/Program Files (x86)/Common Files/Intel/Shared Libraries/redist/intel64/compiler:/mnt/c/Windows/system32:/mnt/c/Windows:/mnt/c/Windows/System32/Wbem:/mnt/c/Windows/System32/WindowsPowerShell/v1.0/:/mnt/c/Windows/System32/OpenSSH/:/mnt/c/Program Files/PuTTY/:/mnt/c/Program Files/WireGuard/:/mnt/c/Users/Jean/AppData/Roaming/nvm:/mnt/c/Program Files/nodejs:/mnt/c/ProgramData/chocolatey/bin:/mnt/c/Program Files/Microsoft SQL Server/150/Tools/Binn/:/mnt/c/Program Files/dotnet/:/mnt/c/Program Files/NVIDIA Corporation/NVIDIA NvDLISR:/mnt/c/Program Files/Git/cmd:/mnt/c/Program Files (x86)/NVIDIA Corporation/PhysX/Common:/mnt/c/Program Files/usbipd-win/:/mnt/c/tools/php/php-8.2.5-nts-Win32-vs16-x64:/mnt/c/tools/composer:/mnt/c/Program Files/Docker/Docker/resources/bin:/mnt/c/Program Files (x86)/Microsoft SQL Server/160/DTS/Binn/:/mnt/c/Program Files/Azure Data Studio/bin:/mnt/c/tools/CMake/bin:/mnt/c/Strawberry/c/bin:/mnt/c/Strawberry/perl/site/bin:/mnt/c/Strawberry/perl/bin:/mnt/c/Program Files/PowerShell/7/:/mnt/e/MinGW/bin:/mnt/c/Users/Jean/AppData/Local/pnpm:/mnt/c/Users/Jean/.cargo/bin:/mnt/c/Users/Jean/AppData/Local/Microsoft/WindowsApps:/mnt/c/Users/Jean/AppData/Local/Programs/Microsoft VS Code/bin:/mnt/c/tools/dart-sdk/bin:/mnt/c/Users/Jean/AppData/Roaming/Pub/Cache/bin:/mnt/c/tools/OpenJDK/jdk-17.0.6+10/bin:/mnt/c/Users/Jean/AppData/Local/Programs/oh-my-posh/bin:/mnt/c/Users/Jean/AppData/Local/Android/Sdk/platform-tools:/mnt/c/Users/Jean/fvm/default/bin:/mnt/c/Users/Jean/AppData/Roaming/Composer/vendor/bin:/mnt/c/Users/Jean/AppData/Local/Microsoft/WinGet/Links:/mnt/c/Program Files (x86)/Dr. Memory/bin/:/mnt/c/Users/Jean/.dotnet/tools:/snap/bin
SHELL=/usr/bin/fish
DISPLAY=:0
HOSTTYPE=x86_64
LANG=C.UTF-8
TERM=xterm-256color

Active Locale:
LC_ALL=C.UTF-8
LC_COLLATE=C.UTF-8
LC_CTYPE=C.UTF-8
LC_MESSAGES=C.UTF-8
LC_MONETARY=C.UTF-8
LC_NUMERIC=C.UTF-8
LC_TIME=C.UTF-8

Signal Handlers:
   SIGSEGV: crash_handler in libjvm.so, mask=11100100010111111101111111111110, flags=SA_RESTART|SA_SIGINFO, unblocked
    SIGBUS: crash_handler in libjvm.so, mask=11100100010111111101111111111110, flags=SA_RESTART|SA_SIGINFO, unblocked
    SIGFPE: crash_handler in libjvm.so, mask=11100100010111111101111111111110, flags=SA_RESTART|SA_SIGINFO, unblocked
   SIGPIPE: javaSignalHandler in libjvm.so, mask=11100100010111111101111111111110, flags=SA_RESTART|SA_SIGINFO, blocked
   SIGXFSZ: javaSignalHandler in libjvm.so, mask=11100100010111111101111111111110, flags=SA_RESTART|SA_SIGINFO, blocked
    SIGILL: crash_handler in libjvm.so, mask=11100100010111111101111111111110, flags=SA_RESTART|SA_SIGINFO, unblocked
   SIGUSR2: SR_handler in libjvm.so, mask=00000000000000000000000000000000, flags=SA_RESTART|SA_SIGINFO, blocked
    SIGHUP: UserHandler in libjvm.so, mask=11100100010111111101111111111110, flags=SA_RESTART|SA_SIGINFO, blocked
    SIGINT: UserHandler in libjvm.so, mask=11100100010111111101111111111110, flags=SA_RESTART|SA_SIGINFO, blocked
   SIGTERM: UserHandler in libjvm.so, mask=11100100010111111101111111111110, flags=SA_RESTART|SA_SIGINFO, blocked
   SIGQUIT: UserHandler in libjvm.so, mask=11100100010111111101111111111110, flags=SA_RESTART|SA_SIGINFO, blocked
   SIGTRAP: crash_handler in libjvm.so, mask=11100100010111111101111111111110, flags=SA_RESTART|SA_SIGINFO, unblocked


Periodic native trim disabled

---------------  S Y S T E M  ---------------

OS:
DISTRIB_ID=Ubuntu
DISTRIB_RELEASE=22.04
DISTRIB_CODENAME=jammy
DISTRIB_DESCRIPTION="Ubuntu 22.04.3 LTS"
uname: Linux 5.15.133.1-microsoft-standard-WSL2 #1 SMP Thu Oct 5 21:02:42 UTC 2023 x86_64
OS uptime: 0 days 21:25 hours
libc: glibc 2.35 NPTL 2.35 
rlimit (soft/hard): STACK 8192k/infinity , CORE 0k/infinity , NPROC 192524/192524 , NOFILE 1048576/1048576 , AS infinity/infinity , CPU infinity/infinity , DATA infinity/infinity , FSIZE infinity/infinity , MEMLOCK 65536k/65536k
load average: 0.26 0.11 0.03

/proc/meminfo:
MemTotal:       49292808 kB
MemFree:        47259648 kB
MemAvailable:   47994212 kB
Buffers:           39668 kB
Cached:          1141252 kB
SwapCached:            0 kB
Active:           505476 kB
Inactive:        1025524 kB
Active(anon):       2992 kB
Inactive(anon):   353148 kB
Active(file):     502484 kB
Inactive(file):   672376 kB
Unevictable:           0 kB
Mlocked:               0 kB
SwapTotal:      12582912 kB
SwapFree:       12582912 kB
Dirty:               260 kB
Writeback:             0 kB
AnonPages:        336124 kB
Mapped:           274552 kB
Shmem:              6060 kB
KReclaimable:      67828 kB
Slab:             158220 kB
SReclaimable:      67828 kB
SUnreclaim:        90392 kB
KernelStack:        7712 kB
PageTables:         7020 kB
NFS_Unstable:          0 kB
Bounce:                0 kB
WritebackTmp:          0 kB
CommitLimit:    37229316 kB
Committed_AS:    2974884 kB
VmallocTotal:   34359738367 kB
VmallocUsed:       32544 kB
VmallocChunk:          0 kB
Percpu:            13440 kB
AnonHugePages:    122880 kB
ShmemHugePages:        0 kB
ShmemPmdMapped:        0 kB
FileHugePages:         0 kB
FilePmdMapped:         0 kB
HugePages_Total:       0
HugePages_Free:        0
HugePages_Rsvd:        0
HugePages_Surp:        0
Hugepagesize:       2048 kB
Hugetlb:               0 kB
DirectMap4k:      117760 kB
DirectMap2M:     7180288 kB
DirectMap1G:    52428800 kB

/sys/kernel/mm/transparent_hugepage/enabled: [always] madvise never
/sys/kernel/mm/transparent_hugepage/defrag (defrag/compaction efforts parameter): always defer defer+madvise [madvise] never

Process Memory:
Virtual Size: 15335196K (peak: 15393860K)
Resident Set Size: 46768K (peak: 46768K) (anon: 25312K, file: 21456K, shmem: 0K)
Swapped out: 0K
C-Heap outstanding allocations: 45439K, retained: 2064K
glibc malloc tunables: (default)

/proc/sys/kernel/threads-max (system-wide limit on the number of threads): 385048
/proc/sys/vm/max_map_count (maximum number of memory map areas a process may have): 65530
/proc/sys/kernel/pid_max (system-wide limit on number of process identifiers): 4194304

container (cgroup) information:
container_type: cgroupv1
cpu_cpuset_cpus: 0-23
cpu_memory_nodes: 0
active_processor_count: 24
cpu_quota: no quota
cpu_period: 100000
cpu_shares: no shares
memory_limit_in_bytes: unlimited
memory_and_swap_limit_in_bytes: unlimited
memory_soft_limit_in_bytes: unlimited
memory_usage_in_bytes: 1517136 k
memory_max_usage_in_bytes: 1208528 k
kernel_memory_usage_in_bytes: 52456 k
kernel_memory_max_usage_in_bytes: unlimited
kernel_memory_limit_in_bytes: 57620 k
maximum number of tasks: not supported
current number of tasks: not supported

Hyper-V virtualization detected
Steal ticks since vm start: 0
Steal ticks percentage since vm start:  0.000

CPU: total 24 (initial active 24) (32 cores per cpu, 2 threads per core) family 23 model 113 stepping 0 microcode 0xffffffff, cx8, cmov, fxsr, ht, mmx, 3dnowpref, sse, sse2, sse3, ssse3, sse4a, sse4.1, sse4.2, popcnt, lzcnt, tsc, tscinvbit, avx, avx2, aes, clmul, bmi1, bmi2, adx, sha, fma, vzeroupper, clflush, clflushopt, hv, rdtscp, rdpid, f16c
CPU Model and flags from /proc/cpuinfo:
model name	: AMD Ryzen 9 3900X 12-Core Processor
flags		: fpu vme de pse tsc msr pae mce cx8 apic sep mtrr pge mca cmov pat pse36 clflush mmx fxsr sse sse2 ht syscall nx mmxext fxsr_opt pdpe1gb rdtscp lm constant_tsc rep_good nopl tsc_reliable nonstop_tsc cpuid extd_apicid pni pclmulqdq ssse3 fma cx16 sse4_1 sse4_2 movbe popcnt aes xsave avx f16c rdrand hypervisor lahf_lm cmp_legacy svm cr8_legacy abm sse4a misalignsse 3dnowprefetch osvw topoext perfctr_core ssbd ibpb stibp vmmcall fsgsbase bmi1 avx2 smep bmi2 rdseed adx smap clflushopt clwb sha_ni xsaveopt xsavec xgetbv1 clzero xsaveerptr arat npt nrip_save tsc_scale vmcb_clean flushbyasid decodeassists pausefilter pfthreshold v_vmsave_vmload umip rdpid

Online cpus: 0-23
Offline cpus: 
BIOS frequency limitation: <Not Available>
Frequency switch latency (ns): <Not Available>
Available cpu frequencies: <Not Available>
Current governor: <Not Available>
Core performance/turbo boost: <Not Available>

Memory: 4k page, physical 49292808k(47994028k free), swap 12582912k(12582912k free)
Page Sizes: 4k

vm_info: OpenJDK 64-Bit Server VM (21.0.2+13-LTS) for linux-amd64 JRE (21.0.2+13-LTS), built on 2024-01-10T23:18:41Z by "jenkins" with gcc 7.3.1 20180303 (Red Hat 7.3.1-5)

END.
