#
# A fatal error has been detected by the Java Runtime Environment:
#
#  SIGSEGV (0xb) at pc=0x00007f5d785d2da5, pid=11017, tid=11018
#
# JRE version: OpenJDK Runtime Environment Corretto-21.0.2.13.1 (21.0.2+13) (build 21.0.2+13-LTS)
# Java VM: OpenJDK 64-Bit Server VM Corretto-21.0.2.13.1 (21.0.2+13-LTS, mixed mode, sharing, tiered, compressed oops, compressed class ptrs, g1 gc, linux-amd64)
# Problematic frame:
# C  [libcppjnilib.so+0x3da5]  ExtIntMatrix::toJObjectArray(JNIEnv_*)+0x195
#
# No core dump will be written. Core dumps have been disabled. To enable core dumping, try "ulimit -c unlimited" before starting Java again
#
# If you would like to submit a bug report, please visit:
#   https://github.com/corretto/corretto-21/issues/
# The crash happened outside the Java Virtual Machine in native code.
# See problematic frame for where to report the bug.
#

---------------  S U M M A R Y ------------

Command Line: -Djava.library.path=. HelloWorld

Host: AMD Ryzen 9 3900X 12-Core Processor, 24 cores, 47G, Ubuntu 22.04.3 LTS
Time: Fri Mar  1 10:29:23 2024 CET elapsed time: 0.046452 seconds (0d 0h 0m 0s)

---------------  T H R E A D  ---------------

Current thread (0x00007f5d70028480):  JavaThread "main"             [_thread_in_native, id=11018, stack(0x00007f5d76c19000,0x00007f5d76d19000) (1024K)]

Stack: [0x00007f5d76c19000,0x00007f5d76d19000],  sp=0x00007f5d76d17790,  free space=1017k
Native frames: (J=compiled Java code, j=interpreted, Vv=VM code, C=native code)
C  [libcppjnilib.so+0x3da5]  ExtIntMatrix::toJObjectArray(JNIEnv_*)+0x195
C  [libcppjnilib.so+0x36cd]  Java_HelloWorld_matrixMultiplication+0x6d
j  HelloWorld.matrixMultiplication([[I[[I)[[I+0
j  HelloWorld.main([Ljava/lang/String;)V+153
v  ~StubRoutines::call_stub 0x00007f5d5fd2ccc6
V  [libjvm.so+0x909a24]  JavaCalls::call_helper(JavaValue*, methodHandle const&, JavaCallArguments*, JavaThread*)+0x2f4
V  [libjvm.so+0x9b5e1f]  jni_invoke_static(JNIEnv_*, JavaValue*, _jobject*, JNICallType, _jmethodID*, JNI_ArgumentPusher*, JavaThread*) [clone .isra.156] [clone .constprop.261]+0x15f
V  [libjvm.so+0x9b803f]  jni_CallStaticVoidMethod+0x14f
C  [libjli.so+0x57b7]  JavaMain+0xfb7
C  [libjli.so+0x8719]  ThreadJavaMain+0x9
Java frames: (J=compiled Java code, j=interpreted, Vv=VM code)
j  HelloWorld.matrixMultiplication([[I[[I)[[I+0
j  HelloWorld.main([Ljava/lang/String;)V+153
v  ~StubRoutines::call_stub 0x00007f5d5fd2ccc6

siginfo: si_signo: 11 (SIGSEGV), si_code: 1 (SEGV_MAPERR), si_addr: 0x00007f5a85c076f7

Registers:
RAX=0x00007f5a85c076f7, RBX=0x00007f5ce74005d0, RCX=0x0000000000000000, RDX=0x00007f5d488f6370
RSP=0x00007f5d76d17790, RBP=0x00007f5d76d177d0, RSI=0x000000000000203d, RDI=0x00007f5d488fc540
R8 =0x0000000000000000, R9 =0x00007f5d76d17680, R10=0x0000000000000001, R11=0x0000000000000000
R12=0x0000000000000000, R13=0x00007f5ce74005d0, R14=0x00007f5d76d178f8, R15=0x00007f5d70028480
RIP=0x00007f5d785d2da5, EFLAGS=0x0000000000010206, CSGSFS=0x002b000000000033, ERR=0x0000000000000004
  TRAPNO=0x000000000000000e


Register to memory mapping:

RAX=0x00007f5a85c076f7 is an unknown value
RBX={method} {0x00007f5ce74005d0} 'matrixMultiplication' '([[I[[I)[[I' in 'HelloWorld'
RCX=0x0 is null
RDX=0x00007f5d488f6370: _ZTVSo+0x0000000000000018 in /lib/x86_64-linux-gnu/libstdc++.so.6 at 0x00007f5d486d3000
RSP=0x00007f5d76d17790 is pointing into the stack for thread: 0x00007f5d70028480
RBP=0x00007f5d76d177d0 is pointing into the stack for thread: 0x00007f5d70028480
RSI=0x000000000000203d is an unknown value
RDI=0x00007f5d488fc540: _ZSt4cout+0x0000000000000000 in /lib/x86_64-linux-gnu/libstdc++.so.6 at 0x00007f5d486d3000
R8 =0x0 is null
R9 =0x00007f5d76d17680 is pointing into the stack for thread: 0x00007f5d70028480
R10=0x0000000000000001 is an unknown value
R11=0x0 is null
R12=0x0 is null
R13={method} {0x00007f5ce74005d0} 'matrixMultiplication' '([[I[[I)[[I' in 'HelloWorld'
R14=0x00007f5d76d178f8 is pointing into the stack for thread: 0x00007f5d70028480
R15=0x00007f5d70028480 is a thread

Top of Stack: (sp=0x00007f5d76d17790)
0x00007f5d76d17790:   00007f5d76d177f0 00007f5d70028838
0x00007f5d76d177a0:   0000000000000003 00007f5d70134fd0
0x00007f5d76d177b0:   00000000701776c0 00007f5d70134fc8
0x00007f5d76d177c0:   00007f5d70028838 00007f5d76d177f0
0x00007f5d76d177d0:   00007f5d76d17850 00007f5d785d26cd
0x00007f5d76d177e0:   00007f5d76d17810 00007f5d701777a0
0x00007f5d76d177f0:   00007f5d701776c0 0000000300000003
0x00007f5d76d17800:   00007f5d76d17840 00007f5d776ff884
0x00007f5d76d17810:   00007f5d701776a0 0000000300000003
0x00007f5d76d17820:   00007f5d701772c0 0000000300000003
0x00007f5d76d17830:   00007f5d76d178e8 00007f5d76d178f0
0x00007f5d76d17840:   00007f5d76d178f8 00007f5d70028838
0x00007f5d76d17850:   00007f5d76d178c8 00007f5d5fd38980
0x00007f5d76d17860:   00007f5d76d178c8 00007f5d5fd38657
0x00007f5d76d17870:   0000000000000000 00007f5d5fd3861f
0x00007f5d76d17880:   00007f5d76d17880 00007f5ce74005d0
0x00007f5d76d17890:   0000000000000006 00007f5ce7400998
0x00007f5d76d178a0:   0000000000000000 000000053e812108
0x00007f5d76d178b0:   00007f5ce74005d0 0000000000000000
0x00007f5d76d178c0:   00007f5d76d178e8 00007f5d76d17948
0x00007f5d76d178d0:   00007f5d5fd342d8 0000000000000000
0x00007f5d76d178e0:   00007f5d5fd35f9a 000000053e8133c8
0x00007f5d76d178f0:   000000053e813348 000000053e812f90
0x00007f5d76d17900:   00007f5d76d17900 00007f5ce74007a9
0x00007f5d76d17910:   0000000000000008 00007f5ce7400998
0x00007f5d76d17920:   0000000000000000 000000053e812108
0x00007f5d76d17930:   00007f5ce7400810 00007f5d76d178e8
0x00007f5d76d17940:   00007f5d76d17988 00007f5d76d179f0
0x00007f5d76d17950:   00007f5d5fd2ccc6 0000000000000000
0x00007f5d76d17960:   0000000000000000 0000000000000000
0x00007f5d76d17970:   000000053e8133c8 000000053e813348
0x00007f5d76d17980:   000000053e812f90 000000053e8124c8 

Instructions: (pc=0x00007f5d785d2da5)
0x00007f5d785d2ca5:   ff 48 89 c7 48 8d 35 fd 13 00 00 e8 8b f5 ff ff
0x00007f5d785d2cb5:   48 89 c7 48 8b 45 c0 8b 70 08 e8 dc f6 ff ff 48
0x00007f5d785d2cc5:   89 c7 48 8b 35 ea 32 00 00 e8 8d f5 ff ff 48 8b
0x00007f5d785d2cd5:   3d ee 32 00 00 48 8d 35 d1 13 00 00 e8 5a f5 ff
0x00007f5d785d2ce5:   ff 48 89 c7 8b 75 e4 e8 af f6 ff ff 48 89 c7 48
0x00007f5d785d2cf5:   8d 35 bc 13 00 00 e8 40 f5 ff ff 48 89 c7 48 8b
0x00007f5d785d2d05:   45 c0 8b 70 0c e8 91 f6 ff ff 48 89 c7 48 8d 35
0x00007f5d785d2d15:   a4 13 00 00 e8 22 f5 ff ff 48 89 c7 48 8b 35 90
0x00007f5d785d2d25:   32 00 00 e8 33 f5 ff ff c7 45 d4 00 00 00 00 48
0x00007f5d785d2d35:   8b 4d c0 8b 45 d4 3b 41 0c 0f 8d 86 00 00 00 48
0x00007f5d785d2d45:   8b 3d 7d 32 00 00 48 8d 35 60 13 00 00 e8 e9 f4
0x00007f5d785d2d55:   ff ff 48 89 c7 8b 75 e4 e8 3e f6 ff ff 48 89 c7
0x00007f5d785d2d65:   48 8d 35 5b 13 00 00 e8 cf f4 ff ff 48 89 c7 8b
0x00007f5d785d2d75:   75 d4 e8 24 f6 ff ff 48 8b 3d 45 32 00 00 48 8d
0x00007f5d785d2d85:   35 3f 13 00 00 e8 b1 f4 ff ff 48 89 c7 48 8b 45
0x00007f5d785d2d95:   c0 48 8b 00 48 63 4d e4 48 8b 04 c8 48 63 4d d4
0x00007f5d785d2da5:   8b 34 88 e8 f3 f5 ff ff 48 89 c7 48 8b 35 01 32
0x00007f5d785d2db5:   00 00 e8 a4 f4 ff ff 8b 45 d4 83 c0 01 89 45 d4
0x00007f5d785d2dc5:   e9 6a ff ff ff 48 8b 45 c0 48 8b 7d f0 48 8b 75
0x00007f5d785d2dd5:   d8 8b 48 0c 48 8b 00 48 63 55 e4 4c 8b 04 d0 31
0x00007f5d785d2de5:   d2 e8 d5 f2 ff ff 48 8b 7d f0 48 8b 75 e8 8b 55
0x00007f5d785d2df5:   e4 48 8b 4d d8 e8 21 f5 ff ff 48 8b 7d f0 48 8b
0x00007f5d785d2e05:   75 d8 e8 94 f4 ff ff 8b 45 e4 83 c0 01 89 45 e4
0x00007f5d785d2e15:   e9 4a fe ff ff 48 8b 45 e8 48 83 c4 40 5d c3 66
0x00007f5d785d2e25:   2e 0f 1f 84 00 00 00 00 00 66 90 55 48 89 e5 48
0x00007f5d785d2e35:   83 ec 10 48 89 7d f8 48 8b 7d f8 e8 ab f2 ff ff
0x00007f5d785d2e45:   48 83 c4 10 5d c3 0f 1f 44 00 00 55 48 89 e5 48
0x00007f5d785d2e55:   83 ec 20 48 89 7d f8 48 8b 45 f8 48 89 45 e8 c7
0x00007f5d785d2e65:   45 f4 00 00 00 00 48 8b 4d e8 8b 45 f4 3b 41 08
0x00007f5d785d2e75:   0f 8d 77 00 00 00 c7 45 f0 00 00 00 00 48 8b 4d
0x00007f5d785d2e85:   e8 8b 45 f0 3b 41 0c 0f 8d 3f 00 00 00 48 8b 45
0x00007f5d785d2e95:   e8 48 8b 00 48 63 4d f4 48 8b 04 c8 48 63 4d f0 


Stack slot to memory mapping:

stack at sp + 0 slots: 0x00007f5d76d177f0 is pointing into the stack for thread: 0x00007f5d70028480
stack at sp + 1 slots: 0x00007f5d70028838 points into unknown readable memory: 0x00007f5d78526160 | 60 61 52 78 5d 7f 00 00
stack at sp + 2 slots: 0x0000000000000003 is an unknown value
stack at sp + 3 slots: 0x00007f5d70134fd0 points into unknown readable memory: 0x000000053e8134f0 | f0 34 81 3e 05 00 00 00
stack at sp + 4 slots: 0x00000000701776c0 is an unknown value
stack at sp + 5 slots: 0x00007f5d70134fc8 points into unknown readable memory: 0x000000053e8134d0 | d0 34 81 3e 05 00 00 00
stack at sp + 6 slots: 0x00007f5d70028838 points into unknown readable memory: 0x00007f5d78526160 | 60 61 52 78 5d 7f 00 00
stack at sp + 7 slots: 0x00007f5d76d177f0 is pointing into the stack for thread: 0x00007f5d70028480


---------------  P R O C E S S  ---------------

Threads class SMR info:
_java_thread_list=0x00007f5d7015f060, length=10, elements={
0x00007f5d70028480, 0x00007f5d70143680, 0x00007f5d70144df0, 0x00007f5d701468d0,
0x00007f5d70147f10, 0x00007f5d701494b0, 0x00007f5d7014b070, 0x00007f5d7014c730,
0x00007f5d7015a940, 0x00007f5d7015df20
}

Java Threads: ( => current thread )
=>0x00007f5d70028480 JavaThread "main"                              [_thread_in_native, id=11018, stack(0x00007f5d76c19000,0x00007f5d76d19000) (1024K)]
  0x00007f5d70143680 JavaThread "Reference Handler"          daemon [_thread_blocked, id=11026, stack(0x00007f5d494c6000,0x00007f5d495c6000) (1024K)]
  0x00007f5d70144df0 JavaThread "Finalizer"                  daemon [_thread_blocked, id=11027, stack(0x00007f5d493c5000,0x00007f5d494c5000) (1024K)]
  0x00007f5d701468d0 JavaThread "Signal Dispatcher"          daemon [_thread_blocked, id=11028, stack(0x00007f5d492c4000,0x00007f5d493c4000) (1024K)]
  0x00007f5d70147f10 JavaThread "Service Thread"             daemon [_thread_blocked, id=11029, stack(0x00007f5d491c3000,0x00007f5d492c3000) (1024K)]
  0x00007f5d701494b0 JavaThread "Monitor Deflation Thread"   daemon [_thread_blocked, id=11030, stack(0x00007f5d490c2000,0x00007f5d491c2000) (1024K)]
  0x00007f5d7014b070 JavaThread "C2 CompilerThread0"         daemon [_thread_blocked, id=11031, stack(0x00007f5d48fc1000,0x00007f5d490c1000) (1024K)]
  0x00007f5d7014c730 JavaThread "C1 CompilerThread0"         daemon [_thread_blocked, id=11032, stack(0x00007f5d48ec0000,0x00007f5d48fc0000) (1024K)]
  0x00007f5d7015a940 JavaThread "Notification Thread"        daemon [_thread_blocked, id=11033, stack(0x00007f5d48dbf000,0x00007f5d48ebf000) (1024K)]
  0x00007f5d7015df20 JavaThread "Common-Cleaner"             daemon [_thread_blocked, id=11034, stack(0x00007f5d48900000,0x00007f5d48a00000) (1024K)]
Total: 10

Other Threads:
  0x00007f5d70133a70 VMThread "VM Thread"                           [id=11025, stack(0x00007f5d4961e000,0x00007f5d4971e000) (1024K)]
  0x00007f5d70118bb0 WatcherThread "VM Periodic Task Thread"        [id=11024, stack(0x00007f5d4971f000,0x00007f5d4981f000) (1024K)]
  0x00007f5d70053090 WorkerThread "GC Thread#0"                     [id=11019, stack(0x00007f5d751bf000,0x00007f5d752bf000) (1024K)]
  0x00007f5d70060300 ConcurrentGCThread "G1 Main Marker"            [id=11020, stack(0x00007f5d750be000,0x00007f5d751be000) (1024K)]
  0x00007f5d700612d0 WorkerThread "G1 Conc#0"                       [id=11021, stack(0x00007f5d74fbd000,0x00007f5d750bd000) (1024K)]
  0x00007f5d700feb20 ConcurrentGCThread "G1 Refine#0"               [id=11022, stack(0x00007f5d499a2000,0x00007f5d49aa2000) (1024K)]
  0x00007f5d700ffad0 ConcurrentGCThread "G1 Service"                [id=11023, stack(0x00007f5d498a1000,0x00007f5d499a1000) (1024K)]
Total: 7

Threads with active compile tasks:
Total: 0

VM state: not at safepoint (normal execution)

VM Mutex/Monitor currently owned by a thread: None

Heap address: 0x000000050f800000, size: 12040 MB, Compressed Oops mode: Zero based, Oop shift amount: 3

CDS archive(s) mapped at: [0x00007f5ceb000000-0x00007f5cebca6000-0x00007f5cebca6000), size 13262848, SharedBaseAddress: 0x00007f5ceb000000, ArchiveRelocationMode: 1.
Compressed class space mapped at: 0x00007f5cec000000-0x00007f5d2c000000, reserved size: 1073741824
Narrow klass base: 0x00007f5ceb000000, Narrow klass shift: 0, Narrow klass range: 0x100000000

GC Precious Log:
 CardTable entry size: 512
 Card Set container configuration: InlinePtr #cards 4 size 8 Array Of Cards #cards 64 size 144 Howl #buckets 8 coarsen threshold 14745 Howl Bitmap #cards 2048 size 272 coarsen threshold 1843 Card regions per heap region 1 cards per card region 16384
 CPUs: 24 total, 24 available
 Memory: 48137M
 Large Page Support: Disabled
 NUMA Support: Disabled
 Compressed Oops: Enabled (Zero based)
 Heap Region Size: 8M
 Heap Min Capacity: 8M
 Heap Initial Capacity: 760M
 Heap Max Capacity: 12040M
 Pre-touch: Disabled
 Parallel Workers: 18
 Concurrent Workers: 5
 Concurrent Refinement Workers: 18
 Periodic GC: Disabled

Heap:
 garbage-first heap   total 786432K, used 1053K [0x000000050f800000, 0x0000000800000000)
  region size 8192K, 1 young (8192K), 0 survivors (0K)
 Metaspace       used 82K, committed 320K, reserved 1114112K
  class space    used 3K, committed 128K, reserved 1048576K

Heap Regions: E=young(eden), S=young(survivor), O=old, HS=humongous(starts), HC=humongous(continues), CS=collection set, F=free, TAMS=top-at-mark-start, PB=parsable bottom
|   0|0x000000050f800000, 0x000000050f800000, 0x0000000510000000|  0%| F|  |TAMS 0x000000050f800000| PB 0x000000050f800000| Untracked 
|   1|0x0000000510000000, 0x0000000510000000, 0x0000000510800000|  0%| F|  |TAMS 0x0000000510000000| PB 0x0000000510000000| Untracked 
|   2|0x0000000510800000, 0x0000000510800000, 0x0000000511000000|  0%| F|  |TAMS 0x0000000510800000| PB 0x0000000510800000| Untracked 
|   3|0x0000000511000000, 0x0000000511000000, 0x0000000511800000|  0%| F|  |TAMS 0x0000000511000000| PB 0x0000000511000000| Untracked 
|   4|0x0000000511800000, 0x0000000511800000, 0x0000000512000000|  0%| F|  |TAMS 0x0000000511800000| PB 0x0000000511800000| Untracked 
|   5|0x0000000512000000, 0x0000000512000000, 0x0000000512800000|  0%| F|  |TAMS 0x0000000512000000| PB 0x0000000512000000| Untracked 
|   6|0x0000000512800000, 0x0000000512800000, 0x0000000513000000|  0%| F|  |TAMS 0x0000000512800000| PB 0x0000000512800000| Untracked 
|   7|0x0000000513000000, 0x0000000513000000, 0x0000000513800000|  0%| F|  |TAMS 0x0000000513000000| PB 0x0000000513000000| Untracked 
|   8|0x0000000513800000, 0x0000000513800000, 0x0000000514000000|  0%| F|  |TAMS 0x0000000513800000| PB 0x0000000513800000| Untracked 
|   9|0x0000000514000000, 0x0000000514000000, 0x0000000514800000|  0%| F|  |TAMS 0x0000000514000000| PB 0x0000000514000000| Untracked 
|  10|0x0000000514800000, 0x0000000514800000, 0x0000000515000000|  0%| F|  |TAMS 0x0000000514800000| PB 0x0000000514800000| Untracked 
|  11|0x0000000515000000, 0x0000000515000000, 0x0000000515800000|  0%| F|  |TAMS 0x0000000515000000| PB 0x0000000515000000| Untracked 
|  12|0x0000000515800000, 0x0000000515800000, 0x0000000516000000|  0%| F|  |TAMS 0x0000000515800000| PB 0x0000000515800000| Untracked 
|  13|0x0000000516000000, 0x0000000516000000, 0x0000000516800000|  0%| F|  |TAMS 0x0000000516000000| PB 0x0000000516000000| Untracked 
|  14|0x0000000516800000, 0x0000000516800000, 0x0000000517000000|  0%| F|  |TAMS 0x0000000516800000| PB 0x0000000516800000| Untracked 
|  15|0x0000000517000000, 0x0000000517000000, 0x0000000517800000|  0%| F|  |TAMS 0x0000000517000000| PB 0x0000000517000000| Untracked 
|  16|0x0000000517800000, 0x0000000517800000, 0x0000000518000000|  0%| F|  |TAMS 0x0000000517800000| PB 0x0000000517800000| Untracked 
|  17|0x0000000518000000, 0x0000000518000000, 0x0000000518800000|  0%| F|  |TAMS 0x0000000518000000| PB 0x0000000518000000| Untracked 
|  18|0x0000000518800000, 0x0000000518800000, 0x0000000519000000|  0%| F|  |TAMS 0x0000000518800000| PB 0x0000000518800000| Untracked 
|  19|0x0000000519000000, 0x0000000519000000, 0x0000000519800000|  0%| F|  |TAMS 0x0000000519000000| PB 0x0000000519000000| Untracked 
|  20|0x0000000519800000, 0x0000000519800000, 0x000000051a000000|  0%| F|  |TAMS 0x0000000519800000| PB 0x0000000519800000| Untracked 
|  21|0x000000051a000000, 0x000000051a000000, 0x000000051a800000|  0%| F|  |TAMS 0x000000051a000000| PB 0x000000051a000000| Untracked 
|  22|0x000000051a800000, 0x000000051a800000, 0x000000051b000000|  0%| F|  |TAMS 0x000000051a800000| PB 0x000000051a800000| Untracked 
|  23|0x000000051b000000, 0x000000051b000000, 0x000000051b800000|  0%| F|  |TAMS 0x000000051b000000| PB 0x000000051b000000| Untracked 
|  24|0x000000051b800000, 0x000000051b800000, 0x000000051c000000|  0%| F|  |TAMS 0x000000051b800000| PB 0x000000051b800000| Untracked 
|  25|0x000000051c000000, 0x000000051c000000, 0x000000051c800000|  0%| F|  |TAMS 0x000000051c000000| PB 0x000000051c000000| Untracked 
|  26|0x000000051c800000, 0x000000051c800000, 0x000000051d000000|  0%| F|  |TAMS 0x000000051c800000| PB 0x000000051c800000| Untracked 
|  27|0x000000051d000000, 0x000000051d000000, 0x000000051d800000|  0%| F|  |TAMS 0x000000051d000000| PB 0x000000051d000000| Untracked 
|  28|0x000000051d800000, 0x000000051d800000, 0x000000051e000000|  0%| F|  |TAMS 0x000000051d800000| PB 0x000000051d800000| Untracked 
|  29|0x000000051e000000, 0x000000051e000000, 0x000000051e800000|  0%| F|  |TAMS 0x000000051e000000| PB 0x000000051e000000| Untracked 
|  30|0x000000051e800000, 0x000000051e800000, 0x000000051f000000|  0%| F|  |TAMS 0x000000051e800000| PB 0x000000051e800000| Untracked 
|  31|0x000000051f000000, 0x000000051f000000, 0x000000051f800000|  0%| F|  |TAMS 0x000000051f000000| PB 0x000000051f000000| Untracked 
|  32|0x000000051f800000, 0x000000051f800000, 0x0000000520000000|  0%| F|  |TAMS 0x000000051f800000| PB 0x000000051f800000| Untracked 
|  33|0x0000000520000000, 0x0000000520000000, 0x0000000520800000|  0%| F|  |TAMS 0x0000000520000000| PB 0x0000000520000000| Untracked 
|  34|0x0000000520800000, 0x0000000520800000, 0x0000000521000000|  0%| F|  |TAMS 0x0000000520800000| PB 0x0000000520800000| Untracked 
|  35|0x0000000521000000, 0x0000000521000000, 0x0000000521800000|  0%| F|  |TAMS 0x0000000521000000| PB 0x0000000521000000| Untracked 
|  36|0x0000000521800000, 0x0000000521800000, 0x0000000522000000|  0%| F|  |TAMS 0x0000000521800000| PB 0x0000000521800000| Untracked 
|  37|0x0000000522000000, 0x0000000522000000, 0x0000000522800000|  0%| F|  |TAMS 0x0000000522000000| PB 0x0000000522000000| Untracked 
|  38|0x0000000522800000, 0x0000000522800000, 0x0000000523000000|  0%| F|  |TAMS 0x0000000522800000| PB 0x0000000522800000| Untracked 
|  39|0x0000000523000000, 0x0000000523000000, 0x0000000523800000|  0%| F|  |TAMS 0x0000000523000000| PB 0x0000000523000000| Untracked 
|  40|0x0000000523800000, 0x0000000523800000, 0x0000000524000000|  0%| F|  |TAMS 0x0000000523800000| PB 0x0000000523800000| Untracked 
|  41|0x0000000524000000, 0x0000000524000000, 0x0000000524800000|  0%| F|  |TAMS 0x0000000524000000| PB 0x0000000524000000| Untracked 
|  42|0x0000000524800000, 0x0000000524800000, 0x0000000525000000|  0%| F|  |TAMS 0x0000000524800000| PB 0x0000000524800000| Untracked 
|  43|0x0000000525000000, 0x0000000525000000, 0x0000000525800000|  0%| F|  |TAMS 0x0000000525000000| PB 0x0000000525000000| Untracked 
|  44|0x0000000525800000, 0x0000000525800000, 0x0000000526000000|  0%| F|  |TAMS 0x0000000525800000| PB 0x0000000525800000| Untracked 
|  45|0x0000000526000000, 0x0000000526000000, 0x0000000526800000|  0%| F|  |TAMS 0x0000000526000000| PB 0x0000000526000000| Untracked 
|  46|0x0000000526800000, 0x0000000526800000, 0x0000000527000000|  0%| F|  |TAMS 0x0000000526800000| PB 0x0000000526800000| Untracked 
|  47|0x0000000527000000, 0x0000000527000000, 0x0000000527800000|  0%| F|  |TAMS 0x0000000527000000| PB 0x0000000527000000| Untracked 
|  48|0x0000000527800000, 0x0000000527800000, 0x0000000528000000|  0%| F|  |TAMS 0x0000000527800000| PB 0x0000000527800000| Untracked 
|  49|0x0000000528000000, 0x0000000528000000, 0x0000000528800000|  0%| F|  |TAMS 0x0000000528000000| PB 0x0000000528000000| Untracked 
|  50|0x0000000528800000, 0x0000000528800000, 0x0000000529000000|  0%| F|  |TAMS 0x0000000528800000| PB 0x0000000528800000| Untracked 
|  51|0x0000000529000000, 0x0000000529000000, 0x0000000529800000|  0%| F|  |TAMS 0x0000000529000000| PB 0x0000000529000000| Untracked 
|  52|0x0000000529800000, 0x0000000529800000, 0x000000052a000000|  0%| F|  |TAMS 0x0000000529800000| PB 0x0000000529800000| Untracked 
|  53|0x000000052a000000, 0x000000052a000000, 0x000000052a800000|  0%| F|  |TAMS 0x000000052a000000| PB 0x000000052a000000| Untracked 
|  54|0x000000052a800000, 0x000000052a800000, 0x000000052b000000|  0%| F|  |TAMS 0x000000052a800000| PB 0x000000052a800000| Untracked 
|  55|0x000000052b000000, 0x000000052b000000, 0x000000052b800000|  0%| F|  |TAMS 0x000000052b000000| PB 0x000000052b000000| Untracked 
|  56|0x000000052b800000, 0x000000052b800000, 0x000000052c000000|  0%| F|  |TAMS 0x000000052b800000| PB 0x000000052b800000| Untracked 
|  57|0x000000052c000000, 0x000000052c000000, 0x000000052c800000|  0%| F|  |TAMS 0x000000052c000000| PB 0x000000052c000000| Untracked 
|  58|0x000000052c800000, 0x000000052c800000, 0x000000052d000000|  0%| F|  |TAMS 0x000000052c800000| PB 0x000000052c800000| Untracked 
|  59|0x000000052d000000, 0x000000052d000000, 0x000000052d800000|  0%| F|  |TAMS 0x000000052d000000| PB 0x000000052d000000| Untracked 
|  60|0x000000052d800000, 0x000000052d800000, 0x000000052e000000|  0%| F|  |TAMS 0x000000052d800000| PB 0x000000052d800000| Untracked 
|  61|0x000000052e000000, 0x000000052e000000, 0x000000052e800000|  0%| F|  |TAMS 0x000000052e000000| PB 0x000000052e000000| Untracked 
|  62|0x000000052e800000, 0x000000052e800000, 0x000000052f000000|  0%| F|  |TAMS 0x000000052e800000| PB 0x000000052e800000| Untracked 
|  63|0x000000052f000000, 0x000000052f000000, 0x000000052f800000|  0%| F|  |TAMS 0x000000052f000000| PB 0x000000052f000000| Untracked 
|  64|0x000000052f800000, 0x000000052f800000, 0x0000000530000000|  0%| F|  |TAMS 0x000000052f800000| PB 0x000000052f800000| Untracked 
|  65|0x0000000530000000, 0x0000000530000000, 0x0000000530800000|  0%| F|  |TAMS 0x0000000530000000| PB 0x0000000530000000| Untracked 
|  66|0x0000000530800000, 0x0000000530800000, 0x0000000531000000|  0%| F|  |TAMS 0x0000000530800000| PB 0x0000000530800000| Untracked 
|  67|0x0000000531000000, 0x0000000531000000, 0x0000000531800000|  0%| F|  |TAMS 0x0000000531000000| PB 0x0000000531000000| Untracked 
|  68|0x0000000531800000, 0x0000000531800000, 0x0000000532000000|  0%| F|  |TAMS 0x0000000531800000| PB 0x0000000531800000| Untracked 
|  69|0x0000000532000000, 0x0000000532000000, 0x0000000532800000|  0%| F|  |TAMS 0x0000000532000000| PB 0x0000000532000000| Untracked 
|  70|0x0000000532800000, 0x0000000532800000, 0x0000000533000000|  0%| F|  |TAMS 0x0000000532800000| PB 0x0000000532800000| Untracked 
|  71|0x0000000533000000, 0x0000000533000000, 0x0000000533800000|  0%| F|  |TAMS 0x0000000533000000| PB 0x0000000533000000| Untracked 
|  72|0x0000000533800000, 0x0000000533800000, 0x0000000534000000|  0%| F|  |TAMS 0x0000000533800000| PB 0x0000000533800000| Untracked 
|  73|0x0000000534000000, 0x0000000534000000, 0x0000000534800000|  0%| F|  |TAMS 0x0000000534000000| PB 0x0000000534000000| Untracked 
|  74|0x0000000534800000, 0x0000000534800000, 0x0000000535000000|  0%| F|  |TAMS 0x0000000534800000| PB 0x0000000534800000| Untracked 
|  75|0x0000000535000000, 0x0000000535000000, 0x0000000535800000|  0%| F|  |TAMS 0x0000000535000000| PB 0x0000000535000000| Untracked 
|  76|0x0000000535800000, 0x0000000535800000, 0x0000000536000000|  0%| F|  |TAMS 0x0000000535800000| PB 0x0000000535800000| Untracked 
|  77|0x0000000536000000, 0x0000000536000000, 0x0000000536800000|  0%| F|  |TAMS 0x0000000536000000| PB 0x0000000536000000| Untracked 
|  78|0x0000000536800000, 0x0000000536800000, 0x0000000537000000|  0%| F|  |TAMS 0x0000000536800000| PB 0x0000000536800000| Untracked 
|  79|0x0000000537000000, 0x0000000537000000, 0x0000000537800000|  0%| F|  |TAMS 0x0000000537000000| PB 0x0000000537000000| Untracked 
|  80|0x0000000537800000, 0x0000000537800000, 0x0000000538000000|  0%| F|  |TAMS 0x0000000537800000| PB 0x0000000537800000| Untracked 
|  81|0x0000000538000000, 0x0000000538000000, 0x0000000538800000|  0%| F|  |TAMS 0x0000000538000000| PB 0x0000000538000000| Untracked 
|  82|0x0000000538800000, 0x0000000538800000, 0x0000000539000000|  0%| F|  |TAMS 0x0000000538800000| PB 0x0000000538800000| Untracked 
|  83|0x0000000539000000, 0x0000000539000000, 0x0000000539800000|  0%| F|  |TAMS 0x0000000539000000| PB 0x0000000539000000| Untracked 
|  84|0x0000000539800000, 0x0000000539800000, 0x000000053a000000|  0%| F|  |TAMS 0x0000000539800000| PB 0x0000000539800000| Untracked 
|  85|0x000000053a000000, 0x000000053a000000, 0x000000053a800000|  0%| F|  |TAMS 0x000000053a000000| PB 0x000000053a000000| Untracked 
|  86|0x000000053a800000, 0x000000053a800000, 0x000000053b000000|  0%| F|  |TAMS 0x000000053a800000| PB 0x000000053a800000| Untracked 
|  87|0x000000053b000000, 0x000000053b000000, 0x000000053b800000|  0%| F|  |TAMS 0x000000053b000000| PB 0x000000053b000000| Untracked 
|  88|0x000000053b800000, 0x000000053b800000, 0x000000053c000000|  0%| F|  |TAMS 0x000000053b800000| PB 0x000000053b800000| Untracked 
|  89|0x000000053c000000, 0x000000053c000000, 0x000000053c800000|  0%| F|  |TAMS 0x000000053c000000| PB 0x000000053c000000| Untracked 
|  90|0x000000053c800000, 0x000000053c800000, 0x000000053d000000|  0%| F|  |TAMS 0x000000053c800000| PB 0x000000053c800000| Untracked 
|  91|0x000000053d000000, 0x000000053d000000, 0x000000053d800000|  0%| F|  |TAMS 0x000000053d000000| PB 0x000000053d000000| Untracked 
|  92|0x000000053d800000, 0x000000053d800000, 0x000000053e000000|  0%| F|  |TAMS 0x000000053d800000| PB 0x000000053d800000| Untracked 
|  93|0x000000053e000000, 0x000000053e000000, 0x000000053e800000|  0%| F|  |TAMS 0x000000053e000000| PB 0x000000053e000000| Untracked 
|  94|0x000000053e800000, 0x000000053e9eb8d8, 0x000000053f000000| 24%| E|  |TAMS 0x000000053e800000| PB 0x000000053e800000| Complete 
|1504|0x00000007ff800000, 0x00000007ff907778, 0x0000000800000000| 12%| O|  |TAMS 0x00000007ff800000| PB 0x00000007ff800000| Untracked 

Card table byte_map: [0x00007f5d559c5000,0x00007f5d57149000] _byte_map_base: 0x00007f5d53149000

Marking Bits: (CMBitMap*) 0x00007f5d70053bb0
 Bits: [0x00007f5d49da5000, 0x00007f5d559c5000)

Polling page: 0x00007f5d78aca000

Metaspace:

Usage:
  Non-class:     78.75 KB used.
      Class:      3.75 KB used.
       Both:     82.50 KB used.

Virtual space:
  Non-class space:       64.00 MB reserved,     192.00 KB ( <1%) committed,  1 nodes.
      Class space:        1.00 GB reserved,     128.00 KB ( <1%) committed,  1 nodes.
             Both:        1.06 GB reserved,     320.00 KB ( <1%) committed. 

Chunk freelists:
   Non-Class:  12.00 MB
       Class:  15.75 MB
        Both:  27.74 MB

MaxMetaspaceSize: unlimited
CompressedClassSpaceSize: 1.00 GB
Initial GC threshold: 21.00 MB
Current GC threshold: 21.00 MB
CDS: on
 - commit_granule_bytes: 65536.
 - commit_granule_words: 8192.
 - virtual_space_node_default_size: 8388608.
 - enlarge_chunks_in_place: 1.
 - use_allocation_guard: 0.


Internal statistics:

num_allocs_failed_limit: 0.
num_arena_births: 4.
num_arena_deaths: 0.
num_vsnodes_births: 2.
num_vsnodes_deaths: 0.
num_space_committed: 5.
num_space_uncommitted: 0.
num_chunks_returned_to_freelist: 0.
num_chunks_taken_from_freelist: 5.
num_chunk_merges: 0.
num_chunk_splits: 3.
num_chunks_enlarged: 0.
num_inconsistent_stats: 0.

CodeHeap 'non-profiled nmethods': size=119168Kb used=0Kb max_used=0Kb free=119168Kb
 bounds [0x00007f5d6046d000, 0x00007f5d606dd000, 0x00007f5d678cd000]
CodeHeap 'profiled nmethods': size=119164Kb used=4Kb max_used=4Kb free=119159Kb
 bounds [0x00007f5d588cd000, 0x00007f5d58b3d000, 0x00007f5d5fd2c000]
CodeHeap 'non-nmethods': size=7428Kb used=1153Kb max_used=1157Kb free=6275Kb
 bounds [0x00007f5d5fd2c000, 0x00007f5d5ff9c000, 0x00007f5d6046d000]
 total_blobs=303 nmethods=4 adapters=206
 compilation: enabled
              stopped_count=0, restarted_count=0
 full_count=0

Compilation events (8 events):
Event: 0.023 Thread 0x00007f5d7014c730    1       3       java.lang.Object::<init> (1 bytes)
Event: 0.024 Thread 0x00007f5d7014c730 nmethod 1 0x00007f5d588cd010 code [0x00007f5d588cd1a0, 0x00007f5d588cd2a0]
Event: 0.025 Thread 0x00007f5d7014c730    2       3       java.lang.String::coder (15 bytes)
Event: 0.025 Thread 0x00007f5d7014c730 nmethod 2 0x00007f5d588cd310 code [0x00007f5d588cd4a0, 0x00007f5d588cd5d0]
Event: 0.029 Thread 0x00007f5d7014c730    3       3       java.lang.String::length (11 bytes)
Event: 0.029 Thread 0x00007f5d7014c730 nmethod 3 0x00007f5d588cd690 code [0x00007f5d588cd840, 0x00007f5d588cd9e0]
Event: 0.036 Thread 0x00007f5d7014c730    4       3       java.lang.String::hashCode (60 bytes)
Event: 0.036 Thread 0x00007f5d7014c730 nmethod 4 0x00007f5d588cda90 code [0x00007f5d588cdc60, 0x00007f5d588cdfb0]

GC Heap History (0 events):
No events

Dll operation events (3 events):
Event: 0.003 Loaded shared library /root/.sdkman/candidates/java/21.0.2-amzn/lib/libjava.so
Event: 0.022 Loaded shared library /root/.sdkman/candidates/java/21.0.2-amzn/lib/libjsvml.so
Event: 0.036 Loaded shared library /mnt/e/code/BA-Thesis/java/app/build/libcppjnilib.so

Deoptimization events (0 events):
No events

Classes loaded (8 events):
Event: 0.019 Loading class sun/nio/cs/UTF_8$Encoder
Event: 0.019 Loading class sun/nio/cs/UTF_8$Encoder done
Event: 0.025 Loading class jdk/internal/vm/PostVMInitHook
Event: 0.025 Loading class jdk/internal/vm/PostVMInitHook done
Event: 0.025 Loading class jdk/internal/loader/URLClassPath$FileLoader
Event: 0.025 Loading class jdk/internal/loader/URLClassPath$FileLoader done
Event: 0.026 Loading class jdk/internal/loader/URLClassPath$FileLoader$1
Event: 0.026 Loading class jdk/internal/loader/URLClassPath$FileLoader$1 done

Classes unloaded (0 events):
No events

Classes redefined (0 events):
No events

Internal exceptions (0 events):
No events

ZGC Phase Switch (0 events):
No events

VM Operations (0 events):
No events

Events (20 events):
Event: 0.003 Protecting memory [0x00007f5d76c19000,0x00007f5d76c1d000] with protection modes 0
Event: 0.014 Thread 0x00007f5d70028480 Thread added: 0x00007f5d70028480
Event: 0.020 Thread 0x00007f5d70143680 Thread added: 0x00007f5d70143680
Event: 0.020 Protecting memory [0x00007f5d494c6000,0x00007f5d494ca000] with protection modes 0
Event: 0.021 Thread 0x00007f5d70144df0 Thread added: 0x00007f5d70144df0
Event: 0.021 Protecting memory [0x00007f5d493c5000,0x00007f5d493c9000] with protection modes 0
Event: 0.021 Thread 0x00007f5d701468d0 Thread added: 0x00007f5d701468d0
Event: 0.021 Protecting memory [0x00007f5d492c4000,0x00007f5d492c8000] with protection modes 0
Event: 0.021 Thread 0x00007f5d70147f10 Thread added: 0x00007f5d70147f10
Event: 0.021 Protecting memory [0x00007f5d491c3000,0x00007f5d491c7000] with protection modes 0
Event: 0.021 Thread 0x00007f5d701494b0 Thread added: 0x00007f5d701494b0
Event: 0.021 Protecting memory [0x00007f5d490c2000,0x00007f5d490c6000] with protection modes 0
Event: 0.022 Thread 0x00007f5d7014b070 Thread added: 0x00007f5d7014b070
Event: 0.022 Protecting memory [0x00007f5d48fc1000,0x00007f5d48fc5000] with protection modes 0
Event: 0.022 Thread 0x00007f5d7014c730 Thread added: 0x00007f5d7014c730
Event: 0.022 Protecting memory [0x00007f5d48ec0000,0x00007f5d48ec4000] with protection modes 0
Event: 0.025 Thread 0x00007f5d7015a940 Thread added: 0x00007f5d7015a940
Event: 0.025 Protecting memory [0x00007f5d48dbf000,0x00007f5d48dc3000] with protection modes 0
Event: 0.027 Thread 0x00007f5d7015df20 Thread added: 0x00007f5d7015df20
Event: 0.027 Protecting memory [0x00007f5d48900000,0x00007f5d48904000] with protection modes 0


Dynamic libraries:
50f800000-53f000000 rw-p 00000000 00:00 0 
53f000000-7ff800000 ---p 00000000 00:00 0 
7ff800000-7ff908000 rw-p 00ce5000 08:20 537309                           /root/.sdkman/candidates/java/21.0.2-amzn/lib/server/classes.jsa
7ff908000-800000000 rw-p 00000000 00:00 0 
558469600000-558469601000 r-xp 00000000 08:20 307511                     /root/.sdkman/candidates/java/21.0.2-amzn/bin/java
558469801000-558469802000 r--p 00001000 08:20 307511                     /root/.sdkman/candidates/java/21.0.2-amzn/bin/java
558469802000-558469803000 rw-p 00002000 08:20 307511                     /root/.sdkman/candidates/java/21.0.2-amzn/bin/java
55846a6ea000-55846a730000 rw-p 00000000 00:00 0                          [heap]
7f5cb8000000-7f5cb8021000 rw-p 00000000 00:00 0 
7f5cb8021000-7f5cbc000000 ---p 00000000 00:00 0 
7f5cc0000000-7f5cc002c000 rw-p 00000000 00:00 0 
7f5cc002c000-7f5cc4000000 ---p 00000000 00:00 0 
7f5cc4000000-7f5cc4021000 rw-p 00000000 00:00 0 
7f5cc4021000-7f5cc8000000 ---p 00000000 00:00 0 
7f5cc8000000-7f5cc8021000 rw-p 00000000 00:00 0 
7f5cc8021000-7f5ccc000000 ---p 00000000 00:00 0 
7f5ccc000000-7f5ccc057000 rw-p 00000000 00:00 0 
7f5ccc057000-7f5cd0000000 ---p 00000000 00:00 0 
7f5cd0000000-7f5cd0021000 rw-p 00000000 00:00 0 
7f5cd0021000-7f5cd4000000 ---p 00000000 00:00 0 
7f5cd4000000-7f5cd4021000 rw-p 00000000 00:00 0 
7f5cd4021000-7f5cd8000000 ---p 00000000 00:00 0 
7f5cd8000000-7f5cd8021000 rw-p 00000000 00:00 0 
7f5cd8021000-7f5cdc000000 ---p 00000000 00:00 0 
7f5cdc000000-7f5cdc021000 rw-p 00000000 00:00 0 
7f5cdc021000-7f5ce0000000 ---p 00000000 00:00 0 
7f5ce0000000-7f5ce0021000 rw-p 00000000 00:00 0 
7f5ce0021000-7f5ce4000000 ---p 00000000 00:00 0 
7f5ce7000000-7f5ce7020000 rw-p 00000000 00:00 0 
7f5ce7020000-7f5ce7400000 ---p 00000000 00:00 0 
7f5ce7400000-7f5ce7410000 rw-p 00000000 00:00 0 
7f5ce7410000-7f5ceb000000 ---p 00000000 00:00 0 
7f5ceb000000-7f5cebca6000 rw-p 00001000 08:20 537309                     /root/.sdkman/candidates/java/21.0.2-amzn/lib/server/classes.jsa
7f5cebca6000-7f5cec000000 ---p 00000000 00:00 0 
7f5cec000000-7f5cec010000 rw-p 00000000 00:00 0 
7f5cec010000-7f5cec040000 ---p 00000000 00:00 0 
7f5cec040000-7f5cec050000 rw-p 00000000 00:00 0 
7f5cec050000-7f5d2c000000 ---p 00000000 00:00 0 
7f5d2c000000-7f5d2c021000 rw-p 00000000 00:00 0 
7f5d2c021000-7f5d30000000 ---p 00000000 00:00 0 
7f5d30000000-7f5d30021000 rw-p 00000000 00:00 0 
7f5d30021000-7f5d34000000 ---p 00000000 00:00 0 
7f5d34000000-7f5d34021000 rw-p 00000000 00:00 0 
7f5d34021000-7f5d38000000 ---p 00000000 00:00 0 
7f5d3a000000-7f5d3c000000 rw-p 00000000 00:00 0 
7f5d3c000000-7f5d3c021000 rw-p 00000000 00:00 0 
7f5d3c021000-7f5d40000000 ---p 00000000 00:00 0 
7f5d40000000-7f5d40021000 rw-p 00000000 00:00 0 
7f5d40021000-7f5d44000000 ---p 00000000 00:00 0 
7f5d44000000-7f5d44021000 rw-p 00000000 00:00 0 
7f5d44021000-7f5d48000000 ---p 00000000 00:00 0 
7f5d48270000-7f5d486d3000 rw-p 00000000 00:00 0 
7f5d486d3000-7f5d4876d000 r--p 00000000 08:20 27187                      /usr/lib/x86_64-linux-gnu/libstdc++.so.6.0.30
7f5d4876d000-7f5d4887e000 r-xp 0009a000 08:20 27187                      /usr/lib/x86_64-linux-gnu/libstdc++.so.6.0.30
7f5d4887e000-7f5d488ed000 r--p 001ab000 08:20 27187                      /usr/lib/x86_64-linux-gnu/libstdc++.so.6.0.30
7f5d488ed000-7f5d488ee000 ---p 0021a000 08:20 27187                      /usr/lib/x86_64-linux-gnu/libstdc++.so.6.0.30
7f5d488ee000-7f5d488f9000 r--p 0021a000 08:20 27187                      /usr/lib/x86_64-linux-gnu/libstdc++.so.6.0.30
7f5d488f9000-7f5d488fc000 rw-p 00225000 08:20 27187                      /usr/lib/x86_64-linux-gnu/libstdc++.so.6.0.30
7f5d488fc000-7f5d488ff000 rw-p 00000000 00:00 0 
7f5d488ff000-7f5d48900000 ---p 00000000 00:00 0 
7f5d48900000-7f5d48904000 ---p 00000000 00:00 0 
7f5d48904000-7f5d48a00000 rw-p 00000000 00:00 0 
7f5d48a00000-7f5d48ace000 r-xp 00000000 08:20 537319                     /root/.sdkman/candidates/java/21.0.2-amzn/lib/libjsvml.so
7f5d48ace000-7f5d48ccd000 ---p 000ce000 08:20 537319                     /root/.sdkman/candidates/java/21.0.2-amzn/lib/libjsvml.so
7f5d48ccd000-7f5d48cce000 r--p 000cd000 08:20 537319                     /root/.sdkman/candidates/java/21.0.2-amzn/lib/libjsvml.so
7f5d48cce000-7f5d48ccf000 rw-p 000ce000 08:20 537319                     /root/.sdkman/candidates/java/21.0.2-amzn/lib/libjsvml.so
7f5d48dbe000-7f5d48dbf000 ---p 00000000 00:00 0 
7f5d48dbf000-7f5d48dc3000 ---p 00000000 00:00 0 
7f5d48dc3000-7f5d48ebf000 rw-p 00000000 00:00 0 
7f5d48ebf000-7f5d48ec0000 ---p 00000000 00:00 0 
7f5d48ec0000-7f5d48ec4000 ---p 00000000 00:00 0 
7f5d48ec4000-7f5d48fc0000 rw-p 00000000 00:00 0 
7f5d48fc0000-7f5d48fc1000 ---p 00000000 00:00 0 
7f5d48fc1000-7f5d48fc5000 ---p 00000000 00:00 0 
7f5d48fc5000-7f5d490c1000 rw-p 00000000 00:00 0 
7f5d490c1000-7f5d490c2000 ---p 00000000 00:00 0 
7f5d490c2000-7f5d490c6000 ---p 00000000 00:00 0 
7f5d490c6000-7f5d491c2000 rw-p 00000000 00:00 0 
7f5d491c2000-7f5d491c3000 ---p 00000000 00:00 0 
7f5d491c3000-7f5d491c7000 ---p 00000000 00:00 0 
7f5d491c7000-7f5d492c3000 rw-p 00000000 00:00 0 
7f5d492c3000-7f5d492c4000 ---p 00000000 00:00 0 
7f5d492c4000-7f5d492c8000 ---p 00000000 00:00 0 
7f5d492c8000-7f5d493c4000 rw-p 00000000 00:00 0 
7f5d493c4000-7f5d493c5000 ---p 00000000 00:00 0 
7f5d493c5000-7f5d493c9000 ---p 00000000 00:00 0 
7f5d493c9000-7f5d494c5000 rw-p 00000000 00:00 0 
7f5d494c5000-7f5d494c6000 ---p 00000000 00:00 0 
7f5d494c6000-7f5d494ca000 ---p 00000000 00:00 0 
7f5d494ca000-7f5d495c6000 rw-p 00000000 00:00 0 
7f5d495c6000-7f5d4961d000 r--p 00000000 08:20 7397                       /usr/lib/locale/C.utf8/LC_CTYPE
7f5d4961d000-7f5d4961e000 ---p 00000000 00:00 0 
7f5d4961e000-7f5d4971e000 rw-p 00000000 00:00 0 
7f5d4971e000-7f5d4971f000 ---p 00000000 00:00 0 
7f5d4971f000-7f5d498a0000 rw-p 00000000 00:00 0 
7f5d498a0000-7f5d498a1000 ---p 00000000 00:00 0 
7f5d498a1000-7f5d499a1000 rw-p 00000000 00:00 0 
7f5d499a1000-7f5d499a2000 ---p 00000000 00:00 0 
7f5d499a2000-7f5d4a985000 rw-p 00000000 00:00 0 
7f5d4a985000-7f5d559a5000 ---p 00000000 00:00 0 
7f5d559a5000-7f5d55b41000 rw-p 00000000 00:00 0 
7f5d55b41000-7f5d57145000 ---p 00000000 00:00 0 
7f5d57145000-7f5d572c5000 rw-p 00000000 00:00 0 
7f5d572c5000-7f5d588c9000 ---p 00000000 00:00 0 
7f5d588c9000-7f5d588cd000 rw-p 00000000 00:00 0 
7f5d588cd000-7f5d58b3d000 rwxp 00000000 00:00 0 
7f5d58b3d000-7f5d5fd2c000 ---p 00000000 00:00 0 
7f5d5fd2c000-7f5d5ff9c000 rwxp 00000000 00:00 0 
7f5d5ff9c000-7f5d6046d000 ---p 00000000 00:00 0 
7f5d6046d000-7f5d606dd000 rwxp 00000000 00:00 0 
7f5d606dd000-7f5d678cd000 ---p 00000000 00:00 0 
7f5d678cd000-7f5d70000000 r--s 00000000 08:20 537331                     /root/.sdkman/candidates/java/21.0.2-amzn/lib/modules
7f5d70000000-7f5d70188000 rw-p 00000000 00:00 0 
7f5d70188000-7f5d74000000 ---p 00000000 00:00 0 
7f5d74011000-7f5d74fbc000 rw-p 00000000 00:00 0 
7f5d74fbc000-7f5d74fbd000 ---p 00000000 00:00 0 
7f5d74fbd000-7f5d750bd000 rw-p 00000000 00:00 0 
7f5d750bd000-7f5d750be000 ---p 00000000 00:00 0 
7f5d750be000-7f5d751be000 rw-p 00000000 00:00 0 
7f5d751be000-7f5d751bf000 ---p 00000000 00:00 0 
7f5d751bf000-7f5d76400000 rw-p 00000000 00:00 0 
7f5d76400000-7f5d76420000 r-xp 00000000 08:20 537301                     /root/.sdkman/candidates/java/21.0.2-amzn/lib/libjava.so
7f5d76420000-7f5d7661f000 ---p 00020000 08:20 537301                     /root/.sdkman/candidates/java/21.0.2-amzn/lib/libjava.so
7f5d7661f000-7f5d76620000 r--p 0001f000 08:20 537301                     /root/.sdkman/candidates/java/21.0.2-amzn/lib/libjava.so
7f5d76620000-7f5d76621000 rw-p 00020000 08:20 537301                     /root/.sdkman/candidates/java/21.0.2-amzn/lib/libjava.so
7f5d76621000-7f5d76622000 rw-p 00000000 00:00 0 
7f5d7663f000-7f5d76800000 rw-p 00000000 00:00 0 
7f5d76800000-7f5d7681b000 r-xp 00000000 08:20 537352                     /root/.sdkman/candidates/java/21.0.2-amzn/lib/libjimage.so
7f5d7681b000-7f5d76a1a000 ---p 0001b000 08:20 537352                     /root/.sdkman/candidates/java/21.0.2-amzn/lib/libjimage.so
7f5d76a1a000-7f5d76a1c000 r--p 0001a000 08:20 537352                     /root/.sdkman/candidates/java/21.0.2-amzn/lib/libjimage.so
7f5d76a1c000-7f5d76a1d000 rw-p 0001c000 08:20 537352                     /root/.sdkman/candidates/java/21.0.2-amzn/lib/libjimage.so
7f5d76a27000-7f5d76a2a000 r--p 00000000 08:20 9341                       /usr/lib/x86_64-linux-gnu/libgcc_s.so.1
7f5d76a2a000-7f5d76a41000 r-xp 00003000 08:20 9341                       /usr/lib/x86_64-linux-gnu/libgcc_s.so.1
7f5d76a41000-7f5d76a45000 r--p 0001a000 08:20 9341                       /usr/lib/x86_64-linux-gnu/libgcc_s.so.1
7f5d76a45000-7f5d76a46000 r--p 0001d000 08:20 9341                       /usr/lib/x86_64-linux-gnu/libgcc_s.so.1
7f5d76a46000-7f5d76a47000 rw-p 0001e000 08:20 9341                       /usr/lib/x86_64-linux-gnu/libgcc_s.so.1
7f5d76a47000-7f5d76a4c000 rw-p 00000000 00:00 0 
7f5d76a4c000-7f5d76b30000 ---p 00000000 00:00 0 
7f5d76b30000-7f5d76b35000 rw-p 00000000 00:00 0 
7f5d76b35000-7f5d76c19000 ---p 00000000 00:00 0 
7f5d76c19000-7f5d76c1d000 ---p 00000000 00:00 0 
7f5d76c1d000-7f5d76d19000 rw-p 00000000 00:00 0 
7f5d76d19000-7f5d76d27000 r--p 00000000 08:20 26538                      /usr/lib/x86_64-linux-gnu/libm.so.6
7f5d76d27000-7f5d76da3000 r-xp 0000e000 08:20 26538                      /usr/lib/x86_64-linux-gnu/libm.so.6
7f5d76da3000-7f5d76dfe000 r--p 0008a000 08:20 26538                      /usr/lib/x86_64-linux-gnu/libm.so.6
7f5d76dfe000-7f5d76dff000 r--p 000e4000 08:20 26538                      /usr/lib/x86_64-linux-gnu/libm.so.6
7f5d76dff000-7f5d76e00000 rw-p 000e5000 08:20 26538                      /usr/lib/x86_64-linux-gnu/libm.so.6
7f5d76e00000-7f5d7824f000 r-xp 00000000 08:20 537311                     /root/.sdkman/candidates/java/21.0.2-amzn/lib/server/libjvm.so
7f5d7824f000-7f5d7844e000 ---p 0144f000 08:20 537311                     /root/.sdkman/candidates/java/21.0.2-amzn/lib/server/libjvm.so
7f5d7844e000-7f5d7851f000 r--p 0144e000 08:20 537311                     /root/.sdkman/candidates/java/21.0.2-amzn/lib/server/libjvm.so
7f5d7851f000-7f5d7854f000 rw-p 0151f000 08:20 537311                     /root/.sdkman/candidates/java/21.0.2-amzn/lib/server/libjvm.so
7f5d7854f000-7f5d785b5000 rw-p 00000000 00:00 0 
7f5d785cf000-7f5d785d2000 r--p 00000000 00:53 5348024558630140           /mnt/e/code/BA-Thesis/java/app/build/libcppjnilib.so
7f5d785d2000-7f5d785d4000 r-xp 00003000 00:53 5348024558630140           /mnt/e/code/BA-Thesis/java/app/build/libcppjnilib.so
7f5d785d4000-7f5d785d5000 r--p 00005000 00:53 5348024558630140           /mnt/e/code/BA-Thesis/java/app/build/libcppjnilib.so
7f5d785d5000-7f5d785d6000 r--p 00005000 00:53 5348024558630140           /mnt/e/code/BA-Thesis/java/app/build/libcppjnilib.so
7f5d785d6000-7f5d785d7000 rw-p 00006000 00:53 5348024558630140           /mnt/e/code/BA-Thesis/java/app/build/libcppjnilib.so
7f5d785d7000-7f5d785ff000 r--p 00000000 08:20 26535                      /usr/lib/x86_64-linux-gnu/libc.so.6
7f5d785ff000-7f5d78794000 r-xp 00028000 08:20 26535                      /usr/lib/x86_64-linux-gnu/libc.so.6
7f5d78794000-7f5d787ec000 r--p 001bd000 08:20 26535                      /usr/lib/x86_64-linux-gnu/libc.so.6
7f5d787ec000-7f5d787ed000 ---p 00215000 08:20 26535                      /usr/lib/x86_64-linux-gnu/libc.so.6
7f5d787ed000-7f5d787f1000 r--p 00215000 08:20 26535                      /usr/lib/x86_64-linux-gnu/libc.so.6
7f5d787f1000-7f5d787f3000 rw-p 00219000 08:20 26535                      /usr/lib/x86_64-linux-gnu/libc.so.6
7f5d787f3000-7f5d78800000 rw-p 00000000 00:00 0 
7f5d78800000-7f5d7880f000 r-xp 00000000 08:20 537304                     /root/.sdkman/candidates/java/21.0.2-amzn/lib/libjli.so
7f5d7880f000-7f5d78a0f000 ---p 0000f000 08:20 537304                     /root/.sdkman/candidates/java/21.0.2-amzn/lib/libjli.so
7f5d78a0f000-7f5d78a10000 r--p 0000f000 08:20 537304                     /root/.sdkman/candidates/java/21.0.2-amzn/lib/libjli.so
7f5d78a10000-7f5d78a11000 rw-p 00010000 08:20 537304                     /root/.sdkman/candidates/java/21.0.2-amzn/lib/libjli.so
7f5d78a13000-7f5d78a14000 r--p 00000000 08:20 7406                       /usr/lib/locale/C.utf8/LC_NUMERIC
7f5d78a14000-7f5d78a15000 r--p 00000000 08:20 7409                       /usr/lib/locale/C.utf8/LC_TIME
7f5d78a15000-7f5d78a16000 r--p 00000000 08:20 7396                       /usr/lib/locale/C.utf8/LC_COLLATE
7f5d78a16000-7f5d78a17000 r--p 00000000 08:20 7403                       /usr/lib/locale/C.utf8/LC_MONETARY
7f5d78a17000-7f5d78a18000 r--p 00000000 08:20 7401                       /usr/lib/locale/C.utf8/LC_MESSAGES/SYS_LC_MESSAGES
7f5d78a18000-7f5d78a19000 r--p 00000000 08:20 7407                       /usr/lib/locale/C.utf8/LC_PAPER
7f5d78a19000-7f5d78a1a000 r--p 00000000 08:20 7404                       /usr/lib/locale/C.utf8/LC_NAME
7f5d78a1a000-7f5d78a1b000 r--p 00000000 08:20 7395                       /usr/lib/locale/C.utf8/LC_ADDRESS
7f5d78a1b000-7f5d78a1c000 r--p 00000000 08:20 7408                       /usr/lib/locale/C.utf8/LC_TELEPHONE
7f5d78a1c000-7f5d78a1d000 r--p 00000000 08:20 7400                       /usr/lib/locale/C.utf8/LC_MEASUREMENT
7f5d78a1d000-7f5d78a24000 r--s 00000000 08:20 51605                      /usr/lib/x86_64-linux-gnu/gconv/gconv-modules.cache
7f5d78a24000-7f5d78a88000 rw-p 00000000 00:00 0 
7f5d78a88000-7f5d78a92000 ---p 00000000 00:00 0 
7f5d78a92000-7f5d78a93000 r--p 00000000 08:20 26549                      /usr/lib/x86_64-linux-gnu/librt.so.1
7f5d78a93000-7f5d78a94000 r-xp 00001000 08:20 26549                      /usr/lib/x86_64-linux-gnu/librt.so.1
7f5d78a94000-7f5d78a95000 r--p 00002000 08:20 26549                      /usr/lib/x86_64-linux-gnu/librt.so.1
7f5d78a95000-7f5d78a96000 r--p 00002000 08:20 26549                      /usr/lib/x86_64-linux-gnu/librt.so.1
7f5d78a96000-7f5d78a97000 rw-p 00003000 08:20 26549                      /usr/lib/x86_64-linux-gnu/librt.so.1
7f5d78a97000-7f5d78a9b000 rw-p 00000000 00:00 0 
7f5d78a9b000-7f5d78a9c000 r--p 00000000 08:20 26537                      /usr/lib/x86_64-linux-gnu/libdl.so.2
7f5d78a9c000-7f5d78a9d000 r-xp 00001000 08:20 26537                      /usr/lib/x86_64-linux-gnu/libdl.so.2
7f5d78a9d000-7f5d78a9e000 r--p 00002000 08:20 26537                      /usr/lib/x86_64-linux-gnu/libdl.so.2
7f5d78a9e000-7f5d78a9f000 r--p 00002000 08:20 26537                      /usr/lib/x86_64-linux-gnu/libdl.so.2
7f5d78a9f000-7f5d78aa0000 rw-p 00003000 08:20 26537                      /usr/lib/x86_64-linux-gnu/libdl.so.2
7f5d78aa0000-7f5d78aa1000 r--p 00000000 08:20 26547                      /usr/lib/x86_64-linux-gnu/libpthread.so.0
7f5d78aa1000-7f5d78aa2000 r-xp 00001000 08:20 26547                      /usr/lib/x86_64-linux-gnu/libpthread.so.0
7f5d78aa2000-7f5d78aa3000 r--p 00002000 08:20 26547                      /usr/lib/x86_64-linux-gnu/libpthread.so.0
7f5d78aa3000-7f5d78aa4000 r--p 00002000 08:20 26547                      /usr/lib/x86_64-linux-gnu/libpthread.so.0
7f5d78aa4000-7f5d78aa5000 rw-p 00003000 08:20 26547                      /usr/lib/x86_64-linux-gnu/libpthread.so.0
7f5d78aa5000-7f5d78aa7000 r--p 00000000 08:20 6844                       /usr/lib/x86_64-linux-gnu/libz.so.1.2.11
7f5d78aa7000-7f5d78ab8000 r-xp 00002000 08:20 6844                       /usr/lib/x86_64-linux-gnu/libz.so.1.2.11
7f5d78ab8000-7f5d78abe000 r--p 00013000 08:20 6844                       /usr/lib/x86_64-linux-gnu/libz.so.1.2.11
7f5d78abe000-7f5d78abf000 ---p 00019000 08:20 6844                       /usr/lib/x86_64-linux-gnu/libz.so.1.2.11
7f5d78abf000-7f5d78ac0000 r--p 00019000 08:20 6844                       /usr/lib/x86_64-linux-gnu/libz.so.1.2.11
7f5d78ac0000-7f5d78ac1000 rw-p 0001a000 08:20 6844                       /usr/lib/x86_64-linux-gnu/libz.so.1.2.11
7f5d78ac1000-7f5d78ac2000 r--p 00000000 08:20 7398                       /usr/lib/locale/C.utf8/LC_IDENTIFICATION
7f5d78ac2000-7f5d78aca000 rw-s 00000000 08:20 1213                       /tmp/hsperfdata_root/11017
7f5d78aca000-7f5d78acb000 ---p 00000000 00:00 0 
7f5d78acb000-7f5d78acc000 r--p 00000000 00:00 0 
7f5d78acc000-7f5d78ace000 rw-p 00000000 00:00 0 
7f5d78ace000-7f5d78ad0000 r--p 00000000 08:20 26532                      /usr/lib/x86_64-linux-gnu/ld-linux-x86-64.so.2
7f5d78ad0000-7f5d78afa000 r-xp 00002000 08:20 26532                      /usr/lib/x86_64-linux-gnu/ld-linux-x86-64.so.2
7f5d78afa000-7f5d78b05000 r--p 0002c000 08:20 26532                      /usr/lib/x86_64-linux-gnu/ld-linux-x86-64.so.2
7f5d78b05000-7f5d78b06000 ---p 00000000 00:00 0 
7f5d78b06000-7f5d78b08000 r--p 00037000 08:20 26532                      /usr/lib/x86_64-linux-gnu/ld-linux-x86-64.so.2
7f5d78b08000-7f5d78b0a000 rw-p 00039000 08:20 26532                      /usr/lib/x86_64-linux-gnu/ld-linux-x86-64.so.2
7ffd92615000-7ffd92637000 rw-p 00000000 00:00 0                          [stack]
7ffd92640000-7ffd92644000 r--p 00000000 00:00 0                          [vvar]
7ffd92644000-7ffd92646000 r-xp 00000000 00:00 0                          [vdso]
Total number of mappings: 217


VM Arguments:
jvm_args: -Djava.library.path=. 
java_command: HelloWorld
java_class_path (initial): .
Launcher Type: SUN_STANDARD

[Global flags]
     intx CICompilerCount                          = 12                                        {product} {ergonomic}
     uint ConcGCThreads                            = 5                                         {product} {ergonomic}
     uint G1ConcRefinementThreads                  = 18                                        {product} {ergonomic}
   size_t G1HeapRegionSize                         = 8388608                                   {product} {ergonomic}
    uintx GCDrainStackTargetSize                   = 64                                        {product} {ergonomic}
   size_t InitialHeapSize                          = 796917760                                 {product} {ergonomic}
   size_t MarkStackSize                            = 4194304                                   {product} {ergonomic}
   size_t MaxHeapSize                              = 12624855040                               {product} {ergonomic}
   size_t MaxNewSize                               = 7574913024                                {product} {ergonomic}
   size_t MinHeapDeltaBytes                        = 8388608                                   {product} {ergonomic}
   size_t MinHeapSize                              = 8388608                                   {product} {ergonomic}
    uintx NonNMethodCodeHeapSize                   = 7602480                                {pd product} {ergonomic}
    uintx NonProfiledCodeHeapSize                  = 122027880                              {pd product} {ergonomic}
    uintx ProfiledCodeHeapSize                     = 122027880                              {pd product} {ergonomic}
    uintx ReservedCodeCacheSize                    = 251658240                              {pd product} {ergonomic}
     bool SegmentedCodeCache                       = true                                      {product} {ergonomic}
   size_t SoftMaxHeapSize                          = 12624855040                            {manageable} {ergonomic}
     bool UseCompressedOops                        = true                           {product lp64_product} {ergonomic}
     bool UseG1GC                                  = true                                      {product} {ergonomic}

Logging:
Log output configuration:
 #0: stdout all=warning uptime,level,tags foldmultilines=false
 #1: stderr all=off uptime,level,tags foldmultilines=false

Environment Variables:
JAVA_HOME=/root/.sdkman/candidates/java/current
PATH=/root/android-ndk/android-ndk-r26b:/root/.nix-profile/bin:/nix/var/nix/profiles/default/bin:/root/android-ndk/android-ndk-r26b/:/root/.sdkman/candidates/kotlin/current/bin:/root/.sdkman/candidates/java/current/bin:/root/.sdkman/candidates/gradle/current/bin:/usr/local/sbin:/usr/local/bin:/usr/sbin:/usr/bin:/sbin:/bin:/usr/games:/usr/local/games:/usr/lib/wsl/lib:/mnt/c/Program Files/PowerShell/7:/mnt/c/Users/Jean/fvm/versions/stable/bin/:/mnt/c/Program Files (x86)/Common Files/Intel/Shared Libraries/redist/intel64_win/compiler:/mnt/c/Program Files/Lapce/:/mnt/c/tools/python/Python311/Scripts/:/mnt/c/tools/python/Python311/:/mnt/c/Program Files (x86)/VMware/VMware Workstation/bin/:/mnt/c/Program Files/OpenSSH/:/mnt/c/Program Files (x86)/Common Files/Intel/Shared Libraries/redist/intel64/compiler:/mnt/c/Windows/system32:/mnt/c/Windows:/mnt/c/Windows/System32/Wbem:/mnt/c/Windows/System32/WindowsPowerShell/v1.0/:/mnt/c/Windows/System32/OpenSSH/:/mnt/c/Program Files/PuTTY/:/mnt/c/Program Files/WireGuard/:/mnt/c/Users/Jean/AppData/Roaming/nvm:/mnt/c/Program Files/nodejs:/mnt/c/ProgramData/chocolatey/bin:/mnt/c/Program Files/Microsoft SQL Server/150/Tools/Binn/:/mnt/c/Program Files/dotnet/:/mnt/c/Program Files/NVIDIA Corporation/NVIDIA NvDLISR:/mnt/c/Program Files/Git/cmd:/mnt/c/Program Files (x86)/NVIDIA Corporation/PhysX/Common:/mnt/c/Program Files/usbipd-win/:/mnt/c/tools/php/php-8.2.5-nts-Win32-vs16-x64:/mnt/c/tools/composer:/mnt/c/Program Files/Docker/Docker/resources/bin:/mnt/c/Program Files (x86)/Microsoft SQL Server/160/DTS/Binn/:/mnt/c/Program Files/Azure Data Studio/bin:/mnt/c/tools/CMake/bin:/mnt/c/Strawberry/c/bin:/mnt/c/Strawberry/perl/site/bin:/mnt/c/Strawberry/perl/bin:/mnt/c/Program Files/PowerShell/7/:/mnt/e/MinGW/bin:/mnt/c/Users/Jean/AppData/Local/pnpm:/mnt/c/Users/Jean/.cargo/bin:/mnt/c/Users/Jean/AppData/Local/Microsoft/WindowsApps:/mnt/c/Users/Jean/AppData/Local/Programs/Microsoft VS Code/bin:/mnt/c/tools/dart-sdk/bin:/mnt/c/Users/Jean/AppData/Roaming/Pub/Cache/bin:/mnt/c/tools/OpenJDK/jdk-17.0.6+10/bin:/mnt/c/Users/Jean/AppData/Local/Programs/oh-my-posh/bin:/mnt/c/Users/Jean/AppData/Local/Android/Sdk/platform-tools:/mnt/c/Users/Jean/fvm/default/bin:/mnt/c/Users/Jean/AppData/Roaming/Composer/vendor/bin:/mnt/c/Users/Jean/AppData/Local/Microsoft/WinGet/Links:/mnt/c/Program Files (x86)/Dr. Memory/bin/:/mnt/c/Users/Jean/.dotnet/tools:/snap/bin
SHELL=/usr/bin/fish
DISPLAY=:0
HOSTTYPE=x86_64
LANG=C.UTF-8
TERM=xterm-256color

Active Locale:
LC_ALL=C.UTF-8
LC_COLLATE=C.UTF-8
LC_CTYPE=C.UTF-8
LC_MESSAGES=C.UTF-8
LC_MONETARY=C.UTF-8
LC_NUMERIC=C.UTF-8
LC_TIME=C.UTF-8

Signal Handlers:
   SIGSEGV: crash_handler in libjvm.so, mask=11100100010111111101111111111110, flags=SA_RESTART|SA_SIGINFO, unblocked
    SIGBUS: crash_handler in libjvm.so, mask=11100100010111111101111111111110, flags=SA_RESTART|SA_SIGINFO, unblocked
    SIGFPE: crash_handler in libjvm.so, mask=11100100010111111101111111111110, flags=SA_RESTART|SA_SIGINFO, unblocked
   SIGPIPE: javaSignalHandler in libjvm.so, mask=11100100010111111101111111111110, flags=SA_RESTART|SA_SIGINFO, blocked
   SIGXFSZ: javaSignalHandler in libjvm.so, mask=11100100010111111101111111111110, flags=SA_RESTART|SA_SIGINFO, blocked
    SIGILL: crash_handler in libjvm.so, mask=11100100010111111101111111111110, flags=SA_RESTART|SA_SIGINFO, unblocked
   SIGUSR2: SR_handler in libjvm.so, mask=00000000000000000000000000000000, flags=SA_RESTART|SA_SIGINFO, blocked
    SIGHUP: UserHandler in libjvm.so, mask=11100100010111111101111111111110, flags=SA_RESTART|SA_SIGINFO, blocked
    SIGINT: UserHandler in libjvm.so, mask=11100100010111111101111111111110, flags=SA_RESTART|SA_SIGINFO, blocked
   SIGTERM: UserHandler in libjvm.so, mask=11100100010111111101111111111110, flags=SA_RESTART|SA_SIGINFO, blocked
   SIGQUIT: UserHandler in libjvm.so, mask=11100100010111111101111111111110, flags=SA_RESTART|SA_SIGINFO, blocked
   SIGTRAP: crash_handler in libjvm.so, mask=11100100010111111101111111111110, flags=SA_RESTART|SA_SIGINFO, unblocked


Periodic native trim disabled

---------------  S Y S T E M  ---------------

OS:
DISTRIB_ID=Ubuntu
DISTRIB_RELEASE=22.04
DISTRIB_CODENAME=jammy
DISTRIB_DESCRIPTION="Ubuntu 22.04.3 LTS"
uname: Linux 5.15.133.1-microsoft-standard-WSL2 #1 SMP Thu Oct 5 21:02:42 UTC 2023 x86_64
OS uptime: 0 days 22:10 hours
libc: glibc 2.35 NPTL 2.35 
rlimit (soft/hard): STACK 8192k/infinity , CORE 0k/infinity , NPROC 192524/192524 , NOFILE 1048576/1048576 , AS infinity/infinity , CPU infinity/infinity , DATA infinity/infinity , FSIZE infinity/infinity , MEMLOCK 65536k/65536k
load average: 0.34 0.09 0.03

/proc/meminfo:
MemTotal:       49292808 kB
MemFree:        47257500 kB
MemAvailable:   47992788 kB
Buffers:           40072 kB
Cached:          1141536 kB
SwapCached:            0 kB
Active:           506660 kB
Inactive:        1024244 kB
Active(anon):       2992 kB
Inactive(anon):   352368 kB
Active(file):     503668 kB
Inactive(file):   671876 kB
Unevictable:           0 kB
Mlocked:               0 kB
SwapTotal:      12582912 kB
SwapFree:       12582912 kB
Dirty:                88 kB
Writeback:             0 kB
AnonPages:        335356 kB
Mapped:           274980 kB
Shmem:              6060 kB
KReclaimable:      67912 kB
Slab:             159172 kB
SReclaimable:      67912 kB
SUnreclaim:        91260 kB
KernelStack:        7648 kB
PageTables:         7032 kB
NFS_Unstable:          0 kB
Bounce:                0 kB
WritebackTmp:          0 kB
CommitLimit:    37229316 kB
Committed_AS:    2975036 kB
VmallocTotal:   34359738367 kB
VmallocUsed:       32480 kB
VmallocChunk:          0 kB
Percpu:            13440 kB
AnonHugePages:    120832 kB
ShmemHugePages:        0 kB
ShmemPmdMapped:        0 kB
FileHugePages:         0 kB
FilePmdMapped:         0 kB
HugePages_Total:       0
HugePages_Free:        0
HugePages_Rsvd:        0
HugePages_Surp:        0
Hugepagesize:       2048 kB
Hugetlb:               0 kB
DirectMap4k:      117760 kB
DirectMap2M:     7180288 kB
DirectMap1G:    52428800 kB

/sys/kernel/mm/transparent_hugepage/enabled: [always] madvise never
/sys/kernel/mm/transparent_hugepage/defrag (defrag/compaction efforts parameter): always defer defer+madvise [madvise] never

Process Memory:
Virtual Size: 15335200K (peak: 15393860K)
Resident Set Size: 46972K (peak: 46972K) (anon: 25384K, file: 21588K, shmem: 0K)
Swapped out: 0K
C-Heap outstanding allocations: 45439K, retained: 2012K
glibc malloc tunables: (default)

/proc/sys/kernel/threads-max (system-wide limit on the number of threads): 385048
/proc/sys/vm/max_map_count (maximum number of memory map areas a process may have): 65530
/proc/sys/kernel/pid_max (system-wide limit on number of process identifiers): 4194304

container (cgroup) information:
container_type: cgroupv1
cpu_cpuset_cpus: 0-23
cpu_memory_nodes: 0
active_processor_count: 24
cpu_quota: no quota
cpu_period: 100000
cpu_shares: no shares
memory_limit_in_bytes: unlimited
memory_and_swap_limit_in_bytes: unlimited
memory_soft_limit_in_bytes: unlimited
memory_usage_in_bytes: 1516964 k
memory_max_usage_in_bytes: 1208528 k
kernel_memory_usage_in_bytes: 52524 k
kernel_memory_max_usage_in_bytes: unlimited
kernel_memory_limit_in_bytes: 57620 k
maximum number of tasks: not supported
current number of tasks: not supported

Hyper-V virtualization detected
Steal ticks since vm start: 0
Steal ticks percentage since vm start:  0.000

CPU: total 24 (initial active 24) (32 cores per cpu, 2 threads per core) family 23 model 113 stepping 0 microcode 0xffffffff, cx8, cmov, fxsr, ht, mmx, 3dnowpref, sse, sse2, sse3, ssse3, sse4a, sse4.1, sse4.2, popcnt, lzcnt, tsc, tscinvbit, avx, avx2, aes, clmul, bmi1, bmi2, adx, sha, fma, vzeroupper, clflush, clflushopt, hv, rdtscp, rdpid, f16c
CPU Model and flags from /proc/cpuinfo:
model name	: AMD Ryzen 9 3900X 12-Core Processor
flags		: fpu vme de pse tsc msr pae mce cx8 apic sep mtrr pge mca cmov pat pse36 clflush mmx fxsr sse sse2 ht syscall nx mmxext fxsr_opt pdpe1gb rdtscp lm constant_tsc rep_good nopl tsc_reliable nonstop_tsc cpuid extd_apicid pni pclmulqdq ssse3 fma cx16 sse4_1 sse4_2 movbe popcnt aes xsave avx f16c rdrand hypervisor lahf_lm cmp_legacy svm cr8_legacy abm sse4a misalignsse 3dnowprefetch osvw topoext perfctr_core ssbd ibpb stibp vmmcall fsgsbase bmi1 avx2 smep bmi2 rdseed adx smap clflushopt clwb sha_ni xsaveopt xsavec xgetbv1 clzero xsaveerptr arat npt nrip_save tsc_scale vmcb_clean flushbyasid decodeassists pausefilter pfthreshold v_vmsave_vmload umip rdpid

Online cpus: 0-23
Offline cpus: 
BIOS frequency limitation: <Not Available>
Frequency switch latency (ns): <Not Available>
Available cpu frequencies: <Not Available>
Current governor: <Not Available>
Core performance/turbo boost: <Not Available>

Memory: 4k page, physical 49292808k(47992788k free), swap 12582912k(12582912k free)
Page Sizes: 4k

vm_info: OpenJDK 64-Bit Server VM (21.0.2+13-LTS) for linux-amd64 JRE (21.0.2+13-LTS), built on 2024-01-10T23:18:41Z by "jenkins" with gcc 7.3.1 20180303 (Red Hat 7.3.1-5)

END.
