#
# A fatal error has been detected by the Java Runtime Environment:
#
#  SIGSEGV (0xb) at pc=0x00007f2735641d35, pid=10733, tid=10734
#
# JRE version: OpenJDK Runtime Environment Corretto-21.0.2.13.1 (21.0.2+13) (build 21.0.2+13-LTS)
# Java VM: OpenJDK 64-Bit Server VM Corretto-21.0.2.13.1 (21.0.2+13-LTS, mixed mode, sharing, tiered, compressed oops, compressed class ptrs, g1 gc, linux-amd64)
# Problematic frame:
# C  [libcppjnilib.so+0x3d35]  ExtIntMatrix::toJObjectArray(JNIEnv_*)+0x195
#
# No core dump will be written. Core dumps have been disabled. To enable core dumping, try "ulimit -c unlimited" before starting Java again
#
# If you would like to submit a bug report, please visit:
#   https://github.com/corretto/corretto-21/issues/
# The crash happened outside the Java Virtual Machine in native code.
# See problematic frame for where to report the bug.
#

---------------  S U M M A R Y ------------

Command Line: -Djava.library.path=. HelloWorld

Host: AMD Ryzen 9 3900X 12-Core Processor, 24 cores, 47G, Ubuntu 22.04.3 LTS
Time: Fri Mar  1 10:05:05 2024 CET elapsed time: 0.039458 seconds (0d 0h 0m 0s)

---------------  T H R E A D  ---------------

Current thread (0x00007f2730028480):  JavaThread "main"             [_thread_in_native, id=10734, stack(0x00007f2735819000,0x00007f2735919000) (1024K)]

Stack: [0x00007f2735819000,0x00007f2735919000],  sp=0x00007f2735917790,  free space=1017k
Native frames: (J=compiled Java code, j=interpreted, Vv=VM code, C=native code)
C  [libcppjnilib.so+0x3d35]  ExtIntMatrix::toJObjectArray(JNIEnv_*)+0x195
C  [libcppjnilib.so+0x36a2]  Java_HelloWorld_matrixMultiplication+0x62
j  HelloWorld.matrixMultiplication([[I[[I)[[I+0
j  HelloWorld.main([Ljava/lang/String;)V+153
v  ~StubRoutines::call_stub 0x00007f271fd2ccc6
V  [libjvm.so+0x909a24]  JavaCalls::call_helper(JavaValue*, methodHandle const&, JavaCallArguments*, JavaThread*)+0x2f4
V  [libjvm.so+0x9b5e1f]  jni_invoke_static(JNIEnv_*, JavaValue*, _jobject*, JNICallType, _jmethodID*, JNI_ArgumentPusher*, JavaThread*) [clone .isra.156] [clone .constprop.261]+0x15f
V  [libjvm.so+0x9b803f]  jni_CallStaticVoidMethod+0x14f
C  [libjli.so+0x57b7]  JavaMain+0xfb7
C  [libjli.so+0x8719]  ThreadJavaMain+0x9
Java frames: (J=compiled Java code, j=interpreted, Vv=VM code)
j  HelloWorld.matrixMultiplication([[I[[I)[[I+0
j  HelloWorld.main([Ljava/lang/String;)V+153
v  ~StubRoutines::call_stub 0x00007f271fd2ccc6

siginfo: si_signo: 11 (SIGSEGV), si_code: 1 (SEGV_MAPERR), si_addr: 0x00007f20c26476f7

Registers:
RAX=0x00007f20c26476f7, RBX=0x00007f26a74005d0, RCX=0x0000000000000000, RDX=0x00007f26f94f6370
RSP=0x00007f2735917790, RBP=0x00007f27359177d0, RSI=0x000000000000203d, RDI=0x00007f26f94fc540
R8 =0x0000000000000000, R9 =0x00007f2735917680, R10=0x0000000000000001, R11=0x0000000000000000
R12=0x0000000000000000, R13=0x00007f26a74005d0, R14=0x00007f27359178f8, R15=0x00007f2730028480
RIP=0x00007f2735641d35, EFLAGS=0x0000000000010206, CSGSFS=0x002b000000000033, ERR=0x0000000000000004
  TRAPNO=0x000000000000000e


Register to memory mapping:

RAX=0x00007f20c26476f7 is an unknown value
RBX={method} {0x00007f26a74005d0} 'matrixMultiplication' '([[I[[I)[[I' in 'HelloWorld'
RCX=0x0 is null
RDX=0x00007f26f94f6370: _ZTVSo+0x0000000000000018 in /lib/x86_64-linux-gnu/libstdc++.so.6 at 0x00007f26f92d3000
RSP=0x00007f2735917790 is pointing into the stack for thread: 0x00007f2730028480
RBP=0x00007f27359177d0 is pointing into the stack for thread: 0x00007f2730028480
RSI=0x000000000000203d is an unknown value
RDI=0x00007f26f94fc540: _ZSt4cout+0x0000000000000000 in /lib/x86_64-linux-gnu/libstdc++.so.6 at 0x00007f26f92d3000
R8 =0x0 is null
R9 =0x00007f2735917680 is pointing into the stack for thread: 0x00007f2730028480
R10=0x0000000000000001 is an unknown value
R11=0x0 is null
R12=0x0 is null
R13={method} {0x00007f26a74005d0} 'matrixMultiplication' '([[I[[I)[[I' in 'HelloWorld'
R14=0x00007f27359178f8 is pointing into the stack for thread: 0x00007f2730028480
R15=0x00007f2730028480 is a thread

Top of Stack: (sp=0x00007f2735917790)
0x00007f2735917790:   00007f27359177f0 00007f2730028838
0x00007f27359177a0:   0000000000000003 00007f2730134fd0
0x00007f27359177b0:   0000000000000003 00007f2730134fc8
0x00007f27359177c0:   00007f2730028838 00007f27359177f0
0x00007f27359177d0:   00007f2735917850 00007f27356416a2
0x00007f27359177e0:   00007f2735917810 00007f2730004be0
0x00007f27359177f0:   00007f27301776c0 0000000300000003
0x00007f2735917800:   00007f2735917840 00007f27362ff884
0x00007f2735917810:   00007f27301776a0 0000000300000003
0x00007f2735917820:   00007f27301772c0 0000000300000003
0x00007f2735917830:   00007f27359178e8 00007f27359178f0
0x00007f2735917840:   00007f27359178f8 00007f2730028838
0x00007f2735917850:   00007f27359178c8 00007f271fd38980
0x00007f2735917860:   00007f27359178c8 00007f271fd38657
0x00007f2735917870:   0000000000000000 00007f271fd3861f
0x00007f2735917880:   00007f2735917880 00007f26a74005d0
0x00007f2735917890:   0000000000000006 00007f26a7400998
0x00007f27359178a0:   0000000000000000 000000053e812108
0x00007f27359178b0:   00007f26a74005d0 0000000000000000
0x00007f27359178c0:   00007f27359178e8 00007f2735917948
0x00007f27359178d0:   00007f271fd342d8 0000000000000000
0x00007f27359178e0:   00007f271fd35f9a 000000053e8133c8
0x00007f27359178f0:   000000053e813348 000000053e812f90
0x00007f2735917900:   00007f2735917900 00007f26a74007a9
0x00007f2735917910:   0000000000000008 00007f26a7400998
0x00007f2735917920:   0000000000000000 000000053e812108
0x00007f2735917930:   00007f26a7400810 00007f27359178e8
0x00007f2735917940:   00007f2735917988 00007f27359179f0
0x00007f2735917950:   00007f271fd2ccc6 0000000000000000
0x00007f2735917960:   0000000000000000 0000000000000000
0x00007f2735917970:   000000053e8133c8 000000053e813348
0x00007f2735917980:   000000053e812f90 000000053e8124c8 

Instructions: (pc=0x00007f2735641d35)
0x00007f2735641c35:   ff 48 89 c7 48 8d 35 4f 14 00 00 e8 eb f5 ff ff
0x00007f2735641c45:   48 89 c7 48 8b 45 c0 8b 70 08 e8 2c f7 ff ff 48
0x00007f2735641c55:   89 c7 48 8b 35 5a 33 00 00 e8 dd f5 ff ff 48 8b
0x00007f2735641c65:   3d 5e 33 00 00 48 8d 35 23 14 00 00 e8 ba f5 ff
0x00007f2735641c75:   ff 48 89 c7 8b 75 e4 e8 ff f6 ff ff 48 89 c7 48
0x00007f2735641c85:   8d 35 0e 14 00 00 e8 a0 f5 ff ff 48 89 c7 48 8b
0x00007f2735641c95:   45 c0 8b 70 0c e8 e1 f6 ff ff 48 89 c7 48 8d 35
0x00007f2735641ca5:   f6 13 00 00 e8 82 f5 ff ff 48 89 c7 48 8b 35 00
0x00007f2735641cb5:   33 00 00 e8 83 f5 ff ff c7 45 d4 00 00 00 00 48
0x00007f2735641cc5:   8b 4d c0 8b 45 d4 3b 41 0c 0f 8d 86 00 00 00 48
0x00007f2735641cd5:   8b 3d ed 32 00 00 48 8d 35 b2 13 00 00 e8 49 f5
0x00007f2735641ce5:   ff ff 48 89 c7 8b 75 e4 e8 8e f6 ff ff 48 89 c7
0x00007f2735641cf5:   48 8d 35 ad 13 00 00 e8 2f f5 ff ff 48 89 c7 8b
0x00007f2735641d05:   75 d4 e8 74 f6 ff ff 48 8b 3d b5 32 00 00 48 8d
0x00007f2735641d15:   35 91 13 00 00 e8 11 f5 ff ff 48 89 c7 48 8b 45
0x00007f2735641d25:   c0 48 8b 00 48 63 4d e4 48 8b 04 c8 48 63 4d d4
0x00007f2735641d35:   8b 34 88 e8 43 f6 ff ff 48 89 c7 48 8b 35 71 32
0x00007f2735641d45:   00 00 e8 f4 f4 ff ff 8b 45 d4 83 c0 01 89 45 d4
0x00007f2735641d55:   e9 6a ff ff ff 48 8b 45 c0 48 8b 7d f0 48 8b 75
0x00007f2735641d65:   d8 8b 48 0c 48 8b 00 48 63 55 e4 4c 8b 04 d0 31
0x00007f2735641d75:   d2 e8 45 f3 ff ff 48 8b 7d f0 48 8b 75 e8 8b 55
0x00007f2735641d85:   e4 48 8b 4d d8 e8 71 f5 ff ff 48 8b 7d f0 48 8b
0x00007f2735641d95:   75 d8 e8 e4 f4 ff ff 8b 45 e4 83 c0 01 89 45 e4
0x00007f2735641da5:   e9 4a fe ff ff 48 8b 45 e8 48 83 c4 40 5d c3 66
0x00007f2735641db5:   2e 0f 1f 84 00 00 00 00 00 66 90 55 48 89 e5 48
0x00007f2735641dc5:   83 ec 10 48 89 7d f8 48 8b 7d f8 e8 1b f3 ff ff
0x00007f2735641dd5:   48 83 c4 10 5d c3 0f 1f 44 00 00 55 48 89 e5 48
0x00007f2735641de5:   83 ec 20 48 89 7d f8 48 8b 45 f8 48 89 45 e8 c7
0x00007f2735641df5:   45 f4 00 00 00 00 48 8b 4d e8 8b 45 f4 3b 41 08
0x00007f2735641e05:   0f 8d 77 00 00 00 c7 45 f0 00 00 00 00 48 8b 4d
0x00007f2735641e15:   e8 8b 45 f0 3b 41 0c 0f 8d 3f 00 00 00 48 8b 45
0x00007f2735641e25:   e8 48 8b 00 48 63 4d f4 48 8b 04 c8 48 63 4d f0 


Stack slot to memory mapping:

stack at sp + 0 slots: 0x00007f27359177f0 is pointing into the stack for thread: 0x00007f2730028480
stack at sp + 1 slots: 0x00007f2730028838 points into unknown readable memory: 0x00007f2737126160 | 60 61 12 37 27 7f 00 00
stack at sp + 2 slots: 0x0000000000000003 is an unknown value
stack at sp + 3 slots: 0x00007f2730134fd0 points into unknown readable memory: 0x000000053e8134f0 | f0 34 81 3e 05 00 00 00
stack at sp + 4 slots: 0x0000000000000003 is an unknown value
stack at sp + 5 slots: 0x00007f2730134fc8 points into unknown readable memory: 0x000000053e8134d0 | d0 34 81 3e 05 00 00 00
stack at sp + 6 slots: 0x00007f2730028838 points into unknown readable memory: 0x00007f2737126160 | 60 61 12 37 27 7f 00 00
stack at sp + 7 slots: 0x00007f27359177f0 is pointing into the stack for thread: 0x00007f2730028480


---------------  P R O C E S S  ---------------

Threads class SMR info:
_java_thread_list=0x00007f273015f060, length=10, elements={
0x00007f2730028480, 0x00007f2730143680, 0x00007f2730144df0, 0x00007f27301468d0,
0x00007f2730147f10, 0x00007f27301494b0, 0x00007f273014b070, 0x00007f273014c730,
0x00007f273015a940, 0x00007f273015df20
}

Java Threads: ( => current thread )
=>0x00007f2730028480 JavaThread "main"                              [_thread_in_native, id=10734, stack(0x00007f2735819000,0x00007f2735919000) (1024K)]
  0x00007f2730143680 JavaThread "Reference Handler"          daemon [_thread_blocked, id=10742, stack(0x00007f2708057000,0x00007f2708157000) (1024K)]
  0x00007f2730144df0 JavaThread "Finalizer"                  daemon [_thread_blocked, id=10743, stack(0x00007f26f9f00000,0x00007f26fa000000) (1024K)]
  0x00007f27301468d0 JavaThread "Signal Dispatcher"          daemon [_thread_blocked, id=10744, stack(0x00007f26f9dff000,0x00007f26f9eff000) (1024K)]
  0x00007f2730147f10 JavaThread "Service Thread"             daemon [_thread_blocked, id=10745, stack(0x00007f26f9cfe000,0x00007f26f9dfe000) (1024K)]
  0x00007f27301494b0 JavaThread "Monitor Deflation Thread"   daemon [_thread_blocked, id=10746, stack(0x00007f26f9bfd000,0x00007f26f9cfd000) (1024K)]
  0x00007f273014b070 JavaThread "C2 CompilerThread0"         daemon [_thread_blocked, id=10747, stack(0x00007f26f9afc000,0x00007f26f9bfc000) (1024K)]
  0x00007f273014c730 JavaThread "C1 CompilerThread0"         daemon [_thread_blocked, id=10748, stack(0x00007f26f99fb000,0x00007f26f9afb000) (1024K)]
  0x00007f273015a940 JavaThread "Notification Thread"        daemon [_thread_blocked, id=10749, stack(0x00007f26f98fa000,0x00007f26f99fa000) (1024K)]
  0x00007f273015df20 JavaThread "Common-Cleaner"             daemon [_thread_blocked, id=10750, stack(0x00007f26f9500000,0x00007f26f9600000) (1024K)]
Total: 10

Other Threads:
  0x00007f2730133a70 VMThread "VM Thread"                           [id=10741, stack(0x00007f27081af000,0x00007f27082af000) (1024K)]
  0x00007f2730118bb0 WatcherThread "VM Periodic Task Thread"        [id=10740, stack(0x00007f27082b0000,0x00007f27083b0000) (1024K)]
  0x00007f2730053090 WorkerThread "GC Thread#0"                     [id=10735, stack(0x00007f2709aa3000,0x00007f2709ba3000) (1024K)]
  0x00007f2730060300 ConcurrentGCThread "G1 Main Marker"            [id=10736, stack(0x00007f27099a2000,0x00007f2709aa2000) (1024K)]
  0x00007f27300612d0 WorkerThread "G1 Conc#0"                       [id=10737, stack(0x00007f27098a1000,0x00007f27099a1000) (1024K)]
  0x00007f27300feb20 ConcurrentGCThread "G1 Refine#0"               [id=10738, stack(0x00007f270858e000,0x00007f270868e000) (1024K)]
  0x00007f27300ffad0 ConcurrentGCThread "G1 Service"                [id=10739, stack(0x00007f270848d000,0x00007f270858d000) (1024K)]
Total: 7

Threads with active compile tasks:
Total: 0

VM state: not at safepoint (normal execution)

VM Mutex/Monitor currently owned by a thread: None

Heap address: 0x000000050f800000, size: 12040 MB, Compressed Oops mode: Zero based, Oop shift amount: 3

CDS archive(s) mapped at: [0x00007f26ab000000-0x00007f26abca6000-0x00007f26abca6000), size 13262848, SharedBaseAddress: 0x00007f26ab000000, ArchiveRelocationMode: 1.
Compressed class space mapped at: 0x00007f26ac000000-0x00007f26ec000000, reserved size: 1073741824
Narrow klass base: 0x00007f26ab000000, Narrow klass shift: 0, Narrow klass range: 0x100000000

GC Precious Log:
 CardTable entry size: 512
 Card Set container configuration: InlinePtr #cards 4 size 8 Array Of Cards #cards 64 size 144 Howl #buckets 8 coarsen threshold 14745 Howl Bitmap #cards 2048 size 272 coarsen threshold 1843 Card regions per heap region 1 cards per card region 16384
 CPUs: 24 total, 24 available
 Memory: 48137M
 Large Page Support: Disabled
 NUMA Support: Disabled
 Compressed Oops: Enabled (Zero based)
 Heap Region Size: 8M
 Heap Min Capacity: 8M
 Heap Initial Capacity: 760M
 Heap Max Capacity: 12040M
 Pre-touch: Disabled
 Parallel Workers: 18
 Concurrent Workers: 5
 Concurrent Refinement Workers: 18
 Periodic GC: Disabled

Heap:
 garbage-first heap   total 786432K, used 1053K [0x000000050f800000, 0x0000000800000000)
  region size 8192K, 1 young (8192K), 0 survivors (0K)
 Metaspace       used 82K, committed 320K, reserved 1114112K
  class space    used 3K, committed 128K, reserved 1048576K

Heap Regions: E=young(eden), S=young(survivor), O=old, HS=humongous(starts), HC=humongous(continues), CS=collection set, F=free, TAMS=top-at-mark-start, PB=parsable bottom
|   0|0x000000050f800000, 0x000000050f800000, 0x0000000510000000|  0%| F|  |TAMS 0x000000050f800000| PB 0x000000050f800000| Untracked 
|   1|0x0000000510000000, 0x0000000510000000, 0x0000000510800000|  0%| F|  |TAMS 0x0000000510000000| PB 0x0000000510000000| Untracked 
|   2|0x0000000510800000, 0x0000000510800000, 0x0000000511000000|  0%| F|  |TAMS 0x0000000510800000| PB 0x0000000510800000| Untracked 
|   3|0x0000000511000000, 0x0000000511000000, 0x0000000511800000|  0%| F|  |TAMS 0x0000000511000000| PB 0x0000000511000000| Untracked 
|   4|0x0000000511800000, 0x0000000511800000, 0x0000000512000000|  0%| F|  |TAMS 0x0000000511800000| PB 0x0000000511800000| Untracked 
|   5|0x0000000512000000, 0x0000000512000000, 0x0000000512800000|  0%| F|  |TAMS 0x0000000512000000| PB 0x0000000512000000| Untracked 
|   6|0x0000000512800000, 0x0000000512800000, 0x0000000513000000|  0%| F|  |TAMS 0x0000000512800000| PB 0x0000000512800000| Untracked 
|   7|0x0000000513000000, 0x0000000513000000, 0x0000000513800000|  0%| F|  |TAMS 0x0000000513000000| PB 0x0000000513000000| Untracked 
|   8|0x0000000513800000, 0x0000000513800000, 0x0000000514000000|  0%| F|  |TAMS 0x0000000513800000| PB 0x0000000513800000| Untracked 
|   9|0x0000000514000000, 0x0000000514000000, 0x0000000514800000|  0%| F|  |TAMS 0x0000000514000000| PB 0x0000000514000000| Untracked 
|  10|0x0000000514800000, 0x0000000514800000, 0x0000000515000000|  0%| F|  |TAMS 0x0000000514800000| PB 0x0000000514800000| Untracked 
|  11|0x0000000515000000, 0x0000000515000000, 0x0000000515800000|  0%| F|  |TAMS 0x0000000515000000| PB 0x0000000515000000| Untracked 
|  12|0x0000000515800000, 0x0000000515800000, 0x0000000516000000|  0%| F|  |TAMS 0x0000000515800000| PB 0x0000000515800000| Untracked 
|  13|0x0000000516000000, 0x0000000516000000, 0x0000000516800000|  0%| F|  |TAMS 0x0000000516000000| PB 0x0000000516000000| Untracked 
|  14|0x0000000516800000, 0x0000000516800000, 0x0000000517000000|  0%| F|  |TAMS 0x0000000516800000| PB 0x0000000516800000| Untracked 
|  15|0x0000000517000000, 0x0000000517000000, 0x0000000517800000|  0%| F|  |TAMS 0x0000000517000000| PB 0x0000000517000000| Untracked 
|  16|0x0000000517800000, 0x0000000517800000, 0x0000000518000000|  0%| F|  |TAMS 0x0000000517800000| PB 0x0000000517800000| Untracked 
|  17|0x0000000518000000, 0x0000000518000000, 0x0000000518800000|  0%| F|  |TAMS 0x0000000518000000| PB 0x0000000518000000| Untracked 
|  18|0x0000000518800000, 0x0000000518800000, 0x0000000519000000|  0%| F|  |TAMS 0x0000000518800000| PB 0x0000000518800000| Untracked 
|  19|0x0000000519000000, 0x0000000519000000, 0x0000000519800000|  0%| F|  |TAMS 0x0000000519000000| PB 0x0000000519000000| Untracked 
|  20|0x0000000519800000, 0x0000000519800000, 0x000000051a000000|  0%| F|  |TAMS 0x0000000519800000| PB 0x0000000519800000| Untracked 
|  21|0x000000051a000000, 0x000000051a000000, 0x000000051a800000|  0%| F|  |TAMS 0x000000051a000000| PB 0x000000051a000000| Untracked 
|  22|0x000000051a800000, 0x000000051a800000, 0x000000051b000000|  0%| F|  |TAMS 0x000000051a800000| PB 0x000000051a800000| Untracked 
|  23|0x000000051b000000, 0x000000051b000000, 0x000000051b800000|  0%| F|  |TAMS 0x000000051b000000| PB 0x000000051b000000| Untracked 
|  24|0x000000051b800000, 0x000000051b800000, 0x000000051c000000|  0%| F|  |TAMS 0x000000051b800000| PB 0x000000051b800000| Untracked 
|  25|0x000000051c000000, 0x000000051c000000, 0x000000051c800000|  0%| F|  |TAMS 0x000000051c000000| PB 0x000000051c000000| Untracked 
|  26|0x000000051c800000, 0x000000051c800000, 0x000000051d000000|  0%| F|  |TAMS 0x000000051c800000| PB 0x000000051c800000| Untracked 
|  27|0x000000051d000000, 0x000000051d000000, 0x000000051d800000|  0%| F|  |TAMS 0x000000051d000000| PB 0x000000051d000000| Untracked 
|  28|0x000000051d800000, 0x000000051d800000, 0x000000051e000000|  0%| F|  |TAMS 0x000000051d800000| PB 0x000000051d800000| Untracked 
|  29|0x000000051e000000, 0x000000051e000000, 0x000000051e800000|  0%| F|  |TAMS 0x000000051e000000| PB 0x000000051e000000| Untracked 
|  30|0x000000051e800000, 0x000000051e800000, 0x000000051f000000|  0%| F|  |TAMS 0x000000051e800000| PB 0x000000051e800000| Untracked 
|  31|0x000000051f000000, 0x000000051f000000, 0x000000051f800000|  0%| F|  |TAMS 0x000000051f000000| PB 0x000000051f000000| Untracked 
|  32|0x000000051f800000, 0x000000051f800000, 0x0000000520000000|  0%| F|  |TAMS 0x000000051f800000| PB 0x000000051f800000| Untracked 
|  33|0x0000000520000000, 0x0000000520000000, 0x0000000520800000|  0%| F|  |TAMS 0x0000000520000000| PB 0x0000000520000000| Untracked 
|  34|0x0000000520800000, 0x0000000520800000, 0x0000000521000000|  0%| F|  |TAMS 0x0000000520800000| PB 0x0000000520800000| Untracked 
|  35|0x0000000521000000, 0x0000000521000000, 0x0000000521800000|  0%| F|  |TAMS 0x0000000521000000| PB 0x0000000521000000| Untracked 
|  36|0x0000000521800000, 0x0000000521800000, 0x0000000522000000|  0%| F|  |TAMS 0x0000000521800000| PB 0x0000000521800000| Untracked 
|  37|0x0000000522000000, 0x0000000522000000, 0x0000000522800000|  0%| F|  |TAMS 0x0000000522000000| PB 0x0000000522000000| Untracked 
|  38|0x0000000522800000, 0x0000000522800000, 0x0000000523000000|  0%| F|  |TAMS 0x0000000522800000| PB 0x0000000522800000| Untracked 
|  39|0x0000000523000000, 0x0000000523000000, 0x0000000523800000|  0%| F|  |TAMS 0x0000000523000000| PB 0x0000000523000000| Untracked 
|  40|0x0000000523800000, 0x0000000523800000, 0x0000000524000000|  0%| F|  |TAMS 0x0000000523800000| PB 0x0000000523800000| Untracked 
|  41|0x0000000524000000, 0x0000000524000000, 0x0000000524800000|  0%| F|  |TAMS 0x0000000524000000| PB 0x0000000524000000| Untracked 
|  42|0x0000000524800000, 0x0000000524800000, 0x0000000525000000|  0%| F|  |TAMS 0x0000000524800000| PB 0x0000000524800000| Untracked 
|  43|0x0000000525000000, 0x0000000525000000, 0x0000000525800000|  0%| F|  |TAMS 0x0000000525000000| PB 0x0000000525000000| Untracked 
|  44|0x0000000525800000, 0x0000000525800000, 0x0000000526000000|  0%| F|  |TAMS 0x0000000525800000| PB 0x0000000525800000| Untracked 
|  45|0x0000000526000000, 0x0000000526000000, 0x0000000526800000|  0%| F|  |TAMS 0x0000000526000000| PB 0x0000000526000000| Untracked 
|  46|0x0000000526800000, 0x0000000526800000, 0x0000000527000000|  0%| F|  |TAMS 0x0000000526800000| PB 0x0000000526800000| Untracked 
|  47|0x0000000527000000, 0x0000000527000000, 0x0000000527800000|  0%| F|  |TAMS 0x0000000527000000| PB 0x0000000527000000| Untracked 
|  48|0x0000000527800000, 0x0000000527800000, 0x0000000528000000|  0%| F|  |TAMS 0x0000000527800000| PB 0x0000000527800000| Untracked 
|  49|0x0000000528000000, 0x0000000528000000, 0x0000000528800000|  0%| F|  |TAMS 0x0000000528000000| PB 0x0000000528000000| Untracked 
|  50|0x0000000528800000, 0x0000000528800000, 0x0000000529000000|  0%| F|  |TAMS 0x0000000528800000| PB 0x0000000528800000| Untracked 
|  51|0x0000000529000000, 0x0000000529000000, 0x0000000529800000|  0%| F|  |TAMS 0x0000000529000000| PB 0x0000000529000000| Untracked 
|  52|0x0000000529800000, 0x0000000529800000, 0x000000052a000000|  0%| F|  |TAMS 0x0000000529800000| PB 0x0000000529800000| Untracked 
|  53|0x000000052a000000, 0x000000052a000000, 0x000000052a800000|  0%| F|  |TAMS 0x000000052a000000| PB 0x000000052a000000| Untracked 
|  54|0x000000052a800000, 0x000000052a800000, 0x000000052b000000|  0%| F|  |TAMS 0x000000052a800000| PB 0x000000052a800000| Untracked 
|  55|0x000000052b000000, 0x000000052b000000, 0x000000052b800000|  0%| F|  |TAMS 0x000000052b000000| PB 0x000000052b000000| Untracked 
|  56|0x000000052b800000, 0x000000052b800000, 0x000000052c000000|  0%| F|  |TAMS 0x000000052b800000| PB 0x000000052b800000| Untracked 
|  57|0x000000052c000000, 0x000000052c000000, 0x000000052c800000|  0%| F|  |TAMS 0x000000052c000000| PB 0x000000052c000000| Untracked 
|  58|0x000000052c800000, 0x000000052c800000, 0x000000052d000000|  0%| F|  |TAMS 0x000000052c800000| PB 0x000000052c800000| Untracked 
|  59|0x000000052d000000, 0x000000052d000000, 0x000000052d800000|  0%| F|  |TAMS 0x000000052d000000| PB 0x000000052d000000| Untracked 
|  60|0x000000052d800000, 0x000000052d800000, 0x000000052e000000|  0%| F|  |TAMS 0x000000052d800000| PB 0x000000052d800000| Untracked 
|  61|0x000000052e000000, 0x000000052e000000, 0x000000052e800000|  0%| F|  |TAMS 0x000000052e000000| PB 0x000000052e000000| Untracked 
|  62|0x000000052e800000, 0x000000052e800000, 0x000000052f000000|  0%| F|  |TAMS 0x000000052e800000| PB 0x000000052e800000| Untracked 
|  63|0x000000052f000000, 0x000000052f000000, 0x000000052f800000|  0%| F|  |TAMS 0x000000052f000000| PB 0x000000052f000000| Untracked 
|  64|0x000000052f800000, 0x000000052f800000, 0x0000000530000000|  0%| F|  |TAMS 0x000000052f800000| PB 0x000000052f800000| Untracked 
|  65|0x0000000530000000, 0x0000000530000000, 0x0000000530800000|  0%| F|  |TAMS 0x0000000530000000| PB 0x0000000530000000| Untracked 
|  66|0x0000000530800000, 0x0000000530800000, 0x0000000531000000|  0%| F|  |TAMS 0x0000000530800000| PB 0x0000000530800000| Untracked 
|  67|0x0000000531000000, 0x0000000531000000, 0x0000000531800000|  0%| F|  |TAMS 0x0000000531000000| PB 0x0000000531000000| Untracked 
|  68|0x0000000531800000, 0x0000000531800000, 0x0000000532000000|  0%| F|  |TAMS 0x0000000531800000| PB 0x0000000531800000| Untracked 
|  69|0x0000000532000000, 0x0000000532000000, 0x0000000532800000|  0%| F|  |TAMS 0x0000000532000000| PB 0x0000000532000000| Untracked 
|  70|0x0000000532800000, 0x0000000532800000, 0x0000000533000000|  0%| F|  |TAMS 0x0000000532800000| PB 0x0000000532800000| Untracked 
|  71|0x0000000533000000, 0x0000000533000000, 0x0000000533800000|  0%| F|  |TAMS 0x0000000533000000| PB 0x0000000533000000| Untracked 
|  72|0x0000000533800000, 0x0000000533800000, 0x0000000534000000|  0%| F|  |TAMS 0x0000000533800000| PB 0x0000000533800000| Untracked 
|  73|0x0000000534000000, 0x0000000534000000, 0x0000000534800000|  0%| F|  |TAMS 0x0000000534000000| PB 0x0000000534000000| Untracked 
|  74|0x0000000534800000, 0x0000000534800000, 0x0000000535000000|  0%| F|  |TAMS 0x0000000534800000| PB 0x0000000534800000| Untracked 
|  75|0x0000000535000000, 0x0000000535000000, 0x0000000535800000|  0%| F|  |TAMS 0x0000000535000000| PB 0x0000000535000000| Untracked 
|  76|0x0000000535800000, 0x0000000535800000, 0x0000000536000000|  0%| F|  |TAMS 0x0000000535800000| PB 0x0000000535800000| Untracked 
|  77|0x0000000536000000, 0x0000000536000000, 0x0000000536800000|  0%| F|  |TAMS 0x0000000536000000| PB 0x0000000536000000| Untracked 
|  78|0x0000000536800000, 0x0000000536800000, 0x0000000537000000|  0%| F|  |TAMS 0x0000000536800000| PB 0x0000000536800000| Untracked 
|  79|0x0000000537000000, 0x0000000537000000, 0x0000000537800000|  0%| F|  |TAMS 0x0000000537000000| PB 0x0000000537000000| Untracked 
|  80|0x0000000537800000, 0x0000000537800000, 0x0000000538000000|  0%| F|  |TAMS 0x0000000537800000| PB 0x0000000537800000| Untracked 
|  81|0x0000000538000000, 0x0000000538000000, 0x0000000538800000|  0%| F|  |TAMS 0x0000000538000000| PB 0x0000000538000000| Untracked 
|  82|0x0000000538800000, 0x0000000538800000, 0x0000000539000000|  0%| F|  |TAMS 0x0000000538800000| PB 0x0000000538800000| Untracked 
|  83|0x0000000539000000, 0x0000000539000000, 0x0000000539800000|  0%| F|  |TAMS 0x0000000539000000| PB 0x0000000539000000| Untracked 
|  84|0x0000000539800000, 0x0000000539800000, 0x000000053a000000|  0%| F|  |TAMS 0x0000000539800000| PB 0x0000000539800000| Untracked 
|  85|0x000000053a000000, 0x000000053a000000, 0x000000053a800000|  0%| F|  |TAMS 0x000000053a000000| PB 0x000000053a000000| Untracked 
|  86|0x000000053a800000, 0x000000053a800000, 0x000000053b000000|  0%| F|  |TAMS 0x000000053a800000| PB 0x000000053a800000| Untracked 
|  87|0x000000053b000000, 0x000000053b000000, 0x000000053b800000|  0%| F|  |TAMS 0x000000053b000000| PB 0x000000053b000000| Untracked 
|  88|0x000000053b800000, 0x000000053b800000, 0x000000053c000000|  0%| F|  |TAMS 0x000000053b800000| PB 0x000000053b800000| Untracked 
|  89|0x000000053c000000, 0x000000053c000000, 0x000000053c800000|  0%| F|  |TAMS 0x000000053c000000| PB 0x000000053c000000| Untracked 
|  90|0x000000053c800000, 0x000000053c800000, 0x000000053d000000|  0%| F|  |TAMS 0x000000053c800000| PB 0x000000053c800000| Untracked 
|  91|0x000000053d000000, 0x000000053d000000, 0x000000053d800000|  0%| F|  |TAMS 0x000000053d000000| PB 0x000000053d000000| Untracked 
|  92|0x000000053d800000, 0x000000053d800000, 0x000000053e000000|  0%| F|  |TAMS 0x000000053d800000| PB 0x000000053d800000| Untracked 
|  93|0x000000053e000000, 0x000000053e000000, 0x000000053e800000|  0%| F|  |TAMS 0x000000053e000000| PB 0x000000053e000000| Untracked 
|  94|0x000000053e800000, 0x000000053e9eb8d8, 0x000000053f000000| 24%| E|  |TAMS 0x000000053e800000| PB 0x000000053e800000| Complete 
|1504|0x00000007ff800000, 0x00000007ff907778, 0x0000000800000000| 12%| O|  |TAMS 0x00000007ff800000| PB 0x00000007ff800000| Untracked 

Card table byte_map: [0x00007f27157c3000,0x00007f2716f47000] _byte_map_base: 0x00007f2712f47000

Marking Bits: (CMBitMap*) 0x00007f2730053bb0
 Bits: [0x00007f2709ba3000, 0x00007f27157c3000)

Polling page: 0x00007f2737646000

Metaspace:

Usage:
  Non-class:     78.75 KB used.
      Class:      3.75 KB used.
       Both:     82.50 KB used.

Virtual space:
  Non-class space:       64.00 MB reserved,     192.00 KB ( <1%) committed,  1 nodes.
      Class space:        1.00 GB reserved,     128.00 KB ( <1%) committed,  1 nodes.
             Both:        1.06 GB reserved,     320.00 KB ( <1%) committed. 

Chunk freelists:
   Non-Class:  12.00 MB
       Class:  15.75 MB
        Both:  27.74 MB

MaxMetaspaceSize: unlimited
CompressedClassSpaceSize: 1.00 GB
Initial GC threshold: 21.00 MB
Current GC threshold: 21.00 MB
CDS: on
 - commit_granule_bytes: 65536.
 - commit_granule_words: 8192.
 - virtual_space_node_default_size: 8388608.
 - enlarge_chunks_in_place: 1.
 - use_allocation_guard: 0.


Internal statistics:

num_allocs_failed_limit: 0.
num_arena_births: 4.
num_arena_deaths: 0.
num_vsnodes_births: 2.
num_vsnodes_deaths: 0.
num_space_committed: 5.
num_space_uncommitted: 0.
num_chunks_returned_to_freelist: 0.
num_chunks_taken_from_freelist: 5.
num_chunk_merges: 0.
num_chunk_splits: 3.
num_chunks_enlarged: 0.
num_inconsistent_stats: 0.

CodeHeap 'non-profiled nmethods': size=119168Kb used=0Kb max_used=0Kb free=119168Kb
 bounds [0x00007f272046d000, 0x00007f27206dd000, 0x00007f27278cd000]
CodeHeap 'profiled nmethods': size=119164Kb used=4Kb max_used=4Kb free=119159Kb
 bounds [0x00007f27188cd000, 0x00007f2718b3d000, 0x00007f271fd2c000]
CodeHeap 'non-nmethods': size=7428Kb used=1151Kb max_used=1156Kb free=6276Kb
 bounds [0x00007f271fd2c000, 0x00007f271ff9c000, 0x00007f272046d000]
 total_blobs=303 nmethods=4 adapters=206
 compilation: enabled
              stopped_count=0, restarted_count=0
 full_count=0

Compilation events (7 events):
Event: 0.017 Thread 0x00007f273014c730    1       3       java.lang.Object::<init> (1 bytes)
Event: 0.018 Thread 0x00007f273014c730 nmethod 1 0x00007f27188cd010 code [0x00007f27188cd1a0, 0x00007f27188cd2a0]
Event: 0.019 Thread 0x00007f273014c730    2       3       java.lang.String::coder (15 bytes)
Event: 0.019 Thread 0x00007f273014c730 nmethod 2 0x00007f27188cd310 code [0x00007f27188cd4a0, 0x00007f27188cd5d0]
Event: 0.023 Thread 0x00007f273014c730    3       3       java.lang.String::length (11 bytes)
Event: 0.023 Thread 0x00007f273014c730 nmethod 3 0x00007f27188cd690 code [0x00007f27188cd840, 0x00007f27188cd9e0]
Event: 0.029 Thread 0x00007f273014c730    4       3       java.lang.String::hashCode (60 bytes)

GC Heap History (0 events):
No events

Dll operation events (3 events):
Event: 0.002 Loaded shared library /root/.sdkman/candidates/java/21.0.2-amzn/lib/libjava.so
Event: 0.016 Loaded shared library /root/.sdkman/candidates/java/21.0.2-amzn/lib/libjsvml.so
Event: 0.029 Loaded shared library /mnt/e/code/BA-Thesis/java/app/build/libcppjnilib.so

Deoptimization events (0 events):
No events

Classes loaded (8 events):
Event: 0.014 Loading class sun/nio/cs/UTF_8$Encoder
Event: 0.014 Loading class sun/nio/cs/UTF_8$Encoder done
Event: 0.019 Loading class jdk/internal/vm/PostVMInitHook
Event: 0.019 Loading class jdk/internal/vm/PostVMInitHook done
Event: 0.019 Loading class jdk/internal/loader/URLClassPath$FileLoader
Event: 0.019 Loading class jdk/internal/loader/URLClassPath$FileLoader done
Event: 0.020 Loading class jdk/internal/loader/URLClassPath$FileLoader$1
Event: 0.020 Loading class jdk/internal/loader/URLClassPath$FileLoader$1 done

Classes unloaded (0 events):
No events

Classes redefined (0 events):
No events

Internal exceptions (0 events):
No events

ZGC Phase Switch (0 events):
No events

VM Operations (0 events):
No events

Events (20 events):
Event: 0.002 Protecting memory [0x00007f2735819000,0x00007f273581d000] with protection modes 0
Event: 0.009 Thread 0x00007f2730028480 Thread added: 0x00007f2730028480
Event: 0.015 Thread 0x00007f2730143680 Thread added: 0x00007f2730143680
Event: 0.015 Protecting memory [0x00007f2708057000,0x00007f270805b000] with protection modes 0
Event: 0.015 Thread 0x00007f2730144df0 Thread added: 0x00007f2730144df0
Event: 0.015 Protecting memory [0x00007f26f9f00000,0x00007f26f9f04000] with protection modes 0
Event: 0.015 Thread 0x00007f27301468d0 Thread added: 0x00007f27301468d0
Event: 0.015 Protecting memory [0x00007f26f9dff000,0x00007f26f9e03000] with protection modes 0
Event: 0.015 Thread 0x00007f2730147f10 Thread added: 0x00007f2730147f10
Event: 0.015 Protecting memory [0x00007f26f9cfe000,0x00007f26f9d02000] with protection modes 0
Event: 0.015 Thread 0x00007f27301494b0 Thread added: 0x00007f27301494b0
Event: 0.016 Protecting memory [0x00007f26f9bfd000,0x00007f26f9c01000] with protection modes 0
Event: 0.016 Thread 0x00007f273014b070 Thread added: 0x00007f273014b070
Event: 0.016 Protecting memory [0x00007f26f9afc000,0x00007f26f9b00000] with protection modes 0
Event: 0.016 Thread 0x00007f273014c730 Thread added: 0x00007f273014c730
Event: 0.016 Protecting memory [0x00007f26f99fb000,0x00007f26f99ff000] with protection modes 0
Event: 0.019 Thread 0x00007f273015a940 Thread added: 0x00007f273015a940
Event: 0.019 Protecting memory [0x00007f26f98fa000,0x00007f26f98fe000] with protection modes 0
Event: 0.021 Thread 0x00007f273015df20 Thread added: 0x00007f273015df20
Event: 0.021 Protecting memory [0x00007f26f9500000,0x00007f26f9504000] with protection modes 0


Dynamic libraries:
50f800000-53f000000 rw-p 00000000 00:00 0 
53f000000-7ff800000 ---p 00000000 00:00 0 
7ff800000-7ff908000 rw-p 00ce5000 08:20 537309                           /root/.sdkman/candidates/java/21.0.2-amzn/lib/server/classes.jsa
7ff908000-800000000 rw-p 00000000 00:00 0 
5578ebe00000-5578ebe01000 r-xp 00000000 08:20 307511                     /root/.sdkman/candidates/java/21.0.2-amzn/bin/java
5578ec001000-5578ec002000 r--p 00001000 08:20 307511                     /root/.sdkman/candidates/java/21.0.2-amzn/bin/java
5578ec002000-5578ec003000 rw-p 00002000 08:20 307511                     /root/.sdkman/candidates/java/21.0.2-amzn/bin/java
5578ed52a000-5578ed570000 rw-p 00000000 00:00 0                          [heap]
7f2678000000-7f2678021000 rw-p 00000000 00:00 0 
7f2678021000-7f267c000000 ---p 00000000 00:00 0 
7f2680000000-7f268002c000 rw-p 00000000 00:00 0 
7f268002c000-7f2684000000 ---p 00000000 00:00 0 
7f2684000000-7f2684021000 rw-p 00000000 00:00 0 
7f2684021000-7f2688000000 ---p 00000000 00:00 0 
7f2688000000-7f2688021000 rw-p 00000000 00:00 0 
7f2688021000-7f268c000000 ---p 00000000 00:00 0 
7f268c000000-7f268c057000 rw-p 00000000 00:00 0 
7f268c057000-7f2690000000 ---p 00000000 00:00 0 
7f2690000000-7f2690021000 rw-p 00000000 00:00 0 
7f2690021000-7f2694000000 ---p 00000000 00:00 0 
7f2694000000-7f2694021000 rw-p 00000000 00:00 0 
7f2694021000-7f2698000000 ---p 00000000 00:00 0 
7f2698000000-7f2698021000 rw-p 00000000 00:00 0 
7f2698021000-7f269c000000 ---p 00000000 00:00 0 
7f269c000000-7f269c021000 rw-p 00000000 00:00 0 
7f269c021000-7f26a0000000 ---p 00000000 00:00 0 
7f26a0000000-7f26a0021000 rw-p 00000000 00:00 0 
7f26a0021000-7f26a4000000 ---p 00000000 00:00 0 
7f26a7000000-7f26a7020000 rw-p 00000000 00:00 0 
7f26a7020000-7f26a7400000 ---p 00000000 00:00 0 
7f26a7400000-7f26a7410000 rw-p 00000000 00:00 0 
7f26a7410000-7f26ab000000 ---p 00000000 00:00 0 
7f26ab000000-7f26abca6000 rw-p 00001000 08:20 537309                     /root/.sdkman/candidates/java/21.0.2-amzn/lib/server/classes.jsa
7f26abca6000-7f26ac000000 ---p 00000000 00:00 0 
7f26ac000000-7f26ac010000 rw-p 00000000 00:00 0 
7f26ac010000-7f26ac040000 ---p 00000000 00:00 0 
7f26ac040000-7f26ac050000 rw-p 00000000 00:00 0 
7f26ac050000-7f26ec000000 ---p 00000000 00:00 0 
7f26ec000000-7f26ec021000 rw-p 00000000 00:00 0 
7f26ec021000-7f26f0000000 ---p 00000000 00:00 0 
7f26f0000000-7f26f0021000 rw-p 00000000 00:00 0 
7f26f0021000-7f26f4000000 ---p 00000000 00:00 0 
7f26f4000000-7f26f4021000 rw-p 00000000 00:00 0 
7f26f4021000-7f26f8000000 ---p 00000000 00:00 0 
7f26f8e70000-7f26f92d3000 rw-p 00000000 00:00 0 
7f26f92d3000-7f26f936d000 r--p 00000000 08:20 27187                      /usr/lib/x86_64-linux-gnu/libstdc++.so.6.0.30
7f26f936d000-7f26f947e000 r-xp 0009a000 08:20 27187                      /usr/lib/x86_64-linux-gnu/libstdc++.so.6.0.30
7f26f947e000-7f26f94ed000 r--p 001ab000 08:20 27187                      /usr/lib/x86_64-linux-gnu/libstdc++.so.6.0.30
7f26f94ed000-7f26f94ee000 ---p 0021a000 08:20 27187                      /usr/lib/x86_64-linux-gnu/libstdc++.so.6.0.30
7f26f94ee000-7f26f94f9000 r--p 0021a000 08:20 27187                      /usr/lib/x86_64-linux-gnu/libstdc++.so.6.0.30
7f26f94f9000-7f26f94fc000 rw-p 00225000 08:20 27187                      /usr/lib/x86_64-linux-gnu/libstdc++.so.6.0.30
7f26f94fc000-7f26f94ff000 rw-p 00000000 00:00 0 
7f26f94ff000-7f26f9500000 ---p 00000000 00:00 0 
7f26f9500000-7f26f9504000 ---p 00000000 00:00 0 
7f26f9504000-7f26f9600000 rw-p 00000000 00:00 0 
7f26f9600000-7f26f96ce000 r-xp 00000000 08:20 537319                     /root/.sdkman/candidates/java/21.0.2-amzn/lib/libjsvml.so
7f26f96ce000-7f26f98cd000 ---p 000ce000 08:20 537319                     /root/.sdkman/candidates/java/21.0.2-amzn/lib/libjsvml.so
7f26f98cd000-7f26f98ce000 r--p 000cd000 08:20 537319                     /root/.sdkman/candidates/java/21.0.2-amzn/lib/libjsvml.so
7f26f98ce000-7f26f98cf000 rw-p 000ce000 08:20 537319                     /root/.sdkman/candidates/java/21.0.2-amzn/lib/libjsvml.so
7f26f98f9000-7f26f98fa000 ---p 00000000 00:00 0 
7f26f98fa000-7f26f98fe000 ---p 00000000 00:00 0 
7f26f98fe000-7f26f99fa000 rw-p 00000000 00:00 0 
7f26f99fa000-7f26f99fb000 ---p 00000000 00:00 0 
7f26f99fb000-7f26f99ff000 ---p 00000000 00:00 0 
7f26f99ff000-7f26f9afb000 rw-p 00000000 00:00 0 
7f26f9afb000-7f26f9afc000 ---p 00000000 00:00 0 
7f26f9afc000-7f26f9b00000 ---p 00000000 00:00 0 
7f26f9b00000-7f26f9bfc000 rw-p 00000000 00:00 0 
7f26f9bfc000-7f26f9bfd000 ---p 00000000 00:00 0 
7f26f9bfd000-7f26f9c01000 ---p 00000000 00:00 0 
7f26f9c01000-7f26f9cfd000 rw-p 00000000 00:00 0 
7f26f9cfd000-7f26f9cfe000 ---p 00000000 00:00 0 
7f26f9cfe000-7f26f9d02000 ---p 00000000 00:00 0 
7f26f9d02000-7f26f9dfe000 rw-p 00000000 00:00 0 
7f26f9dfe000-7f26f9dff000 ---p 00000000 00:00 0 
7f26f9dff000-7f26f9e03000 ---p 00000000 00:00 0 
7f26f9e03000-7f26f9eff000 rw-p 00000000 00:00 0 
7f26f9eff000-7f26f9f00000 ---p 00000000 00:00 0 
7f26f9f00000-7f26f9f04000 ---p 00000000 00:00 0 
7f26f9f04000-7f26fc000000 rw-p 00000000 00:00 0 
7f26fc000000-7f26fc021000 rw-p 00000000 00:00 0 
7f26fc021000-7f2700000000 ---p 00000000 00:00 0 
7f2700000000-7f2700021000 rw-p 00000000 00:00 0 
7f2700021000-7f2704000000 ---p 00000000 00:00 0 
7f2704000000-7f2704021000 rw-p 00000000 00:00 0 
7f2704021000-7f2708000000 ---p 00000000 00:00 0 
7f2708056000-7f2708057000 ---p 00000000 00:00 0 
7f2708057000-7f270805b000 ---p 00000000 00:00 0 
7f270805b000-7f2708157000 rw-p 00000000 00:00 0 
7f2708157000-7f27081ae000 r--p 00000000 08:20 7397                       /usr/lib/locale/C.utf8/LC_CTYPE
7f27081ae000-7f27081af000 ---p 00000000 00:00 0 
7f27081af000-7f27082af000 rw-p 00000000 00:00 0 
7f27082af000-7f27082b0000 ---p 00000000 00:00 0 
7f27082b0000-7f270848c000 rw-p 00000000 00:00 0 
7f270848c000-7f270848d000 ---p 00000000 00:00 0 
7f270848d000-7f270858d000 rw-p 00000000 00:00 0 
7f270858d000-7f270858e000 ---p 00000000 00:00 0 
7f270858e000-7f27098a0000 rw-p 00000000 00:00 0 
7f27098a0000-7f27098a1000 ---p 00000000 00:00 0 
7f27098a1000-7f27099a1000 rw-p 00000000 00:00 0 
7f27099a1000-7f27099a2000 ---p 00000000 00:00 0 
7f27099a2000-7f2709aa2000 rw-p 00000000 00:00 0 
7f2709aa2000-7f2709aa3000 ---p 00000000 00:00 0 
7f2709aa3000-7f270a783000 rw-p 00000000 00:00 0 
7f270a783000-7f27157a3000 ---p 00000000 00:00 0 
7f27157a3000-7f271593f000 rw-p 00000000 00:00 0 
7f271593f000-7f2716f43000 ---p 00000000 00:00 0 
7f2716f43000-7f27170c3000 rw-p 00000000 00:00 0 
7f27170c3000-7f27186c7000 ---p 00000000 00:00 0 
7f27186c7000-7f27188cd000 rw-p 00000000 00:00 0 
7f27188cd000-7f2718b3d000 rwxp 00000000 00:00 0 
7f2718b3d000-7f271fd2c000 ---p 00000000 00:00 0 
7f271fd2c000-7f271ff9c000 rwxp 00000000 00:00 0 
7f271ff9c000-7f272046d000 ---p 00000000 00:00 0 
7f272046d000-7f27206dd000 rwxp 00000000 00:00 0 
7f27206dd000-7f27278cd000 ---p 00000000 00:00 0 
7f27278cd000-7f2730000000 r--s 00000000 08:20 537331                     /root/.sdkman/candidates/java/21.0.2-amzn/lib/modules
7f2730000000-7f2730188000 rw-p 00000000 00:00 0 
7f2730188000-7f2734000000 ---p 00000000 00:00 0 
7f2734011000-7f2734014000 r--p 00000000 08:20 9341                       /usr/lib/x86_64-linux-gnu/libgcc_s.so.1
7f2734014000-7f273402b000 r-xp 00003000 08:20 9341                       /usr/lib/x86_64-linux-gnu/libgcc_s.so.1
7f273402b000-7f273402f000 r--p 0001a000 08:20 9341                       /usr/lib/x86_64-linux-gnu/libgcc_s.so.1
7f273402f000-7f2734030000 r--p 0001d000 08:20 9341                       /usr/lib/x86_64-linux-gnu/libgcc_s.so.1
7f2734030000-7f2734031000 rw-p 0001e000 08:20 9341                       /usr/lib/x86_64-linux-gnu/libgcc_s.so.1
7f2734031000-7f2735000000 rw-p 00000000 00:00 0 
7f2735000000-7f2735020000 r-xp 00000000 08:20 537301                     /root/.sdkman/candidates/java/21.0.2-amzn/lib/libjava.so
7f2735020000-7f273521f000 ---p 00020000 08:20 537301                     /root/.sdkman/candidates/java/21.0.2-amzn/lib/libjava.so
7f273521f000-7f2735220000 r--p 0001f000 08:20 537301                     /root/.sdkman/candidates/java/21.0.2-amzn/lib/libjava.so
7f2735220000-7f2735221000 rw-p 00020000 08:20 537301                     /root/.sdkman/candidates/java/21.0.2-amzn/lib/libjava.so
7f2735221000-7f2735222000 rw-p 00000000 00:00 0 
7f273522f000-7f2735400000 rw-p 00000000 00:00 0 
7f2735400000-7f273541b000 r-xp 00000000 08:20 537352                     /root/.sdkman/candidates/java/21.0.2-amzn/lib/libjimage.so
7f273541b000-7f273561a000 ---p 0001b000 08:20 537352                     /root/.sdkman/candidates/java/21.0.2-amzn/lib/libjimage.so
7f273561a000-7f273561c000 r--p 0001a000 08:20 537352                     /root/.sdkman/candidates/java/21.0.2-amzn/lib/libjimage.so
7f273561c000-7f273561d000 rw-p 0001c000 08:20 537352                     /root/.sdkman/candidates/java/21.0.2-amzn/lib/libjimage.so
7f273563e000-7f2735641000 r--p 00000000 00:53 5348024558630140           /mnt/e/code/BA-Thesis/java/app/build/libcppjnilib.so
7f2735641000-7f2735643000 r-xp 00003000 00:53 5348024558630140           /mnt/e/code/BA-Thesis/java/app/build/libcppjnilib.so
7f2735643000-7f2735644000 r--p 00005000 00:53 5348024558630140           /mnt/e/code/BA-Thesis/java/app/build/libcppjnilib.so
7f2735644000-7f2735645000 r--p 00005000 00:53 5348024558630140           /mnt/e/code/BA-Thesis/java/app/build/libcppjnilib.so
7f2735645000-7f2735646000 rw-p 00006000 00:53 5348024558630140           /mnt/e/code/BA-Thesis/java/app/build/libcppjnilib.so
7f2735646000-7f2735647000 r--p 00000000 08:20 7406                       /usr/lib/locale/C.utf8/LC_NUMERIC
7f2735647000-7f273564c000 rw-p 00000000 00:00 0 
7f273564c000-7f2735730000 ---p 00000000 00:00 0 
7f2735730000-7f2735735000 rw-p 00000000 00:00 0 
7f2735735000-7f2735819000 ---p 00000000 00:00 0 
7f2735819000-7f273581d000 ---p 00000000 00:00 0 
7f273581d000-7f2735919000 rw-p 00000000 00:00 0 
7f2735919000-7f2735927000 r--p 00000000 08:20 26538                      /usr/lib/x86_64-linux-gnu/libm.so.6
7f2735927000-7f27359a3000 r-xp 0000e000 08:20 26538                      /usr/lib/x86_64-linux-gnu/libm.so.6
7f27359a3000-7f27359fe000 r--p 0008a000 08:20 26538                      /usr/lib/x86_64-linux-gnu/libm.so.6
7f27359fe000-7f27359ff000 r--p 000e4000 08:20 26538                      /usr/lib/x86_64-linux-gnu/libm.so.6
7f27359ff000-7f2735a00000 rw-p 000e5000 08:20 26538                      /usr/lib/x86_64-linux-gnu/libm.so.6
7f2735a00000-7f2736e4f000 r-xp 00000000 08:20 537311                     /root/.sdkman/candidates/java/21.0.2-amzn/lib/server/libjvm.so
7f2736e4f000-7f273704e000 ---p 0144f000 08:20 537311                     /root/.sdkman/candidates/java/21.0.2-amzn/lib/server/libjvm.so
7f273704e000-7f273711f000 r--p 0144e000 08:20 537311                     /root/.sdkman/candidates/java/21.0.2-amzn/lib/server/libjvm.so
7f273711f000-7f273714f000 rw-p 0151f000 08:20 537311                     /root/.sdkman/candidates/java/21.0.2-amzn/lib/server/libjvm.so
7f273714f000-7f27371b5000 rw-p 00000000 00:00 0 
7f27371b5000-7f27371b6000 r--p 00000000 08:20 7409                       /usr/lib/locale/C.utf8/LC_TIME
7f27371b6000-7f27371b7000 r--p 00000000 08:20 7396                       /usr/lib/locale/C.utf8/LC_COLLATE
7f27371b7000-7f27371b8000 r--p 00000000 08:20 7403                       /usr/lib/locale/C.utf8/LC_MONETARY
7f27371b8000-7f27371b9000 r--p 00000000 08:20 7401                       /usr/lib/locale/C.utf8/LC_MESSAGES/SYS_LC_MESSAGES
7f27371b9000-7f27371ba000 r--p 00000000 08:20 7407                       /usr/lib/locale/C.utf8/LC_PAPER
7f27371ba000-7f27371bb000 r--p 00000000 08:20 7404                       /usr/lib/locale/C.utf8/LC_NAME
7f27371bb000-7f27371bc000 r--p 00000000 08:20 7395                       /usr/lib/locale/C.utf8/LC_ADDRESS
7f27371bc000-7f27371c3000 r--s 00000000 08:20 51605                      /usr/lib/x86_64-linux-gnu/gconv/gconv-modules.cache
7f27371c3000-7f27371c8000 rw-p 00000000 00:00 0 
7f27371c8000-7f27371d2000 ---p 00000000 00:00 0 
7f27371d2000-7f27371d3000 r--p 00000000 08:20 26549                      /usr/lib/x86_64-linux-gnu/librt.so.1
7f27371d3000-7f27371d4000 r-xp 00001000 08:20 26549                      /usr/lib/x86_64-linux-gnu/librt.so.1
7f27371d4000-7f27371d5000 r--p 00002000 08:20 26549                      /usr/lib/x86_64-linux-gnu/librt.so.1
7f27371d5000-7f27371d6000 r--p 00002000 08:20 26549                      /usr/lib/x86_64-linux-gnu/librt.so.1
7f27371d6000-7f27371d7000 rw-p 00003000 08:20 26549                      /usr/lib/x86_64-linux-gnu/librt.so.1
7f27371d7000-7f27371ff000 r--p 00000000 08:20 26535                      /usr/lib/x86_64-linux-gnu/libc.so.6
7f27371ff000-7f2737394000 r-xp 00028000 08:20 26535                      /usr/lib/x86_64-linux-gnu/libc.so.6
7f2737394000-7f27373ec000 r--p 001bd000 08:20 26535                      /usr/lib/x86_64-linux-gnu/libc.so.6
7f27373ec000-7f27373ed000 ---p 00215000 08:20 26535                      /usr/lib/x86_64-linux-gnu/libc.so.6
7f27373ed000-7f27373f1000 r--p 00215000 08:20 26535                      /usr/lib/x86_64-linux-gnu/libc.so.6
7f27373f1000-7f27373f3000 rw-p 00219000 08:20 26535                      /usr/lib/x86_64-linux-gnu/libc.so.6
7f27373f3000-7f2737400000 rw-p 00000000 00:00 0 
7f2737400000-7f273740f000 r-xp 00000000 08:20 537304                     /root/.sdkman/candidates/java/21.0.2-amzn/lib/libjli.so
7f273740f000-7f273760f000 ---p 0000f000 08:20 537304                     /root/.sdkman/candidates/java/21.0.2-amzn/lib/libjli.so
7f273760f000-7f2737610000 r--p 0000f000 08:20 537304                     /root/.sdkman/candidates/java/21.0.2-amzn/lib/libjli.so
7f2737610000-7f2737611000 rw-p 00010000 08:20 537304                     /root/.sdkman/candidates/java/21.0.2-amzn/lib/libjli.so
7f2737611000-7f2737612000 r--p 00000000 08:20 7408                       /usr/lib/locale/C.utf8/LC_TELEPHONE
7f2737612000-7f2737613000 r--p 00000000 08:20 7400                       /usr/lib/locale/C.utf8/LC_MEASUREMENT
7f2737613000-7f2737617000 rw-p 00000000 00:00 0 
7f2737617000-7f2737618000 r--p 00000000 08:20 26537                      /usr/lib/x86_64-linux-gnu/libdl.so.2
7f2737618000-7f2737619000 r-xp 00001000 08:20 26537                      /usr/lib/x86_64-linux-gnu/libdl.so.2
7f2737619000-7f273761a000 r--p 00002000 08:20 26537                      /usr/lib/x86_64-linux-gnu/libdl.so.2
7f273761a000-7f273761b000 r--p 00002000 08:20 26537                      /usr/lib/x86_64-linux-gnu/libdl.so.2
7f273761b000-7f273761c000 rw-p 00003000 08:20 26537                      /usr/lib/x86_64-linux-gnu/libdl.so.2
7f273761c000-7f273761d000 r--p 00000000 08:20 26547                      /usr/lib/x86_64-linux-gnu/libpthread.so.0
7f273761d000-7f273761e000 r-xp 00001000 08:20 26547                      /usr/lib/x86_64-linux-gnu/libpthread.so.0
7f273761e000-7f273761f000 r--p 00002000 08:20 26547                      /usr/lib/x86_64-linux-gnu/libpthread.so.0
7f273761f000-7f2737620000 r--p 00002000 08:20 26547                      /usr/lib/x86_64-linux-gnu/libpthread.so.0
7f2737620000-7f2737621000 rw-p 00003000 08:20 26547                      /usr/lib/x86_64-linux-gnu/libpthread.so.0
7f2737621000-7f2737623000 r--p 00000000 08:20 6844                       /usr/lib/x86_64-linux-gnu/libz.so.1.2.11
7f2737623000-7f2737634000 r-xp 00002000 08:20 6844                       /usr/lib/x86_64-linux-gnu/libz.so.1.2.11
7f2737634000-7f273763a000 r--p 00013000 08:20 6844                       /usr/lib/x86_64-linux-gnu/libz.so.1.2.11
7f273763a000-7f273763b000 ---p 00019000 08:20 6844                       /usr/lib/x86_64-linux-gnu/libz.so.1.2.11
7f273763b000-7f273763c000 r--p 00019000 08:20 6844                       /usr/lib/x86_64-linux-gnu/libz.so.1.2.11
7f273763c000-7f273763d000 rw-p 0001a000 08:20 6844                       /usr/lib/x86_64-linux-gnu/libz.so.1.2.11
7f273763d000-7f273763e000 r--p 00000000 08:20 7398                       /usr/lib/locale/C.utf8/LC_IDENTIFICATION
7f273763e000-7f2737646000 rw-s 00000000 08:20 1213                       /tmp/hsperfdata_root/10733
7f2737646000-7f2737647000 ---p 00000000 00:00 0 
7f2737647000-7f2737648000 r--p 00000000 00:00 0 
7f2737648000-7f273764a000 rw-p 00000000 00:00 0 
7f273764a000-7f273764c000 r--p 00000000 08:20 26532                      /usr/lib/x86_64-linux-gnu/ld-linux-x86-64.so.2
7f273764c000-7f2737676000 r-xp 00002000 08:20 26532                      /usr/lib/x86_64-linux-gnu/ld-linux-x86-64.so.2
7f2737676000-7f2737681000 r--p 0002c000 08:20 26532                      /usr/lib/x86_64-linux-gnu/ld-linux-x86-64.so.2
7f2737681000-7f2737682000 ---p 00000000 00:00 0 
7f2737682000-7f2737684000 r--p 00037000 08:20 26532                      /usr/lib/x86_64-linux-gnu/ld-linux-x86-64.so.2
7f2737684000-7f2737686000 rw-p 00039000 08:20 26532                      /usr/lib/x86_64-linux-gnu/ld-linux-x86-64.so.2
7ffe6c3c6000-7ffe6c3e8000 rw-p 00000000 00:00 0                          [stack]
7ffe6c3f1000-7ffe6c3f5000 r--p 00000000 00:00 0                          [vvar]
7ffe6c3f5000-7ffe6c3f7000 r-xp 00000000 00:00 0                          [vdso]
Total number of mappings: 216


VM Arguments:
jvm_args: -Djava.library.path=. 
java_command: HelloWorld
java_class_path (initial): .
Launcher Type: SUN_STANDARD

[Global flags]
     intx CICompilerCount                          = 12                                        {product} {ergonomic}
     uint ConcGCThreads                            = 5                                         {product} {ergonomic}
     uint G1ConcRefinementThreads                  = 18                                        {product} {ergonomic}
   size_t G1HeapRegionSize                         = 8388608                                   {product} {ergonomic}
    uintx GCDrainStackTargetSize                   = 64                                        {product} {ergonomic}
   size_t InitialHeapSize                          = 796917760                                 {product} {ergonomic}
   size_t MarkStackSize                            = 4194304                                   {product} {ergonomic}
   size_t MaxHeapSize                              = 12624855040                               {product} {ergonomic}
   size_t MaxNewSize                               = 7574913024                                {product} {ergonomic}
   size_t MinHeapDeltaBytes                        = 8388608                                   {product} {ergonomic}
   size_t MinHeapSize                              = 8388608                                   {product} {ergonomic}
    uintx NonNMethodCodeHeapSize                   = 7602480                                {pd product} {ergonomic}
    uintx NonProfiledCodeHeapSize                  = 122027880                              {pd product} {ergonomic}
    uintx ProfiledCodeHeapSize                     = 122027880                              {pd product} {ergonomic}
    uintx ReservedCodeCacheSize                    = 251658240                              {pd product} {ergonomic}
     bool SegmentedCodeCache                       = true                                      {product} {ergonomic}
   size_t SoftMaxHeapSize                          = 12624855040                            {manageable} {ergonomic}
     bool UseCompressedOops                        = true                           {product lp64_product} {ergonomic}
     bool UseG1GC                                  = true                                      {product} {ergonomic}

Logging:
Log output configuration:
 #0: stdout all=warning uptime,level,tags foldmultilines=false
 #1: stderr all=off uptime,level,tags foldmultilines=false

Environment Variables:
JAVA_HOME=/root/.sdkman/candidates/java/current
PATH=/root/android-ndk/android-ndk-r26b:/root/.nix-profile/bin:/nix/var/nix/profiles/default/bin:/root/android-ndk/android-ndk-r26b/:/root/.sdkman/candidates/kotlin/current/bin:/root/.sdkman/candidates/java/current/bin:/root/.sdkman/candidates/gradle/current/bin:/usr/local/sbin:/usr/local/bin:/usr/sbin:/usr/bin:/sbin:/bin:/usr/games:/usr/local/games:/usr/lib/wsl/lib:/mnt/c/Program Files/PowerShell/7:/mnt/c/Users/Jean/fvm/versions/stable/bin/:/mnt/c/Program Files (x86)/Common Files/Intel/Shared Libraries/redist/intel64_win/compiler:/mnt/c/Program Files/Lapce/:/mnt/c/tools/python/Python311/Scripts/:/mnt/c/tools/python/Python311/:/mnt/c/Program Files (x86)/VMware/VMware Workstation/bin/:/mnt/c/Program Files/OpenSSH/:/mnt/c/Program Files (x86)/Common Files/Intel/Shared Libraries/redist/intel64/compiler:/mnt/c/Windows/system32:/mnt/c/Windows:/mnt/c/Windows/System32/Wbem:/mnt/c/Windows/System32/WindowsPowerShell/v1.0/:/mnt/c/Windows/System32/OpenSSH/:/mnt/c/Program Files/PuTTY/:/mnt/c/Program Files/WireGuard/:/mnt/c/Users/Jean/AppData/Roaming/nvm:/mnt/c/Program Files/nodejs:/mnt/c/ProgramData/chocolatey/bin:/mnt/c/Program Files/Microsoft SQL Server/150/Tools/Binn/:/mnt/c/Program Files/dotnet/:/mnt/c/Program Files/NVIDIA Corporation/NVIDIA NvDLISR:/mnt/c/Program Files/Git/cmd:/mnt/c/Program Files (x86)/NVIDIA Corporation/PhysX/Common:/mnt/c/Program Files/usbipd-win/:/mnt/c/tools/php/php-8.2.5-nts-Win32-vs16-x64:/mnt/c/tools/composer:/mnt/c/Program Files/Docker/Docker/resources/bin:/mnt/c/Program Files (x86)/Microsoft SQL Server/160/DTS/Binn/:/mnt/c/Program Files/Azure Data Studio/bin:/mnt/c/tools/CMake/bin:/mnt/c/Strawberry/c/bin:/mnt/c/Strawberry/perl/site/bin:/mnt/c/Strawberry/perl/bin:/mnt/c/Program Files/PowerShell/7/:/mnt/e/MinGW/bin:/mnt/c/Users/Jean/AppData/Local/pnpm:/mnt/c/Users/Jean/.cargo/bin:/mnt/c/Users/Jean/AppData/Local/Microsoft/WindowsApps:/mnt/c/Users/Jean/AppData/Local/Programs/Microsoft VS Code/bin:/mnt/c/tools/dart-sdk/bin:/mnt/c/Users/Jean/AppData/Roaming/Pub/Cache/bin:/mnt/c/tools/OpenJDK/jdk-17.0.6+10/bin:/mnt/c/Users/Jean/AppData/Local/Programs/oh-my-posh/bin:/mnt/c/Users/Jean/AppData/Local/Android/Sdk/platform-tools:/mnt/c/Users/Jean/fvm/default/bin:/mnt/c/Users/Jean/AppData/Roaming/Composer/vendor/bin:/mnt/c/Users/Jean/AppData/Local/Microsoft/WinGet/Links:/mnt/c/Program Files (x86)/Dr. Memory/bin/:/mnt/c/Users/Jean/.dotnet/tools:/snap/bin
SHELL=/usr/bin/fish
DISPLAY=:0
HOSTTYPE=x86_64
LANG=C.UTF-8
TERM=xterm-256color

Active Locale:
LC_ALL=C.UTF-8
LC_COLLATE=C.UTF-8
LC_CTYPE=C.UTF-8
LC_MESSAGES=C.UTF-8
LC_MONETARY=C.UTF-8
LC_NUMERIC=C.UTF-8
LC_TIME=C.UTF-8

Signal Handlers:
   SIGSEGV: crash_handler in libjvm.so, mask=11100100010111111101111111111110, flags=SA_RESTART|SA_SIGINFO, unblocked
    SIGBUS: crash_handler in libjvm.so, mask=11100100010111111101111111111110, flags=SA_RESTART|SA_SIGINFO, unblocked
    SIGFPE: crash_handler in libjvm.so, mask=11100100010111111101111111111110, flags=SA_RESTART|SA_SIGINFO, unblocked
   SIGPIPE: javaSignalHandler in libjvm.so, mask=11100100010111111101111111111110, flags=SA_RESTART|SA_SIGINFO, blocked
   SIGXFSZ: javaSignalHandler in libjvm.so, mask=11100100010111111101111111111110, flags=SA_RESTART|SA_SIGINFO, blocked
    SIGILL: crash_handler in libjvm.so, mask=11100100010111111101111111111110, flags=SA_RESTART|SA_SIGINFO, unblocked
   SIGUSR2: SR_handler in libjvm.so, mask=00000000000000000000000000000000, flags=SA_RESTART|SA_SIGINFO, blocked
    SIGHUP: UserHandler in libjvm.so, mask=11100100010111111101111111111110, flags=SA_RESTART|SA_SIGINFO, blocked
    SIGINT: UserHandler in libjvm.so, mask=11100100010111111101111111111110, flags=SA_RESTART|SA_SIGINFO, blocked
   SIGTERM: UserHandler in libjvm.so, mask=11100100010111111101111111111110, flags=SA_RESTART|SA_SIGINFO, blocked
   SIGQUIT: UserHandler in libjvm.so, mask=11100100010111111101111111111110, flags=SA_RESTART|SA_SIGINFO, blocked
   SIGTRAP: crash_handler in libjvm.so, mask=11100100010111111101111111111110, flags=SA_RESTART|SA_SIGINFO, unblocked


Periodic native trim disabled

---------------  S Y S T E M  ---------------

OS:
DISTRIB_ID=Ubuntu
DISTRIB_RELEASE=22.04
DISTRIB_CODENAME=jammy
DISTRIB_DESCRIPTION="Ubuntu 22.04.3 LTS"
uname: Linux 5.15.133.1-microsoft-standard-WSL2 #1 SMP Thu Oct 5 21:02:42 UTC 2023 x86_64
OS uptime: 0 days 21:46 hours
libc: glibc 2.35 NPTL 2.35 
rlimit (soft/hard): STACK 8192k/infinity , CORE 0k/infinity , NPROC 192524/192524 , NOFILE 1048576/1048576 , AS infinity/infinity , CPU infinity/infinity , DATA infinity/infinity , FSIZE infinity/infinity , MEMLOCK 65536k/65536k
load average: 0.21 0.08 0.02

/proc/meminfo:
MemTotal:       49292808 kB
MemFree:        47261560 kB
MemAvailable:   47996608 kB
Buffers:           39948 kB
Cached:          1141464 kB
SwapCached:            0 kB
Active:           506448 kB
Inactive:        1024136 kB
Active(anon):       2992 kB
Inactive(anon):   352240 kB
Active(file):     503456 kB
Inactive(file):   671896 kB
Unevictable:           0 kB
Mlocked:               0 kB
SwapTotal:      12582912 kB
SwapFree:       12582912 kB
Dirty:                88 kB
Writeback:             0 kB
AnonPages:        335204 kB
Mapped:           274976 kB
Shmem:              6060 kB
KReclaimable:      67812 kB
Slab:             159044 kB
SReclaimable:      67812 kB
SUnreclaim:        91232 kB
KernelStack:        7648 kB
PageTables:         7012 kB
NFS_Unstable:          0 kB
Bounce:                0 kB
WritebackTmp:          0 kB
CommitLimit:    37229316 kB
Committed_AS:    2975036 kB
VmallocTotal:   34359738367 kB
VmallocUsed:       32480 kB
VmallocChunk:          0 kB
Percpu:            13440 kB
AnonHugePages:    120832 kB
ShmemHugePages:        0 kB
ShmemPmdMapped:        0 kB
FileHugePages:         0 kB
FilePmdMapped:         0 kB
HugePages_Total:       0
HugePages_Free:        0
HugePages_Rsvd:        0
HugePages_Surp:        0
Hugepagesize:       2048 kB
Hugetlb:               0 kB
DirectMap4k:      117760 kB
DirectMap2M:     7180288 kB
DirectMap1G:    52428800 kB

/sys/kernel/mm/transparent_hugepage/enabled: [always] madvise never
/sys/kernel/mm/transparent_hugepage/defrag (defrag/compaction efforts parameter): always defer defer+madvise [madvise] never

Process Memory:
Virtual Size: 15335200K (peak: 15393860K)
Resident Set Size: 47036K (peak: 47036K) (anon: 25448K, file: 21588K, shmem: 0K)
Swapped out: 0K
C-Heap outstanding allocations: 45439K, retained: 2012K
glibc malloc tunables: (default)

/proc/sys/kernel/threads-max (system-wide limit on the number of threads): 385048
/proc/sys/vm/max_map_count (maximum number of memory map areas a process may have): 65530
/proc/sys/kernel/pid_max (system-wide limit on number of process identifiers): 4194304

container (cgroup) information:
container_type: cgroupv1
cpu_cpuset_cpus: 0-23
cpu_memory_nodes: 0
active_processor_count: 24
cpu_quota: no quota
cpu_period: 100000
cpu_shares: no shares
memory_limit_in_bytes: unlimited
memory_and_swap_limit_in_bytes: unlimited
memory_soft_limit_in_bytes: unlimited
memory_usage_in_bytes: 1516616 k
memory_max_usage_in_bytes: 1208528 k
kernel_memory_usage_in_bytes: 52496 k
kernel_memory_max_usage_in_bytes: unlimited
kernel_memory_limit_in_bytes: 57620 k
maximum number of tasks: not supported
current number of tasks: not supported

Hyper-V virtualization detected
Steal ticks since vm start: 0
Steal ticks percentage since vm start:  0.000

CPU: total 24 (initial active 24) (32 cores per cpu, 2 threads per core) family 23 model 113 stepping 0 microcode 0xffffffff, cx8, cmov, fxsr, ht, mmx, 3dnowpref, sse, sse2, sse3, ssse3, sse4a, sse4.1, sse4.2, popcnt, lzcnt, tsc, tscinvbit, avx, avx2, aes, clmul, bmi1, bmi2, adx, sha, fma, vzeroupper, clflush, clflushopt, hv, rdtscp, rdpid, f16c
CPU Model and flags from /proc/cpuinfo:
model name	: AMD Ryzen 9 3900X 12-Core Processor
flags		: fpu vme de pse tsc msr pae mce cx8 apic sep mtrr pge mca cmov pat pse36 clflush mmx fxsr sse sse2 ht syscall nx mmxext fxsr_opt pdpe1gb rdtscp lm constant_tsc rep_good nopl tsc_reliable nonstop_tsc cpuid extd_apicid pni pclmulqdq ssse3 fma cx16 sse4_1 sse4_2 movbe popcnt aes xsave avx f16c rdrand hypervisor lahf_lm cmp_legacy svm cr8_legacy abm sse4a misalignsse 3dnowprefetch osvw topoext perfctr_core ssbd ibpb stibp vmmcall fsgsbase bmi1 avx2 smep bmi2 rdseed adx smap clflushopt clwb sha_ni xsaveopt xsavec xgetbv1 clzero xsaveerptr arat npt nrip_save tsc_scale vmcb_clean flushbyasid decodeassists pausefilter pfthreshold v_vmsave_vmload umip rdpid

Online cpus: 0-23
Offline cpus: 
BIOS frequency limitation: <Not Available>
Frequency switch latency (ns): <Not Available>
Available cpu frequencies: <Not Available>
Current governor: <Not Available>
Core performance/turbo boost: <Not Available>

Memory: 4k page, physical 49292808k(47996608k free), swap 12582912k(12582912k free)
Page Sizes: 4k

vm_info: OpenJDK 64-Bit Server VM (21.0.2+13-LTS) for linux-amd64 JRE (21.0.2+13-LTS), built on 2024-01-10T23:18:41Z by "jenkins" with gcc 7.3.1 20180303 (Red Hat 7.3.1-5)

END.
