#
# A fatal error has been detected by the Java Runtime Environment:
#
#  SIGSEGV (0xb) at pc=0x00007fa26201bd95, pid=10311, tid=10312
#
# JRE version: OpenJDK Runtime Environment Corretto-21.0.2.13.1 (21.0.2+13) (build 21.0.2+13-LTS)
# Java VM: OpenJDK 64-Bit Server VM Corretto-21.0.2.13.1 (21.0.2+13-LTS, mixed mode, sharing, tiered, compressed oops, compressed class ptrs, g1 gc, linux-amd64)
# Problematic frame:
# C  [libcppjnilib.so+0x3d95]  ExtIntMatrix::toJObjectArray(JNIEnv_*)+0x195
#
# No core dump will be written. Core dumps have been disabled. To enable core dumping, try "ulimit -c unlimited" before starting Java again
#
# If you would like to submit a bug report, please visit:
#   https://github.com/corretto/corretto-21/issues/
# The crash happened outside the Java Virtual Machine in native code.
# See problematic frame for where to report the bug.
#

---------------  S U M M A R Y ------------

Command Line: -Djava.library.path=. HelloWorld

Host: AMD Ryzen 9 3900X 12-Core Processor, 24 cores, 47G, Ubuntu 22.04.3 LTS
Time: Fri Mar  1 09:56:42 2024 CET elapsed time: 0.042771 seconds (0d 0h 0m 0s)

---------------  T H R E A D  ---------------

Current thread (0x00007fa25c028480):  JavaThread "main"             [_thread_in_native, id=10312, stack(0x00007fa260219000,0x00007fa260319000) (1024K)]

Stack: [0x00007fa260219000,0x00007fa260319000],  sp=0x00007fa260317790,  free space=1017k
Native frames: (J=compiled Java code, j=interpreted, Vv=VM code, C=native code)
C  [libcppjnilib.so+0x3d95]  ExtIntMatrix::toJObjectArray(JNIEnv_*)+0x195
C  [libcppjnilib.so+0x36a2]  Java_HelloWorld_matrixMultiplication+0x62
j  HelloWorld.matrixMultiplication([[I[[I)[[I+0
j  HelloWorld.main([Ljava/lang/String;)V+153
v  ~StubRoutines::call_stub 0x00007fa24b65fcc6
V  [libjvm.so+0x909a24]  JavaCalls::call_helper(JavaValue*, methodHandle const&, JavaCallArguments*, JavaThread*)+0x2f4
V  [libjvm.so+0x9b5e1f]  jni_invoke_static(JNIEnv_*, JavaValue*, _jobject*, JNICallType, _jmethodID*, JNI_ArgumentPusher*, JavaThread*) [clone .isra.156] [clone .constprop.261]+0x15f
V  [libjvm.so+0x9b803f]  jni_CallStaticVoidMethod+0x14f
C  [libjli.so+0x57b7]  JavaMain+0xfb7
C  [libjli.so+0x8719]  ThreadJavaMain+0x9
Java frames: (J=compiled Java code, j=interpreted, Vv=VM code)
j  HelloWorld.matrixMultiplication([[I[[I)[[I+0
j  HelloWorld.main([Ljava/lang/String;)V+153
v  ~StubRoutines::call_stub 0x00007fa24b65fcc6

siginfo: si_signo: 11 (SIGSEGV), si_code: 1 (SEGV_MAPERR), si_addr: 0x00007fa5a632b977

Registers:
RAX=0x00007fa5a632b977, RBX=0x00007fa1d34005d0, RCX=0x0000000000000000, RDX=0x00007fa224283370
RSP=0x00007fa260317790, RBP=0x00007fa2603177d0, RSI=0x000000000000203d, RDI=0x00007fa224289540
R8 =0x0000000000000000, R9 =0x00007fa260317680, R10=0x0000000000000001, R11=0x0000000000000000
R12=0x0000000000000000, R13=0x00007fa1d34005d0, R14=0x00007fa2603178f8, R15=0x00007fa25c028480
RIP=0x00007fa26201bd95, EFLAGS=0x0000000000010206, CSGSFS=0x002b000000000033, ERR=0x0000000000000004
  TRAPNO=0x000000000000000e


Register to memory mapping:

RAX=0x00007fa5a632b977 is an unknown value
RBX={method} {0x00007fa1d34005d0} 'matrixMultiplication' '([[I[[I)[[I' in 'HelloWorld'
RCX=0x0 is null
RDX=0x00007fa224283370: _ZTVSo+0x0000000000000018 in /lib/x86_64-linux-gnu/libstdc++.so.6 at 0x00007fa224060000
RSP=0x00007fa260317790 is pointing into the stack for thread: 0x00007fa25c028480
RBP=0x00007fa2603177d0 is pointing into the stack for thread: 0x00007fa25c028480
RSI=0x000000000000203d is an unknown value
RDI=0x00007fa224289540: _ZSt4cout+0x0000000000000000 in /lib/x86_64-linux-gnu/libstdc++.so.6 at 0x00007fa224060000
R8 =0x0 is null
R9 =0x00007fa260317680 is pointing into the stack for thread: 0x00007fa25c028480
R10=0x0000000000000001 is an unknown value
R11=0x0 is null
R12=0x0 is null
R13={method} {0x00007fa1d34005d0} 'matrixMultiplication' '([[I[[I)[[I' in 'HelloWorld'
R14=0x00007fa2603178f8 is pointing into the stack for thread: 0x00007fa25c028480
R15=0x00007fa25c028480 is a thread

Top of Stack: (sp=0x00007fa260317790)
0x00007fa260317790:   00007fa2603177f0 00007fa25c028838
0x00007fa2603177a0:   0000000000000003 00007fa25c134fd0
0x00007fa2603177b0:   0000000000000003 00007fa25c134fc8
0x00007fa2603177c0:   00007fa25c028838 00007fa2603177f0
0x00007fa2603177d0:   00007fa260317850 00007fa26201b6a2
0x00007fa2603177e0:   00007fa260317810 00007fa25c0058a0
0x00007fa2603177f0:   00007fa25c1777a0 0000000300000003
0x00007fa260317800:   00007fa260317840 00007fa260cff884
0x00007fa260317810:   00007fa25c1776a0 0000000300000003
0x00007fa260317820:   00007fa25c1772c0 0000000300000003
0x00007fa260317830:   00007fa2603178e8 00007fa2603178f0
0x00007fa260317840:   00007fa2603178f8 00007fa25c028838
0x00007fa260317850:   00007fa2603178c8 00007fa24b66b980
0x00007fa260317860:   00007fa2603178c8 00007fa24b66b657
0x00007fa260317870:   0000000000000000 00007fa24b66b61f
0x00007fa260317880:   00007fa260317880 00007fa1d34005d0
0x00007fa260317890:   0000000000000006 00007fa1d3400998
0x00007fa2603178a0:   0000000000000000 000000053e812108
0x00007fa2603178b0:   00007fa1d34005d0 0000000000000000
0x00007fa2603178c0:   00007fa2603178e8 00007fa260317948
0x00007fa2603178d0:   00007fa24b6672d8 0000000000000000
0x00007fa2603178e0:   00007fa24b668f9a 000000053e8133c8
0x00007fa2603178f0:   000000053e813348 000000053e812f90
0x00007fa260317900:   00007fa260317900 00007fa1d34007a9
0x00007fa260317910:   0000000000000008 00007fa1d3400998
0x00007fa260317920:   0000000000000000 000000053e812108
0x00007fa260317930:   00007fa1d3400810 00007fa2603178e8
0x00007fa260317940:   00007fa260317988 00007fa2603179f0
0x00007fa260317950:   00007fa24b65fcc6 0000000000000000
0x00007fa260317960:   0000000000000000 0000000000000000
0x00007fa260317970:   000000053e8133c8 000000053e813348
0x00007fa260317980:   000000053e812f90 000000053e8124c8 

Instructions: (pc=0x00007fa26201bd95)
0x00007fa26201bc95:   ff 48 89 c7 48 8d 35 0b 14 00 00 e8 8b f5 ff ff
0x00007fa26201bca5:   48 89 c7 48 8b 45 c0 8b 70 08 e8 cc f6 ff ff 48
0x00007fa26201bcb5:   89 c7 48 8b 35 fa 32 00 00 e8 7d f5 ff ff 48 8b
0x00007fa26201bcc5:   3d fe 32 00 00 48 8d 35 df 13 00 00 e8 5a f5 ff
0x00007fa26201bcd5:   ff 48 89 c7 8b 75 e4 e8 9f f6 ff ff 48 89 c7 48
0x00007fa26201bce5:   8d 35 ca 13 00 00 e8 40 f5 ff ff 48 89 c7 48 8b
0x00007fa26201bcf5:   45 c0 8b 70 0c e8 81 f6 ff ff 48 89 c7 48 8d 35
0x00007fa26201bd05:   b2 13 00 00 e8 22 f5 ff ff 48 89 c7 48 8b 35 a0
0x00007fa26201bd15:   32 00 00 e8 23 f5 ff ff c7 45 d4 00 00 00 00 48
0x00007fa26201bd25:   8b 4d c0 8b 45 d4 3b 41 0c 0f 8d 86 00 00 00 48
0x00007fa26201bd35:   8b 3d 8d 32 00 00 48 8d 35 6e 13 00 00 e8 e9 f4
0x00007fa26201bd45:   ff ff 48 89 c7 8b 75 e4 e8 2e f6 ff ff 48 89 c7
0x00007fa26201bd55:   48 8d 35 69 13 00 00 e8 cf f4 ff ff 48 89 c7 8b
0x00007fa26201bd65:   75 d4 e8 14 f6 ff ff 48 8b 3d 55 32 00 00 48 8d
0x00007fa26201bd75:   35 4d 13 00 00 e8 b1 f4 ff ff 48 89 c7 48 8b 45
0x00007fa26201bd85:   c0 48 8b 00 48 63 4d e4 48 8b 04 c8 48 63 4d d4
0x00007fa26201bd95:   8b 34 88 e8 e3 f5 ff ff 48 89 c7 48 8b 35 11 32
0x00007fa26201bda5:   00 00 e8 94 f4 ff ff 8b 45 d4 83 c0 01 89 45 d4
0x00007fa26201bdb5:   e9 6a ff ff ff 48 8b 45 c0 48 8b 7d f0 48 8b 75
0x00007fa26201bdc5:   d8 8b 48 0c 48 8b 00 48 63 55 e4 4c 8b 04 d0 31
0x00007fa26201bdd5:   d2 e8 e5 f2 ff ff 48 8b 7d f0 48 8b 75 e8 8b 55
0x00007fa26201bde5:   e4 48 8b 4d d8 e8 11 f5 ff ff 48 8b 7d f0 48 8b
0x00007fa26201bdf5:   75 d8 e8 84 f4 ff ff 8b 45 e4 83 c0 01 89 45 e4
0x00007fa26201be05:   e9 4a fe ff ff 48 8b 45 e8 48 83 c4 40 5d c3 66
0x00007fa26201be15:   2e 0f 1f 84 00 00 00 00 00 66 90 55 48 89 e5 48
0x00007fa26201be25:   83 ec 10 48 89 7d f8 48 8b 7d f8 e8 bb f2 ff ff
0x00007fa26201be35:   48 83 c4 10 5d c3 0f 1f 44 00 00 55 48 89 e5 48
0x00007fa26201be45:   83 ec 20 48 89 7d f8 48 8b 45 f8 48 89 45 e8 c7
0x00007fa26201be55:   45 f4 00 00 00 00 48 8b 4d e8 8b 45 f4 3b 41 08
0x00007fa26201be65:   0f 8d 77 00 00 00 c7 45 f0 00 00 00 00 48 8b 4d
0x00007fa26201be75:   e8 8b 45 f0 3b 41 0c 0f 8d 3f 00 00 00 48 8b 45
0x00007fa26201be85:   e8 48 8b 00 48 63 4d f4 48 8b 04 c8 48 63 4d f0 


Stack slot to memory mapping:

stack at sp + 0 slots: 0x00007fa2603177f0 is pointing into the stack for thread: 0x00007fa25c028480
stack at sp + 1 slots: 0x00007fa25c028838 points into unknown readable memory: 0x00007fa261b26160 | 60 61 b2 61 a2 7f 00 00
stack at sp + 2 slots: 0x0000000000000003 is an unknown value
stack at sp + 3 slots: 0x00007fa25c134fd0 points into unknown readable memory: 0x000000053e8134f0 | f0 34 81 3e 05 00 00 00
stack at sp + 4 slots: 0x0000000000000003 is an unknown value
stack at sp + 5 slots: 0x00007fa25c134fc8 points into unknown readable memory: 0x000000053e8134d0 | d0 34 81 3e 05 00 00 00
stack at sp + 6 slots: 0x00007fa25c028838 points into unknown readable memory: 0x00007fa261b26160 | 60 61 b2 61 a2 7f 00 00
stack at sp + 7 slots: 0x00007fa2603177f0 is pointing into the stack for thread: 0x00007fa25c028480


---------------  P R O C E S S  ---------------

Threads class SMR info:
_java_thread_list=0x00007fa25c15f060, length=10, elements={
0x00007fa25c028480, 0x00007fa25c143680, 0x00007fa25c144df0, 0x00007fa25c1468d0,
0x00007fa25c147f10, 0x00007fa25c1494b0, 0x00007fa25c14b070, 0x00007fa25c14c730,
0x00007fa25c15a940, 0x00007fa25c15df20
}

Java Threads: ( => current thread )
=>0x00007fa25c028480 JavaThread "main"                              [_thread_in_native, id=10312, stack(0x00007fa260219000,0x00007fa260319000) (1024K)]
  0x00007fa25c143680 JavaThread "Reference Handler"          daemon [_thread_blocked, id=10320, stack(0x00007fa224a95000,0x00007fa224b95000) (1024K)]
  0x00007fa25c144df0 JavaThread "Finalizer"                  daemon [_thread_blocked, id=10321, stack(0x00007fa224994000,0x00007fa224a94000) (1024K)]
  0x00007fa25c1468d0 JavaThread "Signal Dispatcher"          daemon [_thread_blocked, id=10322, stack(0x00007fa224893000,0x00007fa224993000) (1024K)]
  0x00007fa25c147f10 JavaThread "Service Thread"             daemon [_thread_blocked, id=10323, stack(0x00007fa224792000,0x00007fa224892000) (1024K)]
  0x00007fa25c1494b0 JavaThread "Monitor Deflation Thread"   daemon [_thread_blocked, id=10324, stack(0x00007fa224691000,0x00007fa224791000) (1024K)]
  0x00007fa25c14b070 JavaThread "C2 CompilerThread0"         daemon [_thread_blocked, id=10325, stack(0x00007fa224590000,0x00007fa224690000) (1024K)]
  0x00007fa25c14c730 JavaThread "C1 CompilerThread0"         daemon [_thread_blocked, id=10326, stack(0x00007fa22448f000,0x00007fa22458f000) (1024K)]
  0x00007fa25c15a940 JavaThread "Notification Thread"        daemon [_thread_blocked, id=10327, stack(0x00007fa22438e000,0x00007fa22448e000) (1024K)]
  0x00007fa25c15df20 JavaThread "Common-Cleaner"             daemon [_thread_blocked, id=10328, stack(0x00007fa22428d000,0x00007fa22438d000) (1024K)]
Total: 10

Other Threads:
  0x00007fa25c133a70 VMThread "VM Thread"                           [id=10319, stack(0x00007fa224bed000,0x00007fa224ced000) (1024K)]
  0x00007fa25c118bb0 WatcherThread "VM Periodic Task Thread"        [id=10318, stack(0x00007fa224cee000,0x00007fa224dee000) (1024K)]
  0x00007fa25c053090 WorkerThread "GC Thread#0"                     [id=10313, stack(0x00007fa2344c7000,0x00007fa2345c7000) (1024K)]
  0x00007fa25c060300 ConcurrentGCThread "G1 Main Marker"            [id=10314, stack(0x00007fa2343c6000,0x00007fa2344c6000) (1024K)]
  0x00007fa25c0612d0 WorkerThread "G1 Conc#0"                       [id=10315, stack(0x00007fa2342c5000,0x00007fa2343c5000) (1024K)]
  0x00007fa25c0feb20 ConcurrentGCThread "G1 Refine#0"               [id=10316, stack(0x00007fa224ef0000,0x00007fa224ff0000) (1024K)]
  0x00007fa25c0ffad0 ConcurrentGCThread "G1 Service"                [id=10317, stack(0x00007fa224def000,0x00007fa224eef000) (1024K)]
Total: 7

Threads with active compile tasks:
Total: 0

VM state: not at safepoint (normal execution)

VM Mutex/Monitor currently owned by a thread: None

Heap address: 0x000000050f800000, size: 12040 MB, Compressed Oops mode: Zero based, Oop shift amount: 3

CDS archive(s) mapped at: [0x00007fa1d7000000-0x00007fa1d7ca6000-0x00007fa1d7ca6000), size 13262848, SharedBaseAddress: 0x00007fa1d7000000, ArchiveRelocationMode: 1.
Compressed class space mapped at: 0x00007fa1d8000000-0x00007fa218000000, reserved size: 1073741824
Narrow klass base: 0x00007fa1d7000000, Narrow klass shift: 0, Narrow klass range: 0x100000000

GC Precious Log:
 CardTable entry size: 512
 Card Set container configuration: InlinePtr #cards 4 size 8 Array Of Cards #cards 64 size 144 Howl #buckets 8 coarsen threshold 14745 Howl Bitmap #cards 2048 size 272 coarsen threshold 1843 Card regions per heap region 1 cards per card region 16384
 CPUs: 24 total, 24 available
 Memory: 48137M
 Large Page Support: Disabled
 NUMA Support: Disabled
 Compressed Oops: Enabled (Zero based)
 Heap Region Size: 8M
 Heap Min Capacity: 8M
 Heap Initial Capacity: 760M
 Heap Max Capacity: 12040M
 Pre-touch: Disabled
 Parallel Workers: 18
 Concurrent Workers: 5
 Concurrent Refinement Workers: 18
 Periodic GC: Disabled

Heap:
 garbage-first heap   total 786432K, used 1053K [0x000000050f800000, 0x0000000800000000)
  region size 8192K, 1 young (8192K), 0 survivors (0K)
 Metaspace       used 82K, committed 320K, reserved 1114112K
  class space    used 3K, committed 128K, reserved 1048576K

Heap Regions: E=young(eden), S=young(survivor), O=old, HS=humongous(starts), HC=humongous(continues), CS=collection set, F=free, TAMS=top-at-mark-start, PB=parsable bottom
|   0|0x000000050f800000, 0x000000050f800000, 0x0000000510000000|  0%| F|  |TAMS 0x000000050f800000| PB 0x000000050f800000| Untracked 
|   1|0x0000000510000000, 0x0000000510000000, 0x0000000510800000|  0%| F|  |TAMS 0x0000000510000000| PB 0x0000000510000000| Untracked 
|   2|0x0000000510800000, 0x0000000510800000, 0x0000000511000000|  0%| F|  |TAMS 0x0000000510800000| PB 0x0000000510800000| Untracked 
|   3|0x0000000511000000, 0x0000000511000000, 0x0000000511800000|  0%| F|  |TAMS 0x0000000511000000| PB 0x0000000511000000| Untracked 
|   4|0x0000000511800000, 0x0000000511800000, 0x0000000512000000|  0%| F|  |TAMS 0x0000000511800000| PB 0x0000000511800000| Untracked 
|   5|0x0000000512000000, 0x0000000512000000, 0x0000000512800000|  0%| F|  |TAMS 0x0000000512000000| PB 0x0000000512000000| Untracked 
|   6|0x0000000512800000, 0x0000000512800000, 0x0000000513000000|  0%| F|  |TAMS 0x0000000512800000| PB 0x0000000512800000| Untracked 
|   7|0x0000000513000000, 0x0000000513000000, 0x0000000513800000|  0%| F|  |TAMS 0x0000000513000000| PB 0x0000000513000000| Untracked 
|   8|0x0000000513800000, 0x0000000513800000, 0x0000000514000000|  0%| F|  |TAMS 0x0000000513800000| PB 0x0000000513800000| Untracked 
|   9|0x0000000514000000, 0x0000000514000000, 0x0000000514800000|  0%| F|  |TAMS 0x0000000514000000| PB 0x0000000514000000| Untracked 
|  10|0x0000000514800000, 0x0000000514800000, 0x0000000515000000|  0%| F|  |TAMS 0x0000000514800000| PB 0x0000000514800000| Untracked 
|  11|0x0000000515000000, 0x0000000515000000, 0x0000000515800000|  0%| F|  |TAMS 0x0000000515000000| PB 0x0000000515000000| Untracked 
|  12|0x0000000515800000, 0x0000000515800000, 0x0000000516000000|  0%| F|  |TAMS 0x0000000515800000| PB 0x0000000515800000| Untracked 
|  13|0x0000000516000000, 0x0000000516000000, 0x0000000516800000|  0%| F|  |TAMS 0x0000000516000000| PB 0x0000000516000000| Untracked 
|  14|0x0000000516800000, 0x0000000516800000, 0x0000000517000000|  0%| F|  |TAMS 0x0000000516800000| PB 0x0000000516800000| Untracked 
|  15|0x0000000517000000, 0x0000000517000000, 0x0000000517800000|  0%| F|  |TAMS 0x0000000517000000| PB 0x0000000517000000| Untracked 
|  16|0x0000000517800000, 0x0000000517800000, 0x0000000518000000|  0%| F|  |TAMS 0x0000000517800000| PB 0x0000000517800000| Untracked 
|  17|0x0000000518000000, 0x0000000518000000, 0x0000000518800000|  0%| F|  |TAMS 0x0000000518000000| PB 0x0000000518000000| Untracked 
|  18|0x0000000518800000, 0x0000000518800000, 0x0000000519000000|  0%| F|  |TAMS 0x0000000518800000| PB 0x0000000518800000| Untracked 
|  19|0x0000000519000000, 0x0000000519000000, 0x0000000519800000|  0%| F|  |TAMS 0x0000000519000000| PB 0x0000000519000000| Untracked 
|  20|0x0000000519800000, 0x0000000519800000, 0x000000051a000000|  0%| F|  |TAMS 0x0000000519800000| PB 0x0000000519800000| Untracked 
|  21|0x000000051a000000, 0x000000051a000000, 0x000000051a800000|  0%| F|  |TAMS 0x000000051a000000| PB 0x000000051a000000| Untracked 
|  22|0x000000051a800000, 0x000000051a800000, 0x000000051b000000|  0%| F|  |TAMS 0x000000051a800000| PB 0x000000051a800000| Untracked 
|  23|0x000000051b000000, 0x000000051b000000, 0x000000051b800000|  0%| F|  |TAMS 0x000000051b000000| PB 0x000000051b000000| Untracked 
|  24|0x000000051b800000, 0x000000051b800000, 0x000000051c000000|  0%| F|  |TAMS 0x000000051b800000| PB 0x000000051b800000| Untracked 
|  25|0x000000051c000000, 0x000000051c000000, 0x000000051c800000|  0%| F|  |TAMS 0x000000051c000000| PB 0x000000051c000000| Untracked 
|  26|0x000000051c800000, 0x000000051c800000, 0x000000051d000000|  0%| F|  |TAMS 0x000000051c800000| PB 0x000000051c800000| Untracked 
|  27|0x000000051d000000, 0x000000051d000000, 0x000000051d800000|  0%| F|  |TAMS 0x000000051d000000| PB 0x000000051d000000| Untracked 
|  28|0x000000051d800000, 0x000000051d800000, 0x000000051e000000|  0%| F|  |TAMS 0x000000051d800000| PB 0x000000051d800000| Untracked 
|  29|0x000000051e000000, 0x000000051e000000, 0x000000051e800000|  0%| F|  |TAMS 0x000000051e000000| PB 0x000000051e000000| Untracked 
|  30|0x000000051e800000, 0x000000051e800000, 0x000000051f000000|  0%| F|  |TAMS 0x000000051e800000| PB 0x000000051e800000| Untracked 
|  31|0x000000051f000000, 0x000000051f000000, 0x000000051f800000|  0%| F|  |TAMS 0x000000051f000000| PB 0x000000051f000000| Untracked 
|  32|0x000000051f800000, 0x000000051f800000, 0x0000000520000000|  0%| F|  |TAMS 0x000000051f800000| PB 0x000000051f800000| Untracked 
|  33|0x0000000520000000, 0x0000000520000000, 0x0000000520800000|  0%| F|  |TAMS 0x0000000520000000| PB 0x0000000520000000| Untracked 
|  34|0x0000000520800000, 0x0000000520800000, 0x0000000521000000|  0%| F|  |TAMS 0x0000000520800000| PB 0x0000000520800000| Untracked 
|  35|0x0000000521000000, 0x0000000521000000, 0x0000000521800000|  0%| F|  |TAMS 0x0000000521000000| PB 0x0000000521000000| Untracked 
|  36|0x0000000521800000, 0x0000000521800000, 0x0000000522000000|  0%| F|  |TAMS 0x0000000521800000| PB 0x0000000521800000| Untracked 
|  37|0x0000000522000000, 0x0000000522000000, 0x0000000522800000|  0%| F|  |TAMS 0x0000000522000000| PB 0x0000000522000000| Untracked 
|  38|0x0000000522800000, 0x0000000522800000, 0x0000000523000000|  0%| F|  |TAMS 0x0000000522800000| PB 0x0000000522800000| Untracked 
|  39|0x0000000523000000, 0x0000000523000000, 0x0000000523800000|  0%| F|  |TAMS 0x0000000523000000| PB 0x0000000523000000| Untracked 
|  40|0x0000000523800000, 0x0000000523800000, 0x0000000524000000|  0%| F|  |TAMS 0x0000000523800000| PB 0x0000000523800000| Untracked 
|  41|0x0000000524000000, 0x0000000524000000, 0x0000000524800000|  0%| F|  |TAMS 0x0000000524000000| PB 0x0000000524000000| Untracked 
|  42|0x0000000524800000, 0x0000000524800000, 0x0000000525000000|  0%| F|  |TAMS 0x0000000524800000| PB 0x0000000524800000| Untracked 
|  43|0x0000000525000000, 0x0000000525000000, 0x0000000525800000|  0%| F|  |TAMS 0x0000000525000000| PB 0x0000000525000000| Untracked 
|  44|0x0000000525800000, 0x0000000525800000, 0x0000000526000000|  0%| F|  |TAMS 0x0000000525800000| PB 0x0000000525800000| Untracked 
|  45|0x0000000526000000, 0x0000000526000000, 0x0000000526800000|  0%| F|  |TAMS 0x0000000526000000| PB 0x0000000526000000| Untracked 
|  46|0x0000000526800000, 0x0000000526800000, 0x0000000527000000|  0%| F|  |TAMS 0x0000000526800000| PB 0x0000000526800000| Untracked 
|  47|0x0000000527000000, 0x0000000527000000, 0x0000000527800000|  0%| F|  |TAMS 0x0000000527000000| PB 0x0000000527000000| Untracked 
|  48|0x0000000527800000, 0x0000000527800000, 0x0000000528000000|  0%| F|  |TAMS 0x0000000527800000| PB 0x0000000527800000| Untracked 
|  49|0x0000000528000000, 0x0000000528000000, 0x0000000528800000|  0%| F|  |TAMS 0x0000000528000000| PB 0x0000000528000000| Untracked 
|  50|0x0000000528800000, 0x0000000528800000, 0x0000000529000000|  0%| F|  |TAMS 0x0000000528800000| PB 0x0000000528800000| Untracked 
|  51|0x0000000529000000, 0x0000000529000000, 0x0000000529800000|  0%| F|  |TAMS 0x0000000529000000| PB 0x0000000529000000| Untracked 
|  52|0x0000000529800000, 0x0000000529800000, 0x000000052a000000|  0%| F|  |TAMS 0x0000000529800000| PB 0x0000000529800000| Untracked 
|  53|0x000000052a000000, 0x000000052a000000, 0x000000052a800000|  0%| F|  |TAMS 0x000000052a000000| PB 0x000000052a000000| Untracked 
|  54|0x000000052a800000, 0x000000052a800000, 0x000000052b000000|  0%| F|  |TAMS 0x000000052a800000| PB 0x000000052a800000| Untracked 
|  55|0x000000052b000000, 0x000000052b000000, 0x000000052b800000|  0%| F|  |TAMS 0x000000052b000000| PB 0x000000052b000000| Untracked 
|  56|0x000000052b800000, 0x000000052b800000, 0x000000052c000000|  0%| F|  |TAMS 0x000000052b800000| PB 0x000000052b800000| Untracked 
|  57|0x000000052c000000, 0x000000052c000000, 0x000000052c800000|  0%| F|  |TAMS 0x000000052c000000| PB 0x000000052c000000| Untracked 
|  58|0x000000052c800000, 0x000000052c800000, 0x000000052d000000|  0%| F|  |TAMS 0x000000052c800000| PB 0x000000052c800000| Untracked 
|  59|0x000000052d000000, 0x000000052d000000, 0x000000052d800000|  0%| F|  |TAMS 0x000000052d000000| PB 0x000000052d000000| Untracked 
|  60|0x000000052d800000, 0x000000052d800000, 0x000000052e000000|  0%| F|  |TAMS 0x000000052d800000| PB 0x000000052d800000| Untracked 
|  61|0x000000052e000000, 0x000000052e000000, 0x000000052e800000|  0%| F|  |TAMS 0x000000052e000000| PB 0x000000052e000000| Untracked 
|  62|0x000000052e800000, 0x000000052e800000, 0x000000052f000000|  0%| F|  |TAMS 0x000000052e800000| PB 0x000000052e800000| Untracked 
|  63|0x000000052f000000, 0x000000052f000000, 0x000000052f800000|  0%| F|  |TAMS 0x000000052f000000| PB 0x000000052f000000| Untracked 
|  64|0x000000052f800000, 0x000000052f800000, 0x0000000530000000|  0%| F|  |TAMS 0x000000052f800000| PB 0x000000052f800000| Untracked 
|  65|0x0000000530000000, 0x0000000530000000, 0x0000000530800000|  0%| F|  |TAMS 0x0000000530000000| PB 0x0000000530000000| Untracked 
|  66|0x0000000530800000, 0x0000000530800000, 0x0000000531000000|  0%| F|  |TAMS 0x0000000530800000| PB 0x0000000530800000| Untracked 
|  67|0x0000000531000000, 0x0000000531000000, 0x0000000531800000|  0%| F|  |TAMS 0x0000000531000000| PB 0x0000000531000000| Untracked 
|  68|0x0000000531800000, 0x0000000531800000, 0x0000000532000000|  0%| F|  |TAMS 0x0000000531800000| PB 0x0000000531800000| Untracked 
|  69|0x0000000532000000, 0x0000000532000000, 0x0000000532800000|  0%| F|  |TAMS 0x0000000532000000| PB 0x0000000532000000| Untracked 
|  70|0x0000000532800000, 0x0000000532800000, 0x0000000533000000|  0%| F|  |TAMS 0x0000000532800000| PB 0x0000000532800000| Untracked 
|  71|0x0000000533000000, 0x0000000533000000, 0x0000000533800000|  0%| F|  |TAMS 0x0000000533000000| PB 0x0000000533000000| Untracked 
|  72|0x0000000533800000, 0x0000000533800000, 0x0000000534000000|  0%| F|  |TAMS 0x0000000533800000| PB 0x0000000533800000| Untracked 
|  73|0x0000000534000000, 0x0000000534000000, 0x0000000534800000|  0%| F|  |TAMS 0x0000000534000000| PB 0x0000000534000000| Untracked 
|  74|0x0000000534800000, 0x0000000534800000, 0x0000000535000000|  0%| F|  |TAMS 0x0000000534800000| PB 0x0000000534800000| Untracked 
|  75|0x0000000535000000, 0x0000000535000000, 0x0000000535800000|  0%| F|  |TAMS 0x0000000535000000| PB 0x0000000535000000| Untracked 
|  76|0x0000000535800000, 0x0000000535800000, 0x0000000536000000|  0%| F|  |TAMS 0x0000000535800000| PB 0x0000000535800000| Untracked 
|  77|0x0000000536000000, 0x0000000536000000, 0x0000000536800000|  0%| F|  |TAMS 0x0000000536000000| PB 0x0000000536000000| Untracked 
|  78|0x0000000536800000, 0x0000000536800000, 0x0000000537000000|  0%| F|  |TAMS 0x0000000536800000| PB 0x0000000536800000| Untracked 
|  79|0x0000000537000000, 0x0000000537000000, 0x0000000537800000|  0%| F|  |TAMS 0x0000000537000000| PB 0x0000000537000000| Untracked 
|  80|0x0000000537800000, 0x0000000537800000, 0x0000000538000000|  0%| F|  |TAMS 0x0000000537800000| PB 0x0000000537800000| Untracked 
|  81|0x0000000538000000, 0x0000000538000000, 0x0000000538800000|  0%| F|  |TAMS 0x0000000538000000| PB 0x0000000538000000| Untracked 
|  82|0x0000000538800000, 0x0000000538800000, 0x0000000539000000|  0%| F|  |TAMS 0x0000000538800000| PB 0x0000000538800000| Untracked 
|  83|0x0000000539000000, 0x0000000539000000, 0x0000000539800000|  0%| F|  |TAMS 0x0000000539000000| PB 0x0000000539000000| Untracked 
|  84|0x0000000539800000, 0x0000000539800000, 0x000000053a000000|  0%| F|  |TAMS 0x0000000539800000| PB 0x0000000539800000| Untracked 
|  85|0x000000053a000000, 0x000000053a000000, 0x000000053a800000|  0%| F|  |TAMS 0x000000053a000000| PB 0x000000053a000000| Untracked 
|  86|0x000000053a800000, 0x000000053a800000, 0x000000053b000000|  0%| F|  |TAMS 0x000000053a800000| PB 0x000000053a800000| Untracked 
|  87|0x000000053b000000, 0x000000053b000000, 0x000000053b800000|  0%| F|  |TAMS 0x000000053b000000| PB 0x000000053b000000| Untracked 
|  88|0x000000053b800000, 0x000000053b800000, 0x000000053c000000|  0%| F|  |TAMS 0x000000053b800000| PB 0x000000053b800000| Untracked 
|  89|0x000000053c000000, 0x000000053c000000, 0x000000053c800000|  0%| F|  |TAMS 0x000000053c000000| PB 0x000000053c000000| Untracked 
|  90|0x000000053c800000, 0x000000053c800000, 0x000000053d000000|  0%| F|  |TAMS 0x000000053c800000| PB 0x000000053c800000| Untracked 
|  91|0x000000053d000000, 0x000000053d000000, 0x000000053d800000|  0%| F|  |TAMS 0x000000053d000000| PB 0x000000053d000000| Untracked 
|  92|0x000000053d800000, 0x000000053d800000, 0x000000053e000000|  0%| F|  |TAMS 0x000000053d800000| PB 0x000000053d800000| Untracked 
|  93|0x000000053e000000, 0x000000053e000000, 0x000000053e800000|  0%| F|  |TAMS 0x000000053e000000| PB 0x000000053e000000| Untracked 
|  94|0x000000053e800000, 0x000000053e9eb8d8, 0x000000053f000000| 24%| E|  |TAMS 0x000000053e800000| PB 0x000000053e800000| Complete 
|1504|0x00000007ff800000, 0x00000007ff907778, 0x0000000800000000| 12%| O|  |TAMS 0x00000007ff800000| PB 0x00000007ff800000| Untracked 

Card table byte_map: [0x00007fa2401e7000,0x00007fa24196b000] _byte_map_base: 0x00007fa23d96b000

Marking Bits: (CMBitMap*) 0x00007fa25c053bb0
 Bits: [0x00007fa2345c7000, 0x00007fa2401e7000)

Polling page: 0x00007fa262107000

Metaspace:

Usage:
  Non-class:     78.75 KB used.
      Class:      3.75 KB used.
       Both:     82.50 KB used.

Virtual space:
  Non-class space:       64.00 MB reserved,     192.00 KB ( <1%) committed,  1 nodes.
      Class space:        1.00 GB reserved,     128.00 KB ( <1%) committed,  1 nodes.
             Both:        1.06 GB reserved,     320.00 KB ( <1%) committed. 

Chunk freelists:
   Non-Class:  12.00 MB
       Class:  15.75 MB
        Both:  27.74 MB

MaxMetaspaceSize: unlimited
CompressedClassSpaceSize: 1.00 GB
Initial GC threshold: 21.00 MB
Current GC threshold: 21.00 MB
CDS: on
 - commit_granule_bytes: 65536.
 - commit_granule_words: 8192.
 - virtual_space_node_default_size: 8388608.
 - enlarge_chunks_in_place: 1.
 - use_allocation_guard: 0.


Internal statistics:

num_allocs_failed_limit: 0.
num_arena_births: 4.
num_arena_deaths: 0.
num_vsnodes_births: 2.
num_vsnodes_deaths: 0.
num_space_committed: 5.
num_space_uncommitted: 0.
num_chunks_returned_to_freelist: 0.
num_chunks_taken_from_freelist: 5.
num_chunk_merges: 0.
num_chunk_splits: 3.
num_chunks_enlarged: 0.
num_inconsistent_stats: 0.

CodeHeap 'non-profiled nmethods': size=119168Kb used=0Kb max_used=0Kb free=119168Kb
 bounds [0x00007fa24bda0000, 0x00007fa24c010000, 0x00007fa253200000]
CodeHeap 'profiled nmethods': size=119164Kb used=4Kb max_used=4Kb free=119159Kb
 bounds [0x00007fa244200000, 0x00007fa244470000, 0x00007fa24b65f000]
CodeHeap 'non-nmethods': size=7428Kb used=1151Kb max_used=1158Kb free=6276Kb
 bounds [0x00007fa24b65f000, 0x00007fa24b8cf000, 0x00007fa24bda0000]
 total_blobs=303 nmethods=4 adapters=206
 compilation: enabled
              stopped_count=0, restarted_count=0
 full_count=0

Compilation events (8 events):
Event: 0.019 Thread 0x00007fa25c14c730    1       3       java.lang.Object::<init> (1 bytes)
Event: 0.019 Thread 0x00007fa25c14c730 nmethod 1 0x00007fa244200010 code [0x00007fa2442001a0, 0x00007fa2442002a0]
Event: 0.021 Thread 0x00007fa25c14c730    2       3       java.lang.String::coder (15 bytes)
Event: 0.021 Thread 0x00007fa25c14c730 nmethod 2 0x00007fa244200310 code [0x00007fa2442004a0, 0x00007fa2442005d0]
Event: 0.025 Thread 0x00007fa25c14c730    3       3       java.lang.String::length (11 bytes)
Event: 0.025 Thread 0x00007fa25c14c730 nmethod 3 0x00007fa244200690 code [0x00007fa244200840, 0x00007fa2442009e0]
Event: 0.032 Thread 0x00007fa25c14c730    4       3       java.lang.String::hashCode (60 bytes)
Event: 0.032 Thread 0x00007fa25c14c730 nmethod 4 0x00007fa244200a90 code [0x00007fa244200c60, 0x00007fa244200fb0]

GC Heap History (0 events):
No events

Dll operation events (3 events):
Event: 0.002 Loaded shared library /root/.sdkman/candidates/java/21.0.2-amzn/lib/libjava.so
Event: 0.017 Loaded shared library /root/.sdkman/candidates/java/21.0.2-amzn/lib/libjsvml.so
Event: 0.032 Loaded shared library /mnt/e/code/BA-Thesis/java/app/build/libcppjnilib.so

Deoptimization events (0 events):
No events

Classes loaded (8 events):
Event: 0.015 Loading class sun/nio/cs/UTF_8$Encoder
Event: 0.015 Loading class sun/nio/cs/UTF_8$Encoder done
Event: 0.020 Loading class jdk/internal/vm/PostVMInitHook
Event: 0.020 Loading class jdk/internal/vm/PostVMInitHook done
Event: 0.020 Loading class jdk/internal/loader/URLClassPath$FileLoader
Event: 0.020 Loading class jdk/internal/loader/URLClassPath$FileLoader done
Event: 0.022 Loading class jdk/internal/loader/URLClassPath$FileLoader$1
Event: 0.022 Loading class jdk/internal/loader/URLClassPath$FileLoader$1 done

Classes unloaded (0 events):
No events

Classes redefined (0 events):
No events

Internal exceptions (0 events):
No events

ZGC Phase Switch (0 events):
No events

VM Operations (0 events):
No events

Events (20 events):
Event: 0.002 Protecting memory [0x00007fa260219000,0x00007fa26021d000] with protection modes 0
Event: 0.010 Thread 0x00007fa25c028480 Thread added: 0x00007fa25c028480
Event: 0.016 Thread 0x00007fa25c143680 Thread added: 0x00007fa25c143680
Event: 0.016 Protecting memory [0x00007fa224a95000,0x00007fa224a99000] with protection modes 0
Event: 0.016 Thread 0x00007fa25c144df0 Thread added: 0x00007fa25c144df0
Event: 0.016 Protecting memory [0x00007fa224994000,0x00007fa224998000] with protection modes 0
Event: 0.016 Thread 0x00007fa25c1468d0 Thread added: 0x00007fa25c1468d0
Event: 0.016 Protecting memory [0x00007fa224893000,0x00007fa224897000] with protection modes 0
Event: 0.017 Thread 0x00007fa25c147f10 Thread added: 0x00007fa25c147f10
Event: 0.017 Protecting memory [0x00007fa224792000,0x00007fa224796000] with protection modes 0
Event: 0.017 Thread 0x00007fa25c1494b0 Thread added: 0x00007fa25c1494b0
Event: 0.017 Protecting memory [0x00007fa224691000,0x00007fa224695000] with protection modes 0
Event: 0.017 Thread 0x00007fa25c14b070 Thread added: 0x00007fa25c14b070
Event: 0.017 Protecting memory [0x00007fa224590000,0x00007fa224594000] with protection modes 0
Event: 0.017 Thread 0x00007fa25c14c730 Thread added: 0x00007fa25c14c730
Event: 0.017 Protecting memory [0x00007fa22448f000,0x00007fa224493000] with protection modes 0
Event: 0.020 Thread 0x00007fa25c15a940 Thread added: 0x00007fa25c15a940
Event: 0.020 Protecting memory [0x00007fa22438e000,0x00007fa224392000] with protection modes 0
Event: 0.023 Thread 0x00007fa25c15df20 Thread added: 0x00007fa25c15df20
Event: 0.023 Protecting memory [0x00007fa22428d000,0x00007fa224291000] with protection modes 0


Dynamic libraries:
50f800000-53f000000 rw-p 00000000 00:00 0 
53f000000-7ff800000 ---p 00000000 00:00 0 
7ff800000-7ff908000 rw-p 00ce5000 08:20 537309                           /root/.sdkman/candidates/java/21.0.2-amzn/lib/server/classes.jsa
7ff908000-800000000 rw-p 00000000 00:00 0 
5616c4200000-5616c4201000 r-xp 00000000 08:20 307511                     /root/.sdkman/candidates/java/21.0.2-amzn/bin/java
5616c4401000-5616c4402000 r--p 00001000 08:20 307511                     /root/.sdkman/candidates/java/21.0.2-amzn/bin/java
5616c4402000-5616c4403000 rw-p 00002000 08:20 307511                     /root/.sdkman/candidates/java/21.0.2-amzn/bin/java
5616c4b7c000-5616c4bc2000 rw-p 00000000 00:00 0                          [heap]
7fa1a4000000-7fa1a4021000 rw-p 00000000 00:00 0 
7fa1a4021000-7fa1a8000000 ---p 00000000 00:00 0 
7fa1ac000000-7fa1ac034000 rw-p 00000000 00:00 0 
7fa1ac034000-7fa1b0000000 ---p 00000000 00:00 0 
7fa1b0000000-7fa1b0021000 rw-p 00000000 00:00 0 
7fa1b0021000-7fa1b4000000 ---p 00000000 00:00 0 
7fa1b4000000-7fa1b4021000 rw-p 00000000 00:00 0 
7fa1b4021000-7fa1b8000000 ---p 00000000 00:00 0 
7fa1b8000000-7fa1b804f000 rw-p 00000000 00:00 0 
7fa1b804f000-7fa1bc000000 ---p 00000000 00:00 0 
7fa1bc000000-7fa1bc021000 rw-p 00000000 00:00 0 
7fa1bc021000-7fa1c0000000 ---p 00000000 00:00 0 
7fa1c0000000-7fa1c0021000 rw-p 00000000 00:00 0 
7fa1c0021000-7fa1c4000000 ---p 00000000 00:00 0 
7fa1c4000000-7fa1c4021000 rw-p 00000000 00:00 0 
7fa1c4021000-7fa1c8000000 ---p 00000000 00:00 0 
7fa1c8000000-7fa1c8021000 rw-p 00000000 00:00 0 
7fa1c8021000-7fa1cc000000 ---p 00000000 00:00 0 
7fa1cc000000-7fa1cc021000 rw-p 00000000 00:00 0 
7fa1cc021000-7fa1d0000000 ---p 00000000 00:00 0 
7fa1d279d000-7fa1d2c00000 rw-p 00000000 00:00 0 
7fa1d2c00000-7fa1d2cce000 r-xp 00000000 08:20 537319                     /root/.sdkman/candidates/java/21.0.2-amzn/lib/libjsvml.so
7fa1d2cce000-7fa1d2ecd000 ---p 000ce000 08:20 537319                     /root/.sdkman/candidates/java/21.0.2-amzn/lib/libjsvml.so
7fa1d2ecd000-7fa1d2ece000 r--p 000cd000 08:20 537319                     /root/.sdkman/candidates/java/21.0.2-amzn/lib/libjsvml.so
7fa1d2ece000-7fa1d2ecf000 rw-p 000ce000 08:20 537319                     /root/.sdkman/candidates/java/21.0.2-amzn/lib/libjsvml.so
7fa1d3000000-7fa1d3020000 rw-p 00000000 00:00 0 
7fa1d3020000-7fa1d3400000 ---p 00000000 00:00 0 
7fa1d3400000-7fa1d3410000 rw-p 00000000 00:00 0 
7fa1d3410000-7fa1d7000000 ---p 00000000 00:00 0 
7fa1d7000000-7fa1d7ca6000 rw-p 00001000 08:20 537309                     /root/.sdkman/candidates/java/21.0.2-amzn/lib/server/classes.jsa
7fa1d7ca6000-7fa1d8000000 ---p 00000000 00:00 0 
7fa1d8000000-7fa1d8010000 rw-p 00000000 00:00 0 
7fa1d8010000-7fa1d8040000 ---p 00000000 00:00 0 
7fa1d8040000-7fa1d8050000 rw-p 00000000 00:00 0 
7fa1d8050000-7fa218000000 ---p 00000000 00:00 0 
7fa218000000-7fa218021000 rw-p 00000000 00:00 0 
7fa218021000-7fa21c000000 ---p 00000000 00:00 0 
7fa21c000000-7fa21c021000 rw-p 00000000 00:00 0 
7fa21c021000-7fa220000000 ---p 00000000 00:00 0 
7fa220000000-7fa220021000 rw-p 00000000 00:00 0 
7fa220021000-7fa224000000 ---p 00000000 00:00 0 
7fa224060000-7fa2240fa000 r--p 00000000 08:20 27187                      /usr/lib/x86_64-linux-gnu/libstdc++.so.6.0.30
7fa2240fa000-7fa22420b000 r-xp 0009a000 08:20 27187                      /usr/lib/x86_64-linux-gnu/libstdc++.so.6.0.30
7fa22420b000-7fa22427a000 r--p 001ab000 08:20 27187                      /usr/lib/x86_64-linux-gnu/libstdc++.so.6.0.30
7fa22427a000-7fa22427b000 ---p 0021a000 08:20 27187                      /usr/lib/x86_64-linux-gnu/libstdc++.so.6.0.30
7fa22427b000-7fa224286000 r--p 0021a000 08:20 27187                      /usr/lib/x86_64-linux-gnu/libstdc++.so.6.0.30
7fa224286000-7fa224289000 rw-p 00225000 08:20 27187                      /usr/lib/x86_64-linux-gnu/libstdc++.so.6.0.30
7fa224289000-7fa22428c000 rw-p 00000000 00:00 0 
7fa22428c000-7fa22428d000 ---p 00000000 00:00 0 
7fa22428d000-7fa224291000 ---p 00000000 00:00 0 
7fa224291000-7fa22438d000 rw-p 00000000 00:00 0 
7fa22438d000-7fa22438e000 ---p 00000000 00:00 0 
7fa22438e000-7fa224392000 ---p 00000000 00:00 0 
7fa224392000-7fa22448e000 rw-p 00000000 00:00 0 
7fa22448e000-7fa22448f000 ---p 00000000 00:00 0 
7fa22448f000-7fa224493000 ---p 00000000 00:00 0 
7fa224493000-7fa22458f000 rw-p 00000000 00:00 0 
7fa22458f000-7fa224590000 ---p 00000000 00:00 0 
7fa224590000-7fa224594000 ---p 00000000 00:00 0 
7fa224594000-7fa224690000 rw-p 00000000 00:00 0 
7fa224690000-7fa224691000 ---p 00000000 00:00 0 
7fa224691000-7fa224695000 ---p 00000000 00:00 0 
7fa224695000-7fa224791000 rw-p 00000000 00:00 0 
7fa224791000-7fa224792000 ---p 00000000 00:00 0 
7fa224792000-7fa224796000 ---p 00000000 00:00 0 
7fa224796000-7fa224892000 rw-p 00000000 00:00 0 
7fa224892000-7fa224893000 ---p 00000000 00:00 0 
7fa224893000-7fa224897000 ---p 00000000 00:00 0 
7fa224897000-7fa224993000 rw-p 00000000 00:00 0 
7fa224993000-7fa224994000 ---p 00000000 00:00 0 
7fa224994000-7fa224998000 ---p 00000000 00:00 0 
7fa224998000-7fa224a94000 rw-p 00000000 00:00 0 
7fa224a94000-7fa224a95000 ---p 00000000 00:00 0 
7fa224a95000-7fa224a99000 ---p 00000000 00:00 0 
7fa224a99000-7fa224b95000 rw-p 00000000 00:00 0 
7fa224b95000-7fa224bec000 r--p 00000000 08:20 7397                       /usr/lib/locale/C.utf8/LC_CTYPE
7fa224bec000-7fa224bed000 ---p 00000000 00:00 0 
7fa224bed000-7fa224ced000 rw-p 00000000 00:00 0 
7fa224ced000-7fa224cee000 ---p 00000000 00:00 0 
7fa224cee000-7fa224dee000 rw-p 00000000 00:00 0 
7fa224dee000-7fa224def000 ---p 00000000 00:00 0 
7fa224def000-7fa224eef000 rw-p 00000000 00:00 0 
7fa224eef000-7fa224ef0000 ---p 00000000 00:00 0 
7fa224ef0000-7fa228000000 rw-p 00000000 00:00 0 
7fa228000000-7fa228021000 rw-p 00000000 00:00 0 
7fa228021000-7fa22c000000 ---p 00000000 00:00 0 
7fa22c000000-7fa22c021000 rw-p 00000000 00:00 0 
7fa22c021000-7fa230000000 ---p 00000000 00:00 0 
7fa230000000-7fa230021000 rw-p 00000000 00:00 0 
7fa230021000-7fa234000000 ---p 00000000 00:00 0 
7fa234041000-7fa2342c4000 rw-p 00000000 00:00 0 
7fa2342c4000-7fa2342c5000 ---p 00000000 00:00 0 
7fa2342c5000-7fa2343c5000 rw-p 00000000 00:00 0 
7fa2343c5000-7fa2343c6000 ---p 00000000 00:00 0 
7fa2343c6000-7fa2344c6000 rw-p 00000000 00:00 0 
7fa2344c6000-7fa2344c7000 ---p 00000000 00:00 0 
7fa2344c7000-7fa2351a7000 rw-p 00000000 00:00 0 
7fa2351a7000-7fa2401c7000 ---p 00000000 00:00 0 
7fa2401c7000-7fa240363000 rw-p 00000000 00:00 0 
7fa240363000-7fa241967000 ---p 00000000 00:00 0 
7fa241967000-7fa241ae7000 rw-p 00000000 00:00 0 
7fa241ae7000-7fa2430eb000 ---p 00000000 00:00 0 
7fa2430eb000-7fa244200000 rw-p 00000000 00:00 0 
7fa244200000-7fa244470000 rwxp 00000000 00:00 0 
7fa244470000-7fa24b65f000 ---p 00000000 00:00 0 
7fa24b65f000-7fa24b8cf000 rwxp 00000000 00:00 0 
7fa24b8cf000-7fa24bda0000 ---p 00000000 00:00 0 
7fa24bda0000-7fa24c010000 rwxp 00000000 00:00 0 
7fa24c010000-7fa253200000 ---p 00000000 00:00 0 
7fa253200000-7fa253220000 r-xp 00000000 08:20 537301                     /root/.sdkman/candidates/java/21.0.2-amzn/lib/libjava.so
7fa253220000-7fa25341f000 ---p 00020000 08:20 537301                     /root/.sdkman/candidates/java/21.0.2-amzn/lib/libjava.so
7fa25341f000-7fa253420000 r--p 0001f000 08:20 537301                     /root/.sdkman/candidates/java/21.0.2-amzn/lib/libjava.so
7fa253420000-7fa253421000 rw-p 00020000 08:20 537301                     /root/.sdkman/candidates/java/21.0.2-amzn/lib/libjava.so
7fa253421000-7fa253422000 rw-p 00000000 00:00 0 
7fa253472000-7fa2534cd000 rw-p 00000000 00:00 0 
7fa2534cd000-7fa25bc00000 r--s 00000000 08:20 537331                     /root/.sdkman/candidates/java/21.0.2-amzn/lib/modules
7fa25bc00000-7fa25bc1b000 r-xp 00000000 08:20 537352                     /root/.sdkman/candidates/java/21.0.2-amzn/lib/libjimage.so
7fa25bc1b000-7fa25be1a000 ---p 0001b000 08:20 537352                     /root/.sdkman/candidates/java/21.0.2-amzn/lib/libjimage.so
7fa25be1a000-7fa25be1c000 r--p 0001a000 08:20 537352                     /root/.sdkman/candidates/java/21.0.2-amzn/lib/libjimage.so
7fa25be1c000-7fa25be1d000 rw-p 0001c000 08:20 537352                     /root/.sdkman/candidates/java/21.0.2-amzn/lib/libjimage.so
7fa25be1f000-7fa25be22000 r--p 00000000 08:20 9341                       /usr/lib/x86_64-linux-gnu/libgcc_s.so.1
7fa25be22000-7fa25be39000 r-xp 00003000 08:20 9341                       /usr/lib/x86_64-linux-gnu/libgcc_s.so.1
7fa25be39000-7fa25be3d000 r--p 0001a000 08:20 9341                       /usr/lib/x86_64-linux-gnu/libgcc_s.so.1
7fa25be3d000-7fa25be3e000 r--p 0001d000 08:20 9341                       /usr/lib/x86_64-linux-gnu/libgcc_s.so.1
7fa25be3e000-7fa25be3f000 rw-p 0001e000 08:20 9341                       /usr/lib/x86_64-linux-gnu/libgcc_s.so.1
7fa25be3f000-7fa25c000000 rw-p 00000000 00:00 0 
7fa25c000000-7fa25c188000 rw-p 00000000 00:00 0 
7fa25c188000-7fa260000000 ---p 00000000 00:00 0 
7fa260006000-7fa26004c000 rw-p 00000000 00:00 0 
7fa26004c000-7fa260130000 ---p 00000000 00:00 0 
7fa260130000-7fa260135000 rw-p 00000000 00:00 0 
7fa260135000-7fa260219000 ---p 00000000 00:00 0 
7fa260219000-7fa26021d000 ---p 00000000 00:00 0 
7fa26021d000-7fa260319000 rw-p 00000000 00:00 0 
7fa260319000-7fa260327000 r--p 00000000 08:20 26538                      /usr/lib/x86_64-linux-gnu/libm.so.6
7fa260327000-7fa2603a3000 r-xp 0000e000 08:20 26538                      /usr/lib/x86_64-linux-gnu/libm.so.6
7fa2603a3000-7fa2603fe000 r--p 0008a000 08:20 26538                      /usr/lib/x86_64-linux-gnu/libm.so.6
7fa2603fe000-7fa2603ff000 r--p 000e4000 08:20 26538                      /usr/lib/x86_64-linux-gnu/libm.so.6
7fa2603ff000-7fa260400000 rw-p 000e5000 08:20 26538                      /usr/lib/x86_64-linux-gnu/libm.so.6
7fa260400000-7fa26184f000 r-xp 00000000 08:20 537311                     /root/.sdkman/candidates/java/21.0.2-amzn/lib/server/libjvm.so
7fa26184f000-7fa261a4e000 ---p 0144f000 08:20 537311                     /root/.sdkman/candidates/java/21.0.2-amzn/lib/server/libjvm.so
7fa261a4e000-7fa261b1f000 r--p 0144e000 08:20 537311                     /root/.sdkman/candidates/java/21.0.2-amzn/lib/server/libjvm.so
7fa261b1f000-7fa261b4f000 rw-p 0151f000 08:20 537311                     /root/.sdkman/candidates/java/21.0.2-amzn/lib/server/libjvm.so
7fa261b4f000-7fa261bb5000 rw-p 00000000 00:00 0 
7fa261bd7000-7fa261bff000 r--p 00000000 08:20 26535                      /usr/lib/x86_64-linux-gnu/libc.so.6
7fa261bff000-7fa261d94000 r-xp 00028000 08:20 26535                      /usr/lib/x86_64-linux-gnu/libc.so.6
7fa261d94000-7fa261dec000 r--p 001bd000 08:20 26535                      /usr/lib/x86_64-linux-gnu/libc.so.6
7fa261dec000-7fa261ded000 ---p 00215000 08:20 26535                      /usr/lib/x86_64-linux-gnu/libc.so.6
7fa261ded000-7fa261df1000 r--p 00215000 08:20 26535                      /usr/lib/x86_64-linux-gnu/libc.so.6
7fa261df1000-7fa261df3000 rw-p 00219000 08:20 26535                      /usr/lib/x86_64-linux-gnu/libc.so.6
7fa261df3000-7fa261e00000 rw-p 00000000 00:00 0 
7fa261e00000-7fa261e0f000 r-xp 00000000 08:20 537304                     /root/.sdkman/candidates/java/21.0.2-amzn/lib/libjli.so
7fa261e0f000-7fa26200f000 ---p 0000f000 08:20 537304                     /root/.sdkman/candidates/java/21.0.2-amzn/lib/libjli.so
7fa26200f000-7fa262010000 r--p 0000f000 08:20 537304                     /root/.sdkman/candidates/java/21.0.2-amzn/lib/libjli.so
7fa262010000-7fa262011000 rw-p 00010000 08:20 537304                     /root/.sdkman/candidates/java/21.0.2-amzn/lib/libjli.so
7fa262018000-7fa26201b000 r--p 00000000 00:53 5348024558630140           /mnt/e/code/BA-Thesis/java/app/build/libcppjnilib.so
7fa26201b000-7fa26201d000 r-xp 00003000 00:53 5348024558630140           /mnt/e/code/BA-Thesis/java/app/build/libcppjnilib.so
7fa26201d000-7fa26201e000 r--p 00005000 00:53 5348024558630140           /mnt/e/code/BA-Thesis/java/app/build/libcppjnilib.so
7fa26201e000-7fa26201f000 r--p 00005000 00:53 5348024558630140           /mnt/e/code/BA-Thesis/java/app/build/libcppjnilib.so
7fa26201f000-7fa262020000 rw-p 00006000 00:53 5348024558630140           /mnt/e/code/BA-Thesis/java/app/build/libcppjnilib.so
7fa262020000-7fa262021000 r--p 00000000 08:20 7406                       /usr/lib/locale/C.utf8/LC_NUMERIC
7fa262021000-7fa262022000 r--p 00000000 08:20 7409                       /usr/lib/locale/C.utf8/LC_TIME
7fa262022000-7fa262023000 r--p 00000000 08:20 7396                       /usr/lib/locale/C.utf8/LC_COLLATE
7fa262023000-7fa262024000 r--p 00000000 08:20 7403                       /usr/lib/locale/C.utf8/LC_MONETARY
7fa262024000-7fa262025000 r--p 00000000 08:20 7401                       /usr/lib/locale/C.utf8/LC_MESSAGES/SYS_LC_MESSAGES
7fa262025000-7fa262026000 r--p 00000000 08:20 7407                       /usr/lib/locale/C.utf8/LC_PAPER
7fa262026000-7fa262027000 r--p 00000000 08:20 7404                       /usr/lib/locale/C.utf8/LC_NAME
7fa262027000-7fa262028000 r--p 00000000 08:20 7395                       /usr/lib/locale/C.utf8/LC_ADDRESS
7fa262028000-7fa262029000 r--p 00000000 08:20 7408                       /usr/lib/locale/C.utf8/LC_TELEPHONE
7fa262029000-7fa26202a000 r--p 00000000 08:20 7400                       /usr/lib/locale/C.utf8/LC_MEASUREMENT
7fa26202a000-7fa262031000 r--s 00000000 08:20 51605                      /usr/lib/x86_64-linux-gnu/gconv/gconv-modules.cache
7fa262031000-7fa2620c5000 rw-p 00000000 00:00 0 
7fa2620c5000-7fa2620cf000 ---p 00000000 00:00 0 
7fa2620cf000-7fa2620d0000 r--p 00000000 08:20 26549                      /usr/lib/x86_64-linux-gnu/librt.so.1
7fa2620d0000-7fa2620d1000 r-xp 00001000 08:20 26549                      /usr/lib/x86_64-linux-gnu/librt.so.1
7fa2620d1000-7fa2620d2000 r--p 00002000 08:20 26549                      /usr/lib/x86_64-linux-gnu/librt.so.1
7fa2620d2000-7fa2620d3000 r--p 00002000 08:20 26549                      /usr/lib/x86_64-linux-gnu/librt.so.1
7fa2620d3000-7fa2620d4000 rw-p 00003000 08:20 26549                      /usr/lib/x86_64-linux-gnu/librt.so.1
7fa2620d4000-7fa2620d8000 rw-p 00000000 00:00 0 
7fa2620d8000-7fa2620d9000 r--p 00000000 08:20 26537                      /usr/lib/x86_64-linux-gnu/libdl.so.2
7fa2620d9000-7fa2620da000 r-xp 00001000 08:20 26537                      /usr/lib/x86_64-linux-gnu/libdl.so.2
7fa2620da000-7fa2620db000 r--p 00002000 08:20 26537                      /usr/lib/x86_64-linux-gnu/libdl.so.2
7fa2620db000-7fa2620dc000 r--p 00002000 08:20 26537                      /usr/lib/x86_64-linux-gnu/libdl.so.2
7fa2620dc000-7fa2620dd000 rw-p 00003000 08:20 26537                      /usr/lib/x86_64-linux-gnu/libdl.so.2
7fa2620dd000-7fa2620de000 r--p 00000000 08:20 26547                      /usr/lib/x86_64-linux-gnu/libpthread.so.0
7fa2620de000-7fa2620df000 r-xp 00001000 08:20 26547                      /usr/lib/x86_64-linux-gnu/libpthread.so.0
7fa2620df000-7fa2620e0000 r--p 00002000 08:20 26547                      /usr/lib/x86_64-linux-gnu/libpthread.so.0
7fa2620e0000-7fa2620e1000 r--p 00002000 08:20 26547                      /usr/lib/x86_64-linux-gnu/libpthread.so.0
7fa2620e1000-7fa2620e2000 rw-p 00003000 08:20 26547                      /usr/lib/x86_64-linux-gnu/libpthread.so.0
7fa2620e2000-7fa2620e4000 r--p 00000000 08:20 6844                       /usr/lib/x86_64-linux-gnu/libz.so.1.2.11
7fa2620e4000-7fa2620f5000 r-xp 00002000 08:20 6844                       /usr/lib/x86_64-linux-gnu/libz.so.1.2.11
7fa2620f5000-7fa2620fb000 r--p 00013000 08:20 6844                       /usr/lib/x86_64-linux-gnu/libz.so.1.2.11
7fa2620fb000-7fa2620fc000 ---p 00019000 08:20 6844                       /usr/lib/x86_64-linux-gnu/libz.so.1.2.11
7fa2620fc000-7fa2620fd000 r--p 00019000 08:20 6844                       /usr/lib/x86_64-linux-gnu/libz.so.1.2.11
7fa2620fd000-7fa2620fe000 rw-p 0001a000 08:20 6844                       /usr/lib/x86_64-linux-gnu/libz.so.1.2.11
7fa2620fe000-7fa2620ff000 r--p 00000000 08:20 7398                       /usr/lib/locale/C.utf8/LC_IDENTIFICATION
7fa2620ff000-7fa262107000 rw-s 00000000 08:20 1213                       /tmp/hsperfdata_root/10311
7fa262107000-7fa262108000 ---p 00000000 00:00 0 
7fa262108000-7fa262109000 r--p 00000000 00:00 0 
7fa262109000-7fa26210b000 rw-p 00000000 00:00 0 
7fa26210b000-7fa26210d000 r--p 00000000 08:20 26532                      /usr/lib/x86_64-linux-gnu/ld-linux-x86-64.so.2
7fa26210d000-7fa262137000 r-xp 00002000 08:20 26532                      /usr/lib/x86_64-linux-gnu/ld-linux-x86-64.so.2
7fa262137000-7fa262142000 r--p 0002c000 08:20 26532                      /usr/lib/x86_64-linux-gnu/ld-linux-x86-64.so.2
7fa262142000-7fa262143000 ---p 00000000 00:00 0 
7fa262143000-7fa262145000 r--p 00037000 08:20 26532                      /usr/lib/x86_64-linux-gnu/ld-linux-x86-64.so.2
7fa262145000-7fa262147000 rw-p 00039000 08:20 26532                      /usr/lib/x86_64-linux-gnu/ld-linux-x86-64.so.2
7ffe36183000-7ffe361a5000 rw-p 00000000 00:00 0                          [stack]
7ffe361bc000-7ffe361c0000 r--p 00000000 00:00 0                          [vvar]
7ffe361c0000-7ffe361c2000 r-xp 00000000 00:00 0                          [vdso]
Total number of mappings: 217


VM Arguments:
jvm_args: -Djava.library.path=. 
java_command: HelloWorld
java_class_path (initial): .
Launcher Type: SUN_STANDARD

[Global flags]
     intx CICompilerCount                          = 12                                        {product} {ergonomic}
     uint ConcGCThreads                            = 5                                         {product} {ergonomic}
     uint G1ConcRefinementThreads                  = 18                                        {product} {ergonomic}
   size_t G1HeapRegionSize                         = 8388608                                   {product} {ergonomic}
    uintx GCDrainStackTargetSize                   = 64                                        {product} {ergonomic}
   size_t InitialHeapSize                          = 796917760                                 {product} {ergonomic}
   size_t MarkStackSize                            = 4194304                                   {product} {ergonomic}
   size_t MaxHeapSize                              = 12624855040                               {product} {ergonomic}
   size_t MaxNewSize                               = 7574913024                                {product} {ergonomic}
   size_t MinHeapDeltaBytes                        = 8388608                                   {product} {ergonomic}
   size_t MinHeapSize                              = 8388608                                   {product} {ergonomic}
    uintx NonNMethodCodeHeapSize                   = 7602480                                {pd product} {ergonomic}
    uintx NonProfiledCodeHeapSize                  = 122027880                              {pd product} {ergonomic}
    uintx ProfiledCodeHeapSize                     = 122027880                              {pd product} {ergonomic}
    uintx ReservedCodeCacheSize                    = 251658240                              {pd product} {ergonomic}
     bool SegmentedCodeCache                       = true                                      {product} {ergonomic}
   size_t SoftMaxHeapSize                          = 12624855040                            {manageable} {ergonomic}
     bool UseCompressedOops                        = true                           {product lp64_product} {ergonomic}
     bool UseG1GC                                  = true                                      {product} {ergonomic}

Logging:
Log output configuration:
 #0: stdout all=warning uptime,level,tags foldmultilines=false
 #1: stderr all=off uptime,level,tags foldmultilines=false

Environment Variables:
JAVA_HOME=/root/.sdkman/candidates/java/current
PATH=/root/android-ndk/android-ndk-r26b:/root/.nix-profile/bin:/nix/var/nix/profiles/default/bin:/root/android-ndk/android-ndk-r26b/:/root/.sdkman/candidates/kotlin/current/bin:/root/.sdkman/candidates/java/current/bin:/root/.sdkman/candidates/gradle/current/bin:/usr/local/sbin:/usr/local/bin:/usr/sbin:/usr/bin:/sbin:/bin:/usr/games:/usr/local/games:/usr/lib/wsl/lib:/mnt/c/Program Files/PowerShell/7:/mnt/c/Users/Jean/fvm/versions/stable/bin/:/mnt/c/Program Files (x86)/Common Files/Intel/Shared Libraries/redist/intel64_win/compiler:/mnt/c/Program Files/Lapce/:/mnt/c/tools/python/Python311/Scripts/:/mnt/c/tools/python/Python311/:/mnt/c/Program Files (x86)/VMware/VMware Workstation/bin/:/mnt/c/Program Files/OpenSSH/:/mnt/c/Program Files (x86)/Common Files/Intel/Shared Libraries/redist/intel64/compiler:/mnt/c/Windows/system32:/mnt/c/Windows:/mnt/c/Windows/System32/Wbem:/mnt/c/Windows/System32/WindowsPowerShell/v1.0/:/mnt/c/Windows/System32/OpenSSH/:/mnt/c/Program Files/PuTTY/:/mnt/c/Program Files/WireGuard/:/mnt/c/Users/Jean/AppData/Roaming/nvm:/mnt/c/Program Files/nodejs:/mnt/c/ProgramData/chocolatey/bin:/mnt/c/Program Files/Microsoft SQL Server/150/Tools/Binn/:/mnt/c/Program Files/dotnet/:/mnt/c/Program Files/NVIDIA Corporation/NVIDIA NvDLISR:/mnt/c/Program Files/Git/cmd:/mnt/c/Program Files (x86)/NVIDIA Corporation/PhysX/Common:/mnt/c/Program Files/usbipd-win/:/mnt/c/tools/php/php-8.2.5-nts-Win32-vs16-x64:/mnt/c/tools/composer:/mnt/c/Program Files/Docker/Docker/resources/bin:/mnt/c/Program Files (x86)/Microsoft SQL Server/160/DTS/Binn/:/mnt/c/Program Files/Azure Data Studio/bin:/mnt/c/tools/CMake/bin:/mnt/c/Strawberry/c/bin:/mnt/c/Strawberry/perl/site/bin:/mnt/c/Strawberry/perl/bin:/mnt/c/Program Files/PowerShell/7/:/mnt/e/MinGW/bin:/mnt/c/Users/Jean/AppData/Local/pnpm:/mnt/c/Users/Jean/.cargo/bin:/mnt/c/Users/Jean/AppData/Local/Microsoft/WindowsApps:/mnt/c/Users/Jean/AppData/Local/Programs/Microsoft VS Code/bin:/mnt/c/tools/dart-sdk/bin:/mnt/c/Users/Jean/AppData/Roaming/Pub/Cache/bin:/mnt/c/tools/OpenJDK/jdk-17.0.6+10/bin:/mnt/c/Users/Jean/AppData/Local/Programs/oh-my-posh/bin:/mnt/c/Users/Jean/AppData/Local/Android/Sdk/platform-tools:/mnt/c/Users/Jean/fvm/default/bin:/mnt/c/Users/Jean/AppData/Roaming/Composer/vendor/bin:/mnt/c/Users/Jean/AppData/Local/Microsoft/WinGet/Links:/mnt/c/Program Files (x86)/Dr. Memory/bin/:/mnt/c/Users/Jean/.dotnet/tools:/snap/bin
SHELL=/usr/bin/fish
DISPLAY=:0
HOSTTYPE=x86_64
LANG=C.UTF-8
TERM=xterm-256color

Active Locale:
LC_ALL=C.UTF-8
LC_COLLATE=C.UTF-8
LC_CTYPE=C.UTF-8
LC_MESSAGES=C.UTF-8
LC_MONETARY=C.UTF-8
LC_NUMERIC=C.UTF-8
LC_TIME=C.UTF-8

Signal Handlers:
   SIGSEGV: crash_handler in libjvm.so, mask=11100100010111111101111111111110, flags=SA_RESTART|SA_SIGINFO, unblocked
    SIGBUS: crash_handler in libjvm.so, mask=11100100010111111101111111111110, flags=SA_RESTART|SA_SIGINFO, unblocked
    SIGFPE: crash_handler in libjvm.so, mask=11100100010111111101111111111110, flags=SA_RESTART|SA_SIGINFO, unblocked
   SIGPIPE: javaSignalHandler in libjvm.so, mask=11100100010111111101111111111110, flags=SA_RESTART|SA_SIGINFO, blocked
   SIGXFSZ: javaSignalHandler in libjvm.so, mask=11100100010111111101111111111110, flags=SA_RESTART|SA_SIGINFO, blocked
    SIGILL: crash_handler in libjvm.so, mask=11100100010111111101111111111110, flags=SA_RESTART|SA_SIGINFO, unblocked
   SIGUSR2: SR_handler in libjvm.so, mask=00000000000000000000000000000000, flags=SA_RESTART|SA_SIGINFO, blocked
    SIGHUP: UserHandler in libjvm.so, mask=11100100010111111101111111111110, flags=SA_RESTART|SA_SIGINFO, blocked
    SIGINT: UserHandler in libjvm.so, mask=11100100010111111101111111111110, flags=SA_RESTART|SA_SIGINFO, blocked
   SIGTERM: UserHandler in libjvm.so, mask=11100100010111111101111111111110, flags=SA_RESTART|SA_SIGINFO, blocked
   SIGQUIT: UserHandler in libjvm.so, mask=11100100010111111101111111111110, flags=SA_RESTART|SA_SIGINFO, blocked
   SIGTRAP: crash_handler in libjvm.so, mask=11100100010111111101111111111110, flags=SA_RESTART|SA_SIGINFO, unblocked


Periodic native trim disabled

---------------  S Y S T E M  ---------------

OS:
DISTRIB_ID=Ubuntu
DISTRIB_RELEASE=22.04
DISTRIB_CODENAME=jammy
DISTRIB_DESCRIPTION="Ubuntu 22.04.3 LTS"
uname: Linux 5.15.133.1-microsoft-standard-WSL2 #1 SMP Thu Oct 5 21:02:42 UTC 2023 x86_64
OS uptime: 0 days 21:38 hours
libc: glibc 2.35 NPTL 2.35 
rlimit (soft/hard): STACK 8192k/infinity , CORE 0k/infinity , NPROC 192524/192524 , NOFILE 1048576/1048576 , AS infinity/infinity , CPU infinity/infinity , DATA infinity/infinity , FSIZE infinity/infinity , MEMLOCK 65536k/65536k
load average: 0.13 0.08 0.04

/proc/meminfo:
MemTotal:       49292808 kB
MemFree:        47243632 kB
MemAvailable:   47978452 kB
Buffers:           39844 kB
Cached:          1141324 kB
SwapCached:            0 kB
Active:           506268 kB
Inactive:        1028472 kB
Active(anon):       2992 kB
Inactive(anon):   356640 kB
Active(file):     503276 kB
Inactive(file):   671832 kB
Unevictable:           0 kB
Mlocked:               0 kB
SwapTotal:      12582912 kB
SwapFree:       12582912 kB
Dirty:                96 kB
Writeback:             0 kB
AnonPages:        339832 kB
Mapped:           274908 kB
Shmem:              6060 kB
KReclaimable:      67844 kB
Slab:             158944 kB
SReclaimable:      67844 kB
SUnreclaim:        91100 kB
KernelStack:        7728 kB
PageTables:         7200 kB
NFS_Unstable:          0 kB
Bounce:                0 kB
WritebackTmp:          0 kB
CommitLimit:    37229316 kB
Committed_AS:    2982268 kB
VmallocTotal:   34359738367 kB
VmallocUsed:       32528 kB
VmallocChunk:          0 kB
Percpu:            13440 kB
AnonHugePages:    124928 kB
ShmemHugePages:        0 kB
ShmemPmdMapped:        0 kB
FileHugePages:         0 kB
FilePmdMapped:         0 kB
HugePages_Total:       0
HugePages_Free:        0
HugePages_Rsvd:        0
HugePages_Surp:        0
Hugepagesize:       2048 kB
Hugetlb:               0 kB
DirectMap4k:      117760 kB
DirectMap2M:     7180288 kB
DirectMap1G:    52428800 kB

/sys/kernel/mm/transparent_hugepage/enabled: [always] madvise never
/sys/kernel/mm/transparent_hugepage/defrag (defrag/compaction efforts parameter): always defer defer+madvise [madvise] never

Process Memory:
Virtual Size: 15335200K (peak: 15393860K)
Resident Set Size: 48944K (peak: 48944K) (anon: 27424K, file: 21520K, shmem: 0K)
Swapped out: 0K
C-Heap outstanding allocations: 45439K, retained: 2012K
glibc malloc tunables: (default)

/proc/sys/kernel/threads-max (system-wide limit on the number of threads): 385048
/proc/sys/vm/max_map_count (maximum number of memory map areas a process may have): 65530
/proc/sys/kernel/pid_max (system-wide limit on number of process identifiers): 4194304

container (cgroup) information:
container_type: cgroupv1
cpu_cpuset_cpus: 0-23
cpu_memory_nodes: 0
active_processor_count: 24
cpu_quota: no quota
cpu_period: 100000
cpu_shares: no shares
memory_limit_in_bytes: unlimited
memory_and_swap_limit_in_bytes: unlimited
memory_soft_limit_in_bytes: unlimited
memory_usage_in_bytes: 1521020 k
memory_max_usage_in_bytes: 1208528 k
kernel_memory_usage_in_bytes: 52936 k
kernel_memory_max_usage_in_bytes: unlimited
kernel_memory_limit_in_bytes: 57620 k
maximum number of tasks: not supported
current number of tasks: not supported

Hyper-V virtualization detected
Steal ticks since vm start: 0
Steal ticks percentage since vm start:  0.000

CPU: total 24 (initial active 24) (32 cores per cpu, 2 threads per core) family 23 model 113 stepping 0 microcode 0xffffffff, cx8, cmov, fxsr, ht, mmx, 3dnowpref, sse, sse2, sse3, ssse3, sse4a, sse4.1, sse4.2, popcnt, lzcnt, tsc, tscinvbit, avx, avx2, aes, clmul, bmi1, bmi2, adx, sha, fma, vzeroupper, clflush, clflushopt, hv, rdtscp, rdpid, f16c
CPU Model and flags from /proc/cpuinfo:
model name	: AMD Ryzen 9 3900X 12-Core Processor
flags		: fpu vme de pse tsc msr pae mce cx8 apic sep mtrr pge mca cmov pat pse36 clflush mmx fxsr sse sse2 ht syscall nx mmxext fxsr_opt pdpe1gb rdtscp lm constant_tsc rep_good nopl tsc_reliable nonstop_tsc cpuid extd_apicid pni pclmulqdq ssse3 fma cx16 sse4_1 sse4_2 movbe popcnt aes xsave avx f16c rdrand hypervisor lahf_lm cmp_legacy svm cr8_legacy abm sse4a misalignsse 3dnowprefetch osvw topoext perfctr_core ssbd ibpb stibp vmmcall fsgsbase bmi1 avx2 smep bmi2 rdseed adx smap clflushopt clwb sha_ni xsaveopt xsavec xgetbv1 clzero xsaveerptr arat npt nrip_save tsc_scale vmcb_clean flushbyasid decodeassists pausefilter pfthreshold v_vmsave_vmload umip rdpid

Online cpus: 0-23
Offline cpus: 
BIOS frequency limitation: <Not Available>
Frequency switch latency (ns): <Not Available>
Available cpu frequencies: <Not Available>
Current governor: <Not Available>
Core performance/turbo boost: <Not Available>

Memory: 4k page, physical 49292808k(47978452k free), swap 12582912k(12582912k free)
Page Sizes: 4k

vm_info: OpenJDK 64-Bit Server VM (21.0.2+13-LTS) for linux-amd64 JRE (21.0.2+13-LTS), built on 2024-01-10T23:18:41Z by "jenkins" with gcc 7.3.1 20180303 (Red Hat 7.3.1-5)

END.
