#
# A fatal error has been detected by the Java Runtime Environment:
#
#  SIGSEGV (0xb) at pc=0x00007fe0153663c0, pid=8991, tid=8992
#
# JRE version: OpenJDK Runtime Environment Corretto-21.0.2.13.1 (21.0.2+13) (build 21.0.2+13-LTS)
# Java VM: OpenJDK 64-Bit Server VM Corretto-21.0.2.13.1 (21.0.2+13-LTS, mixed mode, sharing, tiered, compressed oops, compressed class ptrs, g1 gc, linux-amd64)
# Problematic frame:
# V  [libjvm.so+0xb663c0]
#
# No core dump will be written. Core dumps have been disabled. To enable core dumping, try "ulimit -c unlimited" before starting Java again
#
# If you would like to submit a bug report, please visit:
#   https://github.com/corretto/corretto-21/issues/
#

---------------  S U M M A R Y ------------

Command Line: -Djava.library.path=. HelloWorld

Host: AMD Ryzen 9 3900X 12-Core Processor, 24 cores, 47G, Ubuntu 22.04.3 LTS
Time: Fri Mar  1 09:41:01 2024 CET elapsed time: 0.045967 seconds (0d 0h 0m 0s)

---------------  T H R E A D  ---------------

Current thread (0x00007fe010028480):  JavaThread "main"             [_thread_in_vm, id=8992, stack(0x00007fe014619000,0x00007fe014719000) (1024K)]

Stack: [0x00007fe014619000,0x00007fe014719000],  sp=0x00007fe0147176e8,  free space=1017k
Native frames: (J=compiled Java code, j=interpreted, Vv=VM code, C=native code)
V  [libjvm.so+0xb663c0]
C  [libcppjnilib.so+0x39a8]  JNIEnv_::SetIntArrayRegion(_jintArray*, int, int, int const*)+0x38
C  [libcppjnilib.so+0x2bec]  ExtIntMatrix::toJObjectArray(JNIEnv_*)+0x9c
C  [libcppjnilib.so+0x2682]  Java_HelloWorld_matrixMultiplication+0x62
j  HelloWorld.matrixMultiplication([[I[[I)[[I+0
j  HelloWorld.main([Ljava/lang/String;)V+153
v  ~StubRoutines::call_stub 0x00007fdfffa5fcc6
V  [libjvm.so+0x909a24]  JavaCalls::call_helper(JavaValue*, methodHandle const&, JavaCallArguments*, JavaThread*)+0x2f4
V  [libjvm.so+0x9b5e1f]  jni_invoke_static(JNIEnv_*, JavaValue*, _jobject*, JNICallType, _jmethodID*, JNI_ArgumentPusher*, JavaThread*) [clone .isra.156] [clone .constprop.261]+0x15f
V  [libjvm.so+0x9b803f]  jni_CallStaticVoidMethod+0x14f
C  [libjli.so+0x57b7]  JavaMain+0xfb7
C  [libjli.so+0x8719]  ThreadJavaMain+0x9
Java frames: (J=compiled Java code, j=interpreted, Vv=VM code)
j  HelloWorld.matrixMultiplication([[I[[I)[[I+0
j  HelloWorld.main([Ljava/lang/String;)V+153
v  ~StubRoutines::call_stub 0x00007fdfffa5fcc6

siginfo: si_signo: 11 (SIGSEGV), si_code: 1 (SEGV_MAPERR), si_addr: 0x00007fe7ee1676f7

Registers:
RAX=0x00007fe7ee1676f7, RBX=0x00007fe010028480, RCX=0x000000053e813500, RDX=0xffffffffffffffff
RSP=0x00007fe0147176e8, RBP=0x00007fe014717750, RSI=0x000000053e813500, RDI=0x00007fe7ee1676f7
R8 =0x0000000000000003, R9 =0x00007fe010134f90, R10=0x00007fe01641a900, R11=0x00007fe01641d970
R12=0x00007fe010028838, R13=0x0000000000000003, R14=0x0000000000000010, R15=0x0000000000000000
RIP=0x00007fe0153663c0, EFLAGS=0x0000000000010297, CSGSFS=0x002b000000000033, ERR=0x0000000000000004
  TRAPNO=0x000000000000000e


Register to memory mapping:

RAX=0x00007fe7ee1676f7 is an unknown value
RBX=0x00007fe010028480 is a thread
RCX=
[error occurred during error reporting (printing register info), id 0xb, SIGSEGV (0xb) at pc=0x00007fe014fdb466]
RDX=0xffffffffffffffff is an unknown value
RSP=0x00007fe0147176e8 is pointing into the stack for thread: 0x00007fe010028480
RBP=0x00007fe014717750 is pointing into the stack for thread: 0x00007fe010028480
RSI=
[error occurred during error reporting (printing register info, attempt 2), id 0xb, SIGSEGV (0xb) at pc=0x00007fe014fdb466]
RDI=0x00007fe7ee1676f7 is an unknown value
R8 =0x0000000000000003 is an unknown value
R9 =0x00007fe010134f90 points into unknown readable memory: 0x0000000000000000 | 00 00 00 00 00 00 00 00
R10=0x00007fe01641a900: <offset 0x0000000000000900> in /mnt/e/code/BA-Thesis/java/app/build/libcppjnilib.so at 0x00007fe01641a000
R11=0x00007fe01641d970: _ZN7JNIEnv_17SetIntArrayRegionEP10_jintArrayiiPKi+0x0000000000000000 in /mnt/e/code/BA-Thesis/java/app/build/libcppjnilib.so at 0x00007fe01641a000
R12=0x00007fe010028838 points into unknown readable memory: 0x00007fe015f26160 | 60 61 f2 15 e0 7f 00 00
R13=0x0000000000000003 is an unknown value
R14=0x0000000000000010 is an unknown value
R15=0x0 is null

Top of Stack: (sp=0x00007fe0147176e8)
0x00007fe0147176e8:   00007fe0151be482 00007fe7ee1676f7
0x00007fe0147176f8:   000000053e8134f0 00007fe010028480
0x00007fe014717708:   0000000000000000 00007fe014717760
0x00007fe014717718:   00007fe0151a86fe 00007fe010028480
0x00007fe014717728:   00007fdf874005d0 0000000000000000
0x00007fe014717738:   00007fdf874005d0 00007fe0147178f8
0x00007fe014717748:   00007fe010028480 00007fe014717780
0x00007fe014717758:   00007fe01641d9a8 00007fe7ee1676f7
0x00007fe014717768:   0000000000000003 00007fe010134fd0
0x00007fe014717778:   00007fe010028838 00007fe0147177d0
0x00007fe014717788:   00007fe01641cbec 00007fe0147177f0
0x00007fe014717798:   00007fe010028838 0000000310134fb8
0x00007fe0147177a8:   00007fe010134fd0 0000000000000003
0x00007fe0147177b8:   00007fe010134fc8 00007fe010028838
0x00007fe0147177c8:   00007fe0147177f0 00007fe014717850
0x00007fe0147177d8:   00007fe01641c682 00007fe014717810
0x00007fe0147177e8:   00007fe010005f60 00007fe0101776c0
0x00007fe0147177f8:   0000000300000003 00007fe014717840
0x00007fe014717808:   00007fe0150ff884 00007fe0101776a0
0x00007fe014717818:   0000000300000003 00007fe0101772c0
0x00007fe014717828:   0000000300000003 00007fe0147178e8
0x00007fe014717838:   00007fe0147178f0 00007fe0147178f8
0x00007fe014717848:   00007fe010028838 00007fe0147178c8
0x00007fe014717858:   00007fdfffa6b980 00007fe0147178c8
0x00007fe014717868:   00007fdfffa6b657 0000000000000000
0x00007fe014717878:   00007fdfffa6b61f 00007fe014717880
0x00007fe014717888:   00007fdf874005d0 0000000000000006
0x00007fe014717898:   00007fdf87400998 0000000000000000
0x00007fe0147178a8:   000000053e812108 00007fdf874005d0
0x00007fe0147178b8:   0000000000000000 00007fe0147178e8
0x00007fe0147178c8:   00007fe014717948 00007fdfffa672d8
0x00007fe0147178d8:   0000000000000000 00007fdfffa68f9a 

Instructions: (pc=0x00007fe0153663c0)
0x00007fe0153662c0:   08 89 71 08 48 83 c1 04 49 f7 c0 01 00 00 00 74
0x00007fe0153662d0:   0a 66 42 8b 74 47 fe 66 89 71 08 c3 0f 1f 40 00
0x00007fe0153662e0:   48 8b 74 d0 e8 48 89 74 d1 e8 48 8b 74 d0 f0 48
0x00007fe0153662f0:   89 74 d1 f0 48 8b 74 d0 f8 48 89 74 d1 f8 48 8b
0x00007fe015366300:   34 d0 48 89 34 d1 48 83 c2 04 7e d4 48 83 ea 04
0x00007fe015366310:   7c 93 eb a1 49 f7 c0 01 00 00 00 74 0c 66 42 8b
0x00007fe015366320:   4c 47 fe 66 42 89 4c 46 fe 49 f7 c0 02 00 00 00
0x00007fe015366330:   74 44 8b 0c d7 89 0c d6 eb 3c 48 8b 4c d7 f8 48
0x00007fe015366340:   89 4c d6 f8 48 83 ea 01 75 f0 c3 0f 1f 44 00 00
0x00007fe015366350:   48 8b 4c d7 18 48 89 4c d6 18 48 8b 4c d7 10 48
0x00007fe015366360:   89 4c d6 10 48 8b 4c d7 08 48 89 4c d6 08 48 8b
0x00007fe015366370:   0c d7 48 89 0c d6 48 83 ea 04 7d d4 48 83 c2 04
0x00007fe015366380:   7f b8 c3 0f 1f 00 66 2e 0f 1f 84 00 00 00 00 00
0x00007fe015366390:   49 89 d0 48 d1 ea 48 39 fe 4a 8d 44 87 fc 76 05
0x00007fe0153663a0:   48 39 c6 76 6f 48 8d 44 d7 f8 48 8d 4c d6 f8 48
0x00007fe0153663b0:   f7 da eb 52 66 90 66 2e 0f 1f 84 00 00 00 00 00
0x00007fe0153663c0:   48 8b 74 d0 08 48 89 74 d1 08 48 83 c2 01 75 f0
0x00007fe0153663d0:   49 f7 c0 01 00 00 00 74 06 8b 70 08 89 71 08 c3
0x00007fe0153663e0:   48 8b 74 d0 e8 48 89 74 d1 e8 48 8b 74 d0 f0 48
0x00007fe0153663f0:   89 74 d1 f0 48 8b 74 d0 f8 48 89 74 d1 f8 48 8b
0x00007fe015366400:   34 d0 48 89 34 d1 48 83 c2 04 7e d4 48 83 ea 04
0x00007fe015366410:   7c ae eb bc 49 f7 c0 01 00 00 00 74 49 42 8b 4c
0x00007fe015366420:   87 fc 42 89 4c 86 fc eb 3d 48 8b 4c d7 f8 48 89
0x00007fe015366430:   4c d6 f8 48 83 ea 01 75 f0 c3 66 0f 1f 44 00 00
0x00007fe015366440:   48 8b 4c d7 18 48 89 4c d6 18 48 8b 4c d7 10 48
0x00007fe015366450:   89 4c d6 10 48 8b 4c d7 08 48 89 4c d6 08 48 8b
0x00007fe015366460:   0c d7 48 89 0c d6 48 83 ea 04 7d d4 48 83 c2 04
0x00007fe015366470:   7f b7 c3 0f 1f 00 66 2e 0f 1f 84 00 00 00 00 00
0x00007fe015366480:   48 39 fe 48 8d 44 d7 f8 76 09 48 39 c6 0f 86 93
0x00007fe015366490:   00 00 00 48 8d 4c d6 f8 48 f7 da eb 39 48 8b 74
0x00007fe0153664a0:   d0 08 48 89 74 d1 08 48 83 c2 01 75 f0 c3 66 90
0x00007fe0153664b0:   48 8b 74 d0 e8 48 89 74 d1 e8 48 8b 74 d0 f0 48 


Stack slot to memory mapping:

stack at sp + 0 slots: 0x00007fe0151be482: <offset 0x00000000009be482> in /root/.sdkman/candidates/java/21.0.2-amzn/lib/server/libjvm.so at 0x00007fe014800000
stack at sp + 1 slots: 0x00007fe7ee1676f7 is an unknown value
stack at sp + 2 slots: 0x000000053e8134f0 is an oop: [I 
{0x000000053e8134f0} - klass: {type array int}
 - length: 3
stack at sp + 3 slots: 0x00007fe010028480 is a thread
stack at sp + 4 slots: 0x0 is null
stack at sp + 5 slots: 0x00007fe014717760 is pointing into the stack for thread: 0x00007fe010028480
stack at sp + 6 slots: 0x00007fe0151a86fe: <offset 0x00000000009a86fe> in /root/.sdkman/candidates/java/21.0.2-amzn/lib/server/libjvm.so at 0x00007fe014800000
stack at sp + 7 slots: 0x00007fe010028480 is a thread


---------------  P R O C E S S  ---------------

Threads class SMR info:
_java_thread_list=0x00007fe01015f060, length=10, elements={
0x00007fe010028480, 0x00007fe010143680, 0x00007fe010144df0, 0x00007fe0101468d0,
0x00007fe010147f10, 0x00007fe0101494b0, 0x00007fe01014b070, 0x00007fe01014c730,
0x00007fe01015a940, 0x00007fe01015df20
}

Java Threads: ( => current thread )
=>0x00007fe010028480 JavaThread "main"                              [_thread_in_vm, id=8992, stack(0x00007fe014619000,0x00007fe014719000) (1024K)]
  0x00007fe010143680 JavaThread "Reference Handler"          daemon [_thread_blocked, id=9000, stack(0x00007fdfd8e99000,0x00007fdfd8f99000) (1024K)]
  0x00007fe010144df0 JavaThread "Finalizer"                  daemon [_thread_blocked, id=9001, stack(0x00007fdfd8d98000,0x00007fdfd8e98000) (1024K)]
  0x00007fe0101468d0 JavaThread "Signal Dispatcher"          daemon [_thread_blocked, id=9002, stack(0x00007fdfd8c97000,0x00007fdfd8d97000) (1024K)]
  0x00007fe010147f10 JavaThread "Service Thread"             daemon [_thread_blocked, id=9003, stack(0x00007fdfd8b96000,0x00007fdfd8c96000) (1024K)]
  0x00007fe0101494b0 JavaThread "Monitor Deflation Thread"   daemon [_thread_blocked, id=9004, stack(0x00007fdfd8a95000,0x00007fdfd8b95000) (1024K)]
  0x00007fe01014b070 JavaThread "C2 CompilerThread0"         daemon [_thread_blocked, id=9005, stack(0x00007fdfd8994000,0x00007fdfd8a94000) (1024K)]
  0x00007fe01014c730 JavaThread "C1 CompilerThread0"         daemon [_thread_blocked, id=9006, stack(0x00007fdfd8893000,0x00007fdfd8993000) (1024K)]
  0x00007fe01015a940 JavaThread "Notification Thread"        daemon [_thread_blocked, id=9007, stack(0x00007fdfd8792000,0x00007fdfd8892000) (1024K)]
  0x00007fe01015df20 JavaThread "Common-Cleaner"             daemon [_thread_blocked, id=9008, stack(0x00007fdfd8300000,0x00007fdfd8400000) (1024K)]
Total: 10

Other Threads:
  0x00007fe010133a70 VMThread "VM Thread"                           [id=8999, stack(0x00007fdfd8ff1000,0x00007fdfd90f1000) (1024K)]
  0x00007fe010118bb0 WatcherThread "VM Periodic Task Thread"        [id=8998, stack(0x00007fdfd90f2000,0x00007fdfd91f2000) (1024K)]
  0x00007fe010053090 WorkerThread "GC Thread#0"                     [id=8993, stack(0x00007fdfe88c7000,0x00007fdfe89c7000) (1024K)]
  0x00007fe010060300 ConcurrentGCThread "G1 Main Marker"            [id=8994, stack(0x00007fdfe87c6000,0x00007fdfe88c6000) (1024K)]
  0x00007fe0100612d0 WorkerThread "G1 Conc#0"                       [id=8995, stack(0x00007fdfe86c5000,0x00007fdfe87c5000) (1024K)]
  0x00007fe0100feb20 ConcurrentGCThread "G1 Refine#0"               [id=8996, stack(0x00007fdfd92f4000,0x00007fdfd93f4000) (1024K)]
  0x00007fe0100ffad0 ConcurrentGCThread "G1 Service"                [id=8997, stack(0x00007fdfd91f3000,0x00007fdfd92f3000) (1024K)]
Total: 7

Threads with active compile tasks:
Total: 0

VM state: not at safepoint (normal execution)

VM Mutex/Monitor currently owned by a thread: None

Heap address: 0x000000050f800000, size: 12040 MB, Compressed Oops mode: Zero based, Oop shift amount: 3

CDS archive(s) mapped at: [0x00007fdf8b000000-0x00007fdf8bca6000-0x00007fdf8bca6000), size 13262848, SharedBaseAddress: 0x00007fdf8b000000, ArchiveRelocationMode: 1.
Compressed class space mapped at: 0x00007fdf8c000000-0x00007fdfcc000000, reserved size: 1073741824
Narrow klass base: 0x00007fdf8b000000, Narrow klass shift: 0, Narrow klass range: 0x100000000

GC Precious Log:
 CardTable entry size: 512
 Card Set container configuration: InlinePtr #cards 4 size 8 Array Of Cards #cards 64 size 144 Howl #buckets 8 coarsen threshold 14745 Howl Bitmap #cards 2048 size 272 coarsen threshold 1843 Card regions per heap region 1 cards per card region 16384
 CPUs: 24 total, 24 available
 Memory: 48137M
 Large Page Support: Disabled
 NUMA Support: Disabled
 Compressed Oops: Enabled (Zero based)
 Heap Region Size: 8M
 Heap Min Capacity: 8M
 Heap Initial Capacity: 760M
 Heap Max Capacity: 12040M
 Pre-touch: Disabled
 Parallel Workers: 18
 Concurrent Workers: 5
 Concurrent Refinement Workers: 18
 Periodic GC: Disabled

Heap:
 garbage-first heap   total 786432K, used 1053K [0x000000050f800000, 0x0000000800000000)
  region size 8192K, 1 young (8192K), 0 survivors (0K)
 Metaspace       used 82K, committed 320K, reserved 1114112K
  class space    used 3K, committed 128K, reserved 1048576K

Heap Regions: E=young(eden), S=young(survivor), O=old, HS=humongous(starts), HC=humongous(continues), CS=collection set, F=free, TAMS=top-at-mark-start, PB=parsable bottom
|   0|0x000000050f800000, 0x000000050f800000, 0x0000000510000000|  0%| F|  |TAMS 0x000000050f800000| PB 0x000000050f800000| Untracked 
|   1|0x0000000510000000, 0x0000000510000000, 0x0000000510800000|  0%| F|  |TAMS 0x0000000510000000| PB 0x0000000510000000| Untracked 
|   2|0x0000000510800000, 0x0000000510800000, 0x0000000511000000|  0%| F|  |TAMS 0x0000000510800000| PB 0x0000000510800000| Untracked 
|   3|0x0000000511000000, 0x0000000511000000, 0x0000000511800000|  0%| F|  |TAMS 0x0000000511000000| PB 0x0000000511000000| Untracked 
|   4|0x0000000511800000, 0x0000000511800000, 0x0000000512000000|  0%| F|  |TAMS 0x0000000511800000| PB 0x0000000511800000| Untracked 
|   5|0x0000000512000000, 0x0000000512000000, 0x0000000512800000|  0%| F|  |TAMS 0x0000000512000000| PB 0x0000000512000000| Untracked 
|   6|0x0000000512800000, 0x0000000512800000, 0x0000000513000000|  0%| F|  |TAMS 0x0000000512800000| PB 0x0000000512800000| Untracked 
|   7|0x0000000513000000, 0x0000000513000000, 0x0000000513800000|  0%| F|  |TAMS 0x0000000513000000| PB 0x0000000513000000| Untracked 
|   8|0x0000000513800000, 0x0000000513800000, 0x0000000514000000|  0%| F|  |TAMS 0x0000000513800000| PB 0x0000000513800000| Untracked 
|   9|0x0000000514000000, 0x0000000514000000, 0x0000000514800000|  0%| F|  |TAMS 0x0000000514000000| PB 0x0000000514000000| Untracked 
|  10|0x0000000514800000, 0x0000000514800000, 0x0000000515000000|  0%| F|  |TAMS 0x0000000514800000| PB 0x0000000514800000| Untracked 
|  11|0x0000000515000000, 0x0000000515000000, 0x0000000515800000|  0%| F|  |TAMS 0x0000000515000000| PB 0x0000000515000000| Untracked 
|  12|0x0000000515800000, 0x0000000515800000, 0x0000000516000000|  0%| F|  |TAMS 0x0000000515800000| PB 0x0000000515800000| Untracked 
|  13|0x0000000516000000, 0x0000000516000000, 0x0000000516800000|  0%| F|  |TAMS 0x0000000516000000| PB 0x0000000516000000| Untracked 
|  14|0x0000000516800000, 0x0000000516800000, 0x0000000517000000|  0%| F|  |TAMS 0x0000000516800000| PB 0x0000000516800000| Untracked 
|  15|0x0000000517000000, 0x0000000517000000, 0x0000000517800000|  0%| F|  |TAMS 0x0000000517000000| PB 0x0000000517000000| Untracked 
|  16|0x0000000517800000, 0x0000000517800000, 0x0000000518000000|  0%| F|  |TAMS 0x0000000517800000| PB 0x0000000517800000| Untracked 
|  17|0x0000000518000000, 0x0000000518000000, 0x0000000518800000|  0%| F|  |TAMS 0x0000000518000000| PB 0x0000000518000000| Untracked 
|  18|0x0000000518800000, 0x0000000518800000, 0x0000000519000000|  0%| F|  |TAMS 0x0000000518800000| PB 0x0000000518800000| Untracked 
|  19|0x0000000519000000, 0x0000000519000000, 0x0000000519800000|  0%| F|  |TAMS 0x0000000519000000| PB 0x0000000519000000| Untracked 
|  20|0x0000000519800000, 0x0000000519800000, 0x000000051a000000|  0%| F|  |TAMS 0x0000000519800000| PB 0x0000000519800000| Untracked 
|  21|0x000000051a000000, 0x000000051a000000, 0x000000051a800000|  0%| F|  |TAMS 0x000000051a000000| PB 0x000000051a000000| Untracked 
|  22|0x000000051a800000, 0x000000051a800000, 0x000000051b000000|  0%| F|  |TAMS 0x000000051a800000| PB 0x000000051a800000| Untracked 
|  23|0x000000051b000000, 0x000000051b000000, 0x000000051b800000|  0%| F|  |TAMS 0x000000051b000000| PB 0x000000051b000000| Untracked 
|  24|0x000000051b800000, 0x000000051b800000, 0x000000051c000000|  0%| F|  |TAMS 0x000000051b800000| PB 0x000000051b800000| Untracked 
|  25|0x000000051c000000, 0x000000051c000000, 0x000000051c800000|  0%| F|  |TAMS 0x000000051c000000| PB 0x000000051c000000| Untracked 
|  26|0x000000051c800000, 0x000000051c800000, 0x000000051d000000|  0%| F|  |TAMS 0x000000051c800000| PB 0x000000051c800000| Untracked 
|  27|0x000000051d000000, 0x000000051d000000, 0x000000051d800000|  0%| F|  |TAMS 0x000000051d000000| PB 0x000000051d000000| Untracked 
|  28|0x000000051d800000, 0x000000051d800000, 0x000000051e000000|  0%| F|  |TAMS 0x000000051d800000| PB 0x000000051d800000| Untracked 
|  29|0x000000051e000000, 0x000000051e000000, 0x000000051e800000|  0%| F|  |TAMS 0x000000051e000000| PB 0x000000051e000000| Untracked 
|  30|0x000000051e800000, 0x000000051e800000, 0x000000051f000000|  0%| F|  |TAMS 0x000000051e800000| PB 0x000000051e800000| Untracked 
|  31|0x000000051f000000, 0x000000051f000000, 0x000000051f800000|  0%| F|  |TAMS 0x000000051f000000| PB 0x000000051f000000| Untracked 
|  32|0x000000051f800000, 0x000000051f800000, 0x0000000520000000|  0%| F|  |TAMS 0x000000051f800000| PB 0x000000051f800000| Untracked 
|  33|0x0000000520000000, 0x0000000520000000, 0x0000000520800000|  0%| F|  |TAMS 0x0000000520000000| PB 0x0000000520000000| Untracked 
|  34|0x0000000520800000, 0x0000000520800000, 0x0000000521000000|  0%| F|  |TAMS 0x0000000520800000| PB 0x0000000520800000| Untracked 
|  35|0x0000000521000000, 0x0000000521000000, 0x0000000521800000|  0%| F|  |TAMS 0x0000000521000000| PB 0x0000000521000000| Untracked 
|  36|0x0000000521800000, 0x0000000521800000, 0x0000000522000000|  0%| F|  |TAMS 0x0000000521800000| PB 0x0000000521800000| Untracked 
|  37|0x0000000522000000, 0x0000000522000000, 0x0000000522800000|  0%| F|  |TAMS 0x0000000522000000| PB 0x0000000522000000| Untracked 
|  38|0x0000000522800000, 0x0000000522800000, 0x0000000523000000|  0%| F|  |TAMS 0x0000000522800000| PB 0x0000000522800000| Untracked 
|  39|0x0000000523000000, 0x0000000523000000, 0x0000000523800000|  0%| F|  |TAMS 0x0000000523000000| PB 0x0000000523000000| Untracked 
|  40|0x0000000523800000, 0x0000000523800000, 0x0000000524000000|  0%| F|  |TAMS 0x0000000523800000| PB 0x0000000523800000| Untracked 
|  41|0x0000000524000000, 0x0000000524000000, 0x0000000524800000|  0%| F|  |TAMS 0x0000000524000000| PB 0x0000000524000000| Untracked 
|  42|0x0000000524800000, 0x0000000524800000, 0x0000000525000000|  0%| F|  |TAMS 0x0000000524800000| PB 0x0000000524800000| Untracked 
|  43|0x0000000525000000, 0x0000000525000000, 0x0000000525800000|  0%| F|  |TAMS 0x0000000525000000| PB 0x0000000525000000| Untracked 
|  44|0x0000000525800000, 0x0000000525800000, 0x0000000526000000|  0%| F|  |TAMS 0x0000000525800000| PB 0x0000000525800000| Untracked 
|  45|0x0000000526000000, 0x0000000526000000, 0x0000000526800000|  0%| F|  |TAMS 0x0000000526000000| PB 0x0000000526000000| Untracked 
|  46|0x0000000526800000, 0x0000000526800000, 0x0000000527000000|  0%| F|  |TAMS 0x0000000526800000| PB 0x0000000526800000| Untracked 
|  47|0x0000000527000000, 0x0000000527000000, 0x0000000527800000|  0%| F|  |TAMS 0x0000000527000000| PB 0x0000000527000000| Untracked 
|  48|0x0000000527800000, 0x0000000527800000, 0x0000000528000000|  0%| F|  |TAMS 0x0000000527800000| PB 0x0000000527800000| Untracked 
|  49|0x0000000528000000, 0x0000000528000000, 0x0000000528800000|  0%| F|  |TAMS 0x0000000528000000| PB 0x0000000528000000| Untracked 
|  50|0x0000000528800000, 0x0000000528800000, 0x0000000529000000|  0%| F|  |TAMS 0x0000000528800000| PB 0x0000000528800000| Untracked 
|  51|0x0000000529000000, 0x0000000529000000, 0x0000000529800000|  0%| F|  |TAMS 0x0000000529000000| PB 0x0000000529000000| Untracked 
|  52|0x0000000529800000, 0x0000000529800000, 0x000000052a000000|  0%| F|  |TAMS 0x0000000529800000| PB 0x0000000529800000| Untracked 
|  53|0x000000052a000000, 0x000000052a000000, 0x000000052a800000|  0%| F|  |TAMS 0x000000052a000000| PB 0x000000052a000000| Untracked 
|  54|0x000000052a800000, 0x000000052a800000, 0x000000052b000000|  0%| F|  |TAMS 0x000000052a800000| PB 0x000000052a800000| Untracked 
|  55|0x000000052b000000, 0x000000052b000000, 0x000000052b800000|  0%| F|  |TAMS 0x000000052b000000| PB 0x000000052b000000| Untracked 
|  56|0x000000052b800000, 0x000000052b800000, 0x000000052c000000|  0%| F|  |TAMS 0x000000052b800000| PB 0x000000052b800000| Untracked 
|  57|0x000000052c000000, 0x000000052c000000, 0x000000052c800000|  0%| F|  |TAMS 0x000000052c000000| PB 0x000000052c000000| Untracked 
|  58|0x000000052c800000, 0x000000052c800000, 0x000000052d000000|  0%| F|  |TAMS 0x000000052c800000| PB 0x000000052c800000| Untracked 
|  59|0x000000052d000000, 0x000000052d000000, 0x000000052d800000|  0%| F|  |TAMS 0x000000052d000000| PB 0x000000052d000000| Untracked 
|  60|0x000000052d800000, 0x000000052d800000, 0x000000052e000000|  0%| F|  |TAMS 0x000000052d800000| PB 0x000000052d800000| Untracked 
|  61|0x000000052e000000, 0x000000052e000000, 0x000000052e800000|  0%| F|  |TAMS 0x000000052e000000| PB 0x000000052e000000| Untracked 
|  62|0x000000052e800000, 0x000000052e800000, 0x000000052f000000|  0%| F|  |TAMS 0x000000052e800000| PB 0x000000052e800000| Untracked 
|  63|0x000000052f000000, 0x000000052f000000, 0x000000052f800000|  0%| F|  |TAMS 0x000000052f000000| PB 0x000000052f000000| Untracked 
|  64|0x000000052f800000, 0x000000052f800000, 0x0000000530000000|  0%| F|  |TAMS 0x000000052f800000| PB 0x000000052f800000| Untracked 
|  65|0x0000000530000000, 0x0000000530000000, 0x0000000530800000|  0%| F|  |TAMS 0x0000000530000000| PB 0x0000000530000000| Untracked 
|  66|0x0000000530800000, 0x0000000530800000, 0x0000000531000000|  0%| F|  |TAMS 0x0000000530800000| PB 0x0000000530800000| Untracked 
|  67|0x0000000531000000, 0x0000000531000000, 0x0000000531800000|  0%| F|  |TAMS 0x0000000531000000| PB 0x0000000531000000| Untracked 
|  68|0x0000000531800000, 0x0000000531800000, 0x0000000532000000|  0%| F|  |TAMS 0x0000000531800000| PB 0x0000000531800000| Untracked 
|  69|0x0000000532000000, 0x0000000532000000, 0x0000000532800000|  0%| F|  |TAMS 0x0000000532000000| PB 0x0000000532000000| Untracked 
|  70|0x0000000532800000, 0x0000000532800000, 0x0000000533000000|  0%| F|  |TAMS 0x0000000532800000| PB 0x0000000532800000| Untracked 
|  71|0x0000000533000000, 0x0000000533000000, 0x0000000533800000|  0%| F|  |TAMS 0x0000000533000000| PB 0x0000000533000000| Untracked 
|  72|0x0000000533800000, 0x0000000533800000, 0x0000000534000000|  0%| F|  |TAMS 0x0000000533800000| PB 0x0000000533800000| Untracked 
|  73|0x0000000534000000, 0x0000000534000000, 0x0000000534800000|  0%| F|  |TAMS 0x0000000534000000| PB 0x0000000534000000| Untracked 
|  74|0x0000000534800000, 0x0000000534800000, 0x0000000535000000|  0%| F|  |TAMS 0x0000000534800000| PB 0x0000000534800000| Untracked 
|  75|0x0000000535000000, 0x0000000535000000, 0x0000000535800000|  0%| F|  |TAMS 0x0000000535000000| PB 0x0000000535000000| Untracked 
|  76|0x0000000535800000, 0x0000000535800000, 0x0000000536000000|  0%| F|  |TAMS 0x0000000535800000| PB 0x0000000535800000| Untracked 
|  77|0x0000000536000000, 0x0000000536000000, 0x0000000536800000|  0%| F|  |TAMS 0x0000000536000000| PB 0x0000000536000000| Untracked 
|  78|0x0000000536800000, 0x0000000536800000, 0x0000000537000000|  0%| F|  |TAMS 0x0000000536800000| PB 0x0000000536800000| Untracked 
|  79|0x0000000537000000, 0x0000000537000000, 0x0000000537800000|  0%| F|  |TAMS 0x0000000537000000| PB 0x0000000537000000| Untracked 
|  80|0x0000000537800000, 0x0000000537800000, 0x0000000538000000|  0%| F|  |TAMS 0x0000000537800000| PB 0x0000000537800000| Untracked 
|  81|0x0000000538000000, 0x0000000538000000, 0x0000000538800000|  0%| F|  |TAMS 0x0000000538000000| PB 0x0000000538000000| Untracked 
|  82|0x0000000538800000, 0x0000000538800000, 0x0000000539000000|  0%| F|  |TAMS 0x0000000538800000| PB 0x0000000538800000| Untracked 
|  83|0x0000000539000000, 0x0000000539000000, 0x0000000539800000|  0%| F|  |TAMS 0x0000000539000000| PB 0x0000000539000000| Untracked 
|  84|0x0000000539800000, 0x0000000539800000, 0x000000053a000000|  0%| F|  |TAMS 0x0000000539800000| PB 0x0000000539800000| Untracked 
|  85|0x000000053a000000, 0x000000053a000000, 0x000000053a800000|  0%| F|  |TAMS 0x000000053a000000| PB 0x000000053a000000| Untracked 
|  86|0x000000053a800000, 0x000000053a800000, 0x000000053b000000|  0%| F|  |TAMS 0x000000053a800000| PB 0x000000053a800000| Untracked 
|  87|0x000000053b000000, 0x000000053b000000, 0x000000053b800000|  0%| F|  |TAMS 0x000000053b000000| PB 0x000000053b000000| Untracked 
|  88|0x000000053b800000, 0x000000053b800000, 0x000000053c000000|  0%| F|  |TAMS 0x000000053b800000| PB 0x000000053b800000| Untracked 
|  89|0x000000053c000000, 0x000000053c000000, 0x000000053c800000|  0%| F|  |TAMS 0x000000053c000000| PB 0x000000053c000000| Untracked 
|  90|0x000000053c800000, 0x000000053c800000, 0x000000053d000000|  0%| F|  |TAMS 0x000000053c800000| PB 0x000000053c800000| Untracked 
|  91|0x000000053d000000, 0x000000053d000000, 0x000000053d800000|  0%| F|  |TAMS 0x000000053d000000| PB 0x000000053d000000| Untracked 
|  92|0x000000053d800000, 0x000000053d800000, 0x000000053e000000|  0%| F|  |TAMS 0x000000053d800000| PB 0x000000053d800000| Untracked 
|  93|0x000000053e000000, 0x000000053e000000, 0x000000053e800000|  0%| F|  |TAMS 0x000000053e000000| PB 0x000000053e000000| Untracked 
|  94|0x000000053e800000, 0x000000053e9eb8d8, 0x000000053f000000| 24%| E|  |TAMS 0x000000053e800000| PB 0x000000053e800000| Complete 
|1504|0x00000007ff800000, 0x00000007ff907778, 0x0000000800000000| 12%| O|  |TAMS 0x00000007ff800000| PB 0x00000007ff800000| Untracked 

Card table byte_map: [0x00007fdff45e7000,0x00007fdff5d6b000] _byte_map_base: 0x00007fdff1d6b000

Marking Bits: (CMBitMap*) 0x00007fe010053bb0
 Bits: [0x00007fdfe89c7000, 0x00007fdff45e7000)

Polling page: 0x00007fe016508000

Metaspace:

Usage:
  Non-class:     78.75 KB used.
      Class:      3.75 KB used.
       Both:     82.50 KB used.

Virtual space:
  Non-class space:       64.00 MB reserved,     192.00 KB ( <1%) committed,  1 nodes.
      Class space:        1.00 GB reserved,     128.00 KB ( <1%) committed,  1 nodes.
             Both:        1.06 GB reserved,     320.00 KB ( <1%) committed. 

Chunk freelists:
   Non-Class:  12.00 MB
       Class:  15.75 MB
        Both:  27.74 MB

MaxMetaspaceSize: unlimited
CompressedClassSpaceSize: 1.00 GB
Initial GC threshold: 21.00 MB
Current GC threshold: 21.00 MB
CDS: on
 - commit_granule_bytes: 65536.
 - commit_granule_words: 8192.
 - virtual_space_node_default_size: 8388608.
 - enlarge_chunks_in_place: 1.
 - use_allocation_guard: 0.


Internal statistics:

num_allocs_failed_limit: 0.
num_arena_births: 4.
num_arena_deaths: 0.
num_vsnodes_births: 2.
num_vsnodes_deaths: 0.
num_space_committed: 5.
num_space_uncommitted: 0.
num_chunks_returned_to_freelist: 0.
num_chunks_taken_from_freelist: 5.
num_chunk_merges: 0.
num_chunk_splits: 3.
num_chunks_enlarged: 0.
num_inconsistent_stats: 0.

CodeHeap 'non-profiled nmethods': size=119168Kb used=0Kb max_used=0Kb free=119168Kb
 bounds [0x00007fe0001a0000, 0x00007fe000410000, 0x00007fe007600000]
CodeHeap 'profiled nmethods': size=119164Kb used=4Kb max_used=4Kb free=119159Kb
 bounds [0x00007fdff8600000, 0x00007fdff8870000, 0x00007fdfffa5f000]
CodeHeap 'non-nmethods': size=7428Kb used=1153Kb max_used=1158Kb free=6275Kb
 bounds [0x00007fdfffa5f000, 0x00007fdfffccf000, 0x00007fe0001a0000]
 total_blobs=303 nmethods=4 adapters=206
 compilation: enabled
              stopped_count=0, restarted_count=0
 full_count=0

Compilation events (7 events):
Event: 0.019 Thread 0x00007fe01014c730    1       3       java.lang.Object::<init> (1 bytes)
Event: 0.019 Thread 0x00007fe01014c730 nmethod 1 0x00007fdff8600010 code [0x00007fdff86001a0, 0x00007fdff86002a0]
Event: 0.022 Thread 0x00007fe01014c730    2       3       java.lang.String::coder (15 bytes)
Event: 0.022 Thread 0x00007fe01014c730 nmethod 2 0x00007fdff8600310 code [0x00007fdff86004a0, 0x00007fdff86005d0]
Event: 0.027 Thread 0x00007fe01014c730    3       3       java.lang.String::length (11 bytes)
Event: 0.027 Thread 0x00007fe01014c730 nmethod 3 0x00007fdff8600690 code [0x00007fdff8600840, 0x00007fdff86009e0]
Event: 0.033 Thread 0x00007fe01014c730    4       3       java.lang.String::hashCode (60 bytes)

GC Heap History (0 events):
No events

Dll operation events (3 events):
Event: 0.002 Loaded shared library /root/.sdkman/candidates/java/21.0.2-amzn/lib/libjava.so
Event: 0.018 Loaded shared library /root/.sdkman/candidates/java/21.0.2-amzn/lib/libjsvml.so
Event: 0.033 Loaded shared library /mnt/e/code/BA-Thesis/java/app/build/libcppjnilib.so

Deoptimization events (0 events):
No events

Classes loaded (8 events):
Event: 0.015 Loading class sun/nio/cs/UTF_8$Encoder
Event: 0.015 Loading class sun/nio/cs/UTF_8$Encoder done
Event: 0.021 Loading class jdk/internal/vm/PostVMInitHook
Event: 0.021 Loading class jdk/internal/vm/PostVMInitHook done
Event: 0.022 Loading class jdk/internal/loader/URLClassPath$FileLoader
Event: 0.022 Loading class jdk/internal/loader/URLClassPath$FileLoader done
Event: 0.023 Loading class jdk/internal/loader/URLClassPath$FileLoader$1
Event: 0.023 Loading class jdk/internal/loader/URLClassPath$FileLoader$1 done

Classes unloaded (0 events):
No events

Classes redefined (0 events):
No events

Internal exceptions (0 events):
No events

ZGC Phase Switch (0 events):
No events

VM Operations (0 events):
No events

Events (20 events):
Event: 0.002 Protecting memory [0x00007fe014619000,0x00007fe01461d000] with protection modes 0
Event: 0.010 Thread 0x00007fe010028480 Thread added: 0x00007fe010028480
Event: 0.016 Thread 0x00007fe010143680 Thread added: 0x00007fe010143680
Event: 0.016 Protecting memory [0x00007fdfd8e99000,0x00007fdfd8e9d000] with protection modes 0
Event: 0.016 Thread 0x00007fe010144df0 Thread added: 0x00007fe010144df0
Event: 0.016 Protecting memory [0x00007fdfd8d98000,0x00007fdfd8d9c000] with protection modes 0
Event: 0.016 Thread 0x00007fe0101468d0 Thread added: 0x00007fe0101468d0
Event: 0.017 Protecting memory [0x00007fdfd8c97000,0x00007fdfd8c9b000] with protection modes 0
Event: 0.017 Thread 0x00007fe010147f10 Thread added: 0x00007fe010147f10
Event: 0.017 Protecting memory [0x00007fdfd8b96000,0x00007fdfd8b9a000] with protection modes 0
Event: 0.017 Thread 0x00007fe0101494b0 Thread added: 0x00007fe0101494b0
Event: 0.017 Protecting memory [0x00007fdfd8a95000,0x00007fdfd8a99000] with protection modes 0
Event: 0.017 Thread 0x00007fe01014b070 Thread added: 0x00007fe01014b070
Event: 0.017 Protecting memory [0x00007fdfd8994000,0x00007fdfd8998000] with protection modes 0
Event: 0.017 Thread 0x00007fe01014c730 Thread added: 0x00007fe01014c730
Event: 0.017 Protecting memory [0x00007fdfd8893000,0x00007fdfd8897000] with protection modes 0
Event: 0.021 Thread 0x00007fe01015a940 Thread added: 0x00007fe01015a940
Event: 0.021 Protecting memory [0x00007fdfd8792000,0x00007fdfd8796000] with protection modes 0
Event: 0.024 Thread 0x00007fe01015df20 Thread added: 0x00007fe01015df20
Event: 0.025 Protecting memory [0x00007fdfd8300000,0x00007fdfd8304000] with protection modes 0


Dynamic libraries:
50f800000-53f000000 rw-p 00000000 00:00 0 
53f000000-7ff800000 ---p 00000000 00:00 0 
7ff800000-7ff908000 rw-p 00ce5000 08:20 537309                           /root/.sdkman/candidates/java/21.0.2-amzn/lib/server/classes.jsa
7ff908000-800000000 rw-p 00000000 00:00 0 
55b3ce200000-55b3ce201000 r-xp 00000000 08:20 307511                     /root/.sdkman/candidates/java/21.0.2-amzn/bin/java
55b3ce401000-55b3ce402000 r--p 00001000 08:20 307511                     /root/.sdkman/candidates/java/21.0.2-amzn/bin/java
55b3ce402000-55b3ce403000 rw-p 00002000 08:20 307511                     /root/.sdkman/candidates/java/21.0.2-amzn/bin/java
55b3ce6da000-55b3ce720000 rw-p 00000000 00:00 0                          [heap]
7fdf58000000-7fdf58021000 rw-p 00000000 00:00 0 
7fdf58021000-7fdf5c000000 ---p 00000000 00:00 0 
7fdf60000000-7fdf60021000 rw-p 00000000 00:00 0 
7fdf60021000-7fdf64000000 ---p 00000000 00:00 0 
7fdf64000000-7fdf64021000 rw-p 00000000 00:00 0 
7fdf64021000-7fdf68000000 ---p 00000000 00:00 0 
7fdf68000000-7fdf68021000 rw-p 00000000 00:00 0 
7fdf68021000-7fdf6c000000 ---p 00000000 00:00 0 
7fdf6c000000-7fdf6c067000 rw-p 00000000 00:00 0 
7fdf6c067000-7fdf70000000 ---p 00000000 00:00 0 
7fdf70000000-7fdf70021000 rw-p 00000000 00:00 0 
7fdf70021000-7fdf74000000 ---p 00000000 00:00 0 
7fdf74000000-7fdf74021000 rw-p 00000000 00:00 0 
7fdf74021000-7fdf78000000 ---p 00000000 00:00 0 
7fdf78000000-7fdf78021000 rw-p 00000000 00:00 0 
7fdf78021000-7fdf7c000000 ---p 00000000 00:00 0 
7fdf7c000000-7fdf7c021000 rw-p 00000000 00:00 0 
7fdf7c021000-7fdf80000000 ---p 00000000 00:00 0 
7fdf80000000-7fdf80021000 rw-p 00000000 00:00 0 
7fdf80021000-7fdf84000000 ---p 00000000 00:00 0 
7fdf86b9d000-7fdf87020000 rw-p 00000000 00:00 0 
7fdf87020000-7fdf87400000 ---p 00000000 00:00 0 
7fdf87400000-7fdf87410000 rw-p 00000000 00:00 0 
7fdf87410000-7fdf8b000000 ---p 00000000 00:00 0 
7fdf8b000000-7fdf8bca6000 rw-p 00001000 08:20 537309                     /root/.sdkman/candidates/java/21.0.2-amzn/lib/server/classes.jsa
7fdf8bca6000-7fdf8c000000 ---p 00000000 00:00 0 
7fdf8c000000-7fdf8c010000 rw-p 00000000 00:00 0 
7fdf8c010000-7fdf8c040000 ---p 00000000 00:00 0 
7fdf8c040000-7fdf8c050000 rw-p 00000000 00:00 0 
7fdf8c050000-7fdfcc000000 ---p 00000000 00:00 0 
7fdfcc000000-7fdfcc021000 rw-p 00000000 00:00 0 
7fdfcc021000-7fdfd0000000 ---p 00000000 00:00 0 
7fdfd0000000-7fdfd0021000 rw-p 00000000 00:00 0 
7fdfd0021000-7fdfd4000000 ---p 00000000 00:00 0 
7fdfd4000000-7fdfd4021000 rw-p 00000000 00:00 0 
7fdfd4021000-7fdfd8000000 ---p 00000000 00:00 0 
7fdfd80d3000-7fdfd816d000 r--p 00000000 08:20 27187                      /usr/lib/x86_64-linux-gnu/libstdc++.so.6.0.30
7fdfd816d000-7fdfd827e000 r-xp 0009a000 08:20 27187                      /usr/lib/x86_64-linux-gnu/libstdc++.so.6.0.30
7fdfd827e000-7fdfd82ed000 r--p 001ab000 08:20 27187                      /usr/lib/x86_64-linux-gnu/libstdc++.so.6.0.30
7fdfd82ed000-7fdfd82ee000 ---p 0021a000 08:20 27187                      /usr/lib/x86_64-linux-gnu/libstdc++.so.6.0.30
7fdfd82ee000-7fdfd82f9000 r--p 0021a000 08:20 27187                      /usr/lib/x86_64-linux-gnu/libstdc++.so.6.0.30
7fdfd82f9000-7fdfd82fc000 rw-p 00225000 08:20 27187                      /usr/lib/x86_64-linux-gnu/libstdc++.so.6.0.30
7fdfd82fc000-7fdfd82ff000 rw-p 00000000 00:00 0 
7fdfd82ff000-7fdfd8300000 ---p 00000000 00:00 0 
7fdfd8300000-7fdfd8304000 ---p 00000000 00:00 0 
7fdfd8304000-7fdfd8400000 rw-p 00000000 00:00 0 
7fdfd8400000-7fdfd84ce000 r-xp 00000000 08:20 537319                     /root/.sdkman/candidates/java/21.0.2-amzn/lib/libjsvml.so
7fdfd84ce000-7fdfd86cd000 ---p 000ce000 08:20 537319                     /root/.sdkman/candidates/java/21.0.2-amzn/lib/libjsvml.so
7fdfd86cd000-7fdfd86ce000 r--p 000cd000 08:20 537319                     /root/.sdkman/candidates/java/21.0.2-amzn/lib/libjsvml.so
7fdfd86ce000-7fdfd86cf000 rw-p 000ce000 08:20 537319                     /root/.sdkman/candidates/java/21.0.2-amzn/lib/libjsvml.so
7fdfd8791000-7fdfd8792000 ---p 00000000 00:00 0 
7fdfd8792000-7fdfd8796000 ---p 00000000 00:00 0 
7fdfd8796000-7fdfd8892000 rw-p 00000000 00:00 0 
7fdfd8892000-7fdfd8893000 ---p 00000000 00:00 0 
7fdfd8893000-7fdfd8897000 ---p 00000000 00:00 0 
7fdfd8897000-7fdfd8993000 rw-p 00000000 00:00 0 
7fdfd8993000-7fdfd8994000 ---p 00000000 00:00 0 
7fdfd8994000-7fdfd8998000 ---p 00000000 00:00 0 
7fdfd8998000-7fdfd8a94000 rw-p 00000000 00:00 0 
7fdfd8a94000-7fdfd8a95000 ---p 00000000 00:00 0 
7fdfd8a95000-7fdfd8a99000 ---p 00000000 00:00 0 
7fdfd8a99000-7fdfd8b95000 rw-p 00000000 00:00 0 
7fdfd8b95000-7fdfd8b96000 ---p 00000000 00:00 0 
7fdfd8b96000-7fdfd8b9a000 ---p 00000000 00:00 0 
7fdfd8b9a000-7fdfd8c96000 rw-p 00000000 00:00 0 
7fdfd8c96000-7fdfd8c97000 ---p 00000000 00:00 0 
7fdfd8c97000-7fdfd8c9b000 ---p 00000000 00:00 0 
7fdfd8c9b000-7fdfd8d97000 rw-p 00000000 00:00 0 
7fdfd8d97000-7fdfd8d98000 ---p 00000000 00:00 0 
7fdfd8d98000-7fdfd8d9c000 ---p 00000000 00:00 0 
7fdfd8d9c000-7fdfd8e98000 rw-p 00000000 00:00 0 
7fdfd8e98000-7fdfd8e99000 ---p 00000000 00:00 0 
7fdfd8e99000-7fdfd8e9d000 ---p 00000000 00:00 0 
7fdfd8e9d000-7fdfd8f99000 rw-p 00000000 00:00 0 
7fdfd8f99000-7fdfd8ff0000 r--p 00000000 08:20 7397                       /usr/lib/locale/C.utf8/LC_CTYPE
7fdfd8ff0000-7fdfd8ff1000 ---p 00000000 00:00 0 
7fdfd8ff1000-7fdfd90f1000 rw-p 00000000 00:00 0 
7fdfd90f1000-7fdfd90f2000 ---p 00000000 00:00 0 
7fdfd90f2000-7fdfd91f2000 rw-p 00000000 00:00 0 
7fdfd91f2000-7fdfd91f3000 ---p 00000000 00:00 0 
7fdfd91f3000-7fdfd92f3000 rw-p 00000000 00:00 0 
7fdfd92f3000-7fdfd92f4000 ---p 00000000 00:00 0 
7fdfd92f4000-7fdfdc000000 rw-p 00000000 00:00 0 
7fdfdc000000-7fdfdc021000 rw-p 00000000 00:00 0 
7fdfdc021000-7fdfe0000000 ---p 00000000 00:00 0 
7fdfe0000000-7fdfe0021000 rw-p 00000000 00:00 0 
7fdfe0021000-7fdfe4000000 ---p 00000000 00:00 0 
7fdfe4000000-7fdfe4021000 rw-p 00000000 00:00 0 
7fdfe4021000-7fdfe8000000 ---p 00000000 00:00 0 
7fdfe803d000-7fdfe86c4000 rw-p 00000000 00:00 0 
7fdfe86c4000-7fdfe86c5000 ---p 00000000 00:00 0 
7fdfe86c5000-7fdfe87c5000 rw-p 00000000 00:00 0 
7fdfe87c5000-7fdfe87c6000 ---p 00000000 00:00 0 
7fdfe87c6000-7fdfe88c6000 rw-p 00000000 00:00 0 
7fdfe88c6000-7fdfe88c7000 ---p 00000000 00:00 0 
7fdfe88c7000-7fdfe95a7000 rw-p 00000000 00:00 0 
7fdfe95a7000-7fdff45c7000 ---p 00000000 00:00 0 
7fdff45c7000-7fdff4763000 rw-p 00000000 00:00 0 
7fdff4763000-7fdff5d67000 ---p 00000000 00:00 0 
7fdff5d67000-7fdff5ee7000 rw-p 00000000 00:00 0 
7fdff5ee7000-7fdff74eb000 ---p 00000000 00:00 0 
7fdff74eb000-7fdff8600000 rw-p 00000000 00:00 0 
7fdff8600000-7fdff8870000 rwxp 00000000 00:00 0 
7fdff8870000-7fdfffa5f000 ---p 00000000 00:00 0 
7fdfffa5f000-7fdfffccf000 rwxp 00000000 00:00 0 
7fdfffccf000-7fe0001a0000 ---p 00000000 00:00 0 
7fe0001a0000-7fe000410000 rwxp 00000000 00:00 0 
7fe000410000-7fe007600000 ---p 00000000 00:00 0 
7fe007600000-7fe007620000 r-xp 00000000 08:20 537301                     /root/.sdkman/candidates/java/21.0.2-amzn/lib/libjava.so
7fe007620000-7fe00781f000 ---p 00020000 08:20 537301                     /root/.sdkman/candidates/java/21.0.2-amzn/lib/libjava.so
7fe00781f000-7fe007820000 r--p 0001f000 08:20 537301                     /root/.sdkman/candidates/java/21.0.2-amzn/lib/libjava.so
7fe007820000-7fe007821000 rw-p 00020000 08:20 537301                     /root/.sdkman/candidates/java/21.0.2-amzn/lib/libjava.so
7fe007821000-7fe007822000 rw-p 00000000 00:00 0 
7fe007831000-7fe0078cd000 rw-p 00000000 00:00 0 
7fe0078cd000-7fe010000000 r--s 00000000 08:20 537331                     /root/.sdkman/candidates/java/21.0.2-amzn/lib/modules
7fe010000000-7fe010188000 rw-p 00000000 00:00 0 
7fe010188000-7fe014000000 ---p 00000000 00:00 0 
7fe01403f000-7fe014200000 rw-p 00000000 00:00 0 
7fe014200000-7fe01421b000 r-xp 00000000 08:20 537352                     /root/.sdkman/candidates/java/21.0.2-amzn/lib/libjimage.so
7fe01421b000-7fe01441a000 ---p 0001b000 08:20 537352                     /root/.sdkman/candidates/java/21.0.2-amzn/lib/libjimage.so
7fe01441a000-7fe01441c000 r--p 0001a000 08:20 537352                     /root/.sdkman/candidates/java/21.0.2-amzn/lib/libjimage.so
7fe01441c000-7fe01441d000 rw-p 0001c000 08:20 537352                     /root/.sdkman/candidates/java/21.0.2-amzn/lib/libjimage.so
7fe014427000-7fe01442a000 r--p 00000000 08:20 9341                       /usr/lib/x86_64-linux-gnu/libgcc_s.so.1
7fe01442a000-7fe014441000 r-xp 00003000 08:20 9341                       /usr/lib/x86_64-linux-gnu/libgcc_s.so.1
7fe014441000-7fe014445000 r--p 0001a000 08:20 9341                       /usr/lib/x86_64-linux-gnu/libgcc_s.so.1
7fe014445000-7fe014446000 r--p 0001d000 08:20 9341                       /usr/lib/x86_64-linux-gnu/libgcc_s.so.1
7fe014446000-7fe014447000 rw-p 0001e000 08:20 9341                       /usr/lib/x86_64-linux-gnu/libgcc_s.so.1
7fe014447000-7fe01444c000 rw-p 00000000 00:00 0 
7fe01444c000-7fe014530000 ---p 00000000 00:00 0 
7fe014530000-7fe014535000 rw-p 00000000 00:00 0 
7fe014535000-7fe014619000 ---p 00000000 00:00 0 
7fe014619000-7fe01461d000 ---p 00000000 00:00 0 
7fe01461d000-7fe014719000 rw-p 00000000 00:00 0 
7fe014719000-7fe014727000 r--p 00000000 08:20 26538                      /usr/lib/x86_64-linux-gnu/libm.so.6
7fe014727000-7fe0147a3000 r-xp 0000e000 08:20 26538                      /usr/lib/x86_64-linux-gnu/libm.so.6
7fe0147a3000-7fe0147fe000 r--p 0008a000 08:20 26538                      /usr/lib/x86_64-linux-gnu/libm.so.6
7fe0147fe000-7fe0147ff000 r--p 000e4000 08:20 26538                      /usr/lib/x86_64-linux-gnu/libm.so.6
7fe0147ff000-7fe014800000 rw-p 000e5000 08:20 26538                      /usr/lib/x86_64-linux-gnu/libm.so.6
7fe014800000-7fe015c4f000 r-xp 00000000 08:20 537311                     /root/.sdkman/candidates/java/21.0.2-amzn/lib/server/libjvm.so
7fe015c4f000-7fe015e4e000 ---p 0144f000 08:20 537311                     /root/.sdkman/candidates/java/21.0.2-amzn/lib/server/libjvm.so
7fe015e4e000-7fe015f1f000 r--p 0144e000 08:20 537311                     /root/.sdkman/candidates/java/21.0.2-amzn/lib/server/libjvm.so
7fe015f1f000-7fe015f4f000 rw-p 0151f000 08:20 537311                     /root/.sdkman/candidates/java/21.0.2-amzn/lib/server/libjvm.so
7fe015f4f000-7fe015fb5000 rw-p 00000000 00:00 0 
7fe015fd7000-7fe015fff000 r--p 00000000 08:20 26535                      /usr/lib/x86_64-linux-gnu/libc.so.6
7fe015fff000-7fe016194000 r-xp 00028000 08:20 26535                      /usr/lib/x86_64-linux-gnu/libc.so.6
7fe016194000-7fe0161ec000 r--p 001bd000 08:20 26535                      /usr/lib/x86_64-linux-gnu/libc.so.6
7fe0161ec000-7fe0161ed000 ---p 00215000 08:20 26535                      /usr/lib/x86_64-linux-gnu/libc.so.6
7fe0161ed000-7fe0161f1000 r--p 00215000 08:20 26535                      /usr/lib/x86_64-linux-gnu/libc.so.6
7fe0161f1000-7fe0161f3000 rw-p 00219000 08:20 26535                      /usr/lib/x86_64-linux-gnu/libc.so.6
7fe0161f3000-7fe016200000 rw-p 00000000 00:00 0 
7fe016200000-7fe01620f000 r-xp 00000000 08:20 537304                     /root/.sdkman/candidates/java/21.0.2-amzn/lib/libjli.so
7fe01620f000-7fe01640f000 ---p 0000f000 08:20 537304                     /root/.sdkman/candidates/java/21.0.2-amzn/lib/libjli.so
7fe01640f000-7fe016410000 r--p 0000f000 08:20 537304                     /root/.sdkman/candidates/java/21.0.2-amzn/lib/libjli.so
7fe016410000-7fe016411000 rw-p 00010000 08:20 537304                     /root/.sdkman/candidates/java/21.0.2-amzn/lib/libjli.so
7fe01641a000-7fe01641c000 r--p 00000000 00:53 5348024558630140           /mnt/e/code/BA-Thesis/java/app/build/libcppjnilib.so
7fe01641c000-7fe01641e000 r-xp 00002000 00:53 5348024558630140           /mnt/e/code/BA-Thesis/java/app/build/libcppjnilib.so
7fe01641e000-7fe01641f000 r--p 00004000 00:53 5348024558630140           /mnt/e/code/BA-Thesis/java/app/build/libcppjnilib.so
7fe01641f000-7fe016420000 r--p 00004000 00:53 5348024558630140           /mnt/e/code/BA-Thesis/java/app/build/libcppjnilib.so
7fe016420000-7fe016421000 rw-p 00005000 00:53 5348024558630140           /mnt/e/code/BA-Thesis/java/app/build/libcppjnilib.so
7fe016421000-7fe016422000 r--p 00000000 08:20 7406                       /usr/lib/locale/C.utf8/LC_NUMERIC
7fe016422000-7fe016423000 r--p 00000000 08:20 7409                       /usr/lib/locale/C.utf8/LC_TIME
7fe016423000-7fe016424000 r--p 00000000 08:20 7396                       /usr/lib/locale/C.utf8/LC_COLLATE
7fe016424000-7fe016425000 r--p 00000000 08:20 7403                       /usr/lib/locale/C.utf8/LC_MONETARY
7fe016425000-7fe016426000 r--p 00000000 08:20 7401                       /usr/lib/locale/C.utf8/LC_MESSAGES/SYS_LC_MESSAGES
7fe016426000-7fe016427000 r--p 00000000 08:20 7407                       /usr/lib/locale/C.utf8/LC_PAPER
7fe016427000-7fe016428000 r--p 00000000 08:20 7404                       /usr/lib/locale/C.utf8/LC_NAME
7fe016428000-7fe016429000 r--p 00000000 08:20 7395                       /usr/lib/locale/C.utf8/LC_ADDRESS
7fe016429000-7fe01642a000 r--p 00000000 08:20 7408                       /usr/lib/locale/C.utf8/LC_TELEPHONE
7fe01642a000-7fe01642b000 r--p 00000000 08:20 7400                       /usr/lib/locale/C.utf8/LC_MEASUREMENT
7fe01642b000-7fe016432000 r--s 00000000 08:20 51605                      /usr/lib/x86_64-linux-gnu/gconv/gconv-modules.cache
7fe016432000-7fe0164c6000 rw-p 00000000 00:00 0 
7fe0164c6000-7fe0164d0000 ---p 00000000 00:00 0 
7fe0164d0000-7fe0164d1000 r--p 00000000 08:20 26549                      /usr/lib/x86_64-linux-gnu/librt.so.1
7fe0164d1000-7fe0164d2000 r-xp 00001000 08:20 26549                      /usr/lib/x86_64-linux-gnu/librt.so.1
7fe0164d2000-7fe0164d3000 r--p 00002000 08:20 26549                      /usr/lib/x86_64-linux-gnu/librt.so.1
7fe0164d3000-7fe0164d4000 r--p 00002000 08:20 26549                      /usr/lib/x86_64-linux-gnu/librt.so.1
7fe0164d4000-7fe0164d5000 rw-p 00003000 08:20 26549                      /usr/lib/x86_64-linux-gnu/librt.so.1
7fe0164d5000-7fe0164d9000 rw-p 00000000 00:00 0 
7fe0164d9000-7fe0164da000 r--p 00000000 08:20 26537                      /usr/lib/x86_64-linux-gnu/libdl.so.2
7fe0164da000-7fe0164db000 r-xp 00001000 08:20 26537                      /usr/lib/x86_64-linux-gnu/libdl.so.2
7fe0164db000-7fe0164dc000 r--p 00002000 08:20 26537                      /usr/lib/x86_64-linux-gnu/libdl.so.2
7fe0164dc000-7fe0164dd000 r--p 00002000 08:20 26537                      /usr/lib/x86_64-linux-gnu/libdl.so.2
7fe0164dd000-7fe0164de000 rw-p 00003000 08:20 26537                      /usr/lib/x86_64-linux-gnu/libdl.so.2
7fe0164de000-7fe0164df000 r--p 00000000 08:20 26547                      /usr/lib/x86_64-linux-gnu/libpthread.so.0
7fe0164df000-7fe0164e0000 r-xp 00001000 08:20 26547                      /usr/lib/x86_64-linux-gnu/libpthread.so.0
7fe0164e0000-7fe0164e1000 r--p 00002000 08:20 26547                      /usr/lib/x86_64-linux-gnu/libpthread.so.0
7fe0164e1000-7fe0164e2000 r--p 00002000 08:20 26547                      /usr/lib/x86_64-linux-gnu/libpthread.so.0
7fe0164e2000-7fe0164e3000 rw-p 00003000 08:20 26547                      /usr/lib/x86_64-linux-gnu/libpthread.so.0
7fe0164e3000-7fe0164e5000 r--p 00000000 08:20 6844                       /usr/lib/x86_64-linux-gnu/libz.so.1.2.11
7fe0164e5000-7fe0164f6000 r-xp 00002000 08:20 6844                       /usr/lib/x86_64-linux-gnu/libz.so.1.2.11
7fe0164f6000-7fe0164fc000 r--p 00013000 08:20 6844                       /usr/lib/x86_64-linux-gnu/libz.so.1.2.11
7fe0164fc000-7fe0164fd000 ---p 00019000 08:20 6844                       /usr/lib/x86_64-linux-gnu/libz.so.1.2.11
7fe0164fd000-7fe0164fe000 r--p 00019000 08:20 6844                       /usr/lib/x86_64-linux-gnu/libz.so.1.2.11
7fe0164fe000-7fe0164ff000 rw-p 0001a000 08:20 6844                       /usr/lib/x86_64-linux-gnu/libz.so.1.2.11
7fe0164ff000-7fe016500000 r--p 00000000 08:20 7398                       /usr/lib/locale/C.utf8/LC_IDENTIFICATION
7fe016500000-7fe016508000 rw-s 00000000 08:20 1213                       /tmp/hsperfdata_root/8991
7fe016508000-7fe016509000 ---p 00000000 00:00 0 
7fe016509000-7fe01650a000 r--p 00000000 00:00 0 
7fe01650a000-7fe01650c000 rw-p 00000000 00:00 0 
7fe01650c000-7fe01650e000 r--p 00000000 08:20 26532                      /usr/lib/x86_64-linux-gnu/ld-linux-x86-64.so.2
7fe01650e000-7fe016538000 r-xp 00002000 08:20 26532                      /usr/lib/x86_64-linux-gnu/ld-linux-x86-64.so.2
7fe016538000-7fe016543000 r--p 0002c000 08:20 26532                      /usr/lib/x86_64-linux-gnu/ld-linux-x86-64.so.2
7fe016543000-7fe016544000 ---p 00000000 00:00 0 
7fe016544000-7fe016546000 r--p 00037000 08:20 26532                      /usr/lib/x86_64-linux-gnu/ld-linux-x86-64.so.2
7fe016546000-7fe016548000 rw-p 00039000 08:20 26532                      /usr/lib/x86_64-linux-gnu/ld-linux-x86-64.so.2
7ffe3268a000-7ffe326ac000 rw-p 00000000 00:00 0                          [stack]
7ffe327d9000-7ffe327dd000 r--p 00000000 00:00 0                          [vvar]
7ffe327dd000-7ffe327df000 r-xp 00000000 00:00 0                          [vdso]
Total number of mappings: 216


VM Arguments:
jvm_args: -Djava.library.path=. 
java_command: HelloWorld
java_class_path (initial): .
Launcher Type: SUN_STANDARD

[Global flags]
     intx CICompilerCount                          = 12                                        {product} {ergonomic}
     uint ConcGCThreads                            = 5                                         {product} {ergonomic}
     uint G1ConcRefinementThreads                  = 18                                        {product} {ergonomic}
   size_t G1HeapRegionSize                         = 8388608                                   {product} {ergonomic}
    uintx GCDrainStackTargetSize                   = 64                                        {product} {ergonomic}
   size_t InitialHeapSize                          = 796917760                                 {product} {ergonomic}
   size_t MarkStackSize                            = 4194304                                   {product} {ergonomic}
   size_t MaxHeapSize                              = 12624855040                               {product} {ergonomic}
   size_t MaxNewSize                               = 7574913024                                {product} {ergonomic}
   size_t MinHeapDeltaBytes                        = 8388608                                   {product} {ergonomic}
   size_t MinHeapSize                              = 8388608                                   {product} {ergonomic}
    uintx NonNMethodCodeHeapSize                   = 7602480                                {pd product} {ergonomic}
    uintx NonProfiledCodeHeapSize                  = 122027880                              {pd product} {ergonomic}
    uintx ProfiledCodeHeapSize                     = 122027880                              {pd product} {ergonomic}
    uintx ReservedCodeCacheSize                    = 251658240                              {pd product} {ergonomic}
     bool SegmentedCodeCache                       = true                                      {product} {ergonomic}
   size_t SoftMaxHeapSize                          = 12624855040                            {manageable} {ergonomic}
     bool UseCompressedOops                        = true                           {product lp64_product} {ergonomic}
     bool UseG1GC                                  = true                                      {product} {ergonomic}

Logging:
Log output configuration:
 #0: stdout all=warning uptime,level,tags foldmultilines=false
 #1: stderr all=off uptime,level,tags foldmultilines=false

Environment Variables:
JAVA_HOME=/root/.sdkman/candidates/java/current
PATH=/root/android-ndk/android-ndk-r26b:/root/.nix-profile/bin:/nix/var/nix/profiles/default/bin:/root/android-ndk/android-ndk-r26b/:/root/.sdkman/candidates/kotlin/current/bin:/root/.sdkman/candidates/java/current/bin:/root/.sdkman/candidates/gradle/current/bin:/usr/local/sbin:/usr/local/bin:/usr/sbin:/usr/bin:/sbin:/bin:/usr/games:/usr/local/games:/usr/lib/wsl/lib:/mnt/c/Program Files/PowerShell/7:/mnt/c/Users/Jean/fvm/versions/stable/bin/:/mnt/c/Program Files (x86)/Common Files/Intel/Shared Libraries/redist/intel64_win/compiler:/mnt/c/Program Files/Lapce/:/mnt/c/tools/python/Python311/Scripts/:/mnt/c/tools/python/Python311/:/mnt/c/Program Files (x86)/VMware/VMware Workstation/bin/:/mnt/c/Program Files/OpenSSH/:/mnt/c/Program Files (x86)/Common Files/Intel/Shared Libraries/redist/intel64/compiler:/mnt/c/Windows/system32:/mnt/c/Windows:/mnt/c/Windows/System32/Wbem:/mnt/c/Windows/System32/WindowsPowerShell/v1.0/:/mnt/c/Windows/System32/OpenSSH/:/mnt/c/Program Files/PuTTY/:/mnt/c/Program Files/WireGuard/:/mnt/c/Users/Jean/AppData/Roaming/nvm:/mnt/c/Program Files/nodejs:/mnt/c/ProgramData/chocolatey/bin:/mnt/c/Program Files/Microsoft SQL Server/150/Tools/Binn/:/mnt/c/Program Files/dotnet/:/mnt/c/Program Files/NVIDIA Corporation/NVIDIA NvDLISR:/mnt/c/Program Files/Git/cmd:/mnt/c/Program Files (x86)/NVIDIA Corporation/PhysX/Common:/mnt/c/Program Files/usbipd-win/:/mnt/c/tools/php/php-8.2.5-nts-Win32-vs16-x64:/mnt/c/tools/composer:/mnt/c/Program Files/Docker/Docker/resources/bin:/mnt/c/Program Files (x86)/Microsoft SQL Server/160/DTS/Binn/:/mnt/c/Program Files/Azure Data Studio/bin:/mnt/c/tools/CMake/bin:/mnt/c/Strawberry/c/bin:/mnt/c/Strawberry/perl/site/bin:/mnt/c/Strawberry/perl/bin:/mnt/c/Program Files/PowerShell/7/:/mnt/e/MinGW/bin:/mnt/c/Users/Jean/AppData/Local/pnpm:/mnt/c/Users/Jean/.cargo/bin:/mnt/c/Users/Jean/AppData/Local/Microsoft/WindowsApps:/mnt/c/Users/Jean/AppData/Local/Programs/Microsoft VS Code/bin:/mnt/c/tools/dart-sdk/bin:/mnt/c/Users/Jean/AppData/Roaming/Pub/Cache/bin:/mnt/c/tools/OpenJDK/jdk-17.0.6+10/bin:/mnt/c/Users/Jean/AppData/Local/Programs/oh-my-posh/bin:/mnt/c/Users/Jean/AppData/Local/Android/Sdk/platform-tools:/mnt/c/Users/Jean/fvm/default/bin:/mnt/c/Users/Jean/AppData/Roaming/Composer/vendor/bin:/mnt/c/Users/Jean/AppData/Local/Microsoft/WinGet/Links:/mnt/c/Program Files (x86)/Dr. Memory/bin/:/mnt/c/Users/Jean/.dotnet/tools:/snap/bin
SHELL=/usr/bin/fish
DISPLAY=:0
HOSTTYPE=x86_64
LANG=C.UTF-8
TERM=xterm-256color

Active Locale:
LC_ALL=C.UTF-8
LC_COLLATE=C.UTF-8
LC_CTYPE=C.UTF-8
LC_MESSAGES=C.UTF-8
LC_MONETARY=C.UTF-8
LC_NUMERIC=C.UTF-8
LC_TIME=C.UTF-8

Signal Handlers:
   SIGSEGV: crash_handler in libjvm.so, mask=11100100010111111101111111111110, flags=SA_RESTART|SA_SIGINFO, unblocked
    SIGBUS: crash_handler in libjvm.so, mask=11100100010111111101111111111110, flags=SA_RESTART|SA_SIGINFO, unblocked
    SIGFPE: crash_handler in libjvm.so, mask=11100100010111111101111111111110, flags=SA_RESTART|SA_SIGINFO, unblocked
   SIGPIPE: javaSignalHandler in libjvm.so, mask=11100100010111111101111111111110, flags=SA_RESTART|SA_SIGINFO, blocked
   SIGXFSZ: javaSignalHandler in libjvm.so, mask=11100100010111111101111111111110, flags=SA_RESTART|SA_SIGINFO, blocked
    SIGILL: crash_handler in libjvm.so, mask=11100100010111111101111111111110, flags=SA_RESTART|SA_SIGINFO, unblocked
   SIGUSR2: SR_handler in libjvm.so, mask=00000000000000000000000000000000, flags=SA_RESTART|SA_SIGINFO, blocked
    SIGHUP: UserHandler in libjvm.so, mask=11100100010111111101111111111110, flags=SA_RESTART|SA_SIGINFO, blocked
    SIGINT: UserHandler in libjvm.so, mask=11100100010111111101111111111110, flags=SA_RESTART|SA_SIGINFO, blocked
   SIGTERM: UserHandler in libjvm.so, mask=11100100010111111101111111111110, flags=SA_RESTART|SA_SIGINFO, blocked
   SIGQUIT: UserHandler in libjvm.so, mask=11100100010111111101111111111110, flags=SA_RESTART|SA_SIGINFO, blocked
   SIGTRAP: crash_handler in libjvm.so, mask=11100100010111111101111111111110, flags=SA_RESTART|SA_SIGINFO, unblocked


Periodic native trim disabled

---------------  S Y S T E M  ---------------

OS:
DISTRIB_ID=Ubuntu
DISTRIB_RELEASE=22.04
DISTRIB_CODENAME=jammy
DISTRIB_DESCRIPTION="Ubuntu 22.04.3 LTS"
uname: Linux 5.15.133.1-microsoft-standard-WSL2 #1 SMP Thu Oct 5 21:02:42 UTC 2023 x86_64
OS uptime: 0 days 21:22 hours
libc: glibc 2.35 NPTL 2.35 
rlimit (soft/hard): STACK 8192k/infinity , CORE 0k/infinity , NPROC 192524/192524 , NOFILE 1048576/1048576 , AS infinity/infinity , CPU infinity/infinity , DATA infinity/infinity , FSIZE infinity/infinity , MEMLOCK 65536k/65536k
load average: 0.15 0.03 0.01

/proc/meminfo:
MemTotal:       49292808 kB
MemFree:        47257592 kB
MemAvailable:   47992020 kB
Buffers:           39568 kB
Cached:          1141240 kB
SwapCached:            0 kB
Active:           501836 kB
Inactive:        1030136 kB
Active(anon):       2996 kB
Inactive(anon):   354228 kB
Active(file):     498840 kB
Inactive(file):   675908 kB
Unevictable:           0 kB
Mlocked:               0 kB
SwapTotal:      12582912 kB
SwapFree:       12582912 kB
Dirty:                84 kB
Writeback:             0 kB
AnonPages:        337208 kB
Mapped:           274836 kB
Shmem:              6060 kB
KReclaimable:      67780 kB
Slab:             157756 kB
SReclaimable:      67780 kB
SUnreclaim:        89976 kB
KernelStack:        7696 kB
PageTables:         7036 kB
NFS_Unstable:          0 kB
Bounce:                0 kB
WritebackTmp:          0 kB
CommitLimit:    37229316 kB
Committed_AS:    2974884 kB
VmallocTotal:   34359738367 kB
VmallocUsed:       32512 kB
VmallocChunk:          0 kB
Percpu:            13440 kB
AnonHugePages:    124928 kB
ShmemHugePages:        0 kB
ShmemPmdMapped:        0 kB
FileHugePages:         0 kB
FilePmdMapped:         0 kB
HugePages_Total:       0
HugePages_Free:        0
HugePages_Rsvd:        0
HugePages_Surp:        0
Hugepagesize:       2048 kB
Hugetlb:               0 kB
DirectMap4k:      117760 kB
DirectMap2M:     7180288 kB
DirectMap1G:    52428800 kB

/sys/kernel/mm/transparent_hugepage/enabled: [always] madvise never
/sys/kernel/mm/transparent_hugepage/defrag (defrag/compaction efforts parameter): always defer defer+madvise [madvise] never

Process Memory:
Virtual Size: 15335196K (peak: 15393860K)
Resident Set Size: 48852K (peak: 48852K) (anon: 27400K, file: 21452K, shmem: 0K)
Swapped out: 0K
C-Heap outstanding allocations: 45439K, retained: 2032K
glibc malloc tunables: (default)

/proc/sys/kernel/threads-max (system-wide limit on the number of threads): 385048
/proc/sys/vm/max_map_count (maximum number of memory map areas a process may have): 65530
/proc/sys/kernel/pid_max (system-wide limit on number of process identifiers): 4194304

container (cgroup) information:
container_type: cgroupv1
cpu_cpuset_cpus: 0-23
cpu_memory_nodes: 0
active_processor_count: 24
cpu_quota: no quota
cpu_period: 100000
cpu_shares: no shares
memory_limit_in_bytes: unlimited
memory_and_swap_limit_in_bytes: unlimited
memory_soft_limit_in_bytes: unlimited
memory_usage_in_bytes: 1517984 k
memory_max_usage_in_bytes: 1208528 k
kernel_memory_usage_in_bytes: 52436 k
kernel_memory_max_usage_in_bytes: unlimited
kernel_memory_limit_in_bytes: 57620 k
maximum number of tasks: not supported
current number of tasks: not supported

Hyper-V virtualization detected
Steal ticks since vm start: 0
Steal ticks percentage since vm start:  0.000

CPU: total 24 (initial active 24) (32 cores per cpu, 2 threads per core) family 23 model 113 stepping 0 microcode 0xffffffff, cx8, cmov, fxsr, ht, mmx, 3dnowpref, sse, sse2, sse3, ssse3, sse4a, sse4.1, sse4.2, popcnt, lzcnt, tsc, tscinvbit, avx, avx2, aes, clmul, bmi1, bmi2, adx, sha, fma, vzeroupper, clflush, clflushopt, hv, rdtscp, rdpid, f16c
CPU Model and flags from /proc/cpuinfo:
model name	: AMD Ryzen 9 3900X 12-Core Processor
flags		: fpu vme de pse tsc msr pae mce cx8 apic sep mtrr pge mca cmov pat pse36 clflush mmx fxsr sse sse2 ht syscall nx mmxext fxsr_opt pdpe1gb rdtscp lm constant_tsc rep_good nopl tsc_reliable nonstop_tsc cpuid extd_apicid pni pclmulqdq ssse3 fma cx16 sse4_1 sse4_2 movbe popcnt aes xsave avx f16c rdrand hypervisor lahf_lm cmp_legacy svm cr8_legacy abm sse4a misalignsse 3dnowprefetch osvw topoext perfctr_core ssbd ibpb stibp vmmcall fsgsbase bmi1 avx2 smep bmi2 rdseed adx smap clflushopt clwb sha_ni xsaveopt xsavec xgetbv1 clzero xsaveerptr arat npt nrip_save tsc_scale vmcb_clean flushbyasid decodeassists pausefilter pfthreshold v_vmsave_vmload umip rdpid

Online cpus: 0-23
Offline cpus: 
BIOS frequency limitation: <Not Available>
Frequency switch latency (ns): <Not Available>
Available cpu frequencies: <Not Available>
Current governor: <Not Available>
Core performance/turbo boost: <Not Available>

Memory: 4k page, physical 49292808k(47992020k free), swap 12582912k(12582912k free)
Page Sizes: 4k

vm_info: OpenJDK 64-Bit Server VM (21.0.2+13-LTS) for linux-amd64 JRE (21.0.2+13-LTS), built on 2024-01-10T23:18:41Z by "jenkins" with gcc 7.3.1 20180303 (Red Hat 7.3.1-5)

END.
