#
# A fatal error has been detected by the Java Runtime Environment:
#
#  SIGSEGV (0xb) at pc=0x00007fc16a3c5d35, pid=10626, tid=10627
#
# JRE version: OpenJDK Runtime Environment Corretto-21.0.2.13.1 (21.0.2+13) (build 21.0.2+13-LTS)
# Java VM: OpenJDK 64-Bit Server VM Corretto-21.0.2.13.1 (21.0.2+13-LTS, mixed mode, sharing, tiered, compressed oops, compressed class ptrs, g1 gc, linux-amd64)
# Problematic frame:
# C  [libcppjnilib.so+0x3d35]  ExtIntMatrix::toJObjectArray(JNIEnv_*)+0x195
#
# No core dump will be written. Core dumps have been disabled. To enable core dumping, try "ulimit -c unlimited" before starting Java again
#
# If you would like to submit a bug report, please visit:
#   https://github.com/corretto/corretto-21/issues/
# The crash happened outside the Java Virtual Machine in native code.
# See problematic frame for where to report the bug.
#

---------------  S U M M A R Y ------------

Command Line: -Djava.library.path=. HelloWorld

Host: AMD Ryzen 9 3900X 12-Core Processor, 24 cores, 47G, Ubuntu 22.04.3 LTS
Time: Fri Mar  1 10:03:59 2024 CET elapsed time: 0.041187 seconds (0d 0h 0m 0s)

---------------  T H R E A D  ---------------

Current thread (0x00007fc1640284b0):  JavaThread "main"             [_thread_in_native, id=10627, stack(0x00007fc168b00000,0x00007fc168c00000) (1024K)]

Stack: [0x00007fc168b00000,0x00007fc168c00000],  sp=0x00007fc168bfe790,  free space=1017k
Native frames: (J=compiled Java code, j=interpreted, Vv=VM code, C=native code)
C  [libcppjnilib.so+0x3d35]  ExtIntMatrix::toJObjectArray(JNIEnv_*)+0x195
C  [libcppjnilib.so+0x36a2]  Java_HelloWorld_matrixMultiplication+0x62
j  HelloWorld.matrixMultiplication([[I[[I)[[I+0
j  HelloWorld.main([Ljava/lang/String;)V+153
v  ~StubRoutines::call_stub 0x00007fc153d2ccc6
V  [libjvm.so+0x909a24]  JavaCalls::call_helper(JavaValue*, methodHandle const&, JavaCallArguments*, JavaThread*)+0x2f4
V  [libjvm.so+0x9b5e1f]  jni_invoke_static(JNIEnv_*, JavaValue*, _jobject*, JNICallType, _jmethodID*, JNI_ArgumentPusher*, JavaThread*) [clone .isra.156] [clone .constprop.261]+0x15f
V  [libjvm.so+0x9b803f]  jni_CallStaticVoidMethod+0x14f
C  [libjli.so+0x57b7]  JavaMain+0xfb7
C  [libjli.so+0x8719]  ThreadJavaMain+0x9
Java frames: (J=compiled Java code, j=interpreted, Vv=VM code)
j  HelloWorld.matrixMultiplication([[I[[I)[[I+0
j  HelloWorld.main([Ljava/lang/String;)V+153
v  ~StubRoutines::call_stub 0x00007fc153d2ccc6

siginfo: si_signo: 11 (SIGSEGV), si_code: 1 (SEGV_MAPERR), si_addr: 0x00007fc698013607

Registers:
RAX=0x00007fc698013607, RBX=0x00007fc0db4005d0, RCX=0x0000000000000000, RDX=0x00007fc12c7f5370
RSP=0x00007fc168bfe790, RBP=0x00007fc168bfe7d0, RSI=0x000000000000203d, RDI=0x00007fc12c7fb540
R8 =0x0000000000000000, R9 =0x00007fc168bfe680, R10=0x0000000000000001, R11=0x0000000000000000
R12=0x0000000000000000, R13=0x00007fc0db4005d0, R14=0x00007fc168bfe8f8, R15=0x00007fc1640284b0
RIP=0x00007fc16a3c5d35, EFLAGS=0x0000000000010206, CSGSFS=0x002b000000000033, ERR=0x0000000000000004
  TRAPNO=0x000000000000000e


Register to memory mapping:

RAX=0x00007fc698013607 is an unknown value
RBX={method} {0x00007fc0db4005d0} 'matrixMultiplication' '([[I[[I)[[I' in 'HelloWorld'
RCX=0x0 is null
RDX=0x00007fc12c7f5370: _ZTVSo+0x0000000000000018 in /lib/x86_64-linux-gnu/libstdc++.so.6 at 0x00007fc12c5d2000
RSP=0x00007fc168bfe790 is pointing into the stack for thread: 0x00007fc1640284b0
RBP=0x00007fc168bfe7d0 is pointing into the stack for thread: 0x00007fc1640284b0
RSI=0x000000000000203d is an unknown value
RDI=0x00007fc12c7fb540: _ZSt4cout+0x0000000000000000 in /lib/x86_64-linux-gnu/libstdc++.so.6 at 0x00007fc12c5d2000
R8 =0x0 is null
R9 =0x00007fc168bfe680 is pointing into the stack for thread: 0x00007fc1640284b0
R10=0x0000000000000001 is an unknown value
R11=0x0 is null
R12=0x0 is null
R13={method} {0x00007fc0db4005d0} 'matrixMultiplication' '([[I[[I)[[I' in 'HelloWorld'
R14=0x00007fc168bfe8f8 is pointing into the stack for thread: 0x00007fc1640284b0
R15=0x00007fc1640284b0 is a thread

Top of Stack: (sp=0x00007fc168bfe790)
0x00007fc168bfe790:   00007fc168bfe7f0 00007fc164028868
0x00007fc168bfe7a0:   0000000000000003 00007fc164134fc0
0x00007fc168bfe7b0:   0000000000000003 00007fc164134fb8
0x00007fc168bfe7c0:   00007fc164028868 00007fc168bfe7f0
0x00007fc168bfe7d0:   00007fc168bfe850 00007fc16a3c56a2
0x00007fc168bfe7e0:   00007fc168bfe810 00007fc1640054a0
0x00007fc168bfe7f0:   00007fc1641776b0 0000000300000003
0x00007fc168bfe800:   00007fc168bfe840 00007fc1694ff884
0x00007fc168bfe810:   00007fc164177690 0000000300000003
0x00007fc168bfe820:   00007fc1641772b0 0000000300000003
0x00007fc168bfe830:   00007fc168bfe8e8 00007fc168bfe8f0
0x00007fc168bfe840:   00007fc168bfe8f8 00007fc164028868
0x00007fc168bfe850:   00007fc168bfe8c8 00007fc153d38980
0x00007fc168bfe860:   00007fc168bfe8c8 00007fc153d38657
0x00007fc168bfe870:   0000000000000000 00007fc153d3861f
0x00007fc168bfe880:   00007fc168bfe880 00007fc0db4005d0
0x00007fc168bfe890:   0000000000000006 00007fc0db400998
0x00007fc168bfe8a0:   0000000000000000 000000053e812108
0x00007fc168bfe8b0:   00007fc0db4005d0 0000000000000000
0x00007fc168bfe8c0:   00007fc168bfe8e8 00007fc168bfe948
0x00007fc168bfe8d0:   00007fc153d342d8 0000000000000000
0x00007fc168bfe8e0:   00007fc153d35f9a 000000053e8133c8
0x00007fc168bfe8f0:   000000053e813348 000000053e812f90
0x00007fc168bfe900:   00007fc168bfe900 00007fc0db4007a9
0x00007fc168bfe910:   0000000000000008 00007fc0db400998
0x00007fc168bfe920:   0000000000000000 000000053e812108
0x00007fc168bfe930:   00007fc0db400810 00007fc168bfe8e8
0x00007fc168bfe940:   00007fc168bfe988 00007fc168bfe9f0
0x00007fc168bfe950:   00007fc153d2ccc6 0000000000000000
0x00007fc168bfe960:   0000000000000000 0000000000000000
0x00007fc168bfe970:   000000053e8133c8 000000053e813348
0x00007fc168bfe980:   000000053e812f90 000000053e8124c8 

Instructions: (pc=0x00007fc16a3c5d35)
0x00007fc16a3c5c35:   ff 48 89 c7 48 8d 35 4f 14 00 00 e8 eb f5 ff ff
0x00007fc16a3c5c45:   48 89 c7 48 8b 45 c0 8b 70 08 e8 2c f7 ff ff 48
0x00007fc16a3c5c55:   89 c7 48 8b 35 5a 33 00 00 e8 dd f5 ff ff 48 8b
0x00007fc16a3c5c65:   3d 5e 33 00 00 48 8d 35 23 14 00 00 e8 ba f5 ff
0x00007fc16a3c5c75:   ff 48 89 c7 8b 75 e4 e8 ff f6 ff ff 48 89 c7 48
0x00007fc16a3c5c85:   8d 35 0e 14 00 00 e8 a0 f5 ff ff 48 89 c7 48 8b
0x00007fc16a3c5c95:   45 c0 8b 70 0c e8 e1 f6 ff ff 48 89 c7 48 8d 35
0x00007fc16a3c5ca5:   f6 13 00 00 e8 82 f5 ff ff 48 89 c7 48 8b 35 00
0x00007fc16a3c5cb5:   33 00 00 e8 83 f5 ff ff c7 45 d4 00 00 00 00 48
0x00007fc16a3c5cc5:   8b 4d c0 8b 45 d4 3b 41 0c 0f 8d 86 00 00 00 48
0x00007fc16a3c5cd5:   8b 3d ed 32 00 00 48 8d 35 b2 13 00 00 e8 49 f5
0x00007fc16a3c5ce5:   ff ff 48 89 c7 8b 75 e4 e8 8e f6 ff ff 48 89 c7
0x00007fc16a3c5cf5:   48 8d 35 ad 13 00 00 e8 2f f5 ff ff 48 89 c7 8b
0x00007fc16a3c5d05:   75 d4 e8 74 f6 ff ff 48 8b 3d b5 32 00 00 48 8d
0x00007fc16a3c5d15:   35 91 13 00 00 e8 11 f5 ff ff 48 89 c7 48 8b 45
0x00007fc16a3c5d25:   c0 48 8b 00 48 63 4d e4 48 8b 04 c8 48 63 4d d4
0x00007fc16a3c5d35:   8b 34 88 e8 43 f6 ff ff 48 89 c7 48 8b 35 71 32
0x00007fc16a3c5d45:   00 00 e8 f4 f4 ff ff 8b 45 d4 83 c0 01 89 45 d4
0x00007fc16a3c5d55:   e9 6a ff ff ff 48 8b 45 c0 48 8b 7d f0 48 8b 75
0x00007fc16a3c5d65:   d8 8b 48 0c 48 8b 00 48 63 55 e4 4c 8b 04 d0 31
0x00007fc16a3c5d75:   d2 e8 45 f3 ff ff 48 8b 7d f0 48 8b 75 e8 8b 55
0x00007fc16a3c5d85:   e4 48 8b 4d d8 e8 71 f5 ff ff 48 8b 7d f0 48 8b
0x00007fc16a3c5d95:   75 d8 e8 e4 f4 ff ff 8b 45 e4 83 c0 01 89 45 e4
0x00007fc16a3c5da5:   e9 4a fe ff ff 48 8b 45 e8 48 83 c4 40 5d c3 66
0x00007fc16a3c5db5:   2e 0f 1f 84 00 00 00 00 00 66 90 55 48 89 e5 48
0x00007fc16a3c5dc5:   83 ec 10 48 89 7d f8 48 8b 7d f8 e8 1b f3 ff ff
0x00007fc16a3c5dd5:   48 83 c4 10 5d c3 0f 1f 44 00 00 55 48 89 e5 48
0x00007fc16a3c5de5:   83 ec 20 48 89 7d f8 48 8b 45 f8 48 89 45 e8 c7
0x00007fc16a3c5df5:   45 f4 00 00 00 00 48 8b 4d e8 8b 45 f4 3b 41 08
0x00007fc16a3c5e05:   0f 8d 77 00 00 00 c7 45 f0 00 00 00 00 48 8b 4d
0x00007fc16a3c5e15:   e8 8b 45 f0 3b 41 0c 0f 8d 3f 00 00 00 48 8b 45
0x00007fc16a3c5e25:   e8 48 8b 00 48 63 4d f4 48 8b 04 c8 48 63 4d f0 


Stack slot to memory mapping:

stack at sp + 0 slots: 0x00007fc168bfe7f0 is pointing into the stack for thread: 0x00007fc1640284b0
stack at sp + 1 slots: 0x00007fc164028868 points into unknown readable memory: 0x00007fc16a326160 | 60 61 32 6a c1 7f 00 00
stack at sp + 2 slots: 0x0000000000000003 is an unknown value
stack at sp + 3 slots: 0x00007fc164134fc0 points into unknown readable memory: 0x000000053e8134f0 | f0 34 81 3e 05 00 00 00
stack at sp + 4 slots: 0x0000000000000003 is an unknown value
stack at sp + 5 slots: 0x00007fc164134fb8 points into unknown readable memory: 0x000000053e8134d0 | d0 34 81 3e 05 00 00 00
stack at sp + 6 slots: 0x00007fc164028868 points into unknown readable memory: 0x00007fc16a326160 | 60 61 32 6a c1 7f 00 00
stack at sp + 7 slots: 0x00007fc168bfe7f0 is pointing into the stack for thread: 0x00007fc1640284b0


---------------  P R O C E S S  ---------------

Threads class SMR info:
_java_thread_list=0x00007fc16415f050, length=10, elements={
0x00007fc1640284b0, 0x00007fc164143670, 0x00007fc164144de0, 0x00007fc1641468c0,
0x00007fc164147f00, 0x00007fc1641494a0, 0x00007fc16414b060, 0x00007fc16414c720,
0x00007fc16415a930, 0x00007fc16415df10
}

Java Threads: ( => current thread )
=>0x00007fc1640284b0 JavaThread "main"                              [_thread_in_native, id=10627, stack(0x00007fc168b00000,0x00007fc168c00000) (1024K)]
  0x00007fc164143670 JavaThread "Reference Handler"          daemon [_thread_blocked, id=10635, stack(0x00007fc12d31d000,0x00007fc12d41d000) (1024K)]
  0x00007fc164144de0 JavaThread "Finalizer"                  daemon [_thread_blocked, id=10636, stack(0x00007fc12d21c000,0x00007fc12d31c000) (1024K)]
  0x00007fc1641468c0 JavaThread "Signal Dispatcher"          daemon [_thread_blocked, id=10637, stack(0x00007fc12d11b000,0x00007fc12d21b000) (1024K)]
  0x00007fc164147f00 JavaThread "Service Thread"             daemon [_thread_blocked, id=10638, stack(0x00007fc12d01a000,0x00007fc12d11a000) (1024K)]
  0x00007fc1641494a0 JavaThread "Monitor Deflation Thread"   daemon [_thread_blocked, id=10639, stack(0x00007fc12cf19000,0x00007fc12d019000) (1024K)]
  0x00007fc16414b060 JavaThread "C2 CompilerThread0"         daemon [_thread_blocked, id=10640, stack(0x00007fc12ce18000,0x00007fc12cf18000) (1024K)]
  0x00007fc16414c720 JavaThread "C1 CompilerThread0"         daemon [_thread_blocked, id=10641, stack(0x00007fc12cd17000,0x00007fc12ce17000) (1024K)]
  0x00007fc16415a930 JavaThread "Notification Thread"        daemon [_thread_blocked, id=10642, stack(0x00007fc12c900000,0x00007fc12ca00000) (1024K)]
  0x00007fc16415df10 JavaThread "Common-Cleaner"             daemon [_thread_blocked, id=10643, stack(0x00007fc12c7ff000,0x00007fc12c8ff000) (1024K)]
Total: 10

Other Threads:
  0x00007fc164133a60 VMThread "VM Thread"                           [id=10634, stack(0x00007fc12d475000,0x00007fc12d575000) (1024K)]
  0x00007fc164118ba0 WatcherThread "VM Periodic Task Thread"        [id=10633, stack(0x00007fc12d576000,0x00007fc12d676000) (1024K)]
  0x00007fc1640530c0 WorkerThread "GC Thread#0"                     [id=10628, stack(0x00007fc13cd96000,0x00007fc13ce96000) (1024K)]
  0x00007fc164060330 ConcurrentGCThread "G1 Main Marker"            [id=10629, stack(0x00007fc13cc95000,0x00007fc13cd95000) (1024K)]
  0x00007fc164061300 WorkerThread "G1 Conc#0"                       [id=10630, stack(0x00007fc13cb94000,0x00007fc13cc94000) (1024K)]
  0x00007fc1640feb50 ConcurrentGCThread "G1 Refine#0"               [id=10631, stack(0x00007fc12d7f9000,0x00007fc12d8f9000) (1024K)]
  0x00007fc1640ffb00 ConcurrentGCThread "G1 Service"                [id=10632, stack(0x00007fc12d6f8000,0x00007fc12d7f8000) (1024K)]
Total: 7

Threads with active compile tasks:
Total: 0

VM state: not at safepoint (normal execution)

VM Mutex/Monitor currently owned by a thread: None

Heap address: 0x000000050f800000, size: 12040 MB, Compressed Oops mode: Zero based, Oop shift amount: 3

CDS archive(s) mapped at: [0x00007fc0df000000-0x00007fc0dfca6000-0x00007fc0dfca6000), size 13262848, SharedBaseAddress: 0x00007fc0df000000, ArchiveRelocationMode: 1.
Compressed class space mapped at: 0x00007fc0e0000000-0x00007fc120000000, reserved size: 1073741824
Narrow klass base: 0x00007fc0df000000, Narrow klass shift: 0, Narrow klass range: 0x100000000

GC Precious Log:
 CardTable entry size: 512
 Card Set container configuration: InlinePtr #cards 4 size 8 Array Of Cards #cards 64 size 144 Howl #buckets 8 coarsen threshold 14745 Howl Bitmap #cards 2048 size 272 coarsen threshold 1843 Card regions per heap region 1 cards per card region 16384
 CPUs: 24 total, 24 available
 Memory: 48137M
 Large Page Support: Disabled
 NUMA Support: Disabled
 Compressed Oops: Enabled (Zero based)
 Heap Region Size: 8M
 Heap Min Capacity: 8M
 Heap Initial Capacity: 760M
 Heap Max Capacity: 12040M
 Pre-touch: Disabled
 Parallel Workers: 18
 Concurrent Workers: 5
 Concurrent Refinement Workers: 18
 Periodic GC: Disabled

Heap:
 garbage-first heap   total 786432K, used 1053K [0x000000050f800000, 0x0000000800000000)
  region size 8192K, 1 young (8192K), 0 survivors (0K)
 Metaspace       used 82K, committed 320K, reserved 1114112K
  class space    used 3K, committed 128K, reserved 1048576K

Heap Regions: E=young(eden), S=young(survivor), O=old, HS=humongous(starts), HC=humongous(continues), CS=collection set, F=free, TAMS=top-at-mark-start, PB=parsable bottom
|   0|0x000000050f800000, 0x000000050f800000, 0x0000000510000000|  0%| F|  |TAMS 0x000000050f800000| PB 0x000000050f800000| Untracked 
|   1|0x0000000510000000, 0x0000000510000000, 0x0000000510800000|  0%| F|  |TAMS 0x0000000510000000| PB 0x0000000510000000| Untracked 
|   2|0x0000000510800000, 0x0000000510800000, 0x0000000511000000|  0%| F|  |TAMS 0x0000000510800000| PB 0x0000000510800000| Untracked 
|   3|0x0000000511000000, 0x0000000511000000, 0x0000000511800000|  0%| F|  |TAMS 0x0000000511000000| PB 0x0000000511000000| Untracked 
|   4|0x0000000511800000, 0x0000000511800000, 0x0000000512000000|  0%| F|  |TAMS 0x0000000511800000| PB 0x0000000511800000| Untracked 
|   5|0x0000000512000000, 0x0000000512000000, 0x0000000512800000|  0%| F|  |TAMS 0x0000000512000000| PB 0x0000000512000000| Untracked 
|   6|0x0000000512800000, 0x0000000512800000, 0x0000000513000000|  0%| F|  |TAMS 0x0000000512800000| PB 0x0000000512800000| Untracked 
|   7|0x0000000513000000, 0x0000000513000000, 0x0000000513800000|  0%| F|  |TAMS 0x0000000513000000| PB 0x0000000513000000| Untracked 
|   8|0x0000000513800000, 0x0000000513800000, 0x0000000514000000|  0%| F|  |TAMS 0x0000000513800000| PB 0x0000000513800000| Untracked 
|   9|0x0000000514000000, 0x0000000514000000, 0x0000000514800000|  0%| F|  |TAMS 0x0000000514000000| PB 0x0000000514000000| Untracked 
|  10|0x0000000514800000, 0x0000000514800000, 0x0000000515000000|  0%| F|  |TAMS 0x0000000514800000| PB 0x0000000514800000| Untracked 
|  11|0x0000000515000000, 0x0000000515000000, 0x0000000515800000|  0%| F|  |TAMS 0x0000000515000000| PB 0x0000000515000000| Untracked 
|  12|0x0000000515800000, 0x0000000515800000, 0x0000000516000000|  0%| F|  |TAMS 0x0000000515800000| PB 0x0000000515800000| Untracked 
|  13|0x0000000516000000, 0x0000000516000000, 0x0000000516800000|  0%| F|  |TAMS 0x0000000516000000| PB 0x0000000516000000| Untracked 
|  14|0x0000000516800000, 0x0000000516800000, 0x0000000517000000|  0%| F|  |TAMS 0x0000000516800000| PB 0x0000000516800000| Untracked 
|  15|0x0000000517000000, 0x0000000517000000, 0x0000000517800000|  0%| F|  |TAMS 0x0000000517000000| PB 0x0000000517000000| Untracked 
|  16|0x0000000517800000, 0x0000000517800000, 0x0000000518000000|  0%| F|  |TAMS 0x0000000517800000| PB 0x0000000517800000| Untracked 
|  17|0x0000000518000000, 0x0000000518000000, 0x0000000518800000|  0%| F|  |TAMS 0x0000000518000000| PB 0x0000000518000000| Untracked 
|  18|0x0000000518800000, 0x0000000518800000, 0x0000000519000000|  0%| F|  |TAMS 0x0000000518800000| PB 0x0000000518800000| Untracked 
|  19|0x0000000519000000, 0x0000000519000000, 0x0000000519800000|  0%| F|  |TAMS 0x0000000519000000| PB 0x0000000519000000| Untracked 
|  20|0x0000000519800000, 0x0000000519800000, 0x000000051a000000|  0%| F|  |TAMS 0x0000000519800000| PB 0x0000000519800000| Untracked 
|  21|0x000000051a000000, 0x000000051a000000, 0x000000051a800000|  0%| F|  |TAMS 0x000000051a000000| PB 0x000000051a000000| Untracked 
|  22|0x000000051a800000, 0x000000051a800000, 0x000000051b000000|  0%| F|  |TAMS 0x000000051a800000| PB 0x000000051a800000| Untracked 
|  23|0x000000051b000000, 0x000000051b000000, 0x000000051b800000|  0%| F|  |TAMS 0x000000051b000000| PB 0x000000051b000000| Untracked 
|  24|0x000000051b800000, 0x000000051b800000, 0x000000051c000000|  0%| F|  |TAMS 0x000000051b800000| PB 0x000000051b800000| Untracked 
|  25|0x000000051c000000, 0x000000051c000000, 0x000000051c800000|  0%| F|  |TAMS 0x000000051c000000| PB 0x000000051c000000| Untracked 
|  26|0x000000051c800000, 0x000000051c800000, 0x000000051d000000|  0%| F|  |TAMS 0x000000051c800000| PB 0x000000051c800000| Untracked 
|  27|0x000000051d000000, 0x000000051d000000, 0x000000051d800000|  0%| F|  |TAMS 0x000000051d000000| PB 0x000000051d000000| Untracked 
|  28|0x000000051d800000, 0x000000051d800000, 0x000000051e000000|  0%| F|  |TAMS 0x000000051d800000| PB 0x000000051d800000| Untracked 
|  29|0x000000051e000000, 0x000000051e000000, 0x000000051e800000|  0%| F|  |TAMS 0x000000051e000000| PB 0x000000051e000000| Untracked 
|  30|0x000000051e800000, 0x000000051e800000, 0x000000051f000000|  0%| F|  |TAMS 0x000000051e800000| PB 0x000000051e800000| Untracked 
|  31|0x000000051f000000, 0x000000051f000000, 0x000000051f800000|  0%| F|  |TAMS 0x000000051f000000| PB 0x000000051f000000| Untracked 
|  32|0x000000051f800000, 0x000000051f800000, 0x0000000520000000|  0%| F|  |TAMS 0x000000051f800000| PB 0x000000051f800000| Untracked 
|  33|0x0000000520000000, 0x0000000520000000, 0x0000000520800000|  0%| F|  |TAMS 0x0000000520000000| PB 0x0000000520000000| Untracked 
|  34|0x0000000520800000, 0x0000000520800000, 0x0000000521000000|  0%| F|  |TAMS 0x0000000520800000| PB 0x0000000520800000| Untracked 
|  35|0x0000000521000000, 0x0000000521000000, 0x0000000521800000|  0%| F|  |TAMS 0x0000000521000000| PB 0x0000000521000000| Untracked 
|  36|0x0000000521800000, 0x0000000521800000, 0x0000000522000000|  0%| F|  |TAMS 0x0000000521800000| PB 0x0000000521800000| Untracked 
|  37|0x0000000522000000, 0x0000000522000000, 0x0000000522800000|  0%| F|  |TAMS 0x0000000522000000| PB 0x0000000522000000| Untracked 
|  38|0x0000000522800000, 0x0000000522800000, 0x0000000523000000|  0%| F|  |TAMS 0x0000000522800000| PB 0x0000000522800000| Untracked 
|  39|0x0000000523000000, 0x0000000523000000, 0x0000000523800000|  0%| F|  |TAMS 0x0000000523000000| PB 0x0000000523000000| Untracked 
|  40|0x0000000523800000, 0x0000000523800000, 0x0000000524000000|  0%| F|  |TAMS 0x0000000523800000| PB 0x0000000523800000| Untracked 
|  41|0x0000000524000000, 0x0000000524000000, 0x0000000524800000|  0%| F|  |TAMS 0x0000000524000000| PB 0x0000000524000000| Untracked 
|  42|0x0000000524800000, 0x0000000524800000, 0x0000000525000000|  0%| F|  |TAMS 0x0000000524800000| PB 0x0000000524800000| Untracked 
|  43|0x0000000525000000, 0x0000000525000000, 0x0000000525800000|  0%| F|  |TAMS 0x0000000525000000| PB 0x0000000525000000| Untracked 
|  44|0x0000000525800000, 0x0000000525800000, 0x0000000526000000|  0%| F|  |TAMS 0x0000000525800000| PB 0x0000000525800000| Untracked 
|  45|0x0000000526000000, 0x0000000526000000, 0x0000000526800000|  0%| F|  |TAMS 0x0000000526000000| PB 0x0000000526000000| Untracked 
|  46|0x0000000526800000, 0x0000000526800000, 0x0000000527000000|  0%| F|  |TAMS 0x0000000526800000| PB 0x0000000526800000| Untracked 
|  47|0x0000000527000000, 0x0000000527000000, 0x0000000527800000|  0%| F|  |TAMS 0x0000000527000000| PB 0x0000000527000000| Untracked 
|  48|0x0000000527800000, 0x0000000527800000, 0x0000000528000000|  0%| F|  |TAMS 0x0000000527800000| PB 0x0000000527800000| Untracked 
|  49|0x0000000528000000, 0x0000000528000000, 0x0000000528800000|  0%| F|  |TAMS 0x0000000528000000| PB 0x0000000528000000| Untracked 
|  50|0x0000000528800000, 0x0000000528800000, 0x0000000529000000|  0%| F|  |TAMS 0x0000000528800000| PB 0x0000000528800000| Untracked 
|  51|0x0000000529000000, 0x0000000529000000, 0x0000000529800000|  0%| F|  |TAMS 0x0000000529000000| PB 0x0000000529000000| Untracked 
|  52|0x0000000529800000, 0x0000000529800000, 0x000000052a000000|  0%| F|  |TAMS 0x0000000529800000| PB 0x0000000529800000| Untracked 
|  53|0x000000052a000000, 0x000000052a000000, 0x000000052a800000|  0%| F|  |TAMS 0x000000052a000000| PB 0x000000052a000000| Untracked 
|  54|0x000000052a800000, 0x000000052a800000, 0x000000052b000000|  0%| F|  |TAMS 0x000000052a800000| PB 0x000000052a800000| Untracked 
|  55|0x000000052b000000, 0x000000052b000000, 0x000000052b800000|  0%| F|  |TAMS 0x000000052b000000| PB 0x000000052b000000| Untracked 
|  56|0x000000052b800000, 0x000000052b800000, 0x000000052c000000|  0%| F|  |TAMS 0x000000052b800000| PB 0x000000052b800000| Untracked 
|  57|0x000000052c000000, 0x000000052c000000, 0x000000052c800000|  0%| F|  |TAMS 0x000000052c000000| PB 0x000000052c000000| Untracked 
|  58|0x000000052c800000, 0x000000052c800000, 0x000000052d000000|  0%| F|  |TAMS 0x000000052c800000| PB 0x000000052c800000| Untracked 
|  59|0x000000052d000000, 0x000000052d000000, 0x000000052d800000|  0%| F|  |TAMS 0x000000052d000000| PB 0x000000052d000000| Untracked 
|  60|0x000000052d800000, 0x000000052d800000, 0x000000052e000000|  0%| F|  |TAMS 0x000000052d800000| PB 0x000000052d800000| Untracked 
|  61|0x000000052e000000, 0x000000052e000000, 0x000000052e800000|  0%| F|  |TAMS 0x000000052e000000| PB 0x000000052e000000| Untracked 
|  62|0x000000052e800000, 0x000000052e800000, 0x000000052f000000|  0%| F|  |TAMS 0x000000052e800000| PB 0x000000052e800000| Untracked 
|  63|0x000000052f000000, 0x000000052f000000, 0x000000052f800000|  0%| F|  |TAMS 0x000000052f000000| PB 0x000000052f000000| Untracked 
|  64|0x000000052f800000, 0x000000052f800000, 0x0000000530000000|  0%| F|  |TAMS 0x000000052f800000| PB 0x000000052f800000| Untracked 
|  65|0x0000000530000000, 0x0000000530000000, 0x0000000530800000|  0%| F|  |TAMS 0x0000000530000000| PB 0x0000000530000000| Untracked 
|  66|0x0000000530800000, 0x0000000530800000, 0x0000000531000000|  0%| F|  |TAMS 0x0000000530800000| PB 0x0000000530800000| Untracked 
|  67|0x0000000531000000, 0x0000000531000000, 0x0000000531800000|  0%| F|  |TAMS 0x0000000531000000| PB 0x0000000531000000| Untracked 
|  68|0x0000000531800000, 0x0000000531800000, 0x0000000532000000|  0%| F|  |TAMS 0x0000000531800000| PB 0x0000000531800000| Untracked 
|  69|0x0000000532000000, 0x0000000532000000, 0x0000000532800000|  0%| F|  |TAMS 0x0000000532000000| PB 0x0000000532000000| Untracked 
|  70|0x0000000532800000, 0x0000000532800000, 0x0000000533000000|  0%| F|  |TAMS 0x0000000532800000| PB 0x0000000532800000| Untracked 
|  71|0x0000000533000000, 0x0000000533000000, 0x0000000533800000|  0%| F|  |TAMS 0x0000000533000000| PB 0x0000000533000000| Untracked 
|  72|0x0000000533800000, 0x0000000533800000, 0x0000000534000000|  0%| F|  |TAMS 0x0000000533800000| PB 0x0000000533800000| Untracked 
|  73|0x0000000534000000, 0x0000000534000000, 0x0000000534800000|  0%| F|  |TAMS 0x0000000534000000| PB 0x0000000534000000| Untracked 
|  74|0x0000000534800000, 0x0000000534800000, 0x0000000535000000|  0%| F|  |TAMS 0x0000000534800000| PB 0x0000000534800000| Untracked 
|  75|0x0000000535000000, 0x0000000535000000, 0x0000000535800000|  0%| F|  |TAMS 0x0000000535000000| PB 0x0000000535000000| Untracked 
|  76|0x0000000535800000, 0x0000000535800000, 0x0000000536000000|  0%| F|  |TAMS 0x0000000535800000| PB 0x0000000535800000| Untracked 
|  77|0x0000000536000000, 0x0000000536000000, 0x0000000536800000|  0%| F|  |TAMS 0x0000000536000000| PB 0x0000000536000000| Untracked 
|  78|0x0000000536800000, 0x0000000536800000, 0x0000000537000000|  0%| F|  |TAMS 0x0000000536800000| PB 0x0000000536800000| Untracked 
|  79|0x0000000537000000, 0x0000000537000000, 0x0000000537800000|  0%| F|  |TAMS 0x0000000537000000| PB 0x0000000537000000| Untracked 
|  80|0x0000000537800000, 0x0000000537800000, 0x0000000538000000|  0%| F|  |TAMS 0x0000000537800000| PB 0x0000000537800000| Untracked 
|  81|0x0000000538000000, 0x0000000538000000, 0x0000000538800000|  0%| F|  |TAMS 0x0000000538000000| PB 0x0000000538000000| Untracked 
|  82|0x0000000538800000, 0x0000000538800000, 0x0000000539000000|  0%| F|  |TAMS 0x0000000538800000| PB 0x0000000538800000| Untracked 
|  83|0x0000000539000000, 0x0000000539000000, 0x0000000539800000|  0%| F|  |TAMS 0x0000000539000000| PB 0x0000000539000000| Untracked 
|  84|0x0000000539800000, 0x0000000539800000, 0x000000053a000000|  0%| F|  |TAMS 0x0000000539800000| PB 0x0000000539800000| Untracked 
|  85|0x000000053a000000, 0x000000053a000000, 0x000000053a800000|  0%| F|  |TAMS 0x000000053a000000| PB 0x000000053a000000| Untracked 
|  86|0x000000053a800000, 0x000000053a800000, 0x000000053b000000|  0%| F|  |TAMS 0x000000053a800000| PB 0x000000053a800000| Untracked 
|  87|0x000000053b000000, 0x000000053b000000, 0x000000053b800000|  0%| F|  |TAMS 0x000000053b000000| PB 0x000000053b000000| Untracked 
|  88|0x000000053b800000, 0x000000053b800000, 0x000000053c000000|  0%| F|  |TAMS 0x000000053b800000| PB 0x000000053b800000| Untracked 
|  89|0x000000053c000000, 0x000000053c000000, 0x000000053c800000|  0%| F|  |TAMS 0x000000053c000000| PB 0x000000053c000000| Untracked 
|  90|0x000000053c800000, 0x000000053c800000, 0x000000053d000000|  0%| F|  |TAMS 0x000000053c800000| PB 0x000000053c800000| Untracked 
|  91|0x000000053d000000, 0x000000053d000000, 0x000000053d800000|  0%| F|  |TAMS 0x000000053d000000| PB 0x000000053d000000| Untracked 
|  92|0x000000053d800000, 0x000000053d800000, 0x000000053e000000|  0%| F|  |TAMS 0x000000053d800000| PB 0x000000053d800000| Untracked 
|  93|0x000000053e000000, 0x000000053e000000, 0x000000053e800000|  0%| F|  |TAMS 0x000000053e000000| PB 0x000000053e000000| Untracked 
|  94|0x000000053e800000, 0x000000053e9eb8d8, 0x000000053f000000| 24%| E|  |TAMS 0x000000053e800000| PB 0x000000053e800000| Complete 
|1504|0x00000007ff800000, 0x00000007ff907778, 0x0000000800000000| 12%| O|  |TAMS 0x00000007ff800000| PB 0x00000007ff800000| Untracked 

Card table byte_map: [0x00007fc148ab6000,0x00007fc14a23a000] _byte_map_base: 0x00007fc14623a000

Marking Bits: (CMBitMap*) 0x00007fc164053be0
 Bits: [0x00007fc13ce96000, 0x00007fc148ab6000)

Polling page: 0x00007fc16a973000

Metaspace:

Usage:
  Non-class:     78.75 KB used.
      Class:      3.75 KB used.
       Both:     82.50 KB used.

Virtual space:
  Non-class space:       64.00 MB reserved,     192.00 KB ( <1%) committed,  1 nodes.
      Class space:        1.00 GB reserved,     128.00 KB ( <1%) committed,  1 nodes.
             Both:        1.06 GB reserved,     320.00 KB ( <1%) committed. 

Chunk freelists:
   Non-Class:  12.00 MB
       Class:  15.75 MB
        Both:  27.74 MB

MaxMetaspaceSize: unlimited
CompressedClassSpaceSize: 1.00 GB
Initial GC threshold: 21.00 MB
Current GC threshold: 21.00 MB
CDS: on
 - commit_granule_bytes: 65536.
 - commit_granule_words: 8192.
 - virtual_space_node_default_size: 8388608.
 - enlarge_chunks_in_place: 1.
 - use_allocation_guard: 0.


Internal statistics:

num_allocs_failed_limit: 0.
num_arena_births: 4.
num_arena_deaths: 0.
num_vsnodes_births: 2.
num_vsnodes_deaths: 0.
num_space_committed: 5.
num_space_uncommitted: 0.
num_chunks_returned_to_freelist: 0.
num_chunks_taken_from_freelist: 5.
num_chunk_merges: 0.
num_chunk_splits: 3.
num_chunks_enlarged: 0.
num_inconsistent_stats: 0.

CodeHeap 'non-profiled nmethods': size=119168Kb used=0Kb max_used=0Kb free=119168Kb
 bounds [0x00007fc15446d000, 0x00007fc1546dd000, 0x00007fc15b8cd000]
CodeHeap 'profiled nmethods': size=119164Kb used=4Kb max_used=4Kb free=119159Kb
 bounds [0x00007fc14c8cd000, 0x00007fc14cb3d000, 0x00007fc153d2c000]
CodeHeap 'non-nmethods': size=7428Kb used=1153Kb max_used=1160Kb free=6274Kb
 bounds [0x00007fc153d2c000, 0x00007fc153f9c000, 0x00007fc15446d000]
 total_blobs=303 nmethods=4 adapters=206
 compilation: enabled
              stopped_count=0, restarted_count=0
 full_count=0

Compilation events (8 events):
Event: 0.018 Thread 0x00007fc16414c720    1       3       java.lang.Object::<init> (1 bytes)
Event: 0.018 Thread 0x00007fc16414c720 nmethod 1 0x00007fc14c8cd010 code [0x00007fc14c8cd1a0, 0x00007fc14c8cd2a0]
Event: 0.020 Thread 0x00007fc16414c720    2       3       java.lang.String::coder (15 bytes)
Event: 0.020 Thread 0x00007fc16414c720 nmethod 2 0x00007fc14c8cd310 code [0x00007fc14c8cd4a0, 0x00007fc14c8cd5d0]
Event: 0.023 Thread 0x00007fc16414c720    3       3       java.lang.String::length (11 bytes)
Event: 0.023 Thread 0x00007fc16414c720 nmethod 3 0x00007fc14c8cd690 code [0x00007fc14c8cd840, 0x00007fc14c8cd9e0]
Event: 0.030 Thread 0x00007fc16414c720    4       3       java.lang.String::hashCode (60 bytes)
Event: 0.030 Thread 0x00007fc16414c720 nmethod 4 0x00007fc14c8cda90 code [0x00007fc14c8cdc60, 0x00007fc14c8cdfb0]

GC Heap History (0 events):
No events

Dll operation events (3 events):
Event: 0.002 Loaded shared library /root/.sdkman/candidates/java/21.0.2-amzn/lib/libjava.so
Event: 0.017 Loaded shared library /root/.sdkman/candidates/java/21.0.2-amzn/lib/libjsvml.so
Event: 0.030 Loaded shared library /mnt/e/code/BA-Thesis/java/app/build/libcppjnilib.so

Deoptimization events (0 events):
No events

Classes loaded (8 events):
Event: 0.014 Loading class sun/nio/cs/UTF_8$Encoder
Event: 0.015 Loading class sun/nio/cs/UTF_8$Encoder done
Event: 0.019 Loading class jdk/internal/vm/PostVMInitHook
Event: 0.019 Loading class jdk/internal/vm/PostVMInitHook done
Event: 0.020 Loading class jdk/internal/loader/URLClassPath$FileLoader
Event: 0.020 Loading class jdk/internal/loader/URLClassPath$FileLoader done
Event: 0.021 Loading class jdk/internal/loader/URLClassPath$FileLoader$1
Event: 0.021 Loading class jdk/internal/loader/URLClassPath$FileLoader$1 done

Classes unloaded (0 events):
No events

Classes redefined (0 events):
No events

Internal exceptions (0 events):
No events

ZGC Phase Switch (0 events):
No events

VM Operations (0 events):
No events

Events (20 events):
Event: 0.002 Protecting memory [0x00007fc168b00000,0x00007fc168b04000] with protection modes 0
Event: 0.009 Thread 0x00007fc1640284b0 Thread added: 0x00007fc1640284b0
Event: 0.015 Thread 0x00007fc164143670 Thread added: 0x00007fc164143670
Event: 0.016 Protecting memory [0x00007fc12d31d000,0x00007fc12d321000] with protection modes 0
Event: 0.016 Thread 0x00007fc164144de0 Thread added: 0x00007fc164144de0
Event: 0.016 Protecting memory [0x00007fc12d21c000,0x00007fc12d220000] with protection modes 0
Event: 0.016 Thread 0x00007fc1641468c0 Thread added: 0x00007fc1641468c0
Event: 0.016 Protecting memory [0x00007fc12d11b000,0x00007fc12d11f000] with protection modes 0
Event: 0.016 Thread 0x00007fc164147f00 Thread added: 0x00007fc164147f00
Event: 0.016 Protecting memory [0x00007fc12d01a000,0x00007fc12d01e000] with protection modes 0
Event: 0.016 Thread 0x00007fc1641494a0 Thread added: 0x00007fc1641494a0
Event: 0.016 Protecting memory [0x00007fc12cf19000,0x00007fc12cf1d000] with protection modes 0
Event: 0.016 Thread 0x00007fc16414b060 Thread added: 0x00007fc16414b060
Event: 0.017 Protecting memory [0x00007fc12ce18000,0x00007fc12ce1c000] with protection modes 0
Event: 0.017 Thread 0x00007fc16414c720 Thread added: 0x00007fc16414c720
Event: 0.017 Protecting memory [0x00007fc12cd17000,0x00007fc12cd1b000] with protection modes 0
Event: 0.019 Thread 0x00007fc16415a930 Thread added: 0x00007fc16415a930
Event: 0.019 Protecting memory [0x00007fc12c900000,0x00007fc12c904000] with protection modes 0
Event: 0.022 Thread 0x00007fc16415df10 Thread added: 0x00007fc16415df10
Event: 0.022 Protecting memory [0x00007fc12c7ff000,0x00007fc12c803000] with protection modes 0


Dynamic libraries:
50f800000-53f000000 rw-p 00000000 00:00 0 
53f000000-7ff800000 ---p 00000000 00:00 0 
7ff800000-7ff908000 rw-p 00ce5000 08:20 537309                           /root/.sdkman/candidates/java/21.0.2-amzn/lib/server/classes.jsa
7ff908000-800000000 rw-p 00000000 00:00 0 
5594ebc00000-5594ebc01000 r-xp 00000000 08:20 307511                     /root/.sdkman/candidates/java/21.0.2-amzn/bin/java
5594ebe01000-5594ebe02000 r--p 00001000 08:20 307511                     /root/.sdkman/candidates/java/21.0.2-amzn/bin/java
5594ebe02000-5594ebe03000 rw-p 00002000 08:20 307511                     /root/.sdkman/candidates/java/21.0.2-amzn/bin/java
5594ec2b9000-5594ec2ff000 rw-p 00000000 00:00 0                          [heap]
7fc0ac000000-7fc0ac021000 rw-p 00000000 00:00 0 
7fc0ac021000-7fc0b0000000 ---p 00000000 00:00 0 
7fc0b4000000-7fc0b4021000 rw-p 00000000 00:00 0 
7fc0b4021000-7fc0b8000000 ---p 00000000 00:00 0 
7fc0b8000000-7fc0b8021000 rw-p 00000000 00:00 0 
7fc0b8021000-7fc0bc000000 ---p 00000000 00:00 0 
7fc0bc000000-7fc0bc021000 rw-p 00000000 00:00 0 
7fc0bc021000-7fc0c0000000 ---p 00000000 00:00 0 
7fc0c0000000-7fc0c0067000 rw-p 00000000 00:00 0 
7fc0c0067000-7fc0c4000000 ---p 00000000 00:00 0 
7fc0c4000000-7fc0c4021000 rw-p 00000000 00:00 0 
7fc0c4021000-7fc0c8000000 ---p 00000000 00:00 0 
7fc0c8000000-7fc0c8021000 rw-p 00000000 00:00 0 
7fc0c8021000-7fc0cc000000 ---p 00000000 00:00 0 
7fc0cc000000-7fc0cc021000 rw-p 00000000 00:00 0 
7fc0cc021000-7fc0d0000000 ---p 00000000 00:00 0 
7fc0d0000000-7fc0d0021000 rw-p 00000000 00:00 0 
7fc0d0021000-7fc0d4000000 ---p 00000000 00:00 0 
7fc0d4000000-7fc0d4021000 rw-p 00000000 00:00 0 
7fc0d4021000-7fc0d8000000 ---p 00000000 00:00 0 
7fc0db000000-7fc0db020000 rw-p 00000000 00:00 0 
7fc0db020000-7fc0db400000 ---p 00000000 00:00 0 
7fc0db400000-7fc0db410000 rw-p 00000000 00:00 0 
7fc0db410000-7fc0df000000 ---p 00000000 00:00 0 
7fc0df000000-7fc0dfca6000 rw-p 00001000 08:20 537309                     /root/.sdkman/candidates/java/21.0.2-amzn/lib/server/classes.jsa
7fc0dfca6000-7fc0e0000000 ---p 00000000 00:00 0 
7fc0e0000000-7fc0e0010000 rw-p 00000000 00:00 0 
7fc0e0010000-7fc0e0040000 ---p 00000000 00:00 0 
7fc0e0040000-7fc0e0050000 rw-p 00000000 00:00 0 
7fc0e0050000-7fc120000000 ---p 00000000 00:00 0 
7fc120000000-7fc120021000 rw-p 00000000 00:00 0 
7fc120021000-7fc124000000 ---p 00000000 00:00 0 
7fc124000000-7fc124021000 rw-p 00000000 00:00 0 
7fc124021000-7fc128000000 ---p 00000000 00:00 0 
7fc128000000-7fc128021000 rw-p 00000000 00:00 0 
7fc128021000-7fc12c000000 ---p 00000000 00:00 0 
7fc12c16f000-7fc12c5d2000 rw-p 00000000 00:00 0 
7fc12c5d2000-7fc12c66c000 r--p 00000000 08:20 27187                      /usr/lib/x86_64-linux-gnu/libstdc++.so.6.0.30
7fc12c66c000-7fc12c77d000 r-xp 0009a000 08:20 27187                      /usr/lib/x86_64-linux-gnu/libstdc++.so.6.0.30
7fc12c77d000-7fc12c7ec000 r--p 001ab000 08:20 27187                      /usr/lib/x86_64-linux-gnu/libstdc++.so.6.0.30
7fc12c7ec000-7fc12c7ed000 ---p 0021a000 08:20 27187                      /usr/lib/x86_64-linux-gnu/libstdc++.so.6.0.30
7fc12c7ed000-7fc12c7f8000 r--p 0021a000 08:20 27187                      /usr/lib/x86_64-linux-gnu/libstdc++.so.6.0.30
7fc12c7f8000-7fc12c7fb000 rw-p 00225000 08:20 27187                      /usr/lib/x86_64-linux-gnu/libstdc++.so.6.0.30
7fc12c7fb000-7fc12c7fe000 rw-p 00000000 00:00 0 
7fc12c7fe000-7fc12c7ff000 ---p 00000000 00:00 0 
7fc12c7ff000-7fc12c803000 ---p 00000000 00:00 0 
7fc12c803000-7fc12c8ff000 rw-p 00000000 00:00 0 
7fc12c8ff000-7fc12c900000 ---p 00000000 00:00 0 
7fc12c900000-7fc12c904000 ---p 00000000 00:00 0 
7fc12c904000-7fc12ca00000 rw-p 00000000 00:00 0 
7fc12ca00000-7fc12cace000 r-xp 00000000 08:20 537319                     /root/.sdkman/candidates/java/21.0.2-amzn/lib/libjsvml.so
7fc12cace000-7fc12cccd000 ---p 000ce000 08:20 537319                     /root/.sdkman/candidates/java/21.0.2-amzn/lib/libjsvml.so
7fc12cccd000-7fc12ccce000 r--p 000cd000 08:20 537319                     /root/.sdkman/candidates/java/21.0.2-amzn/lib/libjsvml.so
7fc12ccce000-7fc12cccf000 rw-p 000ce000 08:20 537319                     /root/.sdkman/candidates/java/21.0.2-amzn/lib/libjsvml.so
7fc12cd16000-7fc12cd17000 ---p 00000000 00:00 0 
7fc12cd17000-7fc12cd1b000 ---p 00000000 00:00 0 
7fc12cd1b000-7fc12ce17000 rw-p 00000000 00:00 0 
7fc12ce17000-7fc12ce18000 ---p 00000000 00:00 0 
7fc12ce18000-7fc12ce1c000 ---p 00000000 00:00 0 
7fc12ce1c000-7fc12cf18000 rw-p 00000000 00:00 0 
7fc12cf18000-7fc12cf19000 ---p 00000000 00:00 0 
7fc12cf19000-7fc12cf1d000 ---p 00000000 00:00 0 
7fc12cf1d000-7fc12d019000 rw-p 00000000 00:00 0 
7fc12d019000-7fc12d01a000 ---p 00000000 00:00 0 
7fc12d01a000-7fc12d01e000 ---p 00000000 00:00 0 
7fc12d01e000-7fc12d11a000 rw-p 00000000 00:00 0 
7fc12d11a000-7fc12d11b000 ---p 00000000 00:00 0 
7fc12d11b000-7fc12d11f000 ---p 00000000 00:00 0 
7fc12d11f000-7fc12d21b000 rw-p 00000000 00:00 0 
7fc12d21b000-7fc12d21c000 ---p 00000000 00:00 0 
7fc12d21c000-7fc12d220000 ---p 00000000 00:00 0 
7fc12d220000-7fc12d31c000 rw-p 00000000 00:00 0 
7fc12d31c000-7fc12d31d000 ---p 00000000 00:00 0 
7fc12d31d000-7fc12d321000 ---p 00000000 00:00 0 
7fc12d321000-7fc12d41d000 rw-p 00000000 00:00 0 
7fc12d41d000-7fc12d474000 r--p 00000000 08:20 7397                       /usr/lib/locale/C.utf8/LC_CTYPE
7fc12d474000-7fc12d475000 ---p 00000000 00:00 0 
7fc12d475000-7fc12d575000 rw-p 00000000 00:00 0 
7fc12d575000-7fc12d576000 ---p 00000000 00:00 0 
7fc12d576000-7fc12d6f7000 rw-p 00000000 00:00 0 
7fc12d6f7000-7fc12d6f8000 ---p 00000000 00:00 0 
7fc12d6f8000-7fc12d7f8000 rw-p 00000000 00:00 0 
7fc12d7f8000-7fc12d7f9000 ---p 00000000 00:00 0 
7fc12d7f9000-7fc130000000 rw-p 00000000 00:00 0 
7fc130000000-7fc130021000 rw-p 00000000 00:00 0 
7fc130021000-7fc134000000 ---p 00000000 00:00 0 
7fc134000000-7fc134021000 rw-p 00000000 00:00 0 
7fc134021000-7fc138000000 ---p 00000000 00:00 0 
7fc138000000-7fc138021000 rw-p 00000000 00:00 0 
7fc138021000-7fc13c000000 ---p 00000000 00:00 0 
7fc13c02d000-7fc13cb93000 rw-p 00000000 00:00 0 
7fc13cb93000-7fc13cb94000 ---p 00000000 00:00 0 
7fc13cb94000-7fc13cc94000 rw-p 00000000 00:00 0 
7fc13cc94000-7fc13cc95000 ---p 00000000 00:00 0 
7fc13cc95000-7fc13cd95000 rw-p 00000000 00:00 0 
7fc13cd95000-7fc13cd96000 ---p 00000000 00:00 0 
7fc13cd96000-7fc13da76000 rw-p 00000000 00:00 0 
7fc13da76000-7fc148a96000 ---p 00000000 00:00 0 
7fc148a96000-7fc148c32000 rw-p 00000000 00:00 0 
7fc148c32000-7fc14a236000 ---p 00000000 00:00 0 
7fc14a236000-7fc14a3b6000 rw-p 00000000 00:00 0 
7fc14a3b6000-7fc14b9ba000 ---p 00000000 00:00 0 
7fc14b9ba000-7fc14c8cd000 rw-p 00000000 00:00 0 
7fc14c8cd000-7fc14cb3d000 rwxp 00000000 00:00 0 
7fc14cb3d000-7fc153d2c000 ---p 00000000 00:00 0 
7fc153d2c000-7fc153f9c000 rwxp 00000000 00:00 0 
7fc153f9c000-7fc15446d000 ---p 00000000 00:00 0 
7fc15446d000-7fc1546dd000 rwxp 00000000 00:00 0 
7fc1546dd000-7fc15b8cd000 ---p 00000000 00:00 0 
7fc15b8cd000-7fc164000000 r--s 00000000 08:20 537331                     /root/.sdkman/candidates/java/21.0.2-amzn/lib/modules
7fc164000000-7fc164188000 rw-p 00000000 00:00 0 
7fc164188000-7fc168000000 ---p 00000000 00:00 0 
7fc16803d000-7fc168400000 rw-p 00000000 00:00 0 
7fc168400000-7fc168420000 r-xp 00000000 08:20 537301                     /root/.sdkman/candidates/java/21.0.2-amzn/lib/libjava.so
7fc168420000-7fc16861f000 ---p 00020000 08:20 537301                     /root/.sdkman/candidates/java/21.0.2-amzn/lib/libjava.so
7fc16861f000-7fc168620000 r--p 0001f000 08:20 537301                     /root/.sdkman/candidates/java/21.0.2-amzn/lib/libjava.so
7fc168620000-7fc168621000 rw-p 00020000 08:20 537301                     /root/.sdkman/candidates/java/21.0.2-amzn/lib/libjava.so
7fc168621000-7fc168622000 rw-p 00000000 00:00 0 
7fc16862e000-7fc168633000 rw-p 00000000 00:00 0 
7fc168633000-7fc168717000 ---p 00000000 00:00 0 
7fc168717000-7fc16871c000 rw-p 00000000 00:00 0 
7fc16871c000-7fc168800000 ---p 00000000 00:00 0 
7fc168800000-7fc16881b000 r-xp 00000000 08:20 537352                     /root/.sdkman/candidates/java/21.0.2-amzn/lib/libjimage.so
7fc16881b000-7fc168a1a000 ---p 0001b000 08:20 537352                     /root/.sdkman/candidates/java/21.0.2-amzn/lib/libjimage.so
7fc168a1a000-7fc168a1c000 r--p 0001a000 08:20 537352                     /root/.sdkman/candidates/java/21.0.2-amzn/lib/libjimage.so
7fc168a1c000-7fc168a1d000 rw-p 0001c000 08:20 537352                     /root/.sdkman/candidates/java/21.0.2-amzn/lib/libjimage.so
7fc168a40000-7fc168a43000 r--p 00000000 08:20 9341                       /usr/lib/x86_64-linux-gnu/libgcc_s.so.1
7fc168a43000-7fc168a5a000 r-xp 00003000 08:20 9341                       /usr/lib/x86_64-linux-gnu/libgcc_s.so.1
7fc168a5a000-7fc168a5e000 r--p 0001a000 08:20 9341                       /usr/lib/x86_64-linux-gnu/libgcc_s.so.1
7fc168a5e000-7fc168a5f000 r--p 0001d000 08:20 9341                       /usr/lib/x86_64-linux-gnu/libgcc_s.so.1
7fc168a5f000-7fc168a60000 rw-p 0001e000 08:20 9341                       /usr/lib/x86_64-linux-gnu/libgcc_s.so.1
7fc168a60000-7fc168b00000 rw-p 00000000 00:00 0 
7fc168b00000-7fc168b04000 ---p 00000000 00:00 0 
7fc168b04000-7fc168c00000 rw-p 00000000 00:00 0 
7fc168c00000-7fc16a04f000 r-xp 00000000 08:20 537311                     /root/.sdkman/candidates/java/21.0.2-amzn/lib/server/libjvm.so
7fc16a04f000-7fc16a24e000 ---p 0144f000 08:20 537311                     /root/.sdkman/candidates/java/21.0.2-amzn/lib/server/libjvm.so
7fc16a24e000-7fc16a31f000 r--p 0144e000 08:20 537311                     /root/.sdkman/candidates/java/21.0.2-amzn/lib/server/libjvm.so
7fc16a31f000-7fc16a34f000 rw-p 0151f000 08:20 537311                     /root/.sdkman/candidates/java/21.0.2-amzn/lib/server/libjvm.so
7fc16a34f000-7fc16a3b5000 rw-p 00000000 00:00 0 
7fc16a3c2000-7fc16a3c5000 r--p 00000000 00:53 5348024558630140           /mnt/e/code/BA-Thesis/java/app/build/libcppjnilib.so
7fc16a3c5000-7fc16a3c7000 r-xp 00003000 00:53 5348024558630140           /mnt/e/code/BA-Thesis/java/app/build/libcppjnilib.so
7fc16a3c7000-7fc16a3c8000 r--p 00005000 00:53 5348024558630140           /mnt/e/code/BA-Thesis/java/app/build/libcppjnilib.so
7fc16a3c8000-7fc16a3c9000 r--p 00005000 00:53 5348024558630140           /mnt/e/code/BA-Thesis/java/app/build/libcppjnilib.so
7fc16a3c9000-7fc16a3ca000 rw-p 00006000 00:53 5348024558630140           /mnt/e/code/BA-Thesis/java/app/build/libcppjnilib.so
7fc16a3ca000-7fc16a3cb000 r--p 00000000 08:20 7406                       /usr/lib/locale/C.utf8/LC_NUMERIC
7fc16a3cb000-7fc16a3cc000 r--p 00000000 08:20 7409                       /usr/lib/locale/C.utf8/LC_TIME
7fc16a3cc000-7fc16a3cd000 r--p 00000000 08:20 7396                       /usr/lib/locale/C.utf8/LC_COLLATE
7fc16a3cd000-7fc16a3ce000 r--p 00000000 08:20 7403                       /usr/lib/locale/C.utf8/LC_MONETARY
7fc16a3ce000-7fc16a3cf000 r--p 00000000 08:20 7401                       /usr/lib/locale/C.utf8/LC_MESSAGES/SYS_LC_MESSAGES
7fc16a3cf000-7fc16a3d0000 r--p 00000000 08:20 7407                       /usr/lib/locale/C.utf8/LC_PAPER
7fc16a3d0000-7fc16a3d7000 r--s 00000000 08:20 51605                      /usr/lib/x86_64-linux-gnu/gconv/gconv-modules.cache
7fc16a3d7000-7fc16a3ff000 r--p 00000000 08:20 26535                      /usr/lib/x86_64-linux-gnu/libc.so.6
7fc16a3ff000-7fc16a594000 r-xp 00028000 08:20 26535                      /usr/lib/x86_64-linux-gnu/libc.so.6
7fc16a594000-7fc16a5ec000 r--p 001bd000 08:20 26535                      /usr/lib/x86_64-linux-gnu/libc.so.6
7fc16a5ec000-7fc16a5ed000 ---p 00215000 08:20 26535                      /usr/lib/x86_64-linux-gnu/libc.so.6
7fc16a5ed000-7fc16a5f1000 r--p 00215000 08:20 26535                      /usr/lib/x86_64-linux-gnu/libc.so.6
7fc16a5f1000-7fc16a5f3000 rw-p 00219000 08:20 26535                      /usr/lib/x86_64-linux-gnu/libc.so.6
7fc16a5f3000-7fc16a600000 rw-p 00000000 00:00 0 
7fc16a600000-7fc16a60f000 r-xp 00000000 08:20 537304                     /root/.sdkman/candidates/java/21.0.2-amzn/lib/libjli.so
7fc16a60f000-7fc16a80f000 ---p 0000f000 08:20 537304                     /root/.sdkman/candidates/java/21.0.2-amzn/lib/libjli.so
7fc16a80f000-7fc16a810000 r--p 0000f000 08:20 537304                     /root/.sdkman/candidates/java/21.0.2-amzn/lib/libjli.so
7fc16a810000-7fc16a811000 rw-p 00010000 08:20 537304                     /root/.sdkman/candidates/java/21.0.2-amzn/lib/libjli.so
7fc16a811000-7fc16a812000 r--p 00000000 08:20 7404                       /usr/lib/locale/C.utf8/LC_NAME
7fc16a812000-7fc16a813000 r--p 00000000 08:20 7395                       /usr/lib/locale/C.utf8/LC_ADDRESS
7fc16a813000-7fc16a814000 r--p 00000000 08:20 7408                       /usr/lib/locale/C.utf8/LC_TELEPHONE
7fc16a814000-7fc16a815000 r--p 00000000 08:20 7400                       /usr/lib/locale/C.utf8/LC_MEASUREMENT
7fc16a815000-7fc16a84a000 rw-p 00000000 00:00 0 
7fc16a84a000-7fc16a854000 ---p 00000000 00:00 0 
7fc16a854000-7fc16a862000 r--p 00000000 08:20 26538                      /usr/lib/x86_64-linux-gnu/libm.so.6
7fc16a862000-7fc16a8de000 r-xp 0000e000 08:20 26538                      /usr/lib/x86_64-linux-gnu/libm.so.6
7fc16a8de000-7fc16a939000 r--p 0008a000 08:20 26538                      /usr/lib/x86_64-linux-gnu/libm.so.6
7fc16a939000-7fc16a93a000 r--p 000e4000 08:20 26538                      /usr/lib/x86_64-linux-gnu/libm.so.6
7fc16a93a000-7fc16a93b000 rw-p 000e5000 08:20 26538                      /usr/lib/x86_64-linux-gnu/libm.so.6
7fc16a93b000-7fc16a93c000 r--p 00000000 08:20 26549                      /usr/lib/x86_64-linux-gnu/librt.so.1
7fc16a93c000-7fc16a93d000 r-xp 00001000 08:20 26549                      /usr/lib/x86_64-linux-gnu/librt.so.1
7fc16a93d000-7fc16a93e000 r--p 00002000 08:20 26549                      /usr/lib/x86_64-linux-gnu/librt.so.1
7fc16a93e000-7fc16a93f000 r--p 00002000 08:20 26549                      /usr/lib/x86_64-linux-gnu/librt.so.1
7fc16a93f000-7fc16a940000 rw-p 00003000 08:20 26549                      /usr/lib/x86_64-linux-gnu/librt.so.1
7fc16a940000-7fc16a944000 rw-p 00000000 00:00 0 
7fc16a944000-7fc16a945000 r--p 00000000 08:20 26537                      /usr/lib/x86_64-linux-gnu/libdl.so.2
7fc16a945000-7fc16a946000 r-xp 00001000 08:20 26537                      /usr/lib/x86_64-linux-gnu/libdl.so.2
7fc16a946000-7fc16a947000 r--p 00002000 08:20 26537                      /usr/lib/x86_64-linux-gnu/libdl.so.2
7fc16a947000-7fc16a948000 r--p 00002000 08:20 26537                      /usr/lib/x86_64-linux-gnu/libdl.so.2
7fc16a948000-7fc16a949000 rw-p 00003000 08:20 26537                      /usr/lib/x86_64-linux-gnu/libdl.so.2
7fc16a949000-7fc16a94a000 r--p 00000000 08:20 26547                      /usr/lib/x86_64-linux-gnu/libpthread.so.0
7fc16a94a000-7fc16a94b000 r-xp 00001000 08:20 26547                      /usr/lib/x86_64-linux-gnu/libpthread.so.0
7fc16a94b000-7fc16a94c000 r--p 00002000 08:20 26547                      /usr/lib/x86_64-linux-gnu/libpthread.so.0
7fc16a94c000-7fc16a94d000 r--p 00002000 08:20 26547                      /usr/lib/x86_64-linux-gnu/libpthread.so.0
7fc16a94d000-7fc16a94e000 rw-p 00003000 08:20 26547                      /usr/lib/x86_64-linux-gnu/libpthread.so.0
7fc16a94e000-7fc16a950000 r--p 00000000 08:20 6844                       /usr/lib/x86_64-linux-gnu/libz.so.1.2.11
7fc16a950000-7fc16a961000 r-xp 00002000 08:20 6844                       /usr/lib/x86_64-linux-gnu/libz.so.1.2.11
7fc16a961000-7fc16a967000 r--p 00013000 08:20 6844                       /usr/lib/x86_64-linux-gnu/libz.so.1.2.11
7fc16a967000-7fc16a968000 ---p 00019000 08:20 6844                       /usr/lib/x86_64-linux-gnu/libz.so.1.2.11
7fc16a968000-7fc16a969000 r--p 00019000 08:20 6844                       /usr/lib/x86_64-linux-gnu/libz.so.1.2.11
7fc16a969000-7fc16a96a000 rw-p 0001a000 08:20 6844                       /usr/lib/x86_64-linux-gnu/libz.so.1.2.11
7fc16a96a000-7fc16a96b000 r--p 00000000 08:20 7398                       /usr/lib/locale/C.utf8/LC_IDENTIFICATION
7fc16a96b000-7fc16a973000 rw-s 00000000 08:20 1213                       /tmp/hsperfdata_root/10626
7fc16a973000-7fc16a974000 ---p 00000000 00:00 0 
7fc16a974000-7fc16a975000 r--p 00000000 00:00 0 
7fc16a975000-7fc16a977000 rw-p 00000000 00:00 0 
7fc16a977000-7fc16a979000 r--p 00000000 08:20 26532                      /usr/lib/x86_64-linux-gnu/ld-linux-x86-64.so.2
7fc16a979000-7fc16a9a3000 r-xp 00002000 08:20 26532                      /usr/lib/x86_64-linux-gnu/ld-linux-x86-64.so.2
7fc16a9a3000-7fc16a9ae000 r--p 0002c000 08:20 26532                      /usr/lib/x86_64-linux-gnu/ld-linux-x86-64.so.2
7fc16a9ae000-7fc16a9af000 ---p 00000000 00:00 0 
7fc16a9af000-7fc16a9b1000 r--p 00037000 08:20 26532                      /usr/lib/x86_64-linux-gnu/ld-linux-x86-64.so.2
7fc16a9b1000-7fc16a9b3000 rw-p 00039000 08:20 26532                      /usr/lib/x86_64-linux-gnu/ld-linux-x86-64.so.2
7ffdacf2c000-7ffdacf4e000 rw-p 00000000 00:00 0                          [stack]
7ffdacf7a000-7ffdacf7e000 r--p 00000000 00:00 0                          [vvar]
7ffdacf7e000-7ffdacf80000 r-xp 00000000 00:00 0                          [vdso]
Total number of mappings: 217


VM Arguments:
jvm_args: -Djava.library.path=. 
java_command: HelloWorld
java_class_path (initial): .
Launcher Type: SUN_STANDARD

[Global flags]
     intx CICompilerCount                          = 12                                        {product} {ergonomic}
     uint ConcGCThreads                            = 5                                         {product} {ergonomic}
     uint G1ConcRefinementThreads                  = 18                                        {product} {ergonomic}
   size_t G1HeapRegionSize                         = 8388608                                   {product} {ergonomic}
    uintx GCDrainStackTargetSize                   = 64                                        {product} {ergonomic}
   size_t InitialHeapSize                          = 796917760                                 {product} {ergonomic}
   size_t MarkStackSize                            = 4194304                                   {product} {ergonomic}
   size_t MaxHeapSize                              = 12624855040                               {product} {ergonomic}
   size_t MaxNewSize                               = 7574913024                                {product} {ergonomic}
   size_t MinHeapDeltaBytes                        = 8388608                                   {product} {ergonomic}
   size_t MinHeapSize                              = 8388608                                   {product} {ergonomic}
    uintx NonNMethodCodeHeapSize                   = 7602480                                {pd product} {ergonomic}
    uintx NonProfiledCodeHeapSize                  = 122027880                              {pd product} {ergonomic}
    uintx ProfiledCodeHeapSize                     = 122027880                              {pd product} {ergonomic}
    uintx ReservedCodeCacheSize                    = 251658240                              {pd product} {ergonomic}
     bool SegmentedCodeCache                       = true                                      {product} {ergonomic}
   size_t SoftMaxHeapSize                          = 12624855040                            {manageable} {ergonomic}
     bool UseCompressedOops                        = true                           {product lp64_product} {ergonomic}
     bool UseG1GC                                  = true                                      {product} {ergonomic}

Logging:
Log output configuration:
 #0: stdout all=warning uptime,level,tags foldmultilines=false
 #1: stderr all=off uptime,level,tags foldmultilines=false

Environment Variables:
JAVA_HOME=/root/.sdkman/candidates/java/current
PATH=/root/android-ndk/android-ndk-r26b:/root/.nix-profile/bin:/nix/var/nix/profiles/default/bin:/root/android-ndk/android-ndk-r26b/:/root/.sdkman/candidates/kotlin/current/bin:/root/.sdkman/candidates/java/current/bin:/root/.sdkman/candidates/gradle/current/bin:/usr/local/sbin:/usr/local/bin:/usr/sbin:/usr/bin:/sbin:/bin:/usr/games:/usr/local/games:/usr/lib/wsl/lib:/mnt/c/Program Files/PowerShell/7:/mnt/c/Users/Jean/fvm/versions/stable/bin/:/mnt/c/Program Files (x86)/Common Files/Intel/Shared Libraries/redist/intel64_win/compiler:/mnt/c/Program Files/Lapce/:/mnt/c/tools/python/Python311/Scripts/:/mnt/c/tools/python/Python311/:/mnt/c/Program Files (x86)/VMware/VMware Workstation/bin/:/mnt/c/Program Files/OpenSSH/:/mnt/c/Program Files (x86)/Common Files/Intel/Shared Libraries/redist/intel64/compiler:/mnt/c/Windows/system32:/mnt/c/Windows:/mnt/c/Windows/System32/Wbem:/mnt/c/Windows/System32/WindowsPowerShell/v1.0/:/mnt/c/Windows/System32/OpenSSH/:/mnt/c/Program Files/PuTTY/:/mnt/c/Program Files/WireGuard/:/mnt/c/Users/Jean/AppData/Roaming/nvm:/mnt/c/Program Files/nodejs:/mnt/c/ProgramData/chocolatey/bin:/mnt/c/Program Files/Microsoft SQL Server/150/Tools/Binn/:/mnt/c/Program Files/dotnet/:/mnt/c/Program Files/NVIDIA Corporation/NVIDIA NvDLISR:/mnt/c/Program Files/Git/cmd:/mnt/c/Program Files (x86)/NVIDIA Corporation/PhysX/Common:/mnt/c/Program Files/usbipd-win/:/mnt/c/tools/php/php-8.2.5-nts-Win32-vs16-x64:/mnt/c/tools/composer:/mnt/c/Program Files/Docker/Docker/resources/bin:/mnt/c/Program Files (x86)/Microsoft SQL Server/160/DTS/Binn/:/mnt/c/Program Files/Azure Data Studio/bin:/mnt/c/tools/CMake/bin:/mnt/c/Strawberry/c/bin:/mnt/c/Strawberry/perl/site/bin:/mnt/c/Strawberry/perl/bin:/mnt/c/Program Files/PowerShell/7/:/mnt/e/MinGW/bin:/mnt/c/Users/Jean/AppData/Local/pnpm:/mnt/c/Users/Jean/.cargo/bin:/mnt/c/Users/Jean/AppData/Local/Microsoft/WindowsApps:/mnt/c/Users/Jean/AppData/Local/Programs/Microsoft VS Code/bin:/mnt/c/tools/dart-sdk/bin:/mnt/c/Users/Jean/AppData/Roaming/Pub/Cache/bin:/mnt/c/tools/OpenJDK/jdk-17.0.6+10/bin:/mnt/c/Users/Jean/AppData/Local/Programs/oh-my-posh/bin:/mnt/c/Users/Jean/AppData/Local/Android/Sdk/platform-tools:/mnt/c/Users/Jean/fvm/default/bin:/mnt/c/Users/Jean/AppData/Roaming/Composer/vendor/bin:/mnt/c/Users/Jean/AppData/Local/Microsoft/WinGet/Links:/mnt/c/Program Files (x86)/Dr. Memory/bin/:/mnt/c/Users/Jean/.dotnet/tools:/snap/bin
SHELL=/usr/bin/fish
DISPLAY=:0
HOSTTYPE=x86_64
LANG=C.UTF-8
TERM=xterm-256color

Active Locale:
LC_ALL=C.UTF-8
LC_COLLATE=C.UTF-8
LC_CTYPE=C.UTF-8
LC_MESSAGES=C.UTF-8
LC_MONETARY=C.UTF-8
LC_NUMERIC=C.UTF-8
LC_TIME=C.UTF-8

Signal Handlers:
   SIGSEGV: crash_handler in libjvm.so, mask=11100100010111111101111111111110, flags=SA_RESTART|SA_SIGINFO, unblocked
    SIGBUS: crash_handler in libjvm.so, mask=11100100010111111101111111111110, flags=SA_RESTART|SA_SIGINFO, unblocked
    SIGFPE: crash_handler in libjvm.so, mask=11100100010111111101111111111110, flags=SA_RESTART|SA_SIGINFO, unblocked
   SIGPIPE: javaSignalHandler in libjvm.so, mask=11100100010111111101111111111110, flags=SA_RESTART|SA_SIGINFO, blocked
   SIGXFSZ: javaSignalHandler in libjvm.so, mask=11100100010111111101111111111110, flags=SA_RESTART|SA_SIGINFO, blocked
    SIGILL: crash_handler in libjvm.so, mask=11100100010111111101111111111110, flags=SA_RESTART|SA_SIGINFO, unblocked
   SIGUSR2: SR_handler in libjvm.so, mask=00000000000000000000000000000000, flags=SA_RESTART|SA_SIGINFO, blocked
    SIGHUP: UserHandler in libjvm.so, mask=11100100010111111101111111111110, flags=SA_RESTART|SA_SIGINFO, blocked
    SIGINT: UserHandler in libjvm.so, mask=11100100010111111101111111111110, flags=SA_RESTART|SA_SIGINFO, blocked
   SIGTERM: UserHandler in libjvm.so, mask=11100100010111111101111111111110, flags=SA_RESTART|SA_SIGINFO, blocked
   SIGQUIT: UserHandler in libjvm.so, mask=11100100010111111101111111111110, flags=SA_RESTART|SA_SIGINFO, blocked
   SIGTRAP: crash_handler in libjvm.so, mask=11100100010111111101111111111110, flags=SA_RESTART|SA_SIGINFO, unblocked


Periodic native trim disabled

---------------  S Y S T E M  ---------------

OS:
DISTRIB_ID=Ubuntu
DISTRIB_RELEASE=22.04
DISTRIB_CODENAME=jammy
DISTRIB_DESCRIPTION="Ubuntu 22.04.3 LTS"
uname: Linux 5.15.133.1-microsoft-standard-WSL2 #1 SMP Thu Oct 5 21:02:42 UTC 2023 x86_64
OS uptime: 0 days 21:45 hours
libc: glibc 2.35 NPTL 2.35 
rlimit (soft/hard): STACK 8192k/infinity , CORE 0k/infinity , NPROC 192524/192524 , NOFILE 1048576/1048576 , AS infinity/infinity , CPU infinity/infinity , DATA infinity/infinity , FSIZE infinity/infinity , MEMLOCK 65536k/65536k
load average: 0.18 0.06 0.02

/proc/meminfo:
MemTotal:       49292808 kB
MemFree:        47265176 kB
MemAvailable:   48000208 kB
Buffers:           39924 kB
Cached:          1141464 kB
SwapCached:            0 kB
Active:           506400 kB
Inactive:        1024120 kB
Active(anon):       2992 kB
Inactive(anon):   352208 kB
Active(file):     503408 kB
Inactive(file):   671912 kB
Unevictable:           0 kB
Mlocked:               0 kB
SwapTotal:      12582912 kB
SwapFree:       12582912 kB
Dirty:                88 kB
Writeback:             0 kB
AnonPages:        335172 kB
Mapped:           274960 kB
Shmem:              6060 kB
KReclaimable:      67844 kB
Slab:             159072 kB
SReclaimable:      67844 kB
SUnreclaim:        91228 kB
KernelStack:        7648 kB
PageTables:         7028 kB
NFS_Unstable:          0 kB
Bounce:                0 kB
WritebackTmp:          0 kB
CommitLimit:    37229316 kB
Committed_AS:    2975036 kB
VmallocTotal:   34359738367 kB
VmallocUsed:       32400 kB
VmallocChunk:          0 kB
Percpu:            13440 kB
AnonHugePages:    122880 kB
ShmemHugePages:        0 kB
ShmemPmdMapped:        0 kB
FileHugePages:         0 kB
FilePmdMapped:         0 kB
HugePages_Total:       0
HugePages_Free:        0
HugePages_Rsvd:        0
HugePages_Surp:        0
Hugepagesize:       2048 kB
Hugetlb:               0 kB
DirectMap4k:      117760 kB
DirectMap2M:     7180288 kB
DirectMap1G:    52428800 kB

/sys/kernel/mm/transparent_hugepage/enabled: [always] madvise never
/sys/kernel/mm/transparent_hugepage/defrag (defrag/compaction efforts parameter): always defer defer+madvise [madvise] never

Process Memory:
Virtual Size: 15335200K (peak: 15393860K)
Resident Set Size: 46892K (peak: 46892K) (anon: 25356K, file: 21536K, shmem: 0K)
Swapped out: 0K
C-Heap outstanding allocations: 45439K, retained: 2032K
glibc malloc tunables: (default)

/proc/sys/kernel/threads-max (system-wide limit on the number of threads): 385048
/proc/sys/vm/max_map_count (maximum number of memory map areas a process may have): 65530
/proc/sys/kernel/pid_max (system-wide limit on number of process identifiers): 4194304

container (cgroup) information:
container_type: cgroupv1
cpu_cpuset_cpus: 0-23
cpu_memory_nodes: 0
active_processor_count: 24
cpu_quota: no quota
cpu_period: 100000
cpu_shares: no shares
memory_limit_in_bytes: unlimited
memory_and_swap_limit_in_bytes: unlimited
memory_soft_limit_in_bytes: unlimited
memory_usage_in_bytes: 1516580 k
memory_max_usage_in_bytes: 1208528 k
kernel_memory_usage_in_bytes: 52492 k
kernel_memory_max_usage_in_bytes: unlimited
kernel_memory_limit_in_bytes: 57620 k
maximum number of tasks: not supported
current number of tasks: not supported

Hyper-V virtualization detected
Steal ticks since vm start: 0
Steal ticks percentage since vm start:  0.000

CPU: total 24 (initial active 24) (32 cores per cpu, 2 threads per core) family 23 model 113 stepping 0 microcode 0xffffffff, cx8, cmov, fxsr, ht, mmx, 3dnowpref, sse, sse2, sse3, ssse3, sse4a, sse4.1, sse4.2, popcnt, lzcnt, tsc, tscinvbit, avx, avx2, aes, clmul, bmi1, bmi2, adx, sha, fma, vzeroupper, clflush, clflushopt, hv, rdtscp, rdpid, f16c
CPU Model and flags from /proc/cpuinfo:
model name	: AMD Ryzen 9 3900X 12-Core Processor
flags		: fpu vme de pse tsc msr pae mce cx8 apic sep mtrr pge mca cmov pat pse36 clflush mmx fxsr sse sse2 ht syscall nx mmxext fxsr_opt pdpe1gb rdtscp lm constant_tsc rep_good nopl tsc_reliable nonstop_tsc cpuid extd_apicid pni pclmulqdq ssse3 fma cx16 sse4_1 sse4_2 movbe popcnt aes xsave avx f16c rdrand hypervisor lahf_lm cmp_legacy svm cr8_legacy abm sse4a misalignsse 3dnowprefetch osvw topoext perfctr_core ssbd ibpb stibp vmmcall fsgsbase bmi1 avx2 smep bmi2 rdseed adx smap clflushopt clwb sha_ni xsaveopt xsavec xgetbv1 clzero xsaveerptr arat npt nrip_save tsc_scale vmcb_clean flushbyasid decodeassists pausefilter pfthreshold v_vmsave_vmload umip rdpid

Online cpus: 0-23
Offline cpus: 
BIOS frequency limitation: <Not Available>
Frequency switch latency (ns): <Not Available>
Available cpu frequencies: <Not Available>
Current governor: <Not Available>
Core performance/turbo boost: <Not Available>

Memory: 4k page, physical 49292808k(48000208k free), swap 12582912k(12582912k free)
Page Sizes: 4k

vm_info: OpenJDK 64-Bit Server VM (21.0.2+13-LTS) for linux-amd64 JRE (21.0.2+13-LTS), built on 2024-01-10T23:18:41Z by "jenkins" with gcc 7.3.1 20180303 (Red Hat 7.3.1-5)

END.
