#
# A fatal error has been detected by the Java Runtime Environment:
#
#  SIGSEGV (0xb) at pc=0x00007f07c07c4d95, pid=10516, tid=10517
#
# JRE version: OpenJDK Runtime Environment Corretto-21.0.2.13.1 (21.0.2+13) (build 21.0.2+13-LTS)
# Java VM: OpenJDK 64-Bit Server VM Corretto-21.0.2.13.1 (21.0.2+13-LTS, mixed mode, sharing, tiered, compressed oops, compressed class ptrs, g1 gc, linux-amd64)
# Problematic frame:
# C  [libcppjnilib.so+0x3d95]  ExtIntMatrix::toJObjectArray(JNIEnv_*)+0x195
#
# No core dump will be written. Core dumps have been disabled. To enable core dumping, try "ulimit -c unlimited" before starting Java again
#
# If you would like to submit a bug report, please visit:
#   https://github.com/corretto/corretto-21/issues/
# The crash happened outside the Java Virtual Machine in native code.
# See problematic frame for where to report the bug.
#

---------------  S U M M A R Y ------------

Command Line: -Djava.library.path=. HelloWorld

Host: AMD Ryzen 9 3900X 12-Core Processor, 24 cores, 47G, Ubuntu 22.04.3 LTS
Time: Fri Mar  1 10:02:41 2024 CET elapsed time: 0.042987 seconds (0d 0h 0m 0s)

---------------  T H R E A D  ---------------

Current thread (0x00007f07b8028480):  JavaThread "main"             [_thread_in_native, id=10517, stack(0x00007f07bee19000,0x00007f07bef19000) (1024K)]

Stack: [0x00007f07bee19000,0x00007f07bef19000],  sp=0x00007f07bef17790,  free space=1017k
Native frames: (J=compiled Java code, j=interpreted, Vv=VM code, C=native code)
C  [libcppjnilib.so+0x3d95]  ExtIntMatrix::toJObjectArray(JNIEnv_*)+0x195
C  [libcppjnilib.so+0x36a2]  Java_HelloWorld_matrixMultiplication+0x62
j  HelloWorld.matrixMultiplication([[I[[I)[[I+0
j  HelloWorld.main([Ljava/lang/String;)V+153
v  ~StubRoutines::call_stub 0x00007f07a7d2ccc6
V  [libjvm.so+0x909a24]  JavaCalls::call_helper(JavaValue*, methodHandle const&, JavaCallArguments*, JavaThread*)+0x2f4
V  [libjvm.so+0x9b5e1f]  jni_invoke_static(JNIEnv_*, JavaValue*, _jobject*, JNICallType, _jmethodID*, JNI_ArgumentPusher*, JavaThread*) [clone .isra.156] [clone .constprop.261]+0x15f
V  [libjvm.so+0x9b803f]  jni_CallStaticVoidMethod+0x14f
C  [libjli.so+0x57b7]  JavaMain+0xfb7
C  [libjli.so+0x8719]  ThreadJavaMain+0x9
Java frames: (J=compiled Java code, j=interpreted, Vv=VM code)
j  HelloWorld.matrixMultiplication([[I[[I)[[I+0
j  HelloWorld.main([Ljava/lang/String;)V+153
v  ~StubRoutines::call_stub 0x00007f07a7d2ccc6

siginfo: si_signo: 11 (SIGSEGV), si_code: 1 (SEGV_MAPERR), si_addr: 0x00007f00486c768f

Registers:
RAX=0x00007f00486c768f, RBX=0x00007f072f4005d0, RCX=0x0000000000000000, RDX=0x00007f0790af6370
RSP=0x00007f07bef17790, RBP=0x00007f07bef177d0, RSI=0x000000000000203d, RDI=0x00007f0790afc540
R8 =0x0000000000000000, R9 =0x00007f07bef17680, R10=0x0000000000000001, R11=0x0000000000000000
R12=0x0000000000000000, R13=0x00007f072f4005d0, R14=0x00007f07bef178f8, R15=0x00007f07b8028480
RIP=0x00007f07c07c4d95, EFLAGS=0x0000000000010206, CSGSFS=0x002b000000000033, ERR=0x0000000000000004
  TRAPNO=0x000000000000000e


Register to memory mapping:

RAX=0x00007f00486c768f is an unknown value
RBX={method} {0x00007f072f4005d0} 'matrixMultiplication' '([[I[[I)[[I' in 'HelloWorld'
RCX=0x0 is null
RDX=0x00007f0790af6370: _ZTVSo+0x0000000000000018 in /lib/x86_64-linux-gnu/libstdc++.so.6 at 0x00007f07908d3000
RSP=0x00007f07bef17790 is pointing into the stack for thread: 0x00007f07b8028480
RBP=0x00007f07bef177d0 is pointing into the stack for thread: 0x00007f07b8028480
RSI=0x000000000000203d is an unknown value
RDI=0x00007f0790afc540: _ZSt4cout+0x0000000000000000 in /lib/x86_64-linux-gnu/libstdc++.so.6 at 0x00007f07908d3000
R8 =0x0 is null
R9 =0x00007f07bef17680 is pointing into the stack for thread: 0x00007f07b8028480
R10=0x0000000000000001 is an unknown value
R11=0x0 is null
R12=0x0 is null
R13={method} {0x00007f072f4005d0} 'matrixMultiplication' '([[I[[I)[[I' in 'HelloWorld'
R14=0x00007f07bef178f8 is pointing into the stack for thread: 0x00007f07b8028480
R15=0x00007f07b8028480 is a thread

Top of Stack: (sp=0x00007f07bef17790)
0x00007f07bef17790:   00007f07bef177f0 00007f07b8028838
0x00007f07bef177a0:   0000000000000003 00007f07b8134fd0
0x00007f07bef177b0:   0000000000000003 00007f07b8134fc8
0x00007f07bef177c0:   00007f07b8028838 00007f07bef177f0
0x00007f07bef177d0:   00007f07bef17850 00007f07c07c46a2
0x00007f07bef177e0:   00007f07bef17810 00007f07b8004aa0
0x00007f07bef177f0:   00007f07b817f790 0000000300000003
0x00007f07bef17800:   00007f07bef17840 00007f07bf8ff884
0x00007f07bef17810:   00007f07b817f690 0000000300000003
0x00007f07bef17820:   00007f07b817f2b0 0000000300000003
0x00007f07bef17830:   00007f07bef178e8 00007f07bef178f0
0x00007f07bef17840:   00007f07bef178f8 00007f07b8028838
0x00007f07bef17850:   00007f07bef178c8 00007f07a7d38980
0x00007f07bef17860:   00007f07bef178c8 00007f07a7d38657
0x00007f07bef17870:   0000000000000000 00007f07a7d3861f
0x00007f07bef17880:   00007f07bef17880 00007f072f4005d0
0x00007f07bef17890:   0000000000000006 00007f072f400998
0x00007f07bef178a0:   0000000000000000 000000053e812108
0x00007f07bef178b0:   00007f072f4005d0 0000000000000000
0x00007f07bef178c0:   00007f07bef178e8 00007f07bef17948
0x00007f07bef178d0:   00007f07a7d342d8 0000000000000000
0x00007f07bef178e0:   00007f07a7d35f9a 000000053e8133c8
0x00007f07bef178f0:   000000053e813348 000000053e812f90
0x00007f07bef17900:   00007f07bef17900 00007f072f4007a9
0x00007f07bef17910:   0000000000000008 00007f072f400998
0x00007f07bef17920:   0000000000000000 000000053e812108
0x00007f07bef17930:   00007f072f400810 00007f07bef178e8
0x00007f07bef17940:   00007f07bef17988 00007f07bef179f0
0x00007f07bef17950:   00007f07a7d2ccc6 0000000000000000
0x00007f07bef17960:   0000000000000000 0000000000000000
0x00007f07bef17970:   000000053e8133c8 000000053e813348
0x00007f07bef17980:   000000053e812f90 000000053e8124c8 

Instructions: (pc=0x00007f07c07c4d95)
0x00007f07c07c4c95:   ff 48 89 c7 48 8d 35 0b 14 00 00 e8 8b f5 ff ff
0x00007f07c07c4ca5:   48 89 c7 48 8b 45 c0 8b 70 08 e8 cc f6 ff ff 48
0x00007f07c07c4cb5:   89 c7 48 8b 35 fa 32 00 00 e8 7d f5 ff ff 48 8b
0x00007f07c07c4cc5:   3d fe 32 00 00 48 8d 35 df 13 00 00 e8 5a f5 ff
0x00007f07c07c4cd5:   ff 48 89 c7 8b 75 e4 e8 9f f6 ff ff 48 89 c7 48
0x00007f07c07c4ce5:   8d 35 ca 13 00 00 e8 40 f5 ff ff 48 89 c7 48 8b
0x00007f07c07c4cf5:   45 c0 8b 70 0c e8 81 f6 ff ff 48 89 c7 48 8d 35
0x00007f07c07c4d05:   b2 13 00 00 e8 22 f5 ff ff 48 89 c7 48 8b 35 a0
0x00007f07c07c4d15:   32 00 00 e8 23 f5 ff ff c7 45 d4 00 00 00 00 48
0x00007f07c07c4d25:   8b 4d c0 8b 45 d4 3b 41 0c 0f 8d 86 00 00 00 48
0x00007f07c07c4d35:   8b 3d 8d 32 00 00 48 8d 35 6e 13 00 00 e8 e9 f4
0x00007f07c07c4d45:   ff ff 48 89 c7 8b 75 e4 e8 2e f6 ff ff 48 89 c7
0x00007f07c07c4d55:   48 8d 35 69 13 00 00 e8 cf f4 ff ff 48 89 c7 8b
0x00007f07c07c4d65:   75 d4 e8 14 f6 ff ff 48 8b 3d 55 32 00 00 48 8d
0x00007f07c07c4d75:   35 4d 13 00 00 e8 b1 f4 ff ff 48 89 c7 48 8b 45
0x00007f07c07c4d85:   c0 48 8b 00 48 63 4d e4 48 8b 04 c8 48 63 4d d4
0x00007f07c07c4d95:   8b 34 88 e8 e3 f5 ff ff 48 89 c7 48 8b 35 11 32
0x00007f07c07c4da5:   00 00 e8 94 f4 ff ff 8b 45 d4 83 c0 01 89 45 d4
0x00007f07c07c4db5:   e9 6a ff ff ff 48 8b 45 c0 48 8b 7d f0 48 8b 75
0x00007f07c07c4dc5:   d8 8b 48 0c 48 8b 00 48 63 55 e4 4c 8b 04 d0 31
0x00007f07c07c4dd5:   d2 e8 e5 f2 ff ff 48 8b 7d f0 48 8b 75 e8 8b 55
0x00007f07c07c4de5:   e4 48 8b 4d d8 e8 11 f5 ff ff 48 8b 7d f0 48 8b
0x00007f07c07c4df5:   75 d8 e8 84 f4 ff ff 8b 45 e4 83 c0 01 89 45 e4
0x00007f07c07c4e05:   e9 4a fe ff ff 48 8b 45 e8 48 83 c4 40 5d c3 66
0x00007f07c07c4e15:   2e 0f 1f 84 00 00 00 00 00 66 90 55 48 89 e5 48
0x00007f07c07c4e25:   83 ec 10 48 89 7d f8 48 8b 7d f8 e8 bb f2 ff ff
0x00007f07c07c4e35:   48 83 c4 10 5d c3 0f 1f 44 00 00 55 48 89 e5 48
0x00007f07c07c4e45:   83 ec 20 48 89 7d f8 48 8b 45 f8 48 89 45 e8 c7
0x00007f07c07c4e55:   45 f4 00 00 00 00 48 8b 4d e8 8b 45 f4 3b 41 08
0x00007f07c07c4e65:   0f 8d 77 00 00 00 c7 45 f0 00 00 00 00 48 8b 4d
0x00007f07c07c4e75:   e8 8b 45 f0 3b 41 0c 0f 8d 3f 00 00 00 48 8b 45
0x00007f07c07c4e85:   e8 48 8b 00 48 63 4d f4 48 8b 04 c8 48 63 4d f0 


Stack slot to memory mapping:

stack at sp + 0 slots: 0x00007f07bef177f0 is pointing into the stack for thread: 0x00007f07b8028480
stack at sp + 1 slots: 0x00007f07b8028838 points into unknown readable memory: 0x00007f07c0726160 | 60 61 72 c0 07 7f 00 00
stack at sp + 2 slots: 0x0000000000000003 is an unknown value
stack at sp + 3 slots: 0x00007f07b8134fd0 points into unknown readable memory: 0x000000053e8134f0 | f0 34 81 3e 05 00 00 00
stack at sp + 4 slots: 0x0000000000000003 is an unknown value
stack at sp + 5 slots: 0x00007f07b8134fc8 points into unknown readable memory: 0x000000053e8134d0 | d0 34 81 3e 05 00 00 00
stack at sp + 6 slots: 0x00007f07b8028838 points into unknown readable memory: 0x00007f07c0726160 | 60 61 72 c0 07 7f 00 00
stack at sp + 7 slots: 0x00007f07bef177f0 is pointing into the stack for thread: 0x00007f07b8028480


---------------  P R O C E S S  ---------------

Threads class SMR info:
_java_thread_list=0x00007f07b8167050, length=10, elements={
0x00007f07b8028480, 0x00007f07b8143680, 0x00007f07b8144df0, 0x00007f07b81468d0,
0x00007f07b8147f10, 0x00007f07b81494b0, 0x00007f07b814b070, 0x00007f07b8154720,
0x00007f07b8162930, 0x00007f07b8165f10
}

Java Threads: ( => current thread )
=>0x00007f07b8028480 JavaThread "main"                              [_thread_in_native, id=10517, stack(0x00007f07bee19000,0x00007f07bef19000) (1024K)]
  0x00007f07b8143680 JavaThread "Reference Handler"          daemon [_thread_blocked, id=10525, stack(0x00007f07916c8000,0x00007f07917c8000) (1024K)]
  0x00007f07b8144df0 JavaThread "Finalizer"                  daemon [_thread_blocked, id=10526, stack(0x00007f07915c7000,0x00007f07916c7000) (1024K)]
  0x00007f07b81468d0 JavaThread "Signal Dispatcher"          daemon [_thread_blocked, id=10527, stack(0x00007f07914c6000,0x00007f07915c6000) (1024K)]
  0x00007f07b8147f10 JavaThread "Service Thread"             daemon [_thread_blocked, id=10528, stack(0x00007f07913c5000,0x00007f07914c5000) (1024K)]
  0x00007f07b81494b0 JavaThread "Monitor Deflation Thread"   daemon [_thread_blocked, id=10529, stack(0x00007f07912c4000,0x00007f07913c4000) (1024K)]
  0x00007f07b814b070 JavaThread "C2 CompilerThread0"         daemon [_thread_blocked, id=10530, stack(0x00007f07911c3000,0x00007f07912c3000) (1024K)]
  0x00007f07b8154720 JavaThread "C1 CompilerThread0"         daemon [_thread_blocked, id=10531, stack(0x00007f07910c2000,0x00007f07911c2000) (1024K)]
  0x00007f07b8162930 JavaThread "Notification Thread"        daemon [_thread_blocked, id=10532, stack(0x00007f0790fc1000,0x00007f07910c1000) (1024K)]
  0x00007f07b8165f10 JavaThread "Common-Cleaner"             daemon [_thread_blocked, id=10533, stack(0x00007f0790b00000,0x00007f0790c00000) (1024K)]
Total: 10

Other Threads:
  0x00007f07b8133a70 VMThread "VM Thread"                           [id=10524, stack(0x00007f0791820000,0x00007f0791920000) (1024K)]
  0x00007f07b8118bb0 WatcherThread "VM Periodic Task Thread"        [id=10523, stack(0x00007f0791921000,0x00007f0791a21000) (1024K)]
  0x00007f07b8053090 WorkerThread "GC Thread#0"                     [id=10518, stack(0x00007f07bd3bf000,0x00007f07bd4bf000) (1024K)]
  0x00007f07b8060300 ConcurrentGCThread "G1 Main Marker"            [id=10519, stack(0x00007f07bd2be000,0x00007f07bd3be000) (1024K)]
  0x00007f07b80612d0 WorkerThread "G1 Conc#0"                       [id=10520, stack(0x00007f07bd1bd000,0x00007f07bd2bd000) (1024K)]
  0x00007f07b80feb20 ConcurrentGCThread "G1 Refine#0"               [id=10521, stack(0x00007f0791ba4000,0x00007f0791ca4000) (1024K)]
  0x00007f07b80ffad0 ConcurrentGCThread "G1 Service"                [id=10522, stack(0x00007f0791aa3000,0x00007f0791ba3000) (1024K)]
Total: 7

Threads with active compile tasks:
Total: 0

VM state: not at safepoint (normal execution)

VM Mutex/Monitor currently owned by a thread: None

Heap address: 0x000000050f800000, size: 12040 MB, Compressed Oops mode: Zero based, Oop shift amount: 3

CDS archive(s) mapped at: [0x00007f0733000000-0x00007f0733ca6000-0x00007f0733ca6000), size 13262848, SharedBaseAddress: 0x00007f0733000000, ArchiveRelocationMode: 1.
Compressed class space mapped at: 0x00007f0734000000-0x00007f0774000000, reserved size: 1073741824
Narrow klass base: 0x00007f0733000000, Narrow klass shift: 0, Narrow klass range: 0x100000000

GC Precious Log:
 CardTable entry size: 512
 Card Set container configuration: InlinePtr #cards 4 size 8 Array Of Cards #cards 64 size 144 Howl #buckets 8 coarsen threshold 14745 Howl Bitmap #cards 2048 size 272 coarsen threshold 1843 Card regions per heap region 1 cards per card region 16384
 CPUs: 24 total, 24 available
 Memory: 48137M
 Large Page Support: Disabled
 NUMA Support: Disabled
 Compressed Oops: Enabled (Zero based)
 Heap Region Size: 8M
 Heap Min Capacity: 8M
 Heap Initial Capacity: 760M
 Heap Max Capacity: 12040M
 Pre-touch: Disabled
 Parallel Workers: 18
 Concurrent Workers: 5
 Concurrent Refinement Workers: 18
 Periodic GC: Disabled

Heap:
 garbage-first heap   total 786432K, used 1053K [0x000000050f800000, 0x0000000800000000)
  region size 8192K, 1 young (8192K), 0 survivors (0K)
 Metaspace       used 82K, committed 320K, reserved 1114112K
  class space    used 3K, committed 128K, reserved 1048576K

Heap Regions: E=young(eden), S=young(survivor), O=old, HS=humongous(starts), HC=humongous(continues), CS=collection set, F=free, TAMS=top-at-mark-start, PB=parsable bottom
|   0|0x000000050f800000, 0x000000050f800000, 0x0000000510000000|  0%| F|  |TAMS 0x000000050f800000| PB 0x000000050f800000| Untracked 
|   1|0x0000000510000000, 0x0000000510000000, 0x0000000510800000|  0%| F|  |TAMS 0x0000000510000000| PB 0x0000000510000000| Untracked 
|   2|0x0000000510800000, 0x0000000510800000, 0x0000000511000000|  0%| F|  |TAMS 0x0000000510800000| PB 0x0000000510800000| Untracked 
|   3|0x0000000511000000, 0x0000000511000000, 0x0000000511800000|  0%| F|  |TAMS 0x0000000511000000| PB 0x0000000511000000| Untracked 
|   4|0x0000000511800000, 0x0000000511800000, 0x0000000512000000|  0%| F|  |TAMS 0x0000000511800000| PB 0x0000000511800000| Untracked 
|   5|0x0000000512000000, 0x0000000512000000, 0x0000000512800000|  0%| F|  |TAMS 0x0000000512000000| PB 0x0000000512000000| Untracked 
|   6|0x0000000512800000, 0x0000000512800000, 0x0000000513000000|  0%| F|  |TAMS 0x0000000512800000| PB 0x0000000512800000| Untracked 
|   7|0x0000000513000000, 0x0000000513000000, 0x0000000513800000|  0%| F|  |TAMS 0x0000000513000000| PB 0x0000000513000000| Untracked 
|   8|0x0000000513800000, 0x0000000513800000, 0x0000000514000000|  0%| F|  |TAMS 0x0000000513800000| PB 0x0000000513800000| Untracked 
|   9|0x0000000514000000, 0x0000000514000000, 0x0000000514800000|  0%| F|  |TAMS 0x0000000514000000| PB 0x0000000514000000| Untracked 
|  10|0x0000000514800000, 0x0000000514800000, 0x0000000515000000|  0%| F|  |TAMS 0x0000000514800000| PB 0x0000000514800000| Untracked 
|  11|0x0000000515000000, 0x0000000515000000, 0x0000000515800000|  0%| F|  |TAMS 0x0000000515000000| PB 0x0000000515000000| Untracked 
|  12|0x0000000515800000, 0x0000000515800000, 0x0000000516000000|  0%| F|  |TAMS 0x0000000515800000| PB 0x0000000515800000| Untracked 
|  13|0x0000000516000000, 0x0000000516000000, 0x0000000516800000|  0%| F|  |TAMS 0x0000000516000000| PB 0x0000000516000000| Untracked 
|  14|0x0000000516800000, 0x0000000516800000, 0x0000000517000000|  0%| F|  |TAMS 0x0000000516800000| PB 0x0000000516800000| Untracked 
|  15|0x0000000517000000, 0x0000000517000000, 0x0000000517800000|  0%| F|  |TAMS 0x0000000517000000| PB 0x0000000517000000| Untracked 
|  16|0x0000000517800000, 0x0000000517800000, 0x0000000518000000|  0%| F|  |TAMS 0x0000000517800000| PB 0x0000000517800000| Untracked 
|  17|0x0000000518000000, 0x0000000518000000, 0x0000000518800000|  0%| F|  |TAMS 0x0000000518000000| PB 0x0000000518000000| Untracked 
|  18|0x0000000518800000, 0x0000000518800000, 0x0000000519000000|  0%| F|  |TAMS 0x0000000518800000| PB 0x0000000518800000| Untracked 
|  19|0x0000000519000000, 0x0000000519000000, 0x0000000519800000|  0%| F|  |TAMS 0x0000000519000000| PB 0x0000000519000000| Untracked 
|  20|0x0000000519800000, 0x0000000519800000, 0x000000051a000000|  0%| F|  |TAMS 0x0000000519800000| PB 0x0000000519800000| Untracked 
|  21|0x000000051a000000, 0x000000051a000000, 0x000000051a800000|  0%| F|  |TAMS 0x000000051a000000| PB 0x000000051a000000| Untracked 
|  22|0x000000051a800000, 0x000000051a800000, 0x000000051b000000|  0%| F|  |TAMS 0x000000051a800000| PB 0x000000051a800000| Untracked 
|  23|0x000000051b000000, 0x000000051b000000, 0x000000051b800000|  0%| F|  |TAMS 0x000000051b000000| PB 0x000000051b000000| Untracked 
|  24|0x000000051b800000, 0x000000051b800000, 0x000000051c000000|  0%| F|  |TAMS 0x000000051b800000| PB 0x000000051b800000| Untracked 
|  25|0x000000051c000000, 0x000000051c000000, 0x000000051c800000|  0%| F|  |TAMS 0x000000051c000000| PB 0x000000051c000000| Untracked 
|  26|0x000000051c800000, 0x000000051c800000, 0x000000051d000000|  0%| F|  |TAMS 0x000000051c800000| PB 0x000000051c800000| Untracked 
|  27|0x000000051d000000, 0x000000051d000000, 0x000000051d800000|  0%| F|  |TAMS 0x000000051d000000| PB 0x000000051d000000| Untracked 
|  28|0x000000051d800000, 0x000000051d800000, 0x000000051e000000|  0%| F|  |TAMS 0x000000051d800000| PB 0x000000051d800000| Untracked 
|  29|0x000000051e000000, 0x000000051e000000, 0x000000051e800000|  0%| F|  |TAMS 0x000000051e000000| PB 0x000000051e000000| Untracked 
|  30|0x000000051e800000, 0x000000051e800000, 0x000000051f000000|  0%| F|  |TAMS 0x000000051e800000| PB 0x000000051e800000| Untracked 
|  31|0x000000051f000000, 0x000000051f000000, 0x000000051f800000|  0%| F|  |TAMS 0x000000051f000000| PB 0x000000051f000000| Untracked 
|  32|0x000000051f800000, 0x000000051f800000, 0x0000000520000000|  0%| F|  |TAMS 0x000000051f800000| PB 0x000000051f800000| Untracked 
|  33|0x0000000520000000, 0x0000000520000000, 0x0000000520800000|  0%| F|  |TAMS 0x0000000520000000| PB 0x0000000520000000| Untracked 
|  34|0x0000000520800000, 0x0000000520800000, 0x0000000521000000|  0%| F|  |TAMS 0x0000000520800000| PB 0x0000000520800000| Untracked 
|  35|0x0000000521000000, 0x0000000521000000, 0x0000000521800000|  0%| F|  |TAMS 0x0000000521000000| PB 0x0000000521000000| Untracked 
|  36|0x0000000521800000, 0x0000000521800000, 0x0000000522000000|  0%| F|  |TAMS 0x0000000521800000| PB 0x0000000521800000| Untracked 
|  37|0x0000000522000000, 0x0000000522000000, 0x0000000522800000|  0%| F|  |TAMS 0x0000000522000000| PB 0x0000000522000000| Untracked 
|  38|0x0000000522800000, 0x0000000522800000, 0x0000000523000000|  0%| F|  |TAMS 0x0000000522800000| PB 0x0000000522800000| Untracked 
|  39|0x0000000523000000, 0x0000000523000000, 0x0000000523800000|  0%| F|  |TAMS 0x0000000523000000| PB 0x0000000523000000| Untracked 
|  40|0x0000000523800000, 0x0000000523800000, 0x0000000524000000|  0%| F|  |TAMS 0x0000000523800000| PB 0x0000000523800000| Untracked 
|  41|0x0000000524000000, 0x0000000524000000, 0x0000000524800000|  0%| F|  |TAMS 0x0000000524000000| PB 0x0000000524000000| Untracked 
|  42|0x0000000524800000, 0x0000000524800000, 0x0000000525000000|  0%| F|  |TAMS 0x0000000524800000| PB 0x0000000524800000| Untracked 
|  43|0x0000000525000000, 0x0000000525000000, 0x0000000525800000|  0%| F|  |TAMS 0x0000000525000000| PB 0x0000000525000000| Untracked 
|  44|0x0000000525800000, 0x0000000525800000, 0x0000000526000000|  0%| F|  |TAMS 0x0000000525800000| PB 0x0000000525800000| Untracked 
|  45|0x0000000526000000, 0x0000000526000000, 0x0000000526800000|  0%| F|  |TAMS 0x0000000526000000| PB 0x0000000526000000| Untracked 
|  46|0x0000000526800000, 0x0000000526800000, 0x0000000527000000|  0%| F|  |TAMS 0x0000000526800000| PB 0x0000000526800000| Untracked 
|  47|0x0000000527000000, 0x0000000527000000, 0x0000000527800000|  0%| F|  |TAMS 0x0000000527000000| PB 0x0000000527000000| Untracked 
|  48|0x0000000527800000, 0x0000000527800000, 0x0000000528000000|  0%| F|  |TAMS 0x0000000527800000| PB 0x0000000527800000| Untracked 
|  49|0x0000000528000000, 0x0000000528000000, 0x0000000528800000|  0%| F|  |TAMS 0x0000000528000000| PB 0x0000000528000000| Untracked 
|  50|0x0000000528800000, 0x0000000528800000, 0x0000000529000000|  0%| F|  |TAMS 0x0000000528800000| PB 0x0000000528800000| Untracked 
|  51|0x0000000529000000, 0x0000000529000000, 0x0000000529800000|  0%| F|  |TAMS 0x0000000529000000| PB 0x0000000529000000| Untracked 
|  52|0x0000000529800000, 0x0000000529800000, 0x000000052a000000|  0%| F|  |TAMS 0x0000000529800000| PB 0x0000000529800000| Untracked 
|  53|0x000000052a000000, 0x000000052a000000, 0x000000052a800000|  0%| F|  |TAMS 0x000000052a000000| PB 0x000000052a000000| Untracked 
|  54|0x000000052a800000, 0x000000052a800000, 0x000000052b000000|  0%| F|  |TAMS 0x000000052a800000| PB 0x000000052a800000| Untracked 
|  55|0x000000052b000000, 0x000000052b000000, 0x000000052b800000|  0%| F|  |TAMS 0x000000052b000000| PB 0x000000052b000000| Untracked 
|  56|0x000000052b800000, 0x000000052b800000, 0x000000052c000000|  0%| F|  |TAMS 0x000000052b800000| PB 0x000000052b800000| Untracked 
|  57|0x000000052c000000, 0x000000052c000000, 0x000000052c800000|  0%| F|  |TAMS 0x000000052c000000| PB 0x000000052c000000| Untracked 
|  58|0x000000052c800000, 0x000000052c800000, 0x000000052d000000|  0%| F|  |TAMS 0x000000052c800000| PB 0x000000052c800000| Untracked 
|  59|0x000000052d000000, 0x000000052d000000, 0x000000052d800000|  0%| F|  |TAMS 0x000000052d000000| PB 0x000000052d000000| Untracked 
|  60|0x000000052d800000, 0x000000052d800000, 0x000000052e000000|  0%| F|  |TAMS 0x000000052d800000| PB 0x000000052d800000| Untracked 
|  61|0x000000052e000000, 0x000000052e000000, 0x000000052e800000|  0%| F|  |TAMS 0x000000052e000000| PB 0x000000052e000000| Untracked 
|  62|0x000000052e800000, 0x000000052e800000, 0x000000052f000000|  0%| F|  |TAMS 0x000000052e800000| PB 0x000000052e800000| Untracked 
|  63|0x000000052f000000, 0x000000052f000000, 0x000000052f800000|  0%| F|  |TAMS 0x000000052f000000| PB 0x000000052f000000| Untracked 
|  64|0x000000052f800000, 0x000000052f800000, 0x0000000530000000|  0%| F|  |TAMS 0x000000052f800000| PB 0x000000052f800000| Untracked 
|  65|0x0000000530000000, 0x0000000530000000, 0x0000000530800000|  0%| F|  |TAMS 0x0000000530000000| PB 0x0000000530000000| Untracked 
|  66|0x0000000530800000, 0x0000000530800000, 0x0000000531000000|  0%| F|  |TAMS 0x0000000530800000| PB 0x0000000530800000| Untracked 
|  67|0x0000000531000000, 0x0000000531000000, 0x0000000531800000|  0%| F|  |TAMS 0x0000000531000000| PB 0x0000000531000000| Untracked 
|  68|0x0000000531800000, 0x0000000531800000, 0x0000000532000000|  0%| F|  |TAMS 0x0000000531800000| PB 0x0000000531800000| Untracked 
|  69|0x0000000532000000, 0x0000000532000000, 0x0000000532800000|  0%| F|  |TAMS 0x0000000532000000| PB 0x0000000532000000| Untracked 
|  70|0x0000000532800000, 0x0000000532800000, 0x0000000533000000|  0%| F|  |TAMS 0x0000000532800000| PB 0x0000000532800000| Untracked 
|  71|0x0000000533000000, 0x0000000533000000, 0x0000000533800000|  0%| F|  |TAMS 0x0000000533000000| PB 0x0000000533000000| Untracked 
|  72|0x0000000533800000, 0x0000000533800000, 0x0000000534000000|  0%| F|  |TAMS 0x0000000533800000| PB 0x0000000533800000| Untracked 
|  73|0x0000000534000000, 0x0000000534000000, 0x0000000534800000|  0%| F|  |TAMS 0x0000000534000000| PB 0x0000000534000000| Untracked 
|  74|0x0000000534800000, 0x0000000534800000, 0x0000000535000000|  0%| F|  |TAMS 0x0000000534800000| PB 0x0000000534800000| Untracked 
|  75|0x0000000535000000, 0x0000000535000000, 0x0000000535800000|  0%| F|  |TAMS 0x0000000535000000| PB 0x0000000535000000| Untracked 
|  76|0x0000000535800000, 0x0000000535800000, 0x0000000536000000|  0%| F|  |TAMS 0x0000000535800000| PB 0x0000000535800000| Untracked 
|  77|0x0000000536000000, 0x0000000536000000, 0x0000000536800000|  0%| F|  |TAMS 0x0000000536000000| PB 0x0000000536000000| Untracked 
|  78|0x0000000536800000, 0x0000000536800000, 0x0000000537000000|  0%| F|  |TAMS 0x0000000536800000| PB 0x0000000536800000| Untracked 
|  79|0x0000000537000000, 0x0000000537000000, 0x0000000537800000|  0%| F|  |TAMS 0x0000000537000000| PB 0x0000000537000000| Untracked 
|  80|0x0000000537800000, 0x0000000537800000, 0x0000000538000000|  0%| F|  |TAMS 0x0000000537800000| PB 0x0000000537800000| Untracked 
|  81|0x0000000538000000, 0x0000000538000000, 0x0000000538800000|  0%| F|  |TAMS 0x0000000538000000| PB 0x0000000538000000| Untracked 
|  82|0x0000000538800000, 0x0000000538800000, 0x0000000539000000|  0%| F|  |TAMS 0x0000000538800000| PB 0x0000000538800000| Untracked 
|  83|0x0000000539000000, 0x0000000539000000, 0x0000000539800000|  0%| F|  |TAMS 0x0000000539000000| PB 0x0000000539000000| Untracked 
|  84|0x0000000539800000, 0x0000000539800000, 0x000000053a000000|  0%| F|  |TAMS 0x0000000539800000| PB 0x0000000539800000| Untracked 
|  85|0x000000053a000000, 0x000000053a000000, 0x000000053a800000|  0%| F|  |TAMS 0x000000053a000000| PB 0x000000053a000000| Untracked 
|  86|0x000000053a800000, 0x000000053a800000, 0x000000053b000000|  0%| F|  |TAMS 0x000000053a800000| PB 0x000000053a800000| Untracked 
|  87|0x000000053b000000, 0x000000053b000000, 0x000000053b800000|  0%| F|  |TAMS 0x000000053b000000| PB 0x000000053b000000| Untracked 
|  88|0x000000053b800000, 0x000000053b800000, 0x000000053c000000|  0%| F|  |TAMS 0x000000053b800000| PB 0x000000053b800000| Untracked 
|  89|0x000000053c000000, 0x000000053c000000, 0x000000053c800000|  0%| F|  |TAMS 0x000000053c000000| PB 0x000000053c000000| Untracked 
|  90|0x000000053c800000, 0x000000053c800000, 0x000000053d000000|  0%| F|  |TAMS 0x000000053c800000| PB 0x000000053c800000| Untracked 
|  91|0x000000053d000000, 0x000000053d000000, 0x000000053d800000|  0%| F|  |TAMS 0x000000053d000000| PB 0x000000053d000000| Untracked 
|  92|0x000000053d800000, 0x000000053d800000, 0x000000053e000000|  0%| F|  |TAMS 0x000000053d800000| PB 0x000000053d800000| Untracked 
|  93|0x000000053e000000, 0x000000053e000000, 0x000000053e800000|  0%| F|  |TAMS 0x000000053e000000| PB 0x000000053e000000| Untracked 
|  94|0x000000053e800000, 0x000000053e9eb8d8, 0x000000053f000000| 24%| E|  |TAMS 0x000000053e800000| PB 0x000000053e800000| Complete 
|1504|0x00000007ff800000, 0x00000007ff907778, 0x0000000800000000| 12%| O|  |TAMS 0x00000007ff800000| PB 0x00000007ff800000| Untracked 

Card table byte_map: [0x00007f079d9c5000,0x00007f079f149000] _byte_map_base: 0x00007f079b149000

Marking Bits: (CMBitMap*) 0x00007f07b8053bb0
 Bits: [0x00007f0791da5000, 0x00007f079d9c5000)

Polling page: 0x00007f07c0cba000

Metaspace:

Usage:
  Non-class:     78.75 KB used.
      Class:      3.75 KB used.
       Both:     82.50 KB used.

Virtual space:
  Non-class space:       64.00 MB reserved,     192.00 KB ( <1%) committed,  1 nodes.
      Class space:        1.00 GB reserved,     128.00 KB ( <1%) committed,  1 nodes.
             Both:        1.06 GB reserved,     320.00 KB ( <1%) committed. 

Chunk freelists:
   Non-Class:  12.00 MB
       Class:  15.75 MB
        Both:  27.74 MB

MaxMetaspaceSize: unlimited
CompressedClassSpaceSize: 1.00 GB
Initial GC threshold: 21.00 MB
Current GC threshold: 21.00 MB
CDS: on
 - commit_granule_bytes: 65536.
 - commit_granule_words: 8192.
 - virtual_space_node_default_size: 8388608.
 - enlarge_chunks_in_place: 1.
 - use_allocation_guard: 0.


Internal statistics:

num_allocs_failed_limit: 0.
num_arena_births: 4.
num_arena_deaths: 0.
num_vsnodes_births: 2.
num_vsnodes_deaths: 0.
num_space_committed: 5.
num_space_uncommitted: 0.
num_chunks_returned_to_freelist: 0.
num_chunks_taken_from_freelist: 5.
num_chunk_merges: 0.
num_chunk_splits: 3.
num_chunks_enlarged: 0.
num_inconsistent_stats: 0.

CodeHeap 'non-profiled nmethods': size=119168Kb used=0Kb max_used=0Kb free=119168Kb
 bounds [0x00007f07a846d000, 0x00007f07a86dd000, 0x00007f07af8cd000]
CodeHeap 'profiled nmethods': size=119164Kb used=4Kb max_used=4Kb free=119159Kb
 bounds [0x00007f07a08cd000, 0x00007f07a0b3d000, 0x00007f07a7d2c000]
CodeHeap 'non-nmethods': size=7428Kb used=1152Kb max_used=1159Kb free=6275Kb
 bounds [0x00007f07a7d2c000, 0x00007f07a7f9c000, 0x00007f07a846d000]
 total_blobs=303 nmethods=4 adapters=206
 compilation: enabled
              stopped_count=0, restarted_count=0
 full_count=0

Compilation events (7 events):
Event: 0.018 Thread 0x00007f07b8154720    1       3       java.lang.Object::<init> (1 bytes)
Event: 0.019 Thread 0x00007f07b8154720 nmethod 1 0x00007f07a08cd010 code [0x00007f07a08cd1a0, 0x00007f07a08cd2a0]
Event: 0.020 Thread 0x00007f07b8154720    2       3       java.lang.String::coder (15 bytes)
Event: 0.020 Thread 0x00007f07b8154720 nmethod 2 0x00007f07a08cd310 code [0x00007f07a08cd4a0, 0x00007f07a08cd5d0]
Event: 0.024 Thread 0x00007f07b8154720    3       3       java.lang.String::length (11 bytes)
Event: 0.024 Thread 0x00007f07b8154720 nmethod 3 0x00007f07a08cd690 code [0x00007f07a08cd840, 0x00007f07a08cd9e0]
Event: 0.032 Thread 0x00007f07b8154720    4       3       java.lang.String::hashCode (60 bytes)

GC Heap History (0 events):
No events

Dll operation events (3 events):
Event: 0.002 Loaded shared library /root/.sdkman/candidates/java/21.0.2-amzn/lib/libjava.so
Event: 0.017 Loaded shared library /root/.sdkman/candidates/java/21.0.2-amzn/lib/libjsvml.so
Event: 0.031 Loaded shared library /mnt/e/code/BA-Thesis/java/app/build/libcppjnilib.so

Deoptimization events (0 events):
No events

Classes loaded (8 events):
Event: 0.015 Loading class sun/nio/cs/UTF_8$Encoder
Event: 0.015 Loading class sun/nio/cs/UTF_8$Encoder done
Event: 0.020 Loading class jdk/internal/vm/PostVMInitHook
Event: 0.020 Loading class jdk/internal/vm/PostVMInitHook done
Event: 0.020 Loading class jdk/internal/loader/URLClassPath$FileLoader
Event: 0.020 Loading class jdk/internal/loader/URLClassPath$FileLoader done
Event: 0.021 Loading class jdk/internal/loader/URLClassPath$FileLoader$1
Event: 0.021 Loading class jdk/internal/loader/URLClassPath$FileLoader$1 done

Classes unloaded (0 events):
No events

Classes redefined (0 events):
No events

Internal exceptions (0 events):
No events

ZGC Phase Switch (0 events):
No events

VM Operations (0 events):
No events

Events (20 events):
Event: 0.002 Protecting memory [0x00007f07bee19000,0x00007f07bee1d000] with protection modes 0
Event: 0.010 Thread 0x00007f07b8028480 Thread added: 0x00007f07b8028480
Event: 0.016 Thread 0x00007f07b8143680 Thread added: 0x00007f07b8143680
Event: 0.016 Protecting memory [0x00007f07916c8000,0x00007f07916cc000] with protection modes 0
Event: 0.016 Thread 0x00007f07b8144df0 Thread added: 0x00007f07b8144df0
Event: 0.016 Protecting memory [0x00007f07915c7000,0x00007f07915cb000] with protection modes 0
Event: 0.016 Thread 0x00007f07b81468d0 Thread added: 0x00007f07b81468d0
Event: 0.016 Protecting memory [0x00007f07914c6000,0x00007f07914ca000] with protection modes 0
Event: 0.016 Thread 0x00007f07b8147f10 Thread added: 0x00007f07b8147f10
Event: 0.017 Protecting memory [0x00007f07913c5000,0x00007f07913c9000] with protection modes 0
Event: 0.017 Thread 0x00007f07b81494b0 Thread added: 0x00007f07b81494b0
Event: 0.017 Protecting memory [0x00007f07912c4000,0x00007f07912c8000] with protection modes 0
Event: 0.017 Thread 0x00007f07b814b070 Thread added: 0x00007f07b814b070
Event: 0.017 Protecting memory [0x00007f07911c3000,0x00007f07911c7000] with protection modes 0
Event: 0.017 Thread 0x00007f07b8154720 Thread added: 0x00007f07b8154720
Event: 0.017 Protecting memory [0x00007f07910c2000,0x00007f07910c6000] with protection modes 0
Event: 0.020 Thread 0x00007f07b8162930 Thread added: 0x00007f07b8162930
Event: 0.020 Protecting memory [0x00007f0790fc1000,0x00007f0790fc5000] with protection modes 0
Event: 0.022 Thread 0x00007f07b8165f10 Thread added: 0x00007f07b8165f10
Event: 0.023 Protecting memory [0x00007f0790b00000,0x00007f0790b04000] with protection modes 0


Dynamic libraries:
50f800000-53f000000 rw-p 00000000 00:00 0 
53f000000-7ff800000 ---p 00000000 00:00 0 
7ff800000-7ff908000 rw-p 00ce5000 08:20 537309                           /root/.sdkman/candidates/java/21.0.2-amzn/lib/server/classes.jsa
7ff908000-800000000 rw-p 00000000 00:00 0 
5586d5a00000-5586d5a01000 r-xp 00000000 08:20 307511                     /root/.sdkman/candidates/java/21.0.2-amzn/bin/java
5586d5c01000-5586d5c02000 r--p 00001000 08:20 307511                     /root/.sdkman/candidates/java/21.0.2-amzn/bin/java
5586d5c02000-5586d5c03000 rw-p 00002000 08:20 307511                     /root/.sdkman/candidates/java/21.0.2-amzn/bin/java
5586d75e3000-5586d7629000 rw-p 00000000 00:00 0                          [heap]
7f0700000000-7f0700021000 rw-p 00000000 00:00 0 
7f0700021000-7f0704000000 ---p 00000000 00:00 0 
7f0708000000-7f0708021000 rw-p 00000000 00:00 0 
7f0708021000-7f070c000000 ---p 00000000 00:00 0 
7f070c000000-7f070c021000 rw-p 00000000 00:00 0 
7f070c021000-7f0710000000 ---p 00000000 00:00 0 
7f0710000000-7f0710021000 rw-p 00000000 00:00 0 
7f0710021000-7f0714000000 ---p 00000000 00:00 0 
7f0714000000-7f0714067000 rw-p 00000000 00:00 0 
7f0714067000-7f0718000000 ---p 00000000 00:00 0 
7f0718000000-7f0718021000 rw-p 00000000 00:00 0 
7f0718021000-7f071c000000 ---p 00000000 00:00 0 
7f071c000000-7f071c021000 rw-p 00000000 00:00 0 
7f071c021000-7f0720000000 ---p 00000000 00:00 0 
7f0720000000-7f0720021000 rw-p 00000000 00:00 0 
7f0720021000-7f0724000000 ---p 00000000 00:00 0 
7f0724000000-7f0724021000 rw-p 00000000 00:00 0 
7f0724021000-7f0728000000 ---p 00000000 00:00 0 
7f0728000000-7f0728021000 rw-p 00000000 00:00 0 
7f0728021000-7f072c000000 ---p 00000000 00:00 0 
7f072f000000-7f072f020000 rw-p 00000000 00:00 0 
7f072f020000-7f072f400000 ---p 00000000 00:00 0 
7f072f400000-7f072f410000 rw-p 00000000 00:00 0 
7f072f410000-7f0733000000 ---p 00000000 00:00 0 
7f0733000000-7f0733ca6000 rw-p 00001000 08:20 537309                     /root/.sdkman/candidates/java/21.0.2-amzn/lib/server/classes.jsa
7f0733ca6000-7f0734000000 ---p 00000000 00:00 0 
7f0734000000-7f0734010000 rw-p 00000000 00:00 0 
7f0734010000-7f0734040000 ---p 00000000 00:00 0 
7f0734040000-7f0734050000 rw-p 00000000 00:00 0 
7f0734050000-7f0774000000 ---p 00000000 00:00 0 
7f0774000000-7f0774021000 rw-p 00000000 00:00 0 
7f0774021000-7f0778000000 ---p 00000000 00:00 0 
7f0778000000-7f0778021000 rw-p 00000000 00:00 0 
7f0778021000-7f077c000000 ---p 00000000 00:00 0 
7f077c000000-7f077c021000 rw-p 00000000 00:00 0 
7f077c021000-7f0780000000 ---p 00000000 00:00 0 
7f0782000000-7f0784000000 rw-p 00000000 00:00 0 
7f0784000000-7f0784021000 rw-p 00000000 00:00 0 
7f0784021000-7f0788000000 ---p 00000000 00:00 0 
7f0788000000-7f0788021000 rw-p 00000000 00:00 0 
7f0788021000-7f078c000000 ---p 00000000 00:00 0 
7f078c000000-7f078c021000 rw-p 00000000 00:00 0 
7f078c021000-7f0790000000 ---p 00000000 00:00 0 
7f0790470000-7f07908d3000 rw-p 00000000 00:00 0 
7f07908d3000-7f079096d000 r--p 00000000 08:20 27187                      /usr/lib/x86_64-linux-gnu/libstdc++.so.6.0.30
7f079096d000-7f0790a7e000 r-xp 0009a000 08:20 27187                      /usr/lib/x86_64-linux-gnu/libstdc++.so.6.0.30
7f0790a7e000-7f0790aed000 r--p 001ab000 08:20 27187                      /usr/lib/x86_64-linux-gnu/libstdc++.so.6.0.30
7f0790aed000-7f0790aee000 ---p 0021a000 08:20 27187                      /usr/lib/x86_64-linux-gnu/libstdc++.so.6.0.30
7f0790aee000-7f0790af9000 r--p 0021a000 08:20 27187                      /usr/lib/x86_64-linux-gnu/libstdc++.so.6.0.30
7f0790af9000-7f0790afc000 rw-p 00225000 08:20 27187                      /usr/lib/x86_64-linux-gnu/libstdc++.so.6.0.30
7f0790afc000-7f0790aff000 rw-p 00000000 00:00 0 
7f0790aff000-7f0790b00000 ---p 00000000 00:00 0 
7f0790b00000-7f0790b04000 ---p 00000000 00:00 0 
7f0790b04000-7f0790c00000 rw-p 00000000 00:00 0 
7f0790c00000-7f0790cce000 r-xp 00000000 08:20 537319                     /root/.sdkman/candidates/java/21.0.2-amzn/lib/libjsvml.so
7f0790cce000-7f0790ecd000 ---p 000ce000 08:20 537319                     /root/.sdkman/candidates/java/21.0.2-amzn/lib/libjsvml.so
7f0790ecd000-7f0790ece000 r--p 000cd000 08:20 537319                     /root/.sdkman/candidates/java/21.0.2-amzn/lib/libjsvml.so
7f0790ece000-7f0790ecf000 rw-p 000ce000 08:20 537319                     /root/.sdkman/candidates/java/21.0.2-amzn/lib/libjsvml.so
7f0790fc0000-7f0790fc1000 ---p 00000000 00:00 0 
7f0790fc1000-7f0790fc5000 ---p 00000000 00:00 0 
7f0790fc5000-7f07910c1000 rw-p 00000000 00:00 0 
7f07910c1000-7f07910c2000 ---p 00000000 00:00 0 
7f07910c2000-7f07910c6000 ---p 00000000 00:00 0 
7f07910c6000-7f07911c2000 rw-p 00000000 00:00 0 
7f07911c2000-7f07911c3000 ---p 00000000 00:00 0 
7f07911c3000-7f07911c7000 ---p 00000000 00:00 0 
7f07911c7000-7f07912c3000 rw-p 00000000 00:00 0 
7f07912c3000-7f07912c4000 ---p 00000000 00:00 0 
7f07912c4000-7f07912c8000 ---p 00000000 00:00 0 
7f07912c8000-7f07913c4000 rw-p 00000000 00:00 0 
7f07913c4000-7f07913c5000 ---p 00000000 00:00 0 
7f07913c5000-7f07913c9000 ---p 00000000 00:00 0 
7f07913c9000-7f07914c5000 rw-p 00000000 00:00 0 
7f07914c5000-7f07914c6000 ---p 00000000 00:00 0 
7f07914c6000-7f07914ca000 ---p 00000000 00:00 0 
7f07914ca000-7f07915c6000 rw-p 00000000 00:00 0 
7f07915c6000-7f07915c7000 ---p 00000000 00:00 0 
7f07915c7000-7f07915cb000 ---p 00000000 00:00 0 
7f07915cb000-7f07916c7000 rw-p 00000000 00:00 0 
7f07916c7000-7f07916c8000 ---p 00000000 00:00 0 
7f07916c8000-7f07916cc000 ---p 00000000 00:00 0 
7f07916cc000-7f07917c8000 rw-p 00000000 00:00 0 
7f07917c8000-7f079181f000 r--p 00000000 08:20 7397                       /usr/lib/locale/C.utf8/LC_CTYPE
7f079181f000-7f0791820000 ---p 00000000 00:00 0 
7f0791820000-7f0791920000 rw-p 00000000 00:00 0 
7f0791920000-7f0791921000 ---p 00000000 00:00 0 
7f0791921000-7f0791aa2000 rw-p 00000000 00:00 0 
7f0791aa2000-7f0791aa3000 ---p 00000000 00:00 0 
7f0791aa3000-7f0791ba3000 rw-p 00000000 00:00 0 
7f0791ba3000-7f0791ba4000 ---p 00000000 00:00 0 
7f0791ba4000-7f0792985000 rw-p 00000000 00:00 0 
7f0792985000-7f079d9a5000 ---p 00000000 00:00 0 
7f079d9a5000-7f079db41000 rw-p 00000000 00:00 0 
7f079db41000-7f079f145000 ---p 00000000 00:00 0 
7f079f145000-7f079f2c5000 rw-p 00000000 00:00 0 
7f079f2c5000-7f07a08c9000 ---p 00000000 00:00 0 
7f07a08c9000-7f07a08cd000 rw-p 00000000 00:00 0 
7f07a08cd000-7f07a0b3d000 rwxp 00000000 00:00 0 
7f07a0b3d000-7f07a7d2c000 ---p 00000000 00:00 0 
7f07a7d2c000-7f07a7f9c000 rwxp 00000000 00:00 0 
7f07a7f9c000-7f07a846d000 ---p 00000000 00:00 0 
7f07a846d000-7f07a86dd000 rwxp 00000000 00:00 0 
7f07a86dd000-7f07af8cd000 ---p 00000000 00:00 0 
7f07af8cd000-7f07b8000000 r--s 00000000 08:20 537331                     /root/.sdkman/candidates/java/21.0.2-amzn/lib/modules
7f07b8000000-7f07b8190000 rw-p 00000000 00:00 0 
7f07b8190000-7f07bc000000 ---p 00000000 00:00 0 
7f07bc00f000-7f07bd1bc000 rw-p 00000000 00:00 0 
7f07bd1bc000-7f07bd1bd000 ---p 00000000 00:00 0 
7f07bd1bd000-7f07bd2bd000 rw-p 00000000 00:00 0 
7f07bd2bd000-7f07bd2be000 ---p 00000000 00:00 0 
7f07bd2be000-7f07bd3be000 rw-p 00000000 00:00 0 
7f07bd3be000-7f07bd3bf000 ---p 00000000 00:00 0 
7f07bd3bf000-7f07be600000 rw-p 00000000 00:00 0 
7f07be600000-7f07be620000 r-xp 00000000 08:20 537301                     /root/.sdkman/candidates/java/21.0.2-amzn/lib/libjava.so
7f07be620000-7f07be81f000 ---p 00020000 08:20 537301                     /root/.sdkman/candidates/java/21.0.2-amzn/lib/libjava.so
7f07be81f000-7f07be820000 r--p 0001f000 08:20 537301                     /root/.sdkman/candidates/java/21.0.2-amzn/lib/libjava.so
7f07be820000-7f07be821000 rw-p 00020000 08:20 537301                     /root/.sdkman/candidates/java/21.0.2-amzn/lib/libjava.so
7f07be821000-7f07be822000 rw-p 00000000 00:00 0 
7f07be83f000-7f07bea00000 rw-p 00000000 00:00 0 
7f07bea00000-7f07bea1b000 r-xp 00000000 08:20 537352                     /root/.sdkman/candidates/java/21.0.2-amzn/lib/libjimage.so
7f07bea1b000-7f07bec1a000 ---p 0001b000 08:20 537352                     /root/.sdkman/candidates/java/21.0.2-amzn/lib/libjimage.so
7f07bec1a000-7f07bec1c000 r--p 0001a000 08:20 537352                     /root/.sdkman/candidates/java/21.0.2-amzn/lib/libjimage.so
7f07bec1c000-7f07bec1d000 rw-p 0001c000 08:20 537352                     /root/.sdkman/candidates/java/21.0.2-amzn/lib/libjimage.so
7f07bec27000-7f07bec2a000 r--p 00000000 08:20 9341                       /usr/lib/x86_64-linux-gnu/libgcc_s.so.1
7f07bec2a000-7f07bec41000 r-xp 00003000 08:20 9341                       /usr/lib/x86_64-linux-gnu/libgcc_s.so.1
7f07bec41000-7f07bec45000 r--p 0001a000 08:20 9341                       /usr/lib/x86_64-linux-gnu/libgcc_s.so.1
7f07bec45000-7f07bec46000 r--p 0001d000 08:20 9341                       /usr/lib/x86_64-linux-gnu/libgcc_s.so.1
7f07bec46000-7f07bec47000 rw-p 0001e000 08:20 9341                       /usr/lib/x86_64-linux-gnu/libgcc_s.so.1
7f07bec47000-7f07bec4c000 rw-p 00000000 00:00 0 
7f07bec4c000-7f07bed30000 ---p 00000000 00:00 0 
7f07bed30000-7f07bed35000 rw-p 00000000 00:00 0 
7f07bed35000-7f07bee19000 ---p 00000000 00:00 0 
7f07bee19000-7f07bee1d000 ---p 00000000 00:00 0 
7f07bee1d000-7f07bef19000 rw-p 00000000 00:00 0 
7f07bef19000-7f07bef27000 r--p 00000000 08:20 26538                      /usr/lib/x86_64-linux-gnu/libm.so.6
7f07bef27000-7f07befa3000 r-xp 0000e000 08:20 26538                      /usr/lib/x86_64-linux-gnu/libm.so.6
7f07befa3000-7f07beffe000 r--p 0008a000 08:20 26538                      /usr/lib/x86_64-linux-gnu/libm.so.6
7f07beffe000-7f07befff000 r--p 000e4000 08:20 26538                      /usr/lib/x86_64-linux-gnu/libm.so.6
7f07befff000-7f07bf000000 rw-p 000e5000 08:20 26538                      /usr/lib/x86_64-linux-gnu/libm.so.6
7f07bf000000-7f07c044f000 r-xp 00000000 08:20 537311                     /root/.sdkman/candidates/java/21.0.2-amzn/lib/server/libjvm.so
7f07c044f000-7f07c064e000 ---p 0144f000 08:20 537311                     /root/.sdkman/candidates/java/21.0.2-amzn/lib/server/libjvm.so
7f07c064e000-7f07c071f000 r--p 0144e000 08:20 537311                     /root/.sdkman/candidates/java/21.0.2-amzn/lib/server/libjvm.so
7f07c071f000-7f07c074f000 rw-p 0151f000 08:20 537311                     /root/.sdkman/candidates/java/21.0.2-amzn/lib/server/libjvm.so
7f07c074f000-7f07c07b5000 rw-p 00000000 00:00 0 
7f07c07c1000-7f07c07c4000 r--p 00000000 00:53 5348024558630140           /mnt/e/code/BA-Thesis/java/app/build/libcppjnilib.so
7f07c07c4000-7f07c07c6000 r-xp 00003000 00:53 5348024558630140           /mnt/e/code/BA-Thesis/java/app/build/libcppjnilib.so
7f07c07c6000-7f07c07c7000 r--p 00005000 00:53 5348024558630140           /mnt/e/code/BA-Thesis/java/app/build/libcppjnilib.so
7f07c07c7000-7f07c07c8000 r--p 00005000 00:53 5348024558630140           /mnt/e/code/BA-Thesis/java/app/build/libcppjnilib.so
7f07c07c8000-7f07c07c9000 rw-p 00006000 00:53 5348024558630140           /mnt/e/code/BA-Thesis/java/app/build/libcppjnilib.so
7f07c07c9000-7f07c07ca000 r--p 00000000 08:20 7406                       /usr/lib/locale/C.utf8/LC_NUMERIC
7f07c07ca000-7f07c07cb000 r--p 00000000 08:20 7409                       /usr/lib/locale/C.utf8/LC_TIME
7f07c07cb000-7f07c07cc000 r--p 00000000 08:20 7396                       /usr/lib/locale/C.utf8/LC_COLLATE
7f07c07cc000-7f07c07cd000 r--p 00000000 08:20 7403                       /usr/lib/locale/C.utf8/LC_MONETARY
7f07c07cd000-7f07c07ce000 r--p 00000000 08:20 7401                       /usr/lib/locale/C.utf8/LC_MESSAGES/SYS_LC_MESSAGES
7f07c07ce000-7f07c07cf000 r--p 00000000 08:20 7407                       /usr/lib/locale/C.utf8/LC_PAPER
7f07c07cf000-7f07c07d0000 r--p 00000000 08:20 7404                       /usr/lib/locale/C.utf8/LC_NAME
7f07c07d0000-7f07c07d7000 r--s 00000000 08:20 51605                      /usr/lib/x86_64-linux-gnu/gconv/gconv-modules.cache
7f07c07d7000-7f07c07ff000 r--p 00000000 08:20 26535                      /usr/lib/x86_64-linux-gnu/libc.so.6
7f07c07ff000-7f07c0994000 r-xp 00028000 08:20 26535                      /usr/lib/x86_64-linux-gnu/libc.so.6
7f07c0994000-7f07c09ec000 r--p 001bd000 08:20 26535                      /usr/lib/x86_64-linux-gnu/libc.so.6
7f07c09ec000-7f07c09ed000 ---p 00215000 08:20 26535                      /usr/lib/x86_64-linux-gnu/libc.so.6
7f07c09ed000-7f07c09f1000 r--p 00215000 08:20 26535                      /usr/lib/x86_64-linux-gnu/libc.so.6
7f07c09f1000-7f07c09f3000 rw-p 00219000 08:20 26535                      /usr/lib/x86_64-linux-gnu/libc.so.6
7f07c09f3000-7f07c0a00000 rw-p 00000000 00:00 0 
7f07c0a00000-7f07c0a0f000 r-xp 00000000 08:20 537304                     /root/.sdkman/candidates/java/21.0.2-amzn/lib/libjli.so
7f07c0a0f000-7f07c0c0f000 ---p 0000f000 08:20 537304                     /root/.sdkman/candidates/java/21.0.2-amzn/lib/libjli.so
7f07c0c0f000-7f07c0c10000 r--p 0000f000 08:20 537304                     /root/.sdkman/candidates/java/21.0.2-amzn/lib/libjli.so
7f07c0c10000-7f07c0c11000 rw-p 00010000 08:20 537304                     /root/.sdkman/candidates/java/21.0.2-amzn/lib/libjli.so
7f07c0c11000-7f07c0c12000 r--p 00000000 08:20 7395                       /usr/lib/locale/C.utf8/LC_ADDRESS
7f07c0c12000-7f07c0c13000 r--p 00000000 08:20 7408                       /usr/lib/locale/C.utf8/LC_TELEPHONE
7f07c0c13000-7f07c0c14000 r--p 00000000 08:20 7400                       /usr/lib/locale/C.utf8/LC_MEASUREMENT
7f07c0c14000-7f07c0c78000 rw-p 00000000 00:00 0 
7f07c0c78000-7f07c0c82000 ---p 00000000 00:00 0 
7f07c0c82000-7f07c0c83000 r--p 00000000 08:20 26549                      /usr/lib/x86_64-linux-gnu/librt.so.1
7f07c0c83000-7f07c0c84000 r-xp 00001000 08:20 26549                      /usr/lib/x86_64-linux-gnu/librt.so.1
7f07c0c84000-7f07c0c85000 r--p 00002000 08:20 26549                      /usr/lib/x86_64-linux-gnu/librt.so.1
7f07c0c85000-7f07c0c86000 r--p 00002000 08:20 26549                      /usr/lib/x86_64-linux-gnu/librt.so.1
7f07c0c86000-7f07c0c87000 rw-p 00003000 08:20 26549                      /usr/lib/x86_64-linux-gnu/librt.so.1
7f07c0c87000-7f07c0c8b000 rw-p 00000000 00:00 0 
7f07c0c8b000-7f07c0c8c000 r--p 00000000 08:20 26537                      /usr/lib/x86_64-linux-gnu/libdl.so.2
7f07c0c8c000-7f07c0c8d000 r-xp 00001000 08:20 26537                      /usr/lib/x86_64-linux-gnu/libdl.so.2
7f07c0c8d000-7f07c0c8e000 r--p 00002000 08:20 26537                      /usr/lib/x86_64-linux-gnu/libdl.so.2
7f07c0c8e000-7f07c0c8f000 r--p 00002000 08:20 26537                      /usr/lib/x86_64-linux-gnu/libdl.so.2
7f07c0c8f000-7f07c0c90000 rw-p 00003000 08:20 26537                      /usr/lib/x86_64-linux-gnu/libdl.so.2
7f07c0c90000-7f07c0c91000 r--p 00000000 08:20 26547                      /usr/lib/x86_64-linux-gnu/libpthread.so.0
7f07c0c91000-7f07c0c92000 r-xp 00001000 08:20 26547                      /usr/lib/x86_64-linux-gnu/libpthread.so.0
7f07c0c92000-7f07c0c93000 r--p 00002000 08:20 26547                      /usr/lib/x86_64-linux-gnu/libpthread.so.0
7f07c0c93000-7f07c0c94000 r--p 00002000 08:20 26547                      /usr/lib/x86_64-linux-gnu/libpthread.so.0
7f07c0c94000-7f07c0c95000 rw-p 00003000 08:20 26547                      /usr/lib/x86_64-linux-gnu/libpthread.so.0
7f07c0c95000-7f07c0c97000 r--p 00000000 08:20 6844                       /usr/lib/x86_64-linux-gnu/libz.so.1.2.11
7f07c0c97000-7f07c0ca8000 r-xp 00002000 08:20 6844                       /usr/lib/x86_64-linux-gnu/libz.so.1.2.11
7f07c0ca8000-7f07c0cae000 r--p 00013000 08:20 6844                       /usr/lib/x86_64-linux-gnu/libz.so.1.2.11
7f07c0cae000-7f07c0caf000 ---p 00019000 08:20 6844                       /usr/lib/x86_64-linux-gnu/libz.so.1.2.11
7f07c0caf000-7f07c0cb0000 r--p 00019000 08:20 6844                       /usr/lib/x86_64-linux-gnu/libz.so.1.2.11
7f07c0cb0000-7f07c0cb1000 rw-p 0001a000 08:20 6844                       /usr/lib/x86_64-linux-gnu/libz.so.1.2.11
7f07c0cb1000-7f07c0cb2000 r--p 00000000 08:20 7398                       /usr/lib/locale/C.utf8/LC_IDENTIFICATION
7f07c0cb2000-7f07c0cba000 rw-s 00000000 08:20 1213                       /tmp/hsperfdata_root/10516
7f07c0cba000-7f07c0cbb000 ---p 00000000 00:00 0 
7f07c0cbb000-7f07c0cbc000 r--p 00000000 00:00 0 
7f07c0cbc000-7f07c0cbe000 rw-p 00000000 00:00 0 
7f07c0cbe000-7f07c0cc0000 r--p 00000000 08:20 26532                      /usr/lib/x86_64-linux-gnu/ld-linux-x86-64.so.2
7f07c0cc0000-7f07c0cea000 r-xp 00002000 08:20 26532                      /usr/lib/x86_64-linux-gnu/ld-linux-x86-64.so.2
7f07c0cea000-7f07c0cf5000 r--p 0002c000 08:20 26532                      /usr/lib/x86_64-linux-gnu/ld-linux-x86-64.so.2
7f07c0cf5000-7f07c0cf6000 ---p 00000000 00:00 0 
7f07c0cf6000-7f07c0cf8000 r--p 00037000 08:20 26532                      /usr/lib/x86_64-linux-gnu/ld-linux-x86-64.so.2
7f07c0cf8000-7f07c0cfa000 rw-p 00039000 08:20 26532                      /usr/lib/x86_64-linux-gnu/ld-linux-x86-64.so.2
7fff2b17e000-7fff2b1a0000 rw-p 00000000 00:00 0                          [stack]
7fff2b1b1000-7fff2b1b5000 r--p 00000000 00:00 0                          [vvar]
7fff2b1b5000-7fff2b1b7000 r-xp 00000000 00:00 0                          [vdso]
Total number of mappings: 217


VM Arguments:
jvm_args: -Djava.library.path=. 
java_command: HelloWorld
java_class_path (initial): .
Launcher Type: SUN_STANDARD

[Global flags]
     intx CICompilerCount                          = 12                                        {product} {ergonomic}
     uint ConcGCThreads                            = 5                                         {product} {ergonomic}
     uint G1ConcRefinementThreads                  = 18                                        {product} {ergonomic}
   size_t G1HeapRegionSize                         = 8388608                                   {product} {ergonomic}
    uintx GCDrainStackTargetSize                   = 64                                        {product} {ergonomic}
   size_t InitialHeapSize                          = 796917760                                 {product} {ergonomic}
   size_t MarkStackSize                            = 4194304                                   {product} {ergonomic}
   size_t MaxHeapSize                              = 12624855040                               {product} {ergonomic}
   size_t MaxNewSize                               = 7574913024                                {product} {ergonomic}
   size_t MinHeapDeltaBytes                        = 8388608                                   {product} {ergonomic}
   size_t MinHeapSize                              = 8388608                                   {product} {ergonomic}
    uintx NonNMethodCodeHeapSize                   = 7602480                                {pd product} {ergonomic}
    uintx NonProfiledCodeHeapSize                  = 122027880                              {pd product} {ergonomic}
    uintx ProfiledCodeHeapSize                     = 122027880                              {pd product} {ergonomic}
    uintx ReservedCodeCacheSize                    = 251658240                              {pd product} {ergonomic}
     bool SegmentedCodeCache                       = true                                      {product} {ergonomic}
   size_t SoftMaxHeapSize                          = 12624855040                            {manageable} {ergonomic}
     bool UseCompressedOops                        = true                           {product lp64_product} {ergonomic}
     bool UseG1GC                                  = true                                      {product} {ergonomic}

Logging:
Log output configuration:
 #0: stdout all=warning uptime,level,tags foldmultilines=false
 #1: stderr all=off uptime,level,tags foldmultilines=false

Environment Variables:
JAVA_HOME=/root/.sdkman/candidates/java/current
PATH=/root/android-ndk/android-ndk-r26b:/root/.nix-profile/bin:/nix/var/nix/profiles/default/bin:/root/android-ndk/android-ndk-r26b/:/root/.sdkman/candidates/kotlin/current/bin:/root/.sdkman/candidates/java/current/bin:/root/.sdkman/candidates/gradle/current/bin:/usr/local/sbin:/usr/local/bin:/usr/sbin:/usr/bin:/sbin:/bin:/usr/games:/usr/local/games:/usr/lib/wsl/lib:/mnt/c/Program Files/PowerShell/7:/mnt/c/Users/Jean/fvm/versions/stable/bin/:/mnt/c/Program Files (x86)/Common Files/Intel/Shared Libraries/redist/intel64_win/compiler:/mnt/c/Program Files/Lapce/:/mnt/c/tools/python/Python311/Scripts/:/mnt/c/tools/python/Python311/:/mnt/c/Program Files (x86)/VMware/VMware Workstation/bin/:/mnt/c/Program Files/OpenSSH/:/mnt/c/Program Files (x86)/Common Files/Intel/Shared Libraries/redist/intel64/compiler:/mnt/c/Windows/system32:/mnt/c/Windows:/mnt/c/Windows/System32/Wbem:/mnt/c/Windows/System32/WindowsPowerShell/v1.0/:/mnt/c/Windows/System32/OpenSSH/:/mnt/c/Program Files/PuTTY/:/mnt/c/Program Files/WireGuard/:/mnt/c/Users/Jean/AppData/Roaming/nvm:/mnt/c/Program Files/nodejs:/mnt/c/ProgramData/chocolatey/bin:/mnt/c/Program Files/Microsoft SQL Server/150/Tools/Binn/:/mnt/c/Program Files/dotnet/:/mnt/c/Program Files/NVIDIA Corporation/NVIDIA NvDLISR:/mnt/c/Program Files/Git/cmd:/mnt/c/Program Files (x86)/NVIDIA Corporation/PhysX/Common:/mnt/c/Program Files/usbipd-win/:/mnt/c/tools/php/php-8.2.5-nts-Win32-vs16-x64:/mnt/c/tools/composer:/mnt/c/Program Files/Docker/Docker/resources/bin:/mnt/c/Program Files (x86)/Microsoft SQL Server/160/DTS/Binn/:/mnt/c/Program Files/Azure Data Studio/bin:/mnt/c/tools/CMake/bin:/mnt/c/Strawberry/c/bin:/mnt/c/Strawberry/perl/site/bin:/mnt/c/Strawberry/perl/bin:/mnt/c/Program Files/PowerShell/7/:/mnt/e/MinGW/bin:/mnt/c/Users/Jean/AppData/Local/pnpm:/mnt/c/Users/Jean/.cargo/bin:/mnt/c/Users/Jean/AppData/Local/Microsoft/WindowsApps:/mnt/c/Users/Jean/AppData/Local/Programs/Microsoft VS Code/bin:/mnt/c/tools/dart-sdk/bin:/mnt/c/Users/Jean/AppData/Roaming/Pub/Cache/bin:/mnt/c/tools/OpenJDK/jdk-17.0.6+10/bin:/mnt/c/Users/Jean/AppData/Local/Programs/oh-my-posh/bin:/mnt/c/Users/Jean/AppData/Local/Android/Sdk/platform-tools:/mnt/c/Users/Jean/fvm/default/bin:/mnt/c/Users/Jean/AppData/Roaming/Composer/vendor/bin:/mnt/c/Users/Jean/AppData/Local/Microsoft/WinGet/Links:/mnt/c/Program Files (x86)/Dr. Memory/bin/:/mnt/c/Users/Jean/.dotnet/tools:/snap/bin
SHELL=/usr/bin/fish
DISPLAY=:0
HOSTTYPE=x86_64
LANG=C.UTF-8
TERM=xterm-256color

Active Locale:
LC_ALL=C.UTF-8
LC_COLLATE=C.UTF-8
LC_CTYPE=C.UTF-8
LC_MESSAGES=C.UTF-8
LC_MONETARY=C.UTF-8
LC_NUMERIC=C.UTF-8
LC_TIME=C.UTF-8

Signal Handlers:
   SIGSEGV: crash_handler in libjvm.so, mask=11100100010111111101111111111110, flags=SA_RESTART|SA_SIGINFO, unblocked
    SIGBUS: crash_handler in libjvm.so, mask=11100100010111111101111111111110, flags=SA_RESTART|SA_SIGINFO, unblocked
    SIGFPE: crash_handler in libjvm.so, mask=11100100010111111101111111111110, flags=SA_RESTART|SA_SIGINFO, unblocked
   SIGPIPE: javaSignalHandler in libjvm.so, mask=11100100010111111101111111111110, flags=SA_RESTART|SA_SIGINFO, blocked
   SIGXFSZ: javaSignalHandler in libjvm.so, mask=11100100010111111101111111111110, flags=SA_RESTART|SA_SIGINFO, blocked
    SIGILL: crash_handler in libjvm.so, mask=11100100010111111101111111111110, flags=SA_RESTART|SA_SIGINFO, unblocked
   SIGUSR2: SR_handler in libjvm.so, mask=00000000000000000000000000000000, flags=SA_RESTART|SA_SIGINFO, blocked
    SIGHUP: UserHandler in libjvm.so, mask=11100100010111111101111111111110, flags=SA_RESTART|SA_SIGINFO, blocked
    SIGINT: UserHandler in libjvm.so, mask=11100100010111111101111111111110, flags=SA_RESTART|SA_SIGINFO, blocked
   SIGTERM: UserHandler in libjvm.so, mask=11100100010111111101111111111110, flags=SA_RESTART|SA_SIGINFO, blocked
   SIGQUIT: UserHandler in libjvm.so, mask=11100100010111111101111111111110, flags=SA_RESTART|SA_SIGINFO, blocked
   SIGTRAP: crash_handler in libjvm.so, mask=11100100010111111101111111111110, flags=SA_RESTART|SA_SIGINFO, unblocked


Periodic native trim disabled

---------------  S Y S T E M  ---------------

OS:
DISTRIB_ID=Ubuntu
DISTRIB_RELEASE=22.04
DISTRIB_CODENAME=jammy
DISTRIB_DESCRIPTION="Ubuntu 22.04.3 LTS"
uname: Linux 5.15.133.1-microsoft-standard-WSL2 #1 SMP Thu Oct 5 21:02:42 UTC 2023 x86_64
OS uptime: 0 days 21:44 hours
libc: glibc 2.35 NPTL 2.35 
rlimit (soft/hard): STACK 8192k/infinity , CORE 0k/infinity , NPROC 192524/192524 , NOFILE 1048576/1048576 , AS infinity/infinity , CPU infinity/infinity , DATA infinity/infinity , FSIZE infinity/infinity , MEMLOCK 65536k/65536k
load average: 0.11 0.05 0.01

/proc/meminfo:
MemTotal:       49292808 kB
MemFree:        47256304 kB
MemAvailable:   47991268 kB
Buffers:           39900 kB
Cached:          1141456 kB
SwapCached:            0 kB
Active:           506384 kB
Inactive:        1024192 kB
Active(anon):       2992 kB
Inactive(anon):   352324 kB
Active(file):     503392 kB
Inactive(file):   671868 kB
Unevictable:           0 kB
Mlocked:               0 kB
SwapTotal:      12582912 kB
SwapFree:       12582912 kB
Dirty:                84 kB
Writeback:             0 kB
AnonPages:        335304 kB
Mapped:           274924 kB
Shmem:              6060 kB
KReclaimable:      67828 kB
Slab:             159012 kB
SReclaimable:      67828 kB
SUnreclaim:        91184 kB
KernelStack:        7648 kB
PageTables:         7044 kB
NFS_Unstable:          0 kB
Bounce:                0 kB
WritebackTmp:          0 kB
CommitLimit:    37229316 kB
Committed_AS:    2975036 kB
VmallocTotal:   34359738367 kB
VmallocUsed:       32432 kB
VmallocChunk:          0 kB
Percpu:            13440 kB
AnonHugePages:    120832 kB
ShmemHugePages:        0 kB
ShmemPmdMapped:        0 kB
FileHugePages:         0 kB
FilePmdMapped:         0 kB
HugePages_Total:       0
HugePages_Free:        0
HugePages_Rsvd:        0
HugePages_Surp:        0
Hugepagesize:       2048 kB
Hugetlb:               0 kB
DirectMap4k:      117760 kB
DirectMap2M:     7180288 kB
DirectMap1G:    52428800 kB

/sys/kernel/mm/transparent_hugepage/enabled: [always] madvise never
/sys/kernel/mm/transparent_hugepage/defrag (defrag/compaction efforts parameter): always defer defer+madvise [madvise] never

Process Memory:
Virtual Size: 15335200K (peak: 15393860K)
Resident Set Size: 46972K (peak: 46972K) (anon: 25384K, file: 21588K, shmem: 0K)
Swapped out: 0K
C-Heap outstanding allocations: 45439K, retained: 2064K
glibc malloc tunables: (default)

/proc/sys/kernel/threads-max (system-wide limit on the number of threads): 385048
/proc/sys/vm/max_map_count (maximum number of memory map areas a process may have): 65530
/proc/sys/kernel/pid_max (system-wide limit on number of process identifiers): 4194304

container (cgroup) information:
container_type: cgroupv1
cpu_cpuset_cpus: 0-23
cpu_memory_nodes: 0
active_processor_count: 24
cpu_quota: no quota
cpu_period: 100000
cpu_shares: no shares
memory_limit_in_bytes: unlimited
memory_and_swap_limit_in_bytes: unlimited
memory_soft_limit_in_bytes: unlimited
memory_usage_in_bytes: 1516680 k
memory_max_usage_in_bytes: 1208528 k
kernel_memory_usage_in_bytes: 52488 k
kernel_memory_max_usage_in_bytes: unlimited
kernel_memory_limit_in_bytes: 57620 k
maximum number of tasks: not supported
current number of tasks: not supported

Hyper-V virtualization detected
Steal ticks since vm start: 0
Steal ticks percentage since vm start:  0.000

CPU: total 24 (initial active 24) (32 cores per cpu, 2 threads per core) family 23 model 113 stepping 0 microcode 0xffffffff, cx8, cmov, fxsr, ht, mmx, 3dnowpref, sse, sse2, sse3, ssse3, sse4a, sse4.1, sse4.2, popcnt, lzcnt, tsc, tscinvbit, avx, avx2, aes, clmul, bmi1, bmi2, adx, sha, fma, vzeroupper, clflush, clflushopt, hv, rdtscp, rdpid, f16c
CPU Model and flags from /proc/cpuinfo:
model name	: AMD Ryzen 9 3900X 12-Core Processor
flags		: fpu vme de pse tsc msr pae mce cx8 apic sep mtrr pge mca cmov pat pse36 clflush mmx fxsr sse sse2 ht syscall nx mmxext fxsr_opt pdpe1gb rdtscp lm constant_tsc rep_good nopl tsc_reliable nonstop_tsc cpuid extd_apicid pni pclmulqdq ssse3 fma cx16 sse4_1 sse4_2 movbe popcnt aes xsave avx f16c rdrand hypervisor lahf_lm cmp_legacy svm cr8_legacy abm sse4a misalignsse 3dnowprefetch osvw topoext perfctr_core ssbd ibpb stibp vmmcall fsgsbase bmi1 avx2 smep bmi2 rdseed adx smap clflushopt clwb sha_ni xsaveopt xsavec xgetbv1 clzero xsaveerptr arat npt nrip_save tsc_scale vmcb_clean flushbyasid decodeassists pausefilter pfthreshold v_vmsave_vmload umip rdpid

Online cpus: 0-23
Offline cpus: 
BIOS frequency limitation: <Not Available>
Frequency switch latency (ns): <Not Available>
Available cpu frequencies: <Not Available>
Current governor: <Not Available>
Core performance/turbo boost: <Not Available>

Memory: 4k page, physical 49292808k(47991268k free), swap 12582912k(12582912k free)
Page Sizes: 4k

vm_info: OpenJDK 64-Bit Server VM (21.0.2+13-LTS) for linux-amd64 JRE (21.0.2+13-LTS), built on 2024-01-10T23:18:41Z by "jenkins" with gcc 7.3.1 20180303 (Red Hat 7.3.1-5)

END.
