#
# A fatal error has been detected by the Java Runtime Environment:
#
#  SIGSEGV (0xb) at pc=0x00007fd4125663c0, pid=8811, tid=8812
#
# JRE version: OpenJDK Runtime Environment Corretto-21.0.2.13.1 (21.0.2+13) (build 21.0.2+13-LTS)
# Java VM: OpenJDK 64-Bit Server VM Corretto-21.0.2.13.1 (21.0.2+13-LTS, mixed mode, sharing, tiered, compressed oops, compressed class ptrs, g1 gc, linux-amd64)
# Problematic frame:
# V  [libjvm.so+0xb663c0]
#
# No core dump will be written. Core dumps have been disabled. To enable core dumping, try "ulimit -c unlimited" before starting Java again
#
# If you would like to submit a bug report, please visit:
#   https://github.com/corretto/corretto-21/issues/
#

---------------  S U M M A R Y ------------

Command Line: -Djava.library.path=. HelloWorld

Host: AMD Ryzen 9 3900X 12-Core Processor, 24 cores, 47G, Ubuntu 22.04.3 LTS
Time: Fri Mar  1 09:34:12 2024 CET elapsed time: 0.046098 seconds (0d 0h 0m 0s)

---------------  T H R E A D  ---------------

Current thread (0x00007fd40c028480):  JavaThread "main"             [_thread_in_vm, id=8812, stack(0x00007fd411819000,0x00007fd411919000) (1024K)]

Stack: [0x00007fd411819000,0x00007fd411919000],  sp=0x00007fd4119176e8,  free space=1017k
Native frames: (J=compiled Java code, j=interpreted, Vv=VM code, C=native code)
V  [libjvm.so+0xb663c0]
C  [libcppjnilib.so+0x39a8]  JNIEnv_::SetIntArrayRegion(_jintArray*, int, int, int const*)+0x38
C  [libcppjnilib.so+0x2bec]  ExtIntMatrix::toJObjectArray(JNIEnv_*)+0x9c
C  [libcppjnilib.so+0x2682]  Java_HelloWorld_matrixMultiplication+0x62
j  HelloWorld.matrixMultiplication([[I[[I)[[I+0
j  HelloWorld.main([Ljava/lang/String;)V+153
v  ~StubRoutines::call_stub 0x00007fd3fbd2ccc6
V  [libjvm.so+0x909a24]  JavaCalls::call_helper(JavaValue*, methodHandle const&, JavaCallArguments*, JavaThread*)+0x2f4
V  [libjvm.so+0x9b5e1f]  jni_invoke_static(JNIEnv_*, JavaValue*, _jobject*, JNICallType, _jmethodID*, JNI_ArgumentPusher*, JavaThread*) [clone .isra.156] [clone .constprop.261]+0x15f
V  [libjvm.so+0x9b803f]  jni_CallStaticVoidMethod+0x14f
C  [libjli.so+0x57b7]  JavaMain+0xfb7
C  [libjli.so+0x8719]  ThreadJavaMain+0x9
Java frames: (J=compiled Java code, j=interpreted, Vv=VM code)
j  HelloWorld.matrixMultiplication([[I[[I)[[I+0
j  HelloWorld.main([Ljava/lang/String;)V+153
v  ~StubRoutines::call_stub 0x00007fd3fbd2ccc6

siginfo: si_signo: 11 (SIGSEGV), si_code: 2 (SEGV_ACCERR), si_addr: 0x00007fd3f157b6f7

Registers:
RAX=0x00007fd3f157b6f7, RBX=0x00007fd40c028480, RCX=0x000000053e813500, RDX=0xffffffffffffffff
RSP=0x00007fd4119176e8, RBP=0x00007fd411917750, RSI=0x000000053e813500, RDI=0x00007fd3f157b6f7
R8 =0x0000000000000003, R9 =0x00007fd40c134f90, R10=0x00007fd4131ca900, R11=0x00007fd4131cd970
R12=0x00007fd40c028838, R13=0x0000000000000003, R14=0x0000000000000010, R15=0x0000000000000000
RIP=0x00007fd4125663c0, EFLAGS=0x0000000000010297, CSGSFS=0x002b000000000033, ERR=0x0000000000000004
  TRAPNO=0x000000000000000e


Register to memory mapping:

RAX=0x00007fd3f157b6f7 is an unknown value
RBX=0x00007fd40c028480 is a thread
RCX=
[error occurred during error reporting (printing register info), id 0xb, SIGSEGV (0xb) at pc=0x00007fd4121db466]
RDX=0xffffffffffffffff is an unknown value
RSP=0x00007fd4119176e8 is pointing into the stack for thread: 0x00007fd40c028480
RBP=0x00007fd411917750 is pointing into the stack for thread: 0x00007fd40c028480
RSI=
[error occurred during error reporting (printing register info, attempt 2), id 0xb, SIGSEGV (0xb) at pc=0x00007fd4121db466]
RDI=0x00007fd3f157b6f7 is an unknown value
R8 =0x0000000000000003 is an unknown value
R9 =0x00007fd40c134f90 points into unknown readable memory: 0x0000000000000000 | 00 00 00 00 00 00 00 00
R10=0x00007fd4131ca900: <offset 0x0000000000000900> in /mnt/e/code/BA-Thesis/java/app/build/libcppjnilib.so at 0x00007fd4131ca000
R11=0x00007fd4131cd970: _ZN7JNIEnv_17SetIntArrayRegionEP10_jintArrayiiPKi+0x0000000000000000 in /mnt/e/code/BA-Thesis/java/app/build/libcppjnilib.so at 0x00007fd4131ca000
R12=0x00007fd40c028838 points into unknown readable memory: 0x00007fd413126160 | 60 61 12 13 d4 7f 00 00
R13=0x0000000000000003 is an unknown value
R14=0x0000000000000010 is an unknown value
R15=0x0 is null

Top of Stack: (sp=0x00007fd4119176e8)
0x00007fd4119176e8:   00007fd4123be482 00007fd3f157b6f7
0x00007fd4119176f8:   000000053e8134f0 00007fd40c028480
0x00007fd411917708:   0000000000000000 00007fd411917760
0x00007fd411917718:   00007fd4123a86fe 00007fd40c028480
0x00007fd411917728:   00007fd3834005d0 0000000000000000
0x00007fd411917738:   00007fd3834005d0 00007fd4119178f8
0x00007fd411917748:   00007fd40c028480 00007fd411917780
0x00007fd411917758:   00007fd4131cd9a8 00007fd3f157b6f7
0x00007fd411917768:   0000000000000003 00007fd40c134fd0
0x00007fd411917778:   00007fd40c028838 00007fd4119177d0
0x00007fd411917788:   00007fd4131ccbec 00007fd4119177f0
0x00007fd411917798:   00007fd40c028838 000000030c134fb8
0x00007fd4119177a8:   00007fd40c134fd0 0000000000000003
0x00007fd4119177b8:   00007fd40c134fc8 00007fd40c028838
0x00007fd4119177c8:   00007fd4119177f0 00007fd411917850
0x00007fd4119177d8:   00007fd4131cc682 00007fd411917810
0x00007fd4119177e8:   00007fd40c0015b0 00007fd40c1776c0
0x00007fd4119177f8:   0000000300000003 00007fd411917840
0x00007fd411917808:   00007fd4122ff884 00007fd40c1776a0
0x00007fd411917818:   0000000300000003 00007fd40c1772c0
0x00007fd411917828:   0000000300000003 00007fd4119178e8
0x00007fd411917838:   00007fd4119178f0 00007fd4119178f8
0x00007fd411917848:   00007fd40c028838 00007fd4119178c8
0x00007fd411917858:   00007fd3fbd38980 00007fd4119178c8
0x00007fd411917868:   00007fd3fbd38657 0000000000000000
0x00007fd411917878:   00007fd3fbd3861f 00007fd411917880
0x00007fd411917888:   00007fd3834005d0 0000000000000006
0x00007fd411917898:   00007fd383400998 0000000000000000
0x00007fd4119178a8:   000000053e812108 00007fd3834005d0
0x00007fd4119178b8:   0000000000000000 00007fd4119178e8
0x00007fd4119178c8:   00007fd411917948 00007fd3fbd342d8
0x00007fd4119178d8:   0000000000000000 00007fd3fbd35f9a 

Instructions: (pc=0x00007fd4125663c0)
0x00007fd4125662c0:   08 89 71 08 48 83 c1 04 49 f7 c0 01 00 00 00 74
0x00007fd4125662d0:   0a 66 42 8b 74 47 fe 66 89 71 08 c3 0f 1f 40 00
0x00007fd4125662e0:   48 8b 74 d0 e8 48 89 74 d1 e8 48 8b 74 d0 f0 48
0x00007fd4125662f0:   89 74 d1 f0 48 8b 74 d0 f8 48 89 74 d1 f8 48 8b
0x00007fd412566300:   34 d0 48 89 34 d1 48 83 c2 04 7e d4 48 83 ea 04
0x00007fd412566310:   7c 93 eb a1 49 f7 c0 01 00 00 00 74 0c 66 42 8b
0x00007fd412566320:   4c 47 fe 66 42 89 4c 46 fe 49 f7 c0 02 00 00 00
0x00007fd412566330:   74 44 8b 0c d7 89 0c d6 eb 3c 48 8b 4c d7 f8 48
0x00007fd412566340:   89 4c d6 f8 48 83 ea 01 75 f0 c3 0f 1f 44 00 00
0x00007fd412566350:   48 8b 4c d7 18 48 89 4c d6 18 48 8b 4c d7 10 48
0x00007fd412566360:   89 4c d6 10 48 8b 4c d7 08 48 89 4c d6 08 48 8b
0x00007fd412566370:   0c d7 48 89 0c d6 48 83 ea 04 7d d4 48 83 c2 04
0x00007fd412566380:   7f b8 c3 0f 1f 00 66 2e 0f 1f 84 00 00 00 00 00
0x00007fd412566390:   49 89 d0 48 d1 ea 48 39 fe 4a 8d 44 87 fc 76 05
0x00007fd4125663a0:   48 39 c6 76 6f 48 8d 44 d7 f8 48 8d 4c d6 f8 48
0x00007fd4125663b0:   f7 da eb 52 66 90 66 2e 0f 1f 84 00 00 00 00 00
0x00007fd4125663c0:   48 8b 74 d0 08 48 89 74 d1 08 48 83 c2 01 75 f0
0x00007fd4125663d0:   49 f7 c0 01 00 00 00 74 06 8b 70 08 89 71 08 c3
0x00007fd4125663e0:   48 8b 74 d0 e8 48 89 74 d1 e8 48 8b 74 d0 f0 48
0x00007fd4125663f0:   89 74 d1 f0 48 8b 74 d0 f8 48 89 74 d1 f8 48 8b
0x00007fd412566400:   34 d0 48 89 34 d1 48 83 c2 04 7e d4 48 83 ea 04
0x00007fd412566410:   7c ae eb bc 49 f7 c0 01 00 00 00 74 49 42 8b 4c
0x00007fd412566420:   87 fc 42 89 4c 86 fc eb 3d 48 8b 4c d7 f8 48 89
0x00007fd412566430:   4c d6 f8 48 83 ea 01 75 f0 c3 66 0f 1f 44 00 00
0x00007fd412566440:   48 8b 4c d7 18 48 89 4c d6 18 48 8b 4c d7 10 48
0x00007fd412566450:   89 4c d6 10 48 8b 4c d7 08 48 89 4c d6 08 48 8b
0x00007fd412566460:   0c d7 48 89 0c d6 48 83 ea 04 7d d4 48 83 c2 04
0x00007fd412566470:   7f b7 c3 0f 1f 00 66 2e 0f 1f 84 00 00 00 00 00
0x00007fd412566480:   48 39 fe 48 8d 44 d7 f8 76 09 48 39 c6 0f 86 93
0x00007fd412566490:   00 00 00 48 8d 4c d6 f8 48 f7 da eb 39 48 8b 74
0x00007fd4125664a0:   d0 08 48 89 74 d1 08 48 83 c2 01 75 f0 c3 66 90
0x00007fd4125664b0:   48 8b 74 d0 e8 48 89 74 d1 e8 48 8b 74 d0 f0 48 


Stack slot to memory mapping:

stack at sp + 0 slots: 0x00007fd4123be482: <offset 0x00000000009be482> in /root/.sdkman/candidates/java/21.0.2-amzn/lib/server/libjvm.so at 0x00007fd411a00000
stack at sp + 1 slots: 0x00007fd3f157b6f7 is an unknown value
stack at sp + 2 slots: 0x000000053e8134f0 is an oop: [I 
{0x000000053e8134f0} - klass: {type array int}
 - length: 3
stack at sp + 3 slots: 0x00007fd40c028480 is a thread
stack at sp + 4 slots: 0x0 is null
stack at sp + 5 slots: 0x00007fd411917760 is pointing into the stack for thread: 0x00007fd40c028480
stack at sp + 6 slots: 0x00007fd4123a86fe: <offset 0x00000000009a86fe> in /root/.sdkman/candidates/java/21.0.2-amzn/lib/server/libjvm.so at 0x00007fd411a00000
stack at sp + 7 slots: 0x00007fd40c028480 is a thread


---------------  P R O C E S S  ---------------

Threads class SMR info:
_java_thread_list=0x00007fd40c15f060, length=10, elements={
0x00007fd40c028480, 0x00007fd40c143680, 0x00007fd40c144df0, 0x00007fd40c1468d0,
0x00007fd40c147f10, 0x00007fd40c1494b0, 0x00007fd40c14b070, 0x00007fd40c14c730,
0x00007fd40c15a940, 0x00007fd40c15df20
}

Java Threads: ( => current thread )
=>0x00007fd40c028480 JavaThread "main"                              [_thread_in_vm, id=8812, stack(0x00007fd411819000,0x00007fd411919000) (1024K)]
  0x00007fd40c143680 JavaThread "Reference Handler"          daemon [_thread_blocked, id=8820, stack(0x00007fd3e4057000,0x00007fd3e4157000) (1024K)]
  0x00007fd40c144df0 JavaThread "Finalizer"                  daemon [_thread_blocked, id=8821, stack(0x00007fd3d5f00000,0x00007fd3d6000000) (1024K)]
  0x00007fd40c1468d0 JavaThread "Signal Dispatcher"          daemon [_thread_blocked, id=8822, stack(0x00007fd3d5dff000,0x00007fd3d5eff000) (1024K)]
  0x00007fd40c147f10 JavaThread "Service Thread"             daemon [_thread_blocked, id=8823, stack(0x00007fd3d5cfe000,0x00007fd3d5dfe000) (1024K)]
  0x00007fd40c1494b0 JavaThread "Monitor Deflation Thread"   daemon [_thread_blocked, id=8824, stack(0x00007fd3d5bfd000,0x00007fd3d5cfd000) (1024K)]
  0x00007fd40c14b070 JavaThread "C2 CompilerThread0"         daemon [_thread_blocked, id=8825, stack(0x00007fd3d5afc000,0x00007fd3d5bfc000) (1024K)]
  0x00007fd40c14c730 JavaThread "C1 CompilerThread0"         daemon [_thread_blocked, id=8826, stack(0x00007fd3d59fb000,0x00007fd3d5afb000) (1024K)]
  0x00007fd40c15a940 JavaThread "Notification Thread"        daemon [_thread_blocked, id=8827, stack(0x00007fd3d58fa000,0x00007fd3d59fa000) (1024K)]
  0x00007fd40c15df20 JavaThread "Common-Cleaner"             daemon [_thread_blocked, id=8828, stack(0x00007fd3d5500000,0x00007fd3d5600000) (1024K)]
Total: 10

Other Threads:
  0x00007fd40c133a70 VMThread "VM Thread"                           [id=8819, stack(0x00007fd3e41af000,0x00007fd3e42af000) (1024K)]
  0x00007fd40c118bb0 WatcherThread "VM Periodic Task Thread"        [id=8818, stack(0x00007fd3e42b0000,0x00007fd3e43b0000) (1024K)]
  0x00007fd40c053090 WorkerThread "GC Thread#0"                     [id=8813, stack(0x00007fd3e5aa3000,0x00007fd3e5ba3000) (1024K)]
  0x00007fd40c060300 ConcurrentGCThread "G1 Main Marker"            [id=8814, stack(0x00007fd3e59a2000,0x00007fd3e5aa2000) (1024K)]
  0x00007fd40c0612d0 WorkerThread "G1 Conc#0"                       [id=8815, stack(0x00007fd3e58a1000,0x00007fd3e59a1000) (1024K)]
  0x00007fd40c0feb20 ConcurrentGCThread "G1 Refine#0"               [id=8816, stack(0x00007fd3e458e000,0x00007fd3e468e000) (1024K)]
  0x00007fd40c0ffad0 ConcurrentGCThread "G1 Service"                [id=8817, stack(0x00007fd3e448d000,0x00007fd3e458d000) (1024K)]
Total: 7

Threads with active compile tasks:
Total: 0

VM state: not at safepoint (normal execution)

VM Mutex/Monitor currently owned by a thread: None

Heap address: 0x000000050f800000, size: 12040 MB, Compressed Oops mode: Zero based, Oop shift amount: 3

CDS archive(s) mapped at: [0x00007fd387000000-0x00007fd387ca6000-0x00007fd387ca6000), size 13262848, SharedBaseAddress: 0x00007fd387000000, ArchiveRelocationMode: 1.
Compressed class space mapped at: 0x00007fd388000000-0x00007fd3c8000000, reserved size: 1073741824
Narrow klass base: 0x00007fd387000000, Narrow klass shift: 0, Narrow klass range: 0x100000000

GC Precious Log:
 CardTable entry size: 512
 Card Set container configuration: InlinePtr #cards 4 size 8 Array Of Cards #cards 64 size 144 Howl #buckets 8 coarsen threshold 14745 Howl Bitmap #cards 2048 size 272 coarsen threshold 1843 Card regions per heap region 1 cards per card region 16384
 CPUs: 24 total, 24 available
 Memory: 48137M
 Large Page Support: Disabled
 NUMA Support: Disabled
 Compressed Oops: Enabled (Zero based)
 Heap Region Size: 8M
 Heap Min Capacity: 8M
 Heap Initial Capacity: 760M
 Heap Max Capacity: 12040M
 Pre-touch: Disabled
 Parallel Workers: 18
 Concurrent Workers: 5
 Concurrent Refinement Workers: 18
 Periodic GC: Disabled

Heap:
 garbage-first heap   total 786432K, used 1053K [0x000000050f800000, 0x0000000800000000)
  region size 8192K, 1 young (8192K), 0 survivors (0K)
 Metaspace       used 82K, committed 320K, reserved 1114112K
  class space    used 3K, committed 128K, reserved 1048576K

Heap Regions: E=young(eden), S=young(survivor), O=old, HS=humongous(starts), HC=humongous(continues), CS=collection set, F=free, TAMS=top-at-mark-start, PB=parsable bottom
|   0|0x000000050f800000, 0x000000050f800000, 0x0000000510000000|  0%| F|  |TAMS 0x000000050f800000| PB 0x000000050f800000| Untracked 
|   1|0x0000000510000000, 0x0000000510000000, 0x0000000510800000|  0%| F|  |TAMS 0x0000000510000000| PB 0x0000000510000000| Untracked 
|   2|0x0000000510800000, 0x0000000510800000, 0x0000000511000000|  0%| F|  |TAMS 0x0000000510800000| PB 0x0000000510800000| Untracked 
|   3|0x0000000511000000, 0x0000000511000000, 0x0000000511800000|  0%| F|  |TAMS 0x0000000511000000| PB 0x0000000511000000| Untracked 
|   4|0x0000000511800000, 0x0000000511800000, 0x0000000512000000|  0%| F|  |TAMS 0x0000000511800000| PB 0x0000000511800000| Untracked 
|   5|0x0000000512000000, 0x0000000512000000, 0x0000000512800000|  0%| F|  |TAMS 0x0000000512000000| PB 0x0000000512000000| Untracked 
|   6|0x0000000512800000, 0x0000000512800000, 0x0000000513000000|  0%| F|  |TAMS 0x0000000512800000| PB 0x0000000512800000| Untracked 
|   7|0x0000000513000000, 0x0000000513000000, 0x0000000513800000|  0%| F|  |TAMS 0x0000000513000000| PB 0x0000000513000000| Untracked 
|   8|0x0000000513800000, 0x0000000513800000, 0x0000000514000000|  0%| F|  |TAMS 0x0000000513800000| PB 0x0000000513800000| Untracked 
|   9|0x0000000514000000, 0x0000000514000000, 0x0000000514800000|  0%| F|  |TAMS 0x0000000514000000| PB 0x0000000514000000| Untracked 
|  10|0x0000000514800000, 0x0000000514800000, 0x0000000515000000|  0%| F|  |TAMS 0x0000000514800000| PB 0x0000000514800000| Untracked 
|  11|0x0000000515000000, 0x0000000515000000, 0x0000000515800000|  0%| F|  |TAMS 0x0000000515000000| PB 0x0000000515000000| Untracked 
|  12|0x0000000515800000, 0x0000000515800000, 0x0000000516000000|  0%| F|  |TAMS 0x0000000515800000| PB 0x0000000515800000| Untracked 
|  13|0x0000000516000000, 0x0000000516000000, 0x0000000516800000|  0%| F|  |TAMS 0x0000000516000000| PB 0x0000000516000000| Untracked 
|  14|0x0000000516800000, 0x0000000516800000, 0x0000000517000000|  0%| F|  |TAMS 0x0000000516800000| PB 0x0000000516800000| Untracked 
|  15|0x0000000517000000, 0x0000000517000000, 0x0000000517800000|  0%| F|  |TAMS 0x0000000517000000| PB 0x0000000517000000| Untracked 
|  16|0x0000000517800000, 0x0000000517800000, 0x0000000518000000|  0%| F|  |TAMS 0x0000000517800000| PB 0x0000000517800000| Untracked 
|  17|0x0000000518000000, 0x0000000518000000, 0x0000000518800000|  0%| F|  |TAMS 0x0000000518000000| PB 0x0000000518000000| Untracked 
|  18|0x0000000518800000, 0x0000000518800000, 0x0000000519000000|  0%| F|  |TAMS 0x0000000518800000| PB 0x0000000518800000| Untracked 
|  19|0x0000000519000000, 0x0000000519000000, 0x0000000519800000|  0%| F|  |TAMS 0x0000000519000000| PB 0x0000000519000000| Untracked 
|  20|0x0000000519800000, 0x0000000519800000, 0x000000051a000000|  0%| F|  |TAMS 0x0000000519800000| PB 0x0000000519800000| Untracked 
|  21|0x000000051a000000, 0x000000051a000000, 0x000000051a800000|  0%| F|  |TAMS 0x000000051a000000| PB 0x000000051a000000| Untracked 
|  22|0x000000051a800000, 0x000000051a800000, 0x000000051b000000|  0%| F|  |TAMS 0x000000051a800000| PB 0x000000051a800000| Untracked 
|  23|0x000000051b000000, 0x000000051b000000, 0x000000051b800000|  0%| F|  |TAMS 0x000000051b000000| PB 0x000000051b000000| Untracked 
|  24|0x000000051b800000, 0x000000051b800000, 0x000000051c000000|  0%| F|  |TAMS 0x000000051b800000| PB 0x000000051b800000| Untracked 
|  25|0x000000051c000000, 0x000000051c000000, 0x000000051c800000|  0%| F|  |TAMS 0x000000051c000000| PB 0x000000051c000000| Untracked 
|  26|0x000000051c800000, 0x000000051c800000, 0x000000051d000000|  0%| F|  |TAMS 0x000000051c800000| PB 0x000000051c800000| Untracked 
|  27|0x000000051d000000, 0x000000051d000000, 0x000000051d800000|  0%| F|  |TAMS 0x000000051d000000| PB 0x000000051d000000| Untracked 
|  28|0x000000051d800000, 0x000000051d800000, 0x000000051e000000|  0%| F|  |TAMS 0x000000051d800000| PB 0x000000051d800000| Untracked 
|  29|0x000000051e000000, 0x000000051e000000, 0x000000051e800000|  0%| F|  |TAMS 0x000000051e000000| PB 0x000000051e000000| Untracked 
|  30|0x000000051e800000, 0x000000051e800000, 0x000000051f000000|  0%| F|  |TAMS 0x000000051e800000| PB 0x000000051e800000| Untracked 
|  31|0x000000051f000000, 0x000000051f000000, 0x000000051f800000|  0%| F|  |TAMS 0x000000051f000000| PB 0x000000051f000000| Untracked 
|  32|0x000000051f800000, 0x000000051f800000, 0x0000000520000000|  0%| F|  |TAMS 0x000000051f800000| PB 0x000000051f800000| Untracked 
|  33|0x0000000520000000, 0x0000000520000000, 0x0000000520800000|  0%| F|  |TAMS 0x0000000520000000| PB 0x0000000520000000| Untracked 
|  34|0x0000000520800000, 0x0000000520800000, 0x0000000521000000|  0%| F|  |TAMS 0x0000000520800000| PB 0x0000000520800000| Untracked 
|  35|0x0000000521000000, 0x0000000521000000, 0x0000000521800000|  0%| F|  |TAMS 0x0000000521000000| PB 0x0000000521000000| Untracked 
|  36|0x0000000521800000, 0x0000000521800000, 0x0000000522000000|  0%| F|  |TAMS 0x0000000521800000| PB 0x0000000521800000| Untracked 
|  37|0x0000000522000000, 0x0000000522000000, 0x0000000522800000|  0%| F|  |TAMS 0x0000000522000000| PB 0x0000000522000000| Untracked 
|  38|0x0000000522800000, 0x0000000522800000, 0x0000000523000000|  0%| F|  |TAMS 0x0000000522800000| PB 0x0000000522800000| Untracked 
|  39|0x0000000523000000, 0x0000000523000000, 0x0000000523800000|  0%| F|  |TAMS 0x0000000523000000| PB 0x0000000523000000| Untracked 
|  40|0x0000000523800000, 0x0000000523800000, 0x0000000524000000|  0%| F|  |TAMS 0x0000000523800000| PB 0x0000000523800000| Untracked 
|  41|0x0000000524000000, 0x0000000524000000, 0x0000000524800000|  0%| F|  |TAMS 0x0000000524000000| PB 0x0000000524000000| Untracked 
|  42|0x0000000524800000, 0x0000000524800000, 0x0000000525000000|  0%| F|  |TAMS 0x0000000524800000| PB 0x0000000524800000| Untracked 
|  43|0x0000000525000000, 0x0000000525000000, 0x0000000525800000|  0%| F|  |TAMS 0x0000000525000000| PB 0x0000000525000000| Untracked 
|  44|0x0000000525800000, 0x0000000525800000, 0x0000000526000000|  0%| F|  |TAMS 0x0000000525800000| PB 0x0000000525800000| Untracked 
|  45|0x0000000526000000, 0x0000000526000000, 0x0000000526800000|  0%| F|  |TAMS 0x0000000526000000| PB 0x0000000526000000| Untracked 
|  46|0x0000000526800000, 0x0000000526800000, 0x0000000527000000|  0%| F|  |TAMS 0x0000000526800000| PB 0x0000000526800000| Untracked 
|  47|0x0000000527000000, 0x0000000527000000, 0x0000000527800000|  0%| F|  |TAMS 0x0000000527000000| PB 0x0000000527000000| Untracked 
|  48|0x0000000527800000, 0x0000000527800000, 0x0000000528000000|  0%| F|  |TAMS 0x0000000527800000| PB 0x0000000527800000| Untracked 
|  49|0x0000000528000000, 0x0000000528000000, 0x0000000528800000|  0%| F|  |TAMS 0x0000000528000000| PB 0x0000000528000000| Untracked 
|  50|0x0000000528800000, 0x0000000528800000, 0x0000000529000000|  0%| F|  |TAMS 0x0000000528800000| PB 0x0000000528800000| Untracked 
|  51|0x0000000529000000, 0x0000000529000000, 0x0000000529800000|  0%| F|  |TAMS 0x0000000529000000| PB 0x0000000529000000| Untracked 
|  52|0x0000000529800000, 0x0000000529800000, 0x000000052a000000|  0%| F|  |TAMS 0x0000000529800000| PB 0x0000000529800000| Untracked 
|  53|0x000000052a000000, 0x000000052a000000, 0x000000052a800000|  0%| F|  |TAMS 0x000000052a000000| PB 0x000000052a000000| Untracked 
|  54|0x000000052a800000, 0x000000052a800000, 0x000000052b000000|  0%| F|  |TAMS 0x000000052a800000| PB 0x000000052a800000| Untracked 
|  55|0x000000052b000000, 0x000000052b000000, 0x000000052b800000|  0%| F|  |TAMS 0x000000052b000000| PB 0x000000052b000000| Untracked 
|  56|0x000000052b800000, 0x000000052b800000, 0x000000052c000000|  0%| F|  |TAMS 0x000000052b800000| PB 0x000000052b800000| Untracked 
|  57|0x000000052c000000, 0x000000052c000000, 0x000000052c800000|  0%| F|  |TAMS 0x000000052c000000| PB 0x000000052c000000| Untracked 
|  58|0x000000052c800000, 0x000000052c800000, 0x000000052d000000|  0%| F|  |TAMS 0x000000052c800000| PB 0x000000052c800000| Untracked 
|  59|0x000000052d000000, 0x000000052d000000, 0x000000052d800000|  0%| F|  |TAMS 0x000000052d000000| PB 0x000000052d000000| Untracked 
|  60|0x000000052d800000, 0x000000052d800000, 0x000000052e000000|  0%| F|  |TAMS 0x000000052d800000| PB 0x000000052d800000| Untracked 
|  61|0x000000052e000000, 0x000000052e000000, 0x000000052e800000|  0%| F|  |TAMS 0x000000052e000000| PB 0x000000052e000000| Untracked 
|  62|0x000000052e800000, 0x000000052e800000, 0x000000052f000000|  0%| F|  |TAMS 0x000000052e800000| PB 0x000000052e800000| Untracked 
|  63|0x000000052f000000, 0x000000052f000000, 0x000000052f800000|  0%| F|  |TAMS 0x000000052f000000| PB 0x000000052f000000| Untracked 
|  64|0x000000052f800000, 0x000000052f800000, 0x0000000530000000|  0%| F|  |TAMS 0x000000052f800000| PB 0x000000052f800000| Untracked 
|  65|0x0000000530000000, 0x0000000530000000, 0x0000000530800000|  0%| F|  |TAMS 0x0000000530000000| PB 0x0000000530000000| Untracked 
|  66|0x0000000530800000, 0x0000000530800000, 0x0000000531000000|  0%| F|  |TAMS 0x0000000530800000| PB 0x0000000530800000| Untracked 
|  67|0x0000000531000000, 0x0000000531000000, 0x0000000531800000|  0%| F|  |TAMS 0x0000000531000000| PB 0x0000000531000000| Untracked 
|  68|0x0000000531800000, 0x0000000531800000, 0x0000000532000000|  0%| F|  |TAMS 0x0000000531800000| PB 0x0000000531800000| Untracked 
|  69|0x0000000532000000, 0x0000000532000000, 0x0000000532800000|  0%| F|  |TAMS 0x0000000532000000| PB 0x0000000532000000| Untracked 
|  70|0x0000000532800000, 0x0000000532800000, 0x0000000533000000|  0%| F|  |TAMS 0x0000000532800000| PB 0x0000000532800000| Untracked 
|  71|0x0000000533000000, 0x0000000533000000, 0x0000000533800000|  0%| F|  |TAMS 0x0000000533000000| PB 0x0000000533000000| Untracked 
|  72|0x0000000533800000, 0x0000000533800000, 0x0000000534000000|  0%| F|  |TAMS 0x0000000533800000| PB 0x0000000533800000| Untracked 
|  73|0x0000000534000000, 0x0000000534000000, 0x0000000534800000|  0%| F|  |TAMS 0x0000000534000000| PB 0x0000000534000000| Untracked 
|  74|0x0000000534800000, 0x0000000534800000, 0x0000000535000000|  0%| F|  |TAMS 0x0000000534800000| PB 0x0000000534800000| Untracked 
|  75|0x0000000535000000, 0x0000000535000000, 0x0000000535800000|  0%| F|  |TAMS 0x0000000535000000| PB 0x0000000535000000| Untracked 
|  76|0x0000000535800000, 0x0000000535800000, 0x0000000536000000|  0%| F|  |TAMS 0x0000000535800000| PB 0x0000000535800000| Untracked 
|  77|0x0000000536000000, 0x0000000536000000, 0x0000000536800000|  0%| F|  |TAMS 0x0000000536000000| PB 0x0000000536000000| Untracked 
|  78|0x0000000536800000, 0x0000000536800000, 0x0000000537000000|  0%| F|  |TAMS 0x0000000536800000| PB 0x0000000536800000| Untracked 
|  79|0x0000000537000000, 0x0000000537000000, 0x0000000537800000|  0%| F|  |TAMS 0x0000000537000000| PB 0x0000000537000000| Untracked 
|  80|0x0000000537800000, 0x0000000537800000, 0x0000000538000000|  0%| F|  |TAMS 0x0000000537800000| PB 0x0000000537800000| Untracked 
|  81|0x0000000538000000, 0x0000000538000000, 0x0000000538800000|  0%| F|  |TAMS 0x0000000538000000| PB 0x0000000538000000| Untracked 
|  82|0x0000000538800000, 0x0000000538800000, 0x0000000539000000|  0%| F|  |TAMS 0x0000000538800000| PB 0x0000000538800000| Untracked 
|  83|0x0000000539000000, 0x0000000539000000, 0x0000000539800000|  0%| F|  |TAMS 0x0000000539000000| PB 0x0000000539000000| Untracked 
|  84|0x0000000539800000, 0x0000000539800000, 0x000000053a000000|  0%| F|  |TAMS 0x0000000539800000| PB 0x0000000539800000| Untracked 
|  85|0x000000053a000000, 0x000000053a000000, 0x000000053a800000|  0%| F|  |TAMS 0x000000053a000000| PB 0x000000053a000000| Untracked 
|  86|0x000000053a800000, 0x000000053a800000, 0x000000053b000000|  0%| F|  |TAMS 0x000000053a800000| PB 0x000000053a800000| Untracked 
|  87|0x000000053b000000, 0x000000053b000000, 0x000000053b800000|  0%| F|  |TAMS 0x000000053b000000| PB 0x000000053b000000| Untracked 
|  88|0x000000053b800000, 0x000000053b800000, 0x000000053c000000|  0%| F|  |TAMS 0x000000053b800000| PB 0x000000053b800000| Untracked 
|  89|0x000000053c000000, 0x000000053c000000, 0x000000053c800000|  0%| F|  |TAMS 0x000000053c000000| PB 0x000000053c000000| Untracked 
|  90|0x000000053c800000, 0x000000053c800000, 0x000000053d000000|  0%| F|  |TAMS 0x000000053c800000| PB 0x000000053c800000| Untracked 
|  91|0x000000053d000000, 0x000000053d000000, 0x000000053d800000|  0%| F|  |TAMS 0x000000053d000000| PB 0x000000053d000000| Untracked 
|  92|0x000000053d800000, 0x000000053d800000, 0x000000053e000000|  0%| F|  |TAMS 0x000000053d800000| PB 0x000000053d800000| Untracked 
|  93|0x000000053e000000, 0x000000053e000000, 0x000000053e800000|  0%| F|  |TAMS 0x000000053e000000| PB 0x000000053e000000| Untracked 
|  94|0x000000053e800000, 0x000000053e9eb8d8, 0x000000053f000000| 24%| E|  |TAMS 0x000000053e800000| PB 0x000000053e800000| Complete 
|1504|0x00000007ff800000, 0x00000007ff907778, 0x0000000800000000| 12%| O|  |TAMS 0x00000007ff800000| PB 0x00000007ff800000| Untracked 

Card table byte_map: [0x00007fd3f17c3000,0x00007fd3f2f47000] _byte_map_base: 0x00007fd3eef47000

Marking Bits: (CMBitMap*) 0x00007fd40c053bb0
 Bits: [0x00007fd3e5ba3000, 0x00007fd3f17c3000)

Polling page: 0x00007fd413663000

Metaspace:

Usage:
  Non-class:     78.75 KB used.
      Class:      3.75 KB used.
       Both:     82.50 KB used.

Virtual space:
  Non-class space:       64.00 MB reserved,     192.00 KB ( <1%) committed,  1 nodes.
      Class space:        1.00 GB reserved,     128.00 KB ( <1%) committed,  1 nodes.
             Both:        1.06 GB reserved,     320.00 KB ( <1%) committed. 

Chunk freelists:
   Non-Class:  12.00 MB
       Class:  15.75 MB
        Both:  27.74 MB

MaxMetaspaceSize: unlimited
CompressedClassSpaceSize: 1.00 GB
Initial GC threshold: 21.00 MB
Current GC threshold: 21.00 MB
CDS: on
 - commit_granule_bytes: 65536.
 - commit_granule_words: 8192.
 - virtual_space_node_default_size: 8388608.
 - enlarge_chunks_in_place: 1.
 - use_allocation_guard: 0.


Internal statistics:

num_allocs_failed_limit: 0.
num_arena_births: 4.
num_arena_deaths: 0.
num_vsnodes_births: 2.
num_vsnodes_deaths: 0.
num_space_committed: 5.
num_space_uncommitted: 0.
num_chunks_returned_to_freelist: 0.
num_chunks_taken_from_freelist: 5.
num_chunk_merges: 0.
num_chunk_splits: 3.
num_chunks_enlarged: 0.
num_inconsistent_stats: 0.

CodeHeap 'non-profiled nmethods': size=119168Kb used=0Kb max_used=0Kb free=119168Kb
 bounds [0x00007fd3fc46d000, 0x00007fd3fc6dd000, 0x00007fd4038cd000]
CodeHeap 'profiled nmethods': size=119164Kb used=4Kb max_used=4Kb free=119159Kb
 bounds [0x00007fd3f48cd000, 0x00007fd3f4b3d000, 0x00007fd3fbd2c000]
CodeHeap 'non-nmethods': size=7428Kb used=1153Kb max_used=1160Kb free=6274Kb
 bounds [0x00007fd3fbd2c000, 0x00007fd3fbf9c000, 0x00007fd3fc46d000]
 total_blobs=303 nmethods=4 adapters=206
 compilation: enabled
              stopped_count=0, restarted_count=0
 full_count=0

Compilation events (8 events):
Event: 0.019 Thread 0x00007fd40c14c730    1       3       java.lang.Object::<init> (1 bytes)
Event: 0.019 Thread 0x00007fd40c14c730 nmethod 1 0x00007fd3f48cd010 code [0x00007fd3f48cd1a0, 0x00007fd3f48cd2a0]
Event: 0.021 Thread 0x00007fd40c14c730    2       3       java.lang.String::coder (15 bytes)
Event: 0.021 Thread 0x00007fd40c14c730 nmethod 2 0x00007fd3f48cd310 code [0x00007fd3f48cd4a0, 0x00007fd3f48cd5d0]
Event: 0.024 Thread 0x00007fd40c14c730    3       3       java.lang.String::length (11 bytes)
Event: 0.025 Thread 0x00007fd40c14c730 nmethod 3 0x00007fd3f48cd690 code [0x00007fd3f48cd840, 0x00007fd3f48cd9e0]
Event: 0.032 Thread 0x00007fd40c14c730    4       3       java.lang.String::hashCode (60 bytes)
Event: 0.033 Thread 0x00007fd40c14c730 nmethod 4 0x00007fd3f48cda90 code [0x00007fd3f48cdc60, 0x00007fd3f48cdfb0]

GC Heap History (0 events):
No events

Dll operation events (3 events):
Event: 0.002 Loaded shared library /root/.sdkman/candidates/java/21.0.2-amzn/lib/libjava.so
Event: 0.018 Loaded shared library /root/.sdkman/candidates/java/21.0.2-amzn/lib/libjsvml.so
Event: 0.032 Loaded shared library /mnt/e/code/BA-Thesis/java/app/build/libcppjnilib.so

Deoptimization events (0 events):
No events

Classes loaded (8 events):
Event: 0.015 Loading class sun/nio/cs/UTF_8$Encoder
Event: 0.015 Loading class sun/nio/cs/UTF_8$Encoder done
Event: 0.020 Loading class jdk/internal/vm/PostVMInitHook
Event: 0.020 Loading class jdk/internal/vm/PostVMInitHook done
Event: 0.020 Loading class jdk/internal/loader/URLClassPath$FileLoader
Event: 0.020 Loading class jdk/internal/loader/URLClassPath$FileLoader done
Event: 0.021 Loading class jdk/internal/loader/URLClassPath$FileLoader$1
Event: 0.021 Loading class jdk/internal/loader/URLClassPath$FileLoader$1 done

Classes unloaded (0 events):
No events

Classes redefined (0 events):
No events

Internal exceptions (0 events):
No events

ZGC Phase Switch (0 events):
No events

VM Operations (0 events):
No events

Events (20 events):
Event: 0.002 Protecting memory [0x00007fd411819000,0x00007fd41181d000] with protection modes 0
Event: 0.010 Thread 0x00007fd40c028480 Thread added: 0x00007fd40c028480
Event: 0.016 Thread 0x00007fd40c143680 Thread added: 0x00007fd40c143680
Event: 0.016 Protecting memory [0x00007fd3e4057000,0x00007fd3e405b000] with protection modes 0
Event: 0.016 Thread 0x00007fd40c144df0 Thread added: 0x00007fd40c144df0
Event: 0.016 Protecting memory [0x00007fd3d5f00000,0x00007fd3d5f04000] with protection modes 0
Event: 0.016 Thread 0x00007fd40c1468d0 Thread added: 0x00007fd40c1468d0
Event: 0.016 Protecting memory [0x00007fd3d5dff000,0x00007fd3d5e03000] with protection modes 0
Event: 0.016 Thread 0x00007fd40c147f10 Thread added: 0x00007fd40c147f10
Event: 0.017 Protecting memory [0x00007fd3d5cfe000,0x00007fd3d5d02000] with protection modes 0
Event: 0.017 Thread 0x00007fd40c1494b0 Thread added: 0x00007fd40c1494b0
Event: 0.017 Protecting memory [0x00007fd3d5bfd000,0x00007fd3d5c01000] with protection modes 0
Event: 0.017 Thread 0x00007fd40c14b070 Thread added: 0x00007fd40c14b070
Event: 0.017 Protecting memory [0x00007fd3d5afc000,0x00007fd3d5b00000] with protection modes 0
Event: 0.017 Thread 0x00007fd40c14c730 Thread added: 0x00007fd40c14c730
Event: 0.017 Protecting memory [0x00007fd3d59fb000,0x00007fd3d59ff000] with protection modes 0
Event: 0.020 Thread 0x00007fd40c15a940 Thread added: 0x00007fd40c15a940
Event: 0.020 Protecting memory [0x00007fd3d58fa000,0x00007fd3d58fe000] with protection modes 0
Event: 0.023 Thread 0x00007fd40c15df20 Thread added: 0x00007fd40c15df20
Event: 0.023 Protecting memory [0x00007fd3d5500000,0x00007fd3d5504000] with protection modes 0


Dynamic libraries:
50f800000-53f000000 rw-p 00000000 00:00 0 
53f000000-7ff800000 ---p 00000000 00:00 0 
7ff800000-7ff908000 rw-p 00ce5000 08:20 537309                           /root/.sdkman/candidates/java/21.0.2-amzn/lib/server/classes.jsa
7ff908000-800000000 rw-p 00000000 00:00 0 
55cd15200000-55cd15201000 r-xp 00000000 08:20 307511                     /root/.sdkman/candidates/java/21.0.2-amzn/bin/java
55cd15401000-55cd15402000 r--p 00001000 08:20 307511                     /root/.sdkman/candidates/java/21.0.2-amzn/bin/java
55cd15402000-55cd15403000 rw-p 00002000 08:20 307511                     /root/.sdkman/candidates/java/21.0.2-amzn/bin/java
55cd17046000-55cd1708c000 rw-p 00000000 00:00 0                          [heap]
7fd354000000-7fd354021000 rw-p 00000000 00:00 0 
7fd354021000-7fd358000000 ---p 00000000 00:00 0 
7fd35c000000-7fd35c021000 rw-p 00000000 00:00 0 
7fd35c021000-7fd360000000 ---p 00000000 00:00 0 
7fd360000000-7fd360021000 rw-p 00000000 00:00 0 
7fd360021000-7fd364000000 ---p 00000000 00:00 0 
7fd364000000-7fd364021000 rw-p 00000000 00:00 0 
7fd364021000-7fd368000000 ---p 00000000 00:00 0 
7fd368000000-7fd36806f000 rw-p 00000000 00:00 0 
7fd36806f000-7fd36c000000 ---p 00000000 00:00 0 
7fd36c000000-7fd36c021000 rw-p 00000000 00:00 0 
7fd36c021000-7fd370000000 ---p 00000000 00:00 0 
7fd370000000-7fd370021000 rw-p 00000000 00:00 0 
7fd370021000-7fd374000000 ---p 00000000 00:00 0 
7fd374000000-7fd374021000 rw-p 00000000 00:00 0 
7fd374021000-7fd378000000 ---p 00000000 00:00 0 
7fd378000000-7fd378021000 rw-p 00000000 00:00 0 
7fd378021000-7fd37c000000 ---p 00000000 00:00 0 
7fd37c000000-7fd37c021000 rw-p 00000000 00:00 0 
7fd37c021000-7fd380000000 ---p 00000000 00:00 0 
7fd383000000-7fd383020000 rw-p 00000000 00:00 0 
7fd383020000-7fd383400000 ---p 00000000 00:00 0 
7fd383400000-7fd383410000 rw-p 00000000 00:00 0 
7fd383410000-7fd387000000 ---p 00000000 00:00 0 
7fd387000000-7fd387ca6000 rw-p 00001000 08:20 537309                     /root/.sdkman/candidates/java/21.0.2-amzn/lib/server/classes.jsa
7fd387ca6000-7fd388000000 ---p 00000000 00:00 0 
7fd388000000-7fd388010000 rw-p 00000000 00:00 0 
7fd388010000-7fd388040000 ---p 00000000 00:00 0 
7fd388040000-7fd388050000 rw-p 00000000 00:00 0 
7fd388050000-7fd3c8000000 ---p 00000000 00:00 0 
7fd3c8000000-7fd3c8021000 rw-p 00000000 00:00 0 
7fd3c8021000-7fd3cc000000 ---p 00000000 00:00 0 
7fd3cc000000-7fd3cc021000 rw-p 00000000 00:00 0 
7fd3cc021000-7fd3d0000000 ---p 00000000 00:00 0 
7fd3d0000000-7fd3d0021000 rw-p 00000000 00:00 0 
7fd3d0021000-7fd3d4000000 ---p 00000000 00:00 0 
7fd3d4e70000-7fd3d52d3000 rw-p 00000000 00:00 0 
7fd3d52d3000-7fd3d536d000 r--p 00000000 08:20 27187                      /usr/lib/x86_64-linux-gnu/libstdc++.so.6.0.30
7fd3d536d000-7fd3d547e000 r-xp 0009a000 08:20 27187                      /usr/lib/x86_64-linux-gnu/libstdc++.so.6.0.30
7fd3d547e000-7fd3d54ed000 r--p 001ab000 08:20 27187                      /usr/lib/x86_64-linux-gnu/libstdc++.so.6.0.30
7fd3d54ed000-7fd3d54ee000 ---p 0021a000 08:20 27187                      /usr/lib/x86_64-linux-gnu/libstdc++.so.6.0.30
7fd3d54ee000-7fd3d54f9000 r--p 0021a000 08:20 27187                      /usr/lib/x86_64-linux-gnu/libstdc++.so.6.0.30
7fd3d54f9000-7fd3d54fc000 rw-p 00225000 08:20 27187                      /usr/lib/x86_64-linux-gnu/libstdc++.so.6.0.30
7fd3d54fc000-7fd3d54ff000 rw-p 00000000 00:00 0 
7fd3d54ff000-7fd3d5500000 ---p 00000000 00:00 0 
7fd3d5500000-7fd3d5504000 ---p 00000000 00:00 0 
7fd3d5504000-7fd3d5600000 rw-p 00000000 00:00 0 
7fd3d5600000-7fd3d56ce000 r-xp 00000000 08:20 537319                     /root/.sdkman/candidates/java/21.0.2-amzn/lib/libjsvml.so
7fd3d56ce000-7fd3d58cd000 ---p 000ce000 08:20 537319                     /root/.sdkman/candidates/java/21.0.2-amzn/lib/libjsvml.so
7fd3d58cd000-7fd3d58ce000 r--p 000cd000 08:20 537319                     /root/.sdkman/candidates/java/21.0.2-amzn/lib/libjsvml.so
7fd3d58ce000-7fd3d58cf000 rw-p 000ce000 08:20 537319                     /root/.sdkman/candidates/java/21.0.2-amzn/lib/libjsvml.so
7fd3d58f9000-7fd3d58fa000 ---p 00000000 00:00 0 
7fd3d58fa000-7fd3d58fe000 ---p 00000000 00:00 0 
7fd3d58fe000-7fd3d59fa000 rw-p 00000000 00:00 0 
7fd3d59fa000-7fd3d59fb000 ---p 00000000 00:00 0 
7fd3d59fb000-7fd3d59ff000 ---p 00000000 00:00 0 
7fd3d59ff000-7fd3d5afb000 rw-p 00000000 00:00 0 
7fd3d5afb000-7fd3d5afc000 ---p 00000000 00:00 0 
7fd3d5afc000-7fd3d5b00000 ---p 00000000 00:00 0 
7fd3d5b00000-7fd3d5bfc000 rw-p 00000000 00:00 0 
7fd3d5bfc000-7fd3d5bfd000 ---p 00000000 00:00 0 
7fd3d5bfd000-7fd3d5c01000 ---p 00000000 00:00 0 
7fd3d5c01000-7fd3d5cfd000 rw-p 00000000 00:00 0 
7fd3d5cfd000-7fd3d5cfe000 ---p 00000000 00:00 0 
7fd3d5cfe000-7fd3d5d02000 ---p 00000000 00:00 0 
7fd3d5d02000-7fd3d5dfe000 rw-p 00000000 00:00 0 
7fd3d5dfe000-7fd3d5dff000 ---p 00000000 00:00 0 
7fd3d5dff000-7fd3d5e03000 ---p 00000000 00:00 0 
7fd3d5e03000-7fd3d5eff000 rw-p 00000000 00:00 0 
7fd3d5eff000-7fd3d5f00000 ---p 00000000 00:00 0 
7fd3d5f00000-7fd3d5f04000 ---p 00000000 00:00 0 
7fd3d5f04000-7fd3d8000000 rw-p 00000000 00:00 0 
7fd3d8000000-7fd3d8021000 rw-p 00000000 00:00 0 
7fd3d8021000-7fd3dc000000 ---p 00000000 00:00 0 
7fd3dc000000-7fd3dc021000 rw-p 00000000 00:00 0 
7fd3dc021000-7fd3e0000000 ---p 00000000 00:00 0 
7fd3e0000000-7fd3e0021000 rw-p 00000000 00:00 0 
7fd3e0021000-7fd3e4000000 ---p 00000000 00:00 0 
7fd3e4056000-7fd3e4057000 ---p 00000000 00:00 0 
7fd3e4057000-7fd3e405b000 ---p 00000000 00:00 0 
7fd3e405b000-7fd3e4157000 rw-p 00000000 00:00 0 
7fd3e4157000-7fd3e41ae000 r--p 00000000 08:20 7397                       /usr/lib/locale/C.utf8/LC_CTYPE
7fd3e41ae000-7fd3e41af000 ---p 00000000 00:00 0 
7fd3e41af000-7fd3e42af000 rw-p 00000000 00:00 0 
7fd3e42af000-7fd3e42b0000 ---p 00000000 00:00 0 
7fd3e42b0000-7fd3e448c000 rw-p 00000000 00:00 0 
7fd3e448c000-7fd3e448d000 ---p 00000000 00:00 0 
7fd3e448d000-7fd3e458d000 rw-p 00000000 00:00 0 
7fd3e458d000-7fd3e458e000 ---p 00000000 00:00 0 
7fd3e458e000-7fd3e58a0000 rw-p 00000000 00:00 0 
7fd3e58a0000-7fd3e58a1000 ---p 00000000 00:00 0 
7fd3e58a1000-7fd3e59a1000 rw-p 00000000 00:00 0 
7fd3e59a1000-7fd3e59a2000 ---p 00000000 00:00 0 
7fd3e59a2000-7fd3e5aa2000 rw-p 00000000 00:00 0 
7fd3e5aa2000-7fd3e5aa3000 ---p 00000000 00:00 0 
7fd3e5aa3000-7fd3e6783000 rw-p 00000000 00:00 0 
7fd3e6783000-7fd3f17a3000 ---p 00000000 00:00 0 
7fd3f17a3000-7fd3f193f000 rw-p 00000000 00:00 0 
7fd3f193f000-7fd3f2f43000 ---p 00000000 00:00 0 
7fd3f2f43000-7fd3f30c3000 rw-p 00000000 00:00 0 
7fd3f30c3000-7fd3f46c7000 ---p 00000000 00:00 0 
7fd3f46c7000-7fd3f48cd000 rw-p 00000000 00:00 0 
7fd3f48cd000-7fd3f4b3d000 rwxp 00000000 00:00 0 
7fd3f4b3d000-7fd3fbd2c000 ---p 00000000 00:00 0 
7fd3fbd2c000-7fd3fbf9c000 rwxp 00000000 00:00 0 
7fd3fbf9c000-7fd3fc46d000 ---p 00000000 00:00 0 
7fd3fc46d000-7fd3fc6dd000 rwxp 00000000 00:00 0 
7fd3fc6dd000-7fd4038cd000 ---p 00000000 00:00 0 
7fd4038cd000-7fd40c000000 r--s 00000000 08:20 537331                     /root/.sdkman/candidates/java/21.0.2-amzn/lib/modules
7fd40c000000-7fd40c188000 rw-p 00000000 00:00 0 
7fd40c188000-7fd410000000 ---p 00000000 00:00 0 
7fd410031000-7fd411000000 rw-p 00000000 00:00 0 
7fd411000000-7fd411020000 r-xp 00000000 08:20 537301                     /root/.sdkman/candidates/java/21.0.2-amzn/lib/libjava.so
7fd411020000-7fd41121f000 ---p 00020000 08:20 537301                     /root/.sdkman/candidates/java/21.0.2-amzn/lib/libjava.so
7fd41121f000-7fd411220000 r--p 0001f000 08:20 537301                     /root/.sdkman/candidates/java/21.0.2-amzn/lib/libjava.so
7fd411220000-7fd411221000 rw-p 00020000 08:20 537301                     /root/.sdkman/candidates/java/21.0.2-amzn/lib/libjava.so
7fd411221000-7fd411222000 rw-p 00000000 00:00 0 
7fd41122f000-7fd411400000 rw-p 00000000 00:00 0 
7fd411400000-7fd41141b000 r-xp 00000000 08:20 537352                     /root/.sdkman/candidates/java/21.0.2-amzn/lib/libjimage.so
7fd41141b000-7fd41161a000 ---p 0001b000 08:20 537352                     /root/.sdkman/candidates/java/21.0.2-amzn/lib/libjimage.so
7fd41161a000-7fd41161c000 r--p 0001a000 08:20 537352                     /root/.sdkman/candidates/java/21.0.2-amzn/lib/libjimage.so
7fd41161c000-7fd41161d000 rw-p 0001c000 08:20 537352                     /root/.sdkman/candidates/java/21.0.2-amzn/lib/libjimage.so
7fd411627000-7fd41162a000 r--p 00000000 08:20 9341                       /usr/lib/x86_64-linux-gnu/libgcc_s.so.1
7fd41162a000-7fd411641000 r-xp 00003000 08:20 9341                       /usr/lib/x86_64-linux-gnu/libgcc_s.so.1
7fd411641000-7fd411645000 r--p 0001a000 08:20 9341                       /usr/lib/x86_64-linux-gnu/libgcc_s.so.1
7fd411645000-7fd411646000 r--p 0001d000 08:20 9341                       /usr/lib/x86_64-linux-gnu/libgcc_s.so.1
7fd411646000-7fd411647000 rw-p 0001e000 08:20 9341                       /usr/lib/x86_64-linux-gnu/libgcc_s.so.1
7fd411647000-7fd41164c000 rw-p 00000000 00:00 0 
7fd41164c000-7fd411730000 ---p 00000000 00:00 0 
7fd411730000-7fd411735000 rw-p 00000000 00:00 0 
7fd411735000-7fd411819000 ---p 00000000 00:00 0 
7fd411819000-7fd41181d000 ---p 00000000 00:00 0 
7fd41181d000-7fd411919000 rw-p 00000000 00:00 0 
7fd411919000-7fd411927000 r--p 00000000 08:20 26538                      /usr/lib/x86_64-linux-gnu/libm.so.6
7fd411927000-7fd4119a3000 r-xp 0000e000 08:20 26538                      /usr/lib/x86_64-linux-gnu/libm.so.6
7fd4119a3000-7fd4119fe000 r--p 0008a000 08:20 26538                      /usr/lib/x86_64-linux-gnu/libm.so.6
7fd4119fe000-7fd4119ff000 r--p 000e4000 08:20 26538                      /usr/lib/x86_64-linux-gnu/libm.so.6
7fd4119ff000-7fd411a00000 rw-p 000e5000 08:20 26538                      /usr/lib/x86_64-linux-gnu/libm.so.6
7fd411a00000-7fd412e4f000 r-xp 00000000 08:20 537311                     /root/.sdkman/candidates/java/21.0.2-amzn/lib/server/libjvm.so
7fd412e4f000-7fd41304e000 ---p 0144f000 08:20 537311                     /root/.sdkman/candidates/java/21.0.2-amzn/lib/server/libjvm.so
7fd41304e000-7fd41311f000 r--p 0144e000 08:20 537311                     /root/.sdkman/candidates/java/21.0.2-amzn/lib/server/libjvm.so
7fd41311f000-7fd41314f000 rw-p 0151f000 08:20 537311                     /root/.sdkman/candidates/java/21.0.2-amzn/lib/server/libjvm.so
7fd41314f000-7fd4131b5000 rw-p 00000000 00:00 0 
7fd4131ca000-7fd4131cc000 r--p 00000000 00:53 5348024558630140           /mnt/e/code/BA-Thesis/java/app/build/libcppjnilib.so
7fd4131cc000-7fd4131ce000 r-xp 00002000 00:53 5348024558630140           /mnt/e/code/BA-Thesis/java/app/build/libcppjnilib.so
7fd4131ce000-7fd4131cf000 r--p 00004000 00:53 5348024558630140           /mnt/e/code/BA-Thesis/java/app/build/libcppjnilib.so
7fd4131cf000-7fd4131d0000 r--p 00004000 00:53 5348024558630140           /mnt/e/code/BA-Thesis/java/app/build/libcppjnilib.so
7fd4131d0000-7fd4131d1000 rw-p 00005000 00:53 5348024558630140           /mnt/e/code/BA-Thesis/java/app/build/libcppjnilib.so
7fd4131d1000-7fd4131d2000 r--p 00000000 08:20 7406                       /usr/lib/locale/C.utf8/LC_NUMERIC
7fd4131d2000-7fd4131d3000 r--p 00000000 08:20 7409                       /usr/lib/locale/C.utf8/LC_TIME
7fd4131d3000-7fd4131d4000 r--p 00000000 08:20 7396                       /usr/lib/locale/C.utf8/LC_COLLATE
7fd4131d4000-7fd4131d5000 r--p 00000000 08:20 7403                       /usr/lib/locale/C.utf8/LC_MONETARY
7fd4131d5000-7fd4131d6000 r--p 00000000 08:20 7401                       /usr/lib/locale/C.utf8/LC_MESSAGES/SYS_LC_MESSAGES
7fd4131d6000-7fd4131d7000 r--p 00000000 08:20 7407                       /usr/lib/locale/C.utf8/LC_PAPER
7fd4131d7000-7fd4131ff000 r--p 00000000 08:20 26535                      /usr/lib/x86_64-linux-gnu/libc.so.6
7fd4131ff000-7fd413394000 r-xp 00028000 08:20 26535                      /usr/lib/x86_64-linux-gnu/libc.so.6
7fd413394000-7fd4133ec000 r--p 001bd000 08:20 26535                      /usr/lib/x86_64-linux-gnu/libc.so.6
7fd4133ec000-7fd4133ed000 ---p 00215000 08:20 26535                      /usr/lib/x86_64-linux-gnu/libc.so.6
7fd4133ed000-7fd4133f1000 r--p 00215000 08:20 26535                      /usr/lib/x86_64-linux-gnu/libc.so.6
7fd4133f1000-7fd4133f3000 rw-p 00219000 08:20 26535                      /usr/lib/x86_64-linux-gnu/libc.so.6
7fd4133f3000-7fd413400000 rw-p 00000000 00:00 0 
7fd413400000-7fd41340f000 r-xp 00000000 08:20 537304                     /root/.sdkman/candidates/java/21.0.2-amzn/lib/libjli.so
7fd41340f000-7fd41360f000 ---p 0000f000 08:20 537304                     /root/.sdkman/candidates/java/21.0.2-amzn/lib/libjli.so
7fd41360f000-7fd413610000 r--p 0000f000 08:20 537304                     /root/.sdkman/candidates/java/21.0.2-amzn/lib/libjli.so
7fd413610000-7fd413611000 rw-p 00010000 08:20 537304                     /root/.sdkman/candidates/java/21.0.2-amzn/lib/libjli.so
7fd413611000-7fd413612000 r--p 00000000 08:20 7404                       /usr/lib/locale/C.utf8/LC_NAME
7fd413612000-7fd413613000 r--p 00000000 08:20 7395                       /usr/lib/locale/C.utf8/LC_ADDRESS
7fd413613000-7fd413614000 r--p 00000000 08:20 7408                       /usr/lib/locale/C.utf8/LC_TELEPHONE
7fd413614000-7fd413615000 r--p 00000000 08:20 7400                       /usr/lib/locale/C.utf8/LC_MEASUREMENT
7fd413615000-7fd41361c000 r--s 00000000 08:20 51605                      /usr/lib/x86_64-linux-gnu/gconv/gconv-modules.cache
7fd41361c000-7fd413621000 rw-p 00000000 00:00 0 
7fd413621000-7fd41362b000 ---p 00000000 00:00 0 
7fd41362b000-7fd41362c000 r--p 00000000 08:20 26549                      /usr/lib/x86_64-linux-gnu/librt.so.1
7fd41362c000-7fd41362d000 r-xp 00001000 08:20 26549                      /usr/lib/x86_64-linux-gnu/librt.so.1
7fd41362d000-7fd41362e000 r--p 00002000 08:20 26549                      /usr/lib/x86_64-linux-gnu/librt.so.1
7fd41362e000-7fd41362f000 r--p 00002000 08:20 26549                      /usr/lib/x86_64-linux-gnu/librt.so.1
7fd41362f000-7fd413630000 rw-p 00003000 08:20 26549                      /usr/lib/x86_64-linux-gnu/librt.so.1
7fd413630000-7fd413634000 rw-p 00000000 00:00 0 
7fd413634000-7fd413635000 r--p 00000000 08:20 26537                      /usr/lib/x86_64-linux-gnu/libdl.so.2
7fd413635000-7fd413636000 r-xp 00001000 08:20 26537                      /usr/lib/x86_64-linux-gnu/libdl.so.2
7fd413636000-7fd413637000 r--p 00002000 08:20 26537                      /usr/lib/x86_64-linux-gnu/libdl.so.2
7fd413637000-7fd413638000 r--p 00002000 08:20 26537                      /usr/lib/x86_64-linux-gnu/libdl.so.2
7fd413638000-7fd413639000 rw-p 00003000 08:20 26537                      /usr/lib/x86_64-linux-gnu/libdl.so.2
7fd413639000-7fd41363a000 r--p 00000000 08:20 26547                      /usr/lib/x86_64-linux-gnu/libpthread.so.0
7fd41363a000-7fd41363b000 r-xp 00001000 08:20 26547                      /usr/lib/x86_64-linux-gnu/libpthread.so.0
7fd41363b000-7fd41363c000 r--p 00002000 08:20 26547                      /usr/lib/x86_64-linux-gnu/libpthread.so.0
7fd41363c000-7fd41363d000 r--p 00002000 08:20 26547                      /usr/lib/x86_64-linux-gnu/libpthread.so.0
7fd41363d000-7fd41363e000 rw-p 00003000 08:20 26547                      /usr/lib/x86_64-linux-gnu/libpthread.so.0
7fd41363e000-7fd413640000 r--p 00000000 08:20 6844                       /usr/lib/x86_64-linux-gnu/libz.so.1.2.11
7fd413640000-7fd413651000 r-xp 00002000 08:20 6844                       /usr/lib/x86_64-linux-gnu/libz.so.1.2.11
7fd413651000-7fd413657000 r--p 00013000 08:20 6844                       /usr/lib/x86_64-linux-gnu/libz.so.1.2.11
7fd413657000-7fd413658000 ---p 00019000 08:20 6844                       /usr/lib/x86_64-linux-gnu/libz.so.1.2.11
7fd413658000-7fd413659000 r--p 00019000 08:20 6844                       /usr/lib/x86_64-linux-gnu/libz.so.1.2.11
7fd413659000-7fd41365a000 rw-p 0001a000 08:20 6844                       /usr/lib/x86_64-linux-gnu/libz.so.1.2.11
7fd41365a000-7fd41365b000 r--p 00000000 08:20 7398                       /usr/lib/locale/C.utf8/LC_IDENTIFICATION
7fd41365b000-7fd413663000 rw-s 00000000 08:20 1213                       /tmp/hsperfdata_root/8811
7fd413663000-7fd413664000 ---p 00000000 00:00 0 
7fd413664000-7fd413665000 r--p 00000000 00:00 0 
7fd413665000-7fd413667000 rw-p 00000000 00:00 0 
7fd413667000-7fd413669000 r--p 00000000 08:20 26532                      /usr/lib/x86_64-linux-gnu/ld-linux-x86-64.so.2
7fd413669000-7fd413693000 r-xp 00002000 08:20 26532                      /usr/lib/x86_64-linux-gnu/ld-linux-x86-64.so.2
7fd413693000-7fd41369e000 r--p 0002c000 08:20 26532                      /usr/lib/x86_64-linux-gnu/ld-linux-x86-64.so.2
7fd41369e000-7fd41369f000 ---p 00000000 00:00 0 
7fd41369f000-7fd4136a1000 r--p 00037000 08:20 26532                      /usr/lib/x86_64-linux-gnu/ld-linux-x86-64.so.2
7fd4136a1000-7fd4136a3000 rw-p 00039000 08:20 26532                      /usr/lib/x86_64-linux-gnu/ld-linux-x86-64.so.2
7ffc3aa05000-7ffc3aa27000 rw-p 00000000 00:00 0                          [stack]
7ffc3aa6a000-7ffc3aa6e000 r--p 00000000 00:00 0                          [vvar]
7ffc3aa6e000-7ffc3aa70000 r-xp 00000000 00:00 0                          [vdso]
Total number of mappings: 216


VM Arguments:
jvm_args: -Djava.library.path=. 
java_command: HelloWorld
java_class_path (initial): .
Launcher Type: SUN_STANDARD

[Global flags]
     intx CICompilerCount                          = 12                                        {product} {ergonomic}
     uint ConcGCThreads                            = 5                                         {product} {ergonomic}
     uint G1ConcRefinementThreads                  = 18                                        {product} {ergonomic}
   size_t G1HeapRegionSize                         = 8388608                                   {product} {ergonomic}
    uintx GCDrainStackTargetSize                   = 64                                        {product} {ergonomic}
   size_t InitialHeapSize                          = 796917760                                 {product} {ergonomic}
   size_t MarkStackSize                            = 4194304                                   {product} {ergonomic}
   size_t MaxHeapSize                              = 12624855040                               {product} {ergonomic}
   size_t MaxNewSize                               = 7574913024                                {product} {ergonomic}
   size_t MinHeapDeltaBytes                        = 8388608                                   {product} {ergonomic}
   size_t MinHeapSize                              = 8388608                                   {product} {ergonomic}
    uintx NonNMethodCodeHeapSize                   = 7602480                                {pd product} {ergonomic}
    uintx NonProfiledCodeHeapSize                  = 122027880                              {pd product} {ergonomic}
    uintx ProfiledCodeHeapSize                     = 122027880                              {pd product} {ergonomic}
    uintx ReservedCodeCacheSize                    = 251658240                              {pd product} {ergonomic}
     bool SegmentedCodeCache                       = true                                      {product} {ergonomic}
   size_t SoftMaxHeapSize                          = 12624855040                            {manageable} {ergonomic}
     bool UseCompressedOops                        = true                           {product lp64_product} {ergonomic}
     bool UseG1GC                                  = true                                      {product} {ergonomic}

Logging:
Log output configuration:
 #0: stdout all=warning uptime,level,tags foldmultilines=false
 #1: stderr all=off uptime,level,tags foldmultilines=false

Environment Variables:
JAVA_HOME=/root/.sdkman/candidates/java/current
PATH=/root/android-ndk/android-ndk-r26b:/root/.nix-profile/bin:/nix/var/nix/profiles/default/bin:/root/android-ndk/android-ndk-r26b/:/root/.sdkman/candidates/kotlin/current/bin:/root/.sdkman/candidates/java/current/bin:/root/.sdkman/candidates/gradle/current/bin:/usr/local/sbin:/usr/local/bin:/usr/sbin:/usr/bin:/sbin:/bin:/usr/games:/usr/local/games:/usr/lib/wsl/lib:/mnt/c/Program Files/PowerShell/7:/mnt/c/Users/Jean/fvm/versions/stable/bin/:/mnt/c/Program Files (x86)/Common Files/Intel/Shared Libraries/redist/intel64_win/compiler:/mnt/c/Program Files/Lapce/:/mnt/c/tools/python/Python311/Scripts/:/mnt/c/tools/python/Python311/:/mnt/c/Program Files (x86)/VMware/VMware Workstation/bin/:/mnt/c/Program Files/OpenSSH/:/mnt/c/Program Files (x86)/Common Files/Intel/Shared Libraries/redist/intel64/compiler:/mnt/c/Windows/system32:/mnt/c/Windows:/mnt/c/Windows/System32/Wbem:/mnt/c/Windows/System32/WindowsPowerShell/v1.0/:/mnt/c/Windows/System32/OpenSSH/:/mnt/c/Program Files/PuTTY/:/mnt/c/Program Files/WireGuard/:/mnt/c/Users/Jean/AppData/Roaming/nvm:/mnt/c/Program Files/nodejs:/mnt/c/ProgramData/chocolatey/bin:/mnt/c/Program Files/Microsoft SQL Server/150/Tools/Binn/:/mnt/c/Program Files/dotnet/:/mnt/c/Program Files/NVIDIA Corporation/NVIDIA NvDLISR:/mnt/c/Program Files/Git/cmd:/mnt/c/Program Files (x86)/NVIDIA Corporation/PhysX/Common:/mnt/c/Program Files/usbipd-win/:/mnt/c/tools/php/php-8.2.5-nts-Win32-vs16-x64:/mnt/c/tools/composer:/mnt/c/Program Files/Docker/Docker/resources/bin:/mnt/c/Program Files (x86)/Microsoft SQL Server/160/DTS/Binn/:/mnt/c/Program Files/Azure Data Studio/bin:/mnt/c/tools/CMake/bin:/mnt/c/Strawberry/c/bin:/mnt/c/Strawberry/perl/site/bin:/mnt/c/Strawberry/perl/bin:/mnt/c/Program Files/PowerShell/7/:/mnt/e/MinGW/bin:/mnt/c/Users/Jean/AppData/Local/pnpm:/mnt/c/Users/Jean/.cargo/bin:/mnt/c/Users/Jean/AppData/Local/Microsoft/WindowsApps:/mnt/c/Users/Jean/AppData/Local/Programs/Microsoft VS Code/bin:/mnt/c/tools/dart-sdk/bin:/mnt/c/Users/Jean/AppData/Roaming/Pub/Cache/bin:/mnt/c/tools/OpenJDK/jdk-17.0.6+10/bin:/mnt/c/Users/Jean/AppData/Local/Programs/oh-my-posh/bin:/mnt/c/Users/Jean/AppData/Local/Android/Sdk/platform-tools:/mnt/c/Users/Jean/fvm/default/bin:/mnt/c/Users/Jean/AppData/Roaming/Composer/vendor/bin:/mnt/c/Users/Jean/AppData/Local/Microsoft/WinGet/Links:/mnt/c/Program Files (x86)/Dr. Memory/bin/:/mnt/c/Users/Jean/.dotnet/tools:/snap/bin
SHELL=/usr/bin/fish
DISPLAY=:0
HOSTTYPE=x86_64
LANG=C.UTF-8
TERM=xterm-256color

Active Locale:
LC_ALL=C.UTF-8
LC_COLLATE=C.UTF-8
LC_CTYPE=C.UTF-8
LC_MESSAGES=C.UTF-8
LC_MONETARY=C.UTF-8
LC_NUMERIC=C.UTF-8
LC_TIME=C.UTF-8

Signal Handlers:
   SIGSEGV: crash_handler in libjvm.so, mask=11100100010111111101111111111110, flags=SA_RESTART|SA_SIGINFO, unblocked
    SIGBUS: crash_handler in libjvm.so, mask=11100100010111111101111111111110, flags=SA_RESTART|SA_SIGINFO, unblocked
    SIGFPE: crash_handler in libjvm.so, mask=11100100010111111101111111111110, flags=SA_RESTART|SA_SIGINFO, unblocked
   SIGPIPE: javaSignalHandler in libjvm.so, mask=11100100010111111101111111111110, flags=SA_RESTART|SA_SIGINFO, blocked
   SIGXFSZ: javaSignalHandler in libjvm.so, mask=11100100010111111101111111111110, flags=SA_RESTART|SA_SIGINFO, blocked
    SIGILL: crash_handler in libjvm.so, mask=11100100010111111101111111111110, flags=SA_RESTART|SA_SIGINFO, unblocked
   SIGUSR2: SR_handler in libjvm.so, mask=00000000000000000000000000000000, flags=SA_RESTART|SA_SIGINFO, blocked
    SIGHUP: UserHandler in libjvm.so, mask=11100100010111111101111111111110, flags=SA_RESTART|SA_SIGINFO, blocked
    SIGINT: UserHandler in libjvm.so, mask=11100100010111111101111111111110, flags=SA_RESTART|SA_SIGINFO, blocked
   SIGTERM: UserHandler in libjvm.so, mask=11100100010111111101111111111110, flags=SA_RESTART|SA_SIGINFO, blocked
   SIGQUIT: UserHandler in libjvm.so, mask=11100100010111111101111111111110, flags=SA_RESTART|SA_SIGINFO, blocked
   SIGTRAP: crash_handler in libjvm.so, mask=11100100010111111101111111111110, flags=SA_RESTART|SA_SIGINFO, unblocked


Periodic native trim disabled

---------------  S Y S T E M  ---------------

OS:
DISTRIB_ID=Ubuntu
DISTRIB_RELEASE=22.04
DISTRIB_CODENAME=jammy
DISTRIB_DESCRIPTION="Ubuntu 22.04.3 LTS"
uname: Linux 5.15.133.1-microsoft-standard-WSL2 #1 SMP Thu Oct 5 21:02:42 UTC 2023 x86_64
OS uptime: 0 days 21:15 hours
libc: glibc 2.35 NPTL 2.35 
rlimit (soft/hard): STACK 8192k/infinity , CORE 0k/infinity , NPROC 192524/192524 , NOFILE 1048576/1048576 , AS infinity/infinity , CPU infinity/infinity , DATA infinity/infinity , FSIZE infinity/infinity , MEMLOCK 65536k/65536k
load average: 0.15 0.03 0.01

/proc/meminfo:
MemTotal:       49292808 kB
MemFree:        47250484 kB
MemAvailable:   47984772 kB
Buffers:           39484 kB
Cached:          1141172 kB
SwapCached:            0 kB
Active:           486420 kB
Inactive:        1043304 kB
Active(anon):       2996 kB
Inactive(anon):   352132 kB
Active(file):     483424 kB
Inactive(file):   691172 kB
Unevictable:           0 kB
Mlocked:               0 kB
SwapTotal:      12582912 kB
SwapFree:       12582912 kB
Dirty:               280 kB
Writeback:             0 kB
AnonPages:        335072 kB
Mapped:           274824 kB
Shmem:              6060 kB
KReclaimable:      67804 kB
Slab:             157504 kB
SReclaimable:      67804 kB
SUnreclaim:        89700 kB
KernelStack:        7648 kB
PageTables:         7020 kB
NFS_Unstable:          0 kB
Bounce:                0 kB
WritebackTmp:          0 kB
CommitLimit:    37229316 kB
Committed_AS:    2974884 kB
VmallocTotal:   34359738367 kB
VmallocUsed:       32448 kB
VmallocChunk:          0 kB
Percpu:            13440 kB
AnonHugePages:    120832 kB
ShmemHugePages:        0 kB
ShmemPmdMapped:        0 kB
FileHugePages:         0 kB
FilePmdMapped:         0 kB
HugePages_Total:       0
HugePages_Free:        0
HugePages_Rsvd:        0
HugePages_Surp:        0
Hugepagesize:       2048 kB
Hugetlb:               0 kB
DirectMap4k:      117760 kB
DirectMap2M:     7180288 kB
DirectMap1G:    52428800 kB

/sys/kernel/mm/transparent_hugepage/enabled: [always] madvise never
/sys/kernel/mm/transparent_hugepage/defrag (defrag/compaction efforts parameter): always defer defer+madvise [madvise] never

Process Memory:
Virtual Size: 15335196K (peak: 15393860K)
Resident Set Size: 46892K (peak: 46892K) (anon: 25440K, file: 21452K, shmem: 0K)
Swapped out: 0K
C-Heap outstanding allocations: 45439K, retained: 2064K
glibc malloc tunables: (default)

/proc/sys/kernel/threads-max (system-wide limit on the number of threads): 385048
/proc/sys/vm/max_map_count (maximum number of memory map areas a process may have): 65530
/proc/sys/kernel/pid_max (system-wide limit on number of process identifiers): 4194304

container (cgroup) information:
container_type: cgroupv1
cpu_cpuset_cpus: 0-23
cpu_memory_nodes: 0
active_processor_count: 24
cpu_quota: no quota
cpu_period: 100000
cpu_shares: no shares
memory_limit_in_bytes: unlimited
memory_and_swap_limit_in_bytes: unlimited
memory_soft_limit_in_bytes: unlimited
memory_usage_in_bytes: 1515644 k
memory_max_usage_in_bytes: 1208528 k
kernel_memory_usage_in_bytes: 52484 k
kernel_memory_max_usage_in_bytes: unlimited
kernel_memory_limit_in_bytes: 57620 k
maximum number of tasks: not supported
current number of tasks: not supported

Hyper-V virtualization detected
Steal ticks since vm start: 0
Steal ticks percentage since vm start:  0.000

CPU: total 24 (initial active 24) (32 cores per cpu, 2 threads per core) family 23 model 113 stepping 0 microcode 0xffffffff, cx8, cmov, fxsr, ht, mmx, 3dnowpref, sse, sse2, sse3, ssse3, sse4a, sse4.1, sse4.2, popcnt, lzcnt, tsc, tscinvbit, avx, avx2, aes, clmul, bmi1, bmi2, adx, sha, fma, vzeroupper, clflush, clflushopt, hv, rdtscp, rdpid, f16c
CPU Model and flags from /proc/cpuinfo:
model name	: AMD Ryzen 9 3900X 12-Core Processor
flags		: fpu vme de pse tsc msr pae mce cx8 apic sep mtrr pge mca cmov pat pse36 clflush mmx fxsr sse sse2 ht syscall nx mmxext fxsr_opt pdpe1gb rdtscp lm constant_tsc rep_good nopl tsc_reliable nonstop_tsc cpuid extd_apicid pni pclmulqdq ssse3 fma cx16 sse4_1 sse4_2 movbe popcnt aes xsave avx f16c rdrand hypervisor lahf_lm cmp_legacy svm cr8_legacy abm sse4a misalignsse 3dnowprefetch osvw topoext perfctr_core ssbd ibpb stibp vmmcall fsgsbase bmi1 avx2 smep bmi2 rdseed adx smap clflushopt clwb sha_ni xsaveopt xsavec xgetbv1 clzero xsaveerptr arat npt nrip_save tsc_scale vmcb_clean flushbyasid decodeassists pausefilter pfthreshold v_vmsave_vmload umip rdpid

Online cpus: 0-23
Offline cpus: 
BIOS frequency limitation: <Not Available>
Frequency switch latency (ns): <Not Available>
Available cpu frequencies: <Not Available>
Current governor: <Not Available>
Core performance/turbo boost: <Not Available>

Memory: 4k page, physical 49292808k(47984772k free), swap 12582912k(12582912k free)
Page Sizes: 4k

vm_info: OpenJDK 64-Bit Server VM (21.0.2+13-LTS) for linux-amd64 JRE (21.0.2+13-LTS), built on 2024-01-10T23:18:41Z by "jenkins" with gcc 7.3.1 20180303 (Red Hat 7.3.1-5)

END.
