#
# A fatal error has been detected by the Java Runtime Environment:
#
#  SIGSEGV (0xb) at pc=0x00007f7e593c8d55, pid=10197, tid=10198
#
# JRE version: OpenJDK Runtime Environment Corretto-21.0.2.13.1 (21.0.2+13) (build 21.0.2+13-LTS)
# Java VM: OpenJDK 64-Bit Server VM Corretto-21.0.2.13.1 (21.0.2+13-LTS, mixed mode, sharing, tiered, compressed oops, compressed class ptrs, g1 gc, linux-amd64)
# Problematic frame:
# C  [libcppjnilib.so+0x3d55]  ExtIntMatrix::toJObjectArray(JNIEnv_*)+0x195
#
# No core dump will be written. Core dumps have been disabled. To enable core dumping, try "ulimit -c unlimited" before starting Java again
#
# If you would like to submit a bug report, please visit:
#   https://github.com/corretto/corretto-21/issues/
# The crash happened outside the Java Virtual Machine in native code.
# See problematic frame for where to report the bug.
#

---------------  S U M M A R Y ------------

Command Line: -Djava.library.path=. HelloWorld

Host: AMD Ryzen 9 3900X 12-Core Processor, 24 cores, 47G, Ubuntu 22.04.3 LTS
Time: Fri Mar  1 09:55:24 2024 CET elapsed time: 0.042954 seconds (0d 0h 0m 0s)

---------------  T H R E A D  ---------------

Current thread (0x00007f7e50028480):  JavaThread "main"             [_thread_in_native, id=10198, stack(0x00007f7e57b00000,0x00007f7e57c00000) (1024K)]

Stack: [0x00007f7e57b00000,0x00007f7e57c00000],  sp=0x00007f7e57bfe790,  free space=1017k
Native frames: (J=compiled Java code, j=interpreted, Vv=VM code, C=native code)
C  [libcppjnilib.so+0x3d55]  ExtIntMatrix::toJObjectArray(JNIEnv_*)+0x195
C  [libcppjnilib.so+0x36a2]  Java_HelloWorld_matrixMultiplication+0x62
j  HelloWorld.matrixMultiplication([[I[[I)[[I+0
j  HelloWorld.main([Ljava/lang/String;)V+153
v  ~StubRoutines::call_stub 0x00007f7e3fd2ccc6
V  [libjvm.so+0x909a24]  JavaCalls::call_helper(JavaValue*, methodHandle const&, JavaCallArguments*, JavaThread*)+0x2f4
V  [libjvm.so+0x9b5e1f]  jni_invoke_static(JNIEnv_*, JavaValue*, _jobject*, JNICallType, _jmethodID*, JNI_ArgumentPusher*, JavaThread*) [clone .isra.156] [clone .constprop.261]+0x15f
V  [libjvm.so+0x9b803f]  jni_CallStaticVoidMethod+0x14f
C  [libjli.so+0x57b7]  JavaMain+0xfb7
C  [libjli.so+0x8719]  ThreadJavaMain+0x9
Java frames: (J=compiled Java code, j=interpreted, Vv=VM code)
j  HelloWorld.matrixMultiplication([[I[[I)[[I+0
j  HelloWorld.main([Ljava/lang/String;)V+153
v  ~StubRoutines::call_stub 0x00007f7e3fd2ccc6

siginfo: si_signo: 11 (SIGSEGV), si_code: 1 (SEGV_MAPERR), si_addr: 0x00007f79a7f276f7

Registers:
RAX=0x00007f79a7f276f7, RBX=0x00007f7dc84005d0, RCX=0x0000000000000000, RDX=0x00007f7dd27f5370
RSP=0x00007f7e57bfe790, RBP=0x00007f7e57bfe7d0, RSI=0x000000000000203d, RDI=0x00007f7dd27fb540
R8 =0x0000000000000000, R9 =0x00007f7e57bfe680, R10=0x0000000000000001, R11=0x0000000000000000
R12=0x0000000000000000, R13=0x00007f7dc84005d0, R14=0x00007f7e57bfe8f8, R15=0x00007f7e50028480
RIP=0x00007f7e593c8d55, EFLAGS=0x0000000000010206, CSGSFS=0x002b000000000033, ERR=0x0000000000000004
  TRAPNO=0x000000000000000e


Register to memory mapping:

RAX=0x00007f79a7f276f7 is an unknown value
RBX={method} {0x00007f7dc84005d0} 'matrixMultiplication' '([[I[[I)[[I' in 'HelloWorld'
RCX=0x0 is null
RDX=0x00007f7dd27f5370: _ZTVSo+0x0000000000000018 in /lib/x86_64-linux-gnu/libstdc++.so.6 at 0x00007f7dd25d2000
RSP=0x00007f7e57bfe790 is pointing into the stack for thread: 0x00007f7e50028480
RBP=0x00007f7e57bfe7d0 is pointing into the stack for thread: 0x00007f7e50028480
RSI=0x000000000000203d is an unknown value
RDI=0x00007f7dd27fb540: _ZSt4cout+0x0000000000000000 in /lib/x86_64-linux-gnu/libstdc++.so.6 at 0x00007f7dd25d2000
R8 =0x0 is null
R9 =0x00007f7e57bfe680 is pointing into the stack for thread: 0x00007f7e50028480
R10=0x0000000000000001 is an unknown value
R11=0x0 is null
R12=0x0 is null
R13={method} {0x00007f7dc84005d0} 'matrixMultiplication' '([[I[[I)[[I' in 'HelloWorld'
R14=0x00007f7e57bfe8f8 is pointing into the stack for thread: 0x00007f7e50028480
R15=0x00007f7e50028480 is a thread

Top of Stack: (sp=0x00007f7e57bfe790)
0x00007f7e57bfe790:   00007f7e57bfe7f0 00007f7e50028838
0x00007f7e57bfe7a0:   0000000000000003 00007f7e50134fd0
0x00007f7e57bfe7b0:   0000000000000003 00007f7e50134fc8
0x00007f7e57bfe7c0:   00007f7e50028838 00007f7e57bfe7f0
0x00007f7e57bfe7d0:   00007f7e57bfe850 00007f7e593c86a2
0x00007f7e57bfe7e0:   00007f7e57bfe810 00007f7e50001530
0x00007f7e57bfe7f0:   00007f7e501776c0 0000000300000003
0x00007f7e57bfe800:   00007f7e57bfe840 00007f7e584ff884
0x00007f7e57bfe810:   00007f7e501776a0 0000000300000003
0x00007f7e57bfe820:   00007f7e501772c0 0000000300000003
0x00007f7e57bfe830:   00007f7e57bfe8e8 00007f7e57bfe8f0
0x00007f7e57bfe840:   00007f7e57bfe8f8 00007f7e50028838
0x00007f7e57bfe850:   00007f7e57bfe8c8 00007f7e3fd38980
0x00007f7e57bfe860:   00007f7e57bfe8c8 00007f7e3fd38657
0x00007f7e57bfe870:   0000000000000000 00007f7e3fd3861f
0x00007f7e57bfe880:   00007f7e57bfe880 00007f7dc84005d0
0x00007f7e57bfe890:   0000000000000006 00007f7dc8400998
0x00007f7e57bfe8a0:   0000000000000000 000000053e812108
0x00007f7e57bfe8b0:   00007f7dc84005d0 0000000000000000
0x00007f7e57bfe8c0:   00007f7e57bfe8e8 00007f7e57bfe948
0x00007f7e57bfe8d0:   00007f7e3fd342d8 0000000000000000
0x00007f7e57bfe8e0:   00007f7e3fd35f9a 000000053e8133c8
0x00007f7e57bfe8f0:   000000053e813348 000000053e812f90
0x00007f7e57bfe900:   00007f7e57bfe900 00007f7dc84007a9
0x00007f7e57bfe910:   0000000000000008 00007f7dc8400998
0x00007f7e57bfe920:   0000000000000000 000000053e812108
0x00007f7e57bfe930:   00007f7dc8400810 00007f7e57bfe8e8
0x00007f7e57bfe940:   00007f7e57bfe988 00007f7e57bfe9f0
0x00007f7e57bfe950:   00007f7e3fd2ccc6 0000000000000000
0x00007f7e57bfe960:   0000000000000000 0000000000000000
0x00007f7e57bfe970:   000000053e8133c8 000000053e813348
0x00007f7e57bfe980:   000000053e812f90 000000053e8124c8 

Instructions: (pc=0x00007f7e593c8d55)
0x00007f7e593c8c55:   ff 48 89 c7 48 8d 35 4b 14 00 00 e8 cb f5 ff ff
0x00007f7e593c8c65:   48 89 c7 48 8b 45 c0 8b 70 08 e8 0c f7 ff ff 48
0x00007f7e593c8c75:   89 c7 48 8b 35 3a 33 00 00 e8 bd f5 ff ff 48 8b
0x00007f7e593c8c85:   3d 3e 33 00 00 48 8d 35 1f 14 00 00 e8 9a f5 ff
0x00007f7e593c8c95:   ff 48 89 c7 8b 75 e4 e8 df f6 ff ff 48 89 c7 48
0x00007f7e593c8ca5:   8d 35 0a 14 00 00 e8 80 f5 ff ff 48 89 c7 48 8b
0x00007f7e593c8cb5:   45 c0 8b 70 0c e8 c1 f6 ff ff 48 89 c7 48 8d 35
0x00007f7e593c8cc5:   f2 13 00 00 e8 62 f5 ff ff 48 89 c7 48 8b 35 e0
0x00007f7e593c8cd5:   32 00 00 e8 63 f5 ff ff c7 45 d4 00 00 00 00 48
0x00007f7e593c8ce5:   8b 4d c0 8b 45 d4 3b 41 0c 0f 8d 86 00 00 00 48
0x00007f7e593c8cf5:   8b 3d cd 32 00 00 48 8d 35 ae 13 00 00 e8 29 f5
0x00007f7e593c8d05:   ff ff 48 89 c7 8b 75 e4 e8 6e f6 ff ff 48 89 c7
0x00007f7e593c8d15:   48 8d 35 a9 13 00 00 e8 0f f5 ff ff 48 89 c7 8b
0x00007f7e593c8d25:   75 d4 e8 54 f6 ff ff 48 8b 3d 95 32 00 00 48 8d
0x00007f7e593c8d35:   35 8d 13 00 00 e8 f1 f4 ff ff 48 89 c7 48 8b 45
0x00007f7e593c8d45:   c0 48 8b 00 48 63 4d e4 48 8b 04 c8 48 63 4d d4
0x00007f7e593c8d55:   8b 34 88 e8 23 f6 ff ff 48 89 c7 48 8b 35 51 32
0x00007f7e593c8d65:   00 00 e8 d4 f4 ff ff 8b 45 d4 83 c0 01 89 45 d4
0x00007f7e593c8d75:   e9 6a ff ff ff 48 8b 45 c0 48 8b 7d f0 48 8b 75
0x00007f7e593c8d85:   d8 8b 48 0c 48 8b 00 48 63 55 e4 4c 8b 04 d0 31
0x00007f7e593c8d95:   d2 e8 25 f3 ff ff 48 8b 7d f0 48 8b 75 e8 8b 55
0x00007f7e593c8da5:   e4 48 8b 4d d8 e8 51 f5 ff ff 48 8b 7d f0 48 8b
0x00007f7e593c8db5:   75 d8 e8 c4 f4 ff ff 8b 45 e4 83 c0 01 89 45 e4
0x00007f7e593c8dc5:   e9 4a fe ff ff 48 8b 45 e8 48 83 c4 40 5d c3 66
0x00007f7e593c8dd5:   2e 0f 1f 84 00 00 00 00 00 66 90 55 48 89 e5 48
0x00007f7e593c8de5:   83 ec 10 48 89 7d f8 48 8b 7d f8 e8 fb f2 ff ff
0x00007f7e593c8df5:   48 83 c4 10 5d c3 0f 1f 44 00 00 55 48 89 e5 48
0x00007f7e593c8e05:   83 ec 20 48 89 7d f8 48 8b 45 f8 48 89 45 e8 c7
0x00007f7e593c8e15:   45 f4 00 00 00 00 48 8b 4d e8 8b 45 f4 3b 41 08
0x00007f7e593c8e25:   0f 8d 77 00 00 00 c7 45 f0 00 00 00 00 48 8b 4d
0x00007f7e593c8e35:   e8 8b 45 f0 3b 41 0c 0f 8d 3f 00 00 00 48 8b 45
0x00007f7e593c8e45:   e8 48 8b 00 48 63 4d f4 48 8b 04 c8 48 63 4d f0 


Stack slot to memory mapping:

stack at sp + 0 slots: 0x00007f7e57bfe7f0 is pointing into the stack for thread: 0x00007f7e50028480
stack at sp + 1 slots: 0x00007f7e50028838 points into unknown readable memory: 0x00007f7e59326160 | 60 61 32 59 7e 7f 00 00
stack at sp + 2 slots: 0x0000000000000003 is an unknown value
stack at sp + 3 slots: 0x00007f7e50134fd0 points into unknown readable memory: 0x000000053e8134f0 | f0 34 81 3e 05 00 00 00
stack at sp + 4 slots: 0x0000000000000003 is an unknown value
stack at sp + 5 slots: 0x00007f7e50134fc8 points into unknown readable memory: 0x000000053e8134d0 | d0 34 81 3e 05 00 00 00
stack at sp + 6 slots: 0x00007f7e50028838 points into unknown readable memory: 0x00007f7e59326160 | 60 61 32 59 7e 7f 00 00
stack at sp + 7 slots: 0x00007f7e57bfe7f0 is pointing into the stack for thread: 0x00007f7e50028480


---------------  P R O C E S S  ---------------

Threads class SMR info:
_java_thread_list=0x00007f7e5015f060, length=10, elements={
0x00007f7e50028480, 0x00007f7e50143680, 0x00007f7e50144df0, 0x00007f7e501468d0,
0x00007f7e50147f10, 0x00007f7e501494b0, 0x00007f7e5014b070, 0x00007f7e5014c730,
0x00007f7e5015a940, 0x00007f7e5015df20
}

Java Threads: ( => current thread )
=>0x00007f7e50028480 JavaThread "main"                              [_thread_in_native, id=10198, stack(0x00007f7e57b00000,0x00007f7e57c00000) (1024K)]
  0x00007f7e50143680 JavaThread "Reference Handler"          daemon [_thread_blocked, id=10206, stack(0x00007f7e28341000,0x00007f7e28441000) (1024K)]
  0x00007f7e50144df0 JavaThread "Finalizer"                  daemon [_thread_blocked, id=10207, stack(0x00007f7e28240000,0x00007f7e28340000) (1024K)]
  0x00007f7e501468d0 JavaThread "Signal Dispatcher"          daemon [_thread_blocked, id=10208, stack(0x00007f7e2813f000,0x00007f7e2823f000) (1024K)]
  0x00007f7e50147f10 JavaThread "Service Thread"             daemon [_thread_blocked, id=10209, stack(0x00007f7e2803e000,0x00007f7e2813e000) (1024K)]
  0x00007f7e501494b0 JavaThread "Monitor Deflation Thread"   daemon [_thread_blocked, id=10210, stack(0x00007f7dd2f00000,0x00007f7dd3000000) (1024K)]
  0x00007f7e5014b070 JavaThread "C2 CompilerThread0"         daemon [_thread_blocked, id=10211, stack(0x00007f7dd2dff000,0x00007f7dd2eff000) (1024K)]
  0x00007f7e5014c730 JavaThread "C1 CompilerThread0"         daemon [_thread_blocked, id=10212, stack(0x00007f7dd2cfe000,0x00007f7dd2dfe000) (1024K)]
  0x00007f7e5015a940 JavaThread "Notification Thread"        daemon [_thread_blocked, id=10213, stack(0x00007f7dd2900000,0x00007f7dd2a00000) (1024K)]
  0x00007f7e5015df20 JavaThread "Common-Cleaner"             daemon [_thread_blocked, id=10214, stack(0x00007f7dd27ff000,0x00007f7dd28ff000) (1024K)]
Total: 10

Other Threads:
  0x00007f7e50133a70 VMThread "VM Thread"                           [id=10205, stack(0x00007f7e28499000,0x00007f7e28599000) (1024K)]
  0x00007f7e50118bb0 WatcherThread "VM Periodic Task Thread"        [id=10204, stack(0x00007f7e2859a000,0x00007f7e2869a000) (1024K)]
  0x00007f7e50053090 WorkerThread "GC Thread#0"                     [id=10199, stack(0x00007f7e548aa000,0x00007f7e549aa000) (1024K)]
  0x00007f7e50060300 ConcurrentGCThread "G1 Main Marker"            [id=10200, stack(0x00007f7e547a9000,0x00007f7e548a9000) (1024K)]
  0x00007f7e500612d0 WorkerThread "G1 Conc#0"                       [id=10201, stack(0x00007f7e546a8000,0x00007f7e547a8000) (1024K)]
  0x00007f7e500feb20 ConcurrentGCThread "G1 Refine#0"               [id=10202, stack(0x00007f7e2881d000,0x00007f7e2891d000) (1024K)]
  0x00007f7e500ffad0 ConcurrentGCThread "G1 Service"                [id=10203, stack(0x00007f7e2871c000,0x00007f7e2881c000) (1024K)]
Total: 7

Threads with active compile tasks:
Total: 0

VM state: not at safepoint (normal execution)

VM Mutex/Monitor currently owned by a thread: None

Heap address: 0x000000050f800000, size: 12040 MB, Compressed Oops mode: Zero based, Oop shift amount: 3

CDS archive(s) mapped at: [0x00007f7dd3000000-0x00007f7dd3ca6000-0x00007f7dd3ca6000), size 13262848, SharedBaseAddress: 0x00007f7dd3000000, ArchiveRelocationMode: 1.
Compressed class space mapped at: 0x00007f7dd4000000-0x00007f7e14000000, reserved size: 1073741824
Narrow klass base: 0x00007f7dd3000000, Narrow klass shift: 0, Narrow klass range: 0x100000000

GC Precious Log:
 CardTable entry size: 512
 Card Set container configuration: InlinePtr #cards 4 size 8 Array Of Cards #cards 64 size 144 Howl #buckets 8 coarsen threshold 14745 Howl Bitmap #cards 2048 size 272 coarsen threshold 1843 Card regions per heap region 1 cards per card region 16384
 CPUs: 24 total, 24 available
 Memory: 48137M
 Large Page Support: Disabled
 NUMA Support: Disabled
 Compressed Oops: Enabled (Zero based)
 Heap Region Size: 8M
 Heap Min Capacity: 8M
 Heap Initial Capacity: 760M
 Heap Max Capacity: 12040M
 Pre-touch: Disabled
 Parallel Workers: 18
 Concurrent Workers: 5
 Concurrent Refinement Workers: 18
 Periodic GC: Disabled

Heap:
 garbage-first heap   total 786432K, used 1053K [0x000000050f800000, 0x0000000800000000)
  region size 8192K, 1 young (8192K), 0 survivors (0K)
 Metaspace       used 82K, committed 320K, reserved 1114112K
  class space    used 3K, committed 128K, reserved 1048576K

Heap Regions: E=young(eden), S=young(survivor), O=old, HS=humongous(starts), HC=humongous(continues), CS=collection set, F=free, TAMS=top-at-mark-start, PB=parsable bottom
|   0|0x000000050f800000, 0x000000050f800000, 0x0000000510000000|  0%| F|  |TAMS 0x000000050f800000| PB 0x000000050f800000| Untracked 
|   1|0x0000000510000000, 0x0000000510000000, 0x0000000510800000|  0%| F|  |TAMS 0x0000000510000000| PB 0x0000000510000000| Untracked 
|   2|0x0000000510800000, 0x0000000510800000, 0x0000000511000000|  0%| F|  |TAMS 0x0000000510800000| PB 0x0000000510800000| Untracked 
|   3|0x0000000511000000, 0x0000000511000000, 0x0000000511800000|  0%| F|  |TAMS 0x0000000511000000| PB 0x0000000511000000| Untracked 
|   4|0x0000000511800000, 0x0000000511800000, 0x0000000512000000|  0%| F|  |TAMS 0x0000000511800000| PB 0x0000000511800000| Untracked 
|   5|0x0000000512000000, 0x0000000512000000, 0x0000000512800000|  0%| F|  |TAMS 0x0000000512000000| PB 0x0000000512000000| Untracked 
|   6|0x0000000512800000, 0x0000000512800000, 0x0000000513000000|  0%| F|  |TAMS 0x0000000512800000| PB 0x0000000512800000| Untracked 
|   7|0x0000000513000000, 0x0000000513000000, 0x0000000513800000|  0%| F|  |TAMS 0x0000000513000000| PB 0x0000000513000000| Untracked 
|   8|0x0000000513800000, 0x0000000513800000, 0x0000000514000000|  0%| F|  |TAMS 0x0000000513800000| PB 0x0000000513800000| Untracked 
|   9|0x0000000514000000, 0x0000000514000000, 0x0000000514800000|  0%| F|  |TAMS 0x0000000514000000| PB 0x0000000514000000| Untracked 
|  10|0x0000000514800000, 0x0000000514800000, 0x0000000515000000|  0%| F|  |TAMS 0x0000000514800000| PB 0x0000000514800000| Untracked 
|  11|0x0000000515000000, 0x0000000515000000, 0x0000000515800000|  0%| F|  |TAMS 0x0000000515000000| PB 0x0000000515000000| Untracked 
|  12|0x0000000515800000, 0x0000000515800000, 0x0000000516000000|  0%| F|  |TAMS 0x0000000515800000| PB 0x0000000515800000| Untracked 
|  13|0x0000000516000000, 0x0000000516000000, 0x0000000516800000|  0%| F|  |TAMS 0x0000000516000000| PB 0x0000000516000000| Untracked 
|  14|0x0000000516800000, 0x0000000516800000, 0x0000000517000000|  0%| F|  |TAMS 0x0000000516800000| PB 0x0000000516800000| Untracked 
|  15|0x0000000517000000, 0x0000000517000000, 0x0000000517800000|  0%| F|  |TAMS 0x0000000517000000| PB 0x0000000517000000| Untracked 
|  16|0x0000000517800000, 0x0000000517800000, 0x0000000518000000|  0%| F|  |TAMS 0x0000000517800000| PB 0x0000000517800000| Untracked 
|  17|0x0000000518000000, 0x0000000518000000, 0x0000000518800000|  0%| F|  |TAMS 0x0000000518000000| PB 0x0000000518000000| Untracked 
|  18|0x0000000518800000, 0x0000000518800000, 0x0000000519000000|  0%| F|  |TAMS 0x0000000518800000| PB 0x0000000518800000| Untracked 
|  19|0x0000000519000000, 0x0000000519000000, 0x0000000519800000|  0%| F|  |TAMS 0x0000000519000000| PB 0x0000000519000000| Untracked 
|  20|0x0000000519800000, 0x0000000519800000, 0x000000051a000000|  0%| F|  |TAMS 0x0000000519800000| PB 0x0000000519800000| Untracked 
|  21|0x000000051a000000, 0x000000051a000000, 0x000000051a800000|  0%| F|  |TAMS 0x000000051a000000| PB 0x000000051a000000| Untracked 
|  22|0x000000051a800000, 0x000000051a800000, 0x000000051b000000|  0%| F|  |TAMS 0x000000051a800000| PB 0x000000051a800000| Untracked 
|  23|0x000000051b000000, 0x000000051b000000, 0x000000051b800000|  0%| F|  |TAMS 0x000000051b000000| PB 0x000000051b000000| Untracked 
|  24|0x000000051b800000, 0x000000051b800000, 0x000000051c000000|  0%| F|  |TAMS 0x000000051b800000| PB 0x000000051b800000| Untracked 
|  25|0x000000051c000000, 0x000000051c000000, 0x000000051c800000|  0%| F|  |TAMS 0x000000051c000000| PB 0x000000051c000000| Untracked 
|  26|0x000000051c800000, 0x000000051c800000, 0x000000051d000000|  0%| F|  |TAMS 0x000000051c800000| PB 0x000000051c800000| Untracked 
|  27|0x000000051d000000, 0x000000051d000000, 0x000000051d800000|  0%| F|  |TAMS 0x000000051d000000| PB 0x000000051d000000| Untracked 
|  28|0x000000051d800000, 0x000000051d800000, 0x000000051e000000|  0%| F|  |TAMS 0x000000051d800000| PB 0x000000051d800000| Untracked 
|  29|0x000000051e000000, 0x000000051e000000, 0x000000051e800000|  0%| F|  |TAMS 0x000000051e000000| PB 0x000000051e000000| Untracked 
|  30|0x000000051e800000, 0x000000051e800000, 0x000000051f000000|  0%| F|  |TAMS 0x000000051e800000| PB 0x000000051e800000| Untracked 
|  31|0x000000051f000000, 0x000000051f000000, 0x000000051f800000|  0%| F|  |TAMS 0x000000051f000000| PB 0x000000051f000000| Untracked 
|  32|0x000000051f800000, 0x000000051f800000, 0x0000000520000000|  0%| F|  |TAMS 0x000000051f800000| PB 0x000000051f800000| Untracked 
|  33|0x0000000520000000, 0x0000000520000000, 0x0000000520800000|  0%| F|  |TAMS 0x0000000520000000| PB 0x0000000520000000| Untracked 
|  34|0x0000000520800000, 0x0000000520800000, 0x0000000521000000|  0%| F|  |TAMS 0x0000000520800000| PB 0x0000000520800000| Untracked 
|  35|0x0000000521000000, 0x0000000521000000, 0x0000000521800000|  0%| F|  |TAMS 0x0000000521000000| PB 0x0000000521000000| Untracked 
|  36|0x0000000521800000, 0x0000000521800000, 0x0000000522000000|  0%| F|  |TAMS 0x0000000521800000| PB 0x0000000521800000| Untracked 
|  37|0x0000000522000000, 0x0000000522000000, 0x0000000522800000|  0%| F|  |TAMS 0x0000000522000000| PB 0x0000000522000000| Untracked 
|  38|0x0000000522800000, 0x0000000522800000, 0x0000000523000000|  0%| F|  |TAMS 0x0000000522800000| PB 0x0000000522800000| Untracked 
|  39|0x0000000523000000, 0x0000000523000000, 0x0000000523800000|  0%| F|  |TAMS 0x0000000523000000| PB 0x0000000523000000| Untracked 
|  40|0x0000000523800000, 0x0000000523800000, 0x0000000524000000|  0%| F|  |TAMS 0x0000000523800000| PB 0x0000000523800000| Untracked 
|  41|0x0000000524000000, 0x0000000524000000, 0x0000000524800000|  0%| F|  |TAMS 0x0000000524000000| PB 0x0000000524000000| Untracked 
|  42|0x0000000524800000, 0x0000000524800000, 0x0000000525000000|  0%| F|  |TAMS 0x0000000524800000| PB 0x0000000524800000| Untracked 
|  43|0x0000000525000000, 0x0000000525000000, 0x0000000525800000|  0%| F|  |TAMS 0x0000000525000000| PB 0x0000000525000000| Untracked 
|  44|0x0000000525800000, 0x0000000525800000, 0x0000000526000000|  0%| F|  |TAMS 0x0000000525800000| PB 0x0000000525800000| Untracked 
|  45|0x0000000526000000, 0x0000000526000000, 0x0000000526800000|  0%| F|  |TAMS 0x0000000526000000| PB 0x0000000526000000| Untracked 
|  46|0x0000000526800000, 0x0000000526800000, 0x0000000527000000|  0%| F|  |TAMS 0x0000000526800000| PB 0x0000000526800000| Untracked 
|  47|0x0000000527000000, 0x0000000527000000, 0x0000000527800000|  0%| F|  |TAMS 0x0000000527000000| PB 0x0000000527000000| Untracked 
|  48|0x0000000527800000, 0x0000000527800000, 0x0000000528000000|  0%| F|  |TAMS 0x0000000527800000| PB 0x0000000527800000| Untracked 
|  49|0x0000000528000000, 0x0000000528000000, 0x0000000528800000|  0%| F|  |TAMS 0x0000000528000000| PB 0x0000000528000000| Untracked 
|  50|0x0000000528800000, 0x0000000528800000, 0x0000000529000000|  0%| F|  |TAMS 0x0000000528800000| PB 0x0000000528800000| Untracked 
|  51|0x0000000529000000, 0x0000000529000000, 0x0000000529800000|  0%| F|  |TAMS 0x0000000529000000| PB 0x0000000529000000| Untracked 
|  52|0x0000000529800000, 0x0000000529800000, 0x000000052a000000|  0%| F|  |TAMS 0x0000000529800000| PB 0x0000000529800000| Untracked 
|  53|0x000000052a000000, 0x000000052a000000, 0x000000052a800000|  0%| F|  |TAMS 0x000000052a000000| PB 0x000000052a000000| Untracked 
|  54|0x000000052a800000, 0x000000052a800000, 0x000000052b000000|  0%| F|  |TAMS 0x000000052a800000| PB 0x000000052a800000| Untracked 
|  55|0x000000052b000000, 0x000000052b000000, 0x000000052b800000|  0%| F|  |TAMS 0x000000052b000000| PB 0x000000052b000000| Untracked 
|  56|0x000000052b800000, 0x000000052b800000, 0x000000052c000000|  0%| F|  |TAMS 0x000000052b800000| PB 0x000000052b800000| Untracked 
|  57|0x000000052c000000, 0x000000052c000000, 0x000000052c800000|  0%| F|  |TAMS 0x000000052c000000| PB 0x000000052c000000| Untracked 
|  58|0x000000052c800000, 0x000000052c800000, 0x000000052d000000|  0%| F|  |TAMS 0x000000052c800000| PB 0x000000052c800000| Untracked 
|  59|0x000000052d000000, 0x000000052d000000, 0x000000052d800000|  0%| F|  |TAMS 0x000000052d000000| PB 0x000000052d000000| Untracked 
|  60|0x000000052d800000, 0x000000052d800000, 0x000000052e000000|  0%| F|  |TAMS 0x000000052d800000| PB 0x000000052d800000| Untracked 
|  61|0x000000052e000000, 0x000000052e000000, 0x000000052e800000|  0%| F|  |TAMS 0x000000052e000000| PB 0x000000052e000000| Untracked 
|  62|0x000000052e800000, 0x000000052e800000, 0x000000052f000000|  0%| F|  |TAMS 0x000000052e800000| PB 0x000000052e800000| Untracked 
|  63|0x000000052f000000, 0x000000052f000000, 0x000000052f800000|  0%| F|  |TAMS 0x000000052f000000| PB 0x000000052f000000| Untracked 
|  64|0x000000052f800000, 0x000000052f800000, 0x0000000530000000|  0%| F|  |TAMS 0x000000052f800000| PB 0x000000052f800000| Untracked 
|  65|0x0000000530000000, 0x0000000530000000, 0x0000000530800000|  0%| F|  |TAMS 0x0000000530000000| PB 0x0000000530000000| Untracked 
|  66|0x0000000530800000, 0x0000000530800000, 0x0000000531000000|  0%| F|  |TAMS 0x0000000530800000| PB 0x0000000530800000| Untracked 
|  67|0x0000000531000000, 0x0000000531000000, 0x0000000531800000|  0%| F|  |TAMS 0x0000000531000000| PB 0x0000000531000000| Untracked 
|  68|0x0000000531800000, 0x0000000531800000, 0x0000000532000000|  0%| F|  |TAMS 0x0000000531800000| PB 0x0000000531800000| Untracked 
|  69|0x0000000532000000, 0x0000000532000000, 0x0000000532800000|  0%| F|  |TAMS 0x0000000532000000| PB 0x0000000532000000| Untracked 
|  70|0x0000000532800000, 0x0000000532800000, 0x0000000533000000|  0%| F|  |TAMS 0x0000000532800000| PB 0x0000000532800000| Untracked 
|  71|0x0000000533000000, 0x0000000533000000, 0x0000000533800000|  0%| F|  |TAMS 0x0000000533000000| PB 0x0000000533000000| Untracked 
|  72|0x0000000533800000, 0x0000000533800000, 0x0000000534000000|  0%| F|  |TAMS 0x0000000533800000| PB 0x0000000533800000| Untracked 
|  73|0x0000000534000000, 0x0000000534000000, 0x0000000534800000|  0%| F|  |TAMS 0x0000000534000000| PB 0x0000000534000000| Untracked 
|  74|0x0000000534800000, 0x0000000534800000, 0x0000000535000000|  0%| F|  |TAMS 0x0000000534800000| PB 0x0000000534800000| Untracked 
|  75|0x0000000535000000, 0x0000000535000000, 0x0000000535800000|  0%| F|  |TAMS 0x0000000535000000| PB 0x0000000535000000| Untracked 
|  76|0x0000000535800000, 0x0000000535800000, 0x0000000536000000|  0%| F|  |TAMS 0x0000000535800000| PB 0x0000000535800000| Untracked 
|  77|0x0000000536000000, 0x0000000536000000, 0x0000000536800000|  0%| F|  |TAMS 0x0000000536000000| PB 0x0000000536000000| Untracked 
|  78|0x0000000536800000, 0x0000000536800000, 0x0000000537000000|  0%| F|  |TAMS 0x0000000536800000| PB 0x0000000536800000| Untracked 
|  79|0x0000000537000000, 0x0000000537000000, 0x0000000537800000|  0%| F|  |TAMS 0x0000000537000000| PB 0x0000000537000000| Untracked 
|  80|0x0000000537800000, 0x0000000537800000, 0x0000000538000000|  0%| F|  |TAMS 0x0000000537800000| PB 0x0000000537800000| Untracked 
|  81|0x0000000538000000, 0x0000000538000000, 0x0000000538800000|  0%| F|  |TAMS 0x0000000538000000| PB 0x0000000538000000| Untracked 
|  82|0x0000000538800000, 0x0000000538800000, 0x0000000539000000|  0%| F|  |TAMS 0x0000000538800000| PB 0x0000000538800000| Untracked 
|  83|0x0000000539000000, 0x0000000539000000, 0x0000000539800000|  0%| F|  |TAMS 0x0000000539000000| PB 0x0000000539000000| Untracked 
|  84|0x0000000539800000, 0x0000000539800000, 0x000000053a000000|  0%| F|  |TAMS 0x0000000539800000| PB 0x0000000539800000| Untracked 
|  85|0x000000053a000000, 0x000000053a000000, 0x000000053a800000|  0%| F|  |TAMS 0x000000053a000000| PB 0x000000053a000000| Untracked 
|  86|0x000000053a800000, 0x000000053a800000, 0x000000053b000000|  0%| F|  |TAMS 0x000000053a800000| PB 0x000000053a800000| Untracked 
|  87|0x000000053b000000, 0x000000053b000000, 0x000000053b800000|  0%| F|  |TAMS 0x000000053b000000| PB 0x000000053b000000| Untracked 
|  88|0x000000053b800000, 0x000000053b800000, 0x000000053c000000|  0%| F|  |TAMS 0x000000053b800000| PB 0x000000053b800000| Untracked 
|  89|0x000000053c000000, 0x000000053c000000, 0x000000053c800000|  0%| F|  |TAMS 0x000000053c000000| PB 0x000000053c000000| Untracked 
|  90|0x000000053c800000, 0x000000053c800000, 0x000000053d000000|  0%| F|  |TAMS 0x000000053c800000| PB 0x000000053c800000| Untracked 
|  91|0x000000053d000000, 0x000000053d000000, 0x000000053d800000|  0%| F|  |TAMS 0x000000053d000000| PB 0x000000053d000000| Untracked 
|  92|0x000000053d800000, 0x000000053d800000, 0x000000053e000000|  0%| F|  |TAMS 0x000000053d800000| PB 0x000000053d800000| Untracked 
|  93|0x000000053e000000, 0x000000053e000000, 0x000000053e800000|  0%| F|  |TAMS 0x000000053e000000| PB 0x000000053e000000| Untracked 
|  94|0x000000053e800000, 0x000000053e9eb8d8, 0x000000053f000000| 24%| E|  |TAMS 0x000000053e800000| PB 0x000000053e800000| Complete 
|1504|0x00000007ff800000, 0x00000007ff907778, 0x0000000800000000| 12%| O|  |TAMS 0x00000007ff800000| PB 0x00000007ff800000| Untracked 

Card table byte_map: [0x00007f7e37149000,0x00007f7e388cd000] _byte_map_base: 0x00007f7e348cd000

Marking Bits: (CMBitMap*) 0x00007f7e50053bb0
 Bits: [0x00007f7e2b529000, 0x00007f7e37149000)

Polling page: 0x00007f7e59946000

Metaspace:

Usage:
  Non-class:     78.75 KB used.
      Class:      3.75 KB used.
       Both:     82.50 KB used.

Virtual space:
  Non-class space:       64.00 MB reserved,     192.00 KB ( <1%) committed,  1 nodes.
      Class space:        1.00 GB reserved,     128.00 KB ( <1%) committed,  1 nodes.
             Both:        1.06 GB reserved,     320.00 KB ( <1%) committed. 

Chunk freelists:
   Non-Class:  12.00 MB
       Class:  15.75 MB
        Both:  27.74 MB

MaxMetaspaceSize: unlimited
CompressedClassSpaceSize: 1.00 GB
Initial GC threshold: 21.00 MB
Current GC threshold: 21.00 MB
CDS: on
 - commit_granule_bytes: 65536.
 - commit_granule_words: 8192.
 - virtual_space_node_default_size: 8388608.
 - enlarge_chunks_in_place: 1.
 - use_allocation_guard: 0.


Internal statistics:

num_allocs_failed_limit: 0.
num_arena_births: 4.
num_arena_deaths: 0.
num_vsnodes_births: 2.
num_vsnodes_deaths: 0.
num_space_committed: 5.
num_space_uncommitted: 0.
num_chunks_returned_to_freelist: 0.
num_chunks_taken_from_freelist: 5.
num_chunk_merges: 0.
num_chunk_splits: 3.
num_chunks_enlarged: 0.
num_inconsistent_stats: 0.

CodeHeap 'non-profiled nmethods': size=119168Kb used=0Kb max_used=0Kb free=119168Kb
 bounds [0x00007f7e4046d000, 0x00007f7e406dd000, 0x00007f7e478cd000]
CodeHeap 'profiled nmethods': size=119164Kb used=4Kb max_used=4Kb free=119159Kb
 bounds [0x00007f7e388cd000, 0x00007f7e38b3d000, 0x00007f7e3fd2c000]
CodeHeap 'non-nmethods': size=7428Kb used=1152Kb max_used=1154Kb free=6275Kb
 bounds [0x00007f7e3fd2c000, 0x00007f7e3ff9c000, 0x00007f7e4046d000]
 total_blobs=303 nmethods=4 adapters=206
 compilation: enabled
              stopped_count=0, restarted_count=0
 full_count=0

Compilation events (8 events):
Event: 0.019 Thread 0x00007f7e5014c730    1       3       java.lang.Object::<init> (1 bytes)
Event: 0.019 Thread 0x00007f7e5014c730 nmethod 1 0x00007f7e388cd010 code [0x00007f7e388cd1a0, 0x00007f7e388cd2a0]
Event: 0.021 Thread 0x00007f7e5014c730    2       3       java.lang.String::coder (15 bytes)
Event: 0.021 Thread 0x00007f7e5014c730 nmethod 2 0x00007f7e388cd310 code [0x00007f7e388cd4a0, 0x00007f7e388cd5d0]
Event: 0.025 Thread 0x00007f7e5014c730    3       3       java.lang.String::length (11 bytes)
Event: 0.025 Thread 0x00007f7e5014c730 nmethod 3 0x00007f7e388cd690 code [0x00007f7e388cd840, 0x00007f7e388cd9e0]
Event: 0.032 Thread 0x00007f7e5014c730    4       3       java.lang.String::hashCode (60 bytes)
Event: 0.033 Thread 0x00007f7e5014c730 nmethod 4 0x00007f7e388cda90 code [0x00007f7e388cdc60, 0x00007f7e388cdfb0]

GC Heap History (0 events):
No events

Dll operation events (3 events):
Event: 0.002 Loaded shared library /root/.sdkman/candidates/java/21.0.2-amzn/lib/libjava.so
Event: 0.017 Loaded shared library /root/.sdkman/candidates/java/21.0.2-amzn/lib/libjsvml.so
Event: 0.032 Loaded shared library /mnt/e/code/BA-Thesis/java/app/build/libcppjnilib.so

Deoptimization events (0 events):
No events

Classes loaded (8 events):
Event: 0.015 Loading class sun/nio/cs/UTF_8$Encoder
Event: 0.015 Loading class sun/nio/cs/UTF_8$Encoder done
Event: 0.020 Loading class jdk/internal/vm/PostVMInitHook
Event: 0.020 Loading class jdk/internal/vm/PostVMInitHook done
Event: 0.020 Loading class jdk/internal/loader/URLClassPath$FileLoader
Event: 0.021 Loading class jdk/internal/loader/URLClassPath$FileLoader done
Event: 0.022 Loading class jdk/internal/loader/URLClassPath$FileLoader$1
Event: 0.022 Loading class jdk/internal/loader/URLClassPath$FileLoader$1 done

Classes unloaded (0 events):
No events

Classes redefined (0 events):
No events

Internal exceptions (0 events):
No events

ZGC Phase Switch (0 events):
No events

VM Operations (0 events):
No events

Events (20 events):
Event: 0.002 Protecting memory [0x00007f7e57b00000,0x00007f7e57b04000] with protection modes 0
Event: 0.010 Thread 0x00007f7e50028480 Thread added: 0x00007f7e50028480
Event: 0.015 Thread 0x00007f7e50143680 Thread added: 0x00007f7e50143680
Event: 0.015 Protecting memory [0x00007f7e28341000,0x00007f7e28345000] with protection modes 0
Event: 0.015 Thread 0x00007f7e50144df0 Thread added: 0x00007f7e50144df0
Event: 0.015 Protecting memory [0x00007f7e28240000,0x00007f7e28244000] with protection modes 0
Event: 0.016 Thread 0x00007f7e501468d0 Thread added: 0x00007f7e501468d0
Event: 0.016 Protecting memory [0x00007f7e2813f000,0x00007f7e28143000] with protection modes 0
Event: 0.016 Thread 0x00007f7e50147f10 Thread added: 0x00007f7e50147f10
Event: 0.016 Protecting memory [0x00007f7e2803e000,0x00007f7e28042000] with protection modes 0
Event: 0.016 Thread 0x00007f7e501494b0 Thread added: 0x00007f7e501494b0
Event: 0.016 Protecting memory [0x00007f7dd2f00000,0x00007f7dd2f04000] with protection modes 0
Event: 0.016 Thread 0x00007f7e5014b070 Thread added: 0x00007f7e5014b070
Event: 0.016 Protecting memory [0x00007f7dd2dff000,0x00007f7dd2e03000] with protection modes 0
Event: 0.017 Thread 0x00007f7e5014c730 Thread added: 0x00007f7e5014c730
Event: 0.017 Protecting memory [0x00007f7dd2cfe000,0x00007f7dd2d02000] with protection modes 0
Event: 0.020 Thread 0x00007f7e5015a940 Thread added: 0x00007f7e5015a940
Event: 0.020 Protecting memory [0x00007f7dd2900000,0x00007f7dd2904000] with protection modes 0
Event: 0.023 Thread 0x00007f7e5015df20 Thread added: 0x00007f7e5015df20
Event: 0.023 Protecting memory [0x00007f7dd27ff000,0x00007f7dd2803000] with protection modes 0


Dynamic libraries:
50f800000-53f000000 rw-p 00000000 00:00 0 
53f000000-7ff800000 ---p 00000000 00:00 0 
7ff800000-7ff908000 rw-p 00ce5000 08:20 537309                           /root/.sdkman/candidates/java/21.0.2-amzn/lib/server/classes.jsa
7ff908000-800000000 rw-p 00000000 00:00 0 
55c2bb800000-55c2bb801000 r-xp 00000000 08:20 307511                     /root/.sdkman/candidates/java/21.0.2-amzn/bin/java
55c2bba01000-55c2bba02000 r--p 00001000 08:20 307511                     /root/.sdkman/candidates/java/21.0.2-amzn/bin/java
55c2bba02000-55c2bba03000 rw-p 00002000 08:20 307511                     /root/.sdkman/candidates/java/21.0.2-amzn/bin/java
55c2bc91b000-55c2bc961000 rw-p 00000000 00:00 0                          [heap]
7f7da0000000-7f7da0021000 rw-p 00000000 00:00 0 
7f7da0021000-7f7da4000000 ---p 00000000 00:00 0 
7f7da4000000-7f7da4021000 rw-p 00000000 00:00 0 
7f7da4021000-7f7da8000000 ---p 00000000 00:00 0 
7f7da8000000-7f7da806f000 rw-p 00000000 00:00 0 
7f7da806f000-7f7dac000000 ---p 00000000 00:00 0 
7f7dac000000-7f7dac021000 rw-p 00000000 00:00 0 
7f7dac021000-7f7db0000000 ---p 00000000 00:00 0 
7f7db0000000-7f7db0021000 rw-p 00000000 00:00 0 
7f7db0021000-7f7db4000000 ---p 00000000 00:00 0 
7f7db4000000-7f7db4021000 rw-p 00000000 00:00 0 
7f7db4021000-7f7db8000000 ---p 00000000 00:00 0 
7f7db8000000-7f7db8021000 rw-p 00000000 00:00 0 
7f7db8021000-7f7dbc000000 ---p 00000000 00:00 0 
7f7dbc000000-7f7dbc021000 rw-p 00000000 00:00 0 
7f7dbc021000-7f7dc0000000 ---p 00000000 00:00 0 
7f7dc0000000-7f7dc0021000 rw-p 00000000 00:00 0 
7f7dc0021000-7f7dc4000000 ---p 00000000 00:00 0 
7f7dc4000000-7f7dc4021000 rw-p 00000000 00:00 0 
7f7dc4021000-7f7dc8000000 ---p 00000000 00:00 0 
7f7dc8000000-7f7dc8020000 rw-p 00000000 00:00 0 
7f7dc8020000-7f7dc8400000 ---p 00000000 00:00 0 
7f7dc8400000-7f7dc8410000 rw-p 00000000 00:00 0 
7f7dc8410000-7f7dcc000000 ---p 00000000 00:00 0 
7f7dcc000000-7f7dcc021000 rw-p 00000000 00:00 0 
7f7dcc021000-7f7dd0000000 ---p 00000000 00:00 0 
7f7dd216f000-7f7dd25d2000 rw-p 00000000 00:00 0 
7f7dd25d2000-7f7dd266c000 r--p 00000000 08:20 27187                      /usr/lib/x86_64-linux-gnu/libstdc++.so.6.0.30
7f7dd266c000-7f7dd277d000 r-xp 0009a000 08:20 27187                      /usr/lib/x86_64-linux-gnu/libstdc++.so.6.0.30
7f7dd277d000-7f7dd27ec000 r--p 001ab000 08:20 27187                      /usr/lib/x86_64-linux-gnu/libstdc++.so.6.0.30
7f7dd27ec000-7f7dd27ed000 ---p 0021a000 08:20 27187                      /usr/lib/x86_64-linux-gnu/libstdc++.so.6.0.30
7f7dd27ed000-7f7dd27f8000 r--p 0021a000 08:20 27187                      /usr/lib/x86_64-linux-gnu/libstdc++.so.6.0.30
7f7dd27f8000-7f7dd27fb000 rw-p 00225000 08:20 27187                      /usr/lib/x86_64-linux-gnu/libstdc++.so.6.0.30
7f7dd27fb000-7f7dd27fe000 rw-p 00000000 00:00 0 
7f7dd27fe000-7f7dd27ff000 ---p 00000000 00:00 0 
7f7dd27ff000-7f7dd2803000 ---p 00000000 00:00 0 
7f7dd2803000-7f7dd28ff000 rw-p 00000000 00:00 0 
7f7dd28ff000-7f7dd2900000 ---p 00000000 00:00 0 
7f7dd2900000-7f7dd2904000 ---p 00000000 00:00 0 
7f7dd2904000-7f7dd2a00000 rw-p 00000000 00:00 0 
7f7dd2a00000-7f7dd2ace000 r-xp 00000000 08:20 537319                     /root/.sdkman/candidates/java/21.0.2-amzn/lib/libjsvml.so
7f7dd2ace000-7f7dd2ccd000 ---p 000ce000 08:20 537319                     /root/.sdkman/candidates/java/21.0.2-amzn/lib/libjsvml.so
7f7dd2ccd000-7f7dd2cce000 r--p 000cd000 08:20 537319                     /root/.sdkman/candidates/java/21.0.2-amzn/lib/libjsvml.so
7f7dd2cce000-7f7dd2ccf000 rw-p 000ce000 08:20 537319                     /root/.sdkman/candidates/java/21.0.2-amzn/lib/libjsvml.so
7f7dd2cfd000-7f7dd2cfe000 ---p 00000000 00:00 0 
7f7dd2cfe000-7f7dd2d02000 ---p 00000000 00:00 0 
7f7dd2d02000-7f7dd2dfe000 rw-p 00000000 00:00 0 
7f7dd2dfe000-7f7dd2dff000 ---p 00000000 00:00 0 
7f7dd2dff000-7f7dd2e03000 ---p 00000000 00:00 0 
7f7dd2e03000-7f7dd2eff000 rw-p 00000000 00:00 0 
7f7dd2eff000-7f7dd2f00000 ---p 00000000 00:00 0 
7f7dd2f00000-7f7dd2f04000 ---p 00000000 00:00 0 
7f7dd2f04000-7f7dd3000000 rw-p 00000000 00:00 0 
7f7dd3000000-7f7dd3ca6000 rw-p 00001000 08:20 537309                     /root/.sdkman/candidates/java/21.0.2-amzn/lib/server/classes.jsa
7f7dd3ca6000-7f7dd4000000 ---p 00000000 00:00 0 
7f7dd4000000-7f7dd4010000 rw-p 00000000 00:00 0 
7f7dd4010000-7f7dd4040000 ---p 00000000 00:00 0 
7f7dd4040000-7f7dd4050000 rw-p 00000000 00:00 0 
7f7dd4050000-7f7e14000000 ---p 00000000 00:00 0 
7f7e14000000-7f7e14021000 rw-p 00000000 00:00 0 
7f7e14021000-7f7e18000000 ---p 00000000 00:00 0 
7f7e18000000-7f7e18021000 rw-p 00000000 00:00 0 
7f7e18021000-7f7e1c000000 ---p 00000000 00:00 0 
7f7e1c000000-7f7e1c021000 rw-p 00000000 00:00 0 
7f7e1c021000-7f7e20000000 ---p 00000000 00:00 0 
7f7e20000000-7f7e20021000 rw-p 00000000 00:00 0 
7f7e20021000-7f7e24000000 ---p 00000000 00:00 0 
7f7e24000000-7f7e24021000 rw-p 00000000 00:00 0 
7f7e24021000-7f7e28000000 ---p 00000000 00:00 0 
7f7e2803d000-7f7e2803e000 ---p 00000000 00:00 0 
7f7e2803e000-7f7e28042000 ---p 00000000 00:00 0 
7f7e28042000-7f7e2813e000 rw-p 00000000 00:00 0 
7f7e2813e000-7f7e2813f000 ---p 00000000 00:00 0 
7f7e2813f000-7f7e28143000 ---p 00000000 00:00 0 
7f7e28143000-7f7e2823f000 rw-p 00000000 00:00 0 
7f7e2823f000-7f7e28240000 ---p 00000000 00:00 0 
7f7e28240000-7f7e28244000 ---p 00000000 00:00 0 
7f7e28244000-7f7e28340000 rw-p 00000000 00:00 0 
7f7e28340000-7f7e28341000 ---p 00000000 00:00 0 
7f7e28341000-7f7e28345000 ---p 00000000 00:00 0 
7f7e28345000-7f7e28441000 rw-p 00000000 00:00 0 
7f7e28441000-7f7e28498000 r--p 00000000 08:20 7397                       /usr/lib/locale/C.utf8/LC_CTYPE
7f7e28498000-7f7e28499000 ---p 00000000 00:00 0 
7f7e28499000-7f7e28599000 rw-p 00000000 00:00 0 
7f7e28599000-7f7e2859a000 ---p 00000000 00:00 0 
7f7e2859a000-7f7e2871b000 rw-p 00000000 00:00 0 
7f7e2871b000-7f7e2871c000 ---p 00000000 00:00 0 
7f7e2871c000-7f7e2881c000 rw-p 00000000 00:00 0 
7f7e2881c000-7f7e2881d000 ---p 00000000 00:00 0 
7f7e2881d000-7f7e2c109000 rw-p 00000000 00:00 0 
7f7e2c109000-7f7e37129000 ---p 00000000 00:00 0 
7f7e37129000-7f7e372c5000 rw-p 00000000 00:00 0 
7f7e372c5000-7f7e388c9000 ---p 00000000 00:00 0 
7f7e388c9000-7f7e388cd000 rw-p 00000000 00:00 0 
7f7e388cd000-7f7e38b3d000 rwxp 00000000 00:00 0 
7f7e38b3d000-7f7e3fd2c000 ---p 00000000 00:00 0 
7f7e3fd2c000-7f7e3ff9c000 rwxp 00000000 00:00 0 
7f7e3ff9c000-7f7e4046d000 ---p 00000000 00:00 0 
7f7e4046d000-7f7e406dd000 rwxp 00000000 00:00 0 
7f7e406dd000-7f7e478cd000 ---p 00000000 00:00 0 
7f7e478cd000-7f7e50000000 r--s 00000000 08:20 537331                     /root/.sdkman/candidates/java/21.0.2-amzn/lib/modules
7f7e50000000-7f7e50188000 rw-p 00000000 00:00 0 
7f7e50188000-7f7e54000000 ---p 00000000 00:00 0 
7f7e54026000-7f7e54029000 r--p 00000000 08:20 9341                       /usr/lib/x86_64-linux-gnu/libgcc_s.so.1
7f7e54029000-7f7e54040000 r-xp 00003000 08:20 9341                       /usr/lib/x86_64-linux-gnu/libgcc_s.so.1
7f7e54040000-7f7e54044000 r--p 0001a000 08:20 9341                       /usr/lib/x86_64-linux-gnu/libgcc_s.so.1
7f7e54044000-7f7e54045000 r--p 0001d000 08:20 9341                       /usr/lib/x86_64-linux-gnu/libgcc_s.so.1
7f7e54045000-7f7e54046000 rw-p 0001e000 08:20 9341                       /usr/lib/x86_64-linux-gnu/libgcc_s.so.1
7f7e54046000-7f7e546a7000 rw-p 00000000 00:00 0 
7f7e546a7000-7f7e546a8000 ---p 00000000 00:00 0 
7f7e546a8000-7f7e547a8000 rw-p 00000000 00:00 0 
7f7e547a8000-7f7e547a9000 ---p 00000000 00:00 0 
7f7e547a9000-7f7e548a9000 rw-p 00000000 00:00 0 
7f7e548a9000-7f7e548aa000 ---p 00000000 00:00 0 
7f7e548aa000-7f7e54be6000 rw-p 00000000 00:00 0 
7f7e54be6000-7f7e561ea000 ---p 00000000 00:00 0 
7f7e561ea000-7f7e57400000 rw-p 00000000 00:00 0 
7f7e57400000-7f7e57420000 r-xp 00000000 08:20 537301                     /root/.sdkman/candidates/java/21.0.2-amzn/lib/libjava.so
7f7e57420000-7f7e5761f000 ---p 00020000 08:20 537301                     /root/.sdkman/candidates/java/21.0.2-amzn/lib/libjava.so
7f7e5761f000-7f7e57620000 r--p 0001f000 08:20 537301                     /root/.sdkman/candidates/java/21.0.2-amzn/lib/libjava.so
7f7e57620000-7f7e57621000 rw-p 00020000 08:20 537301                     /root/.sdkman/candidates/java/21.0.2-amzn/lib/libjava.so
7f7e57621000-7f7e57622000 rw-p 00000000 00:00 0 
7f7e5762e000-7f7e57633000 rw-p 00000000 00:00 0 
7f7e57633000-7f7e57717000 ---p 00000000 00:00 0 
7f7e57717000-7f7e5771c000 rw-p 00000000 00:00 0 
7f7e5771c000-7f7e57800000 ---p 00000000 00:00 0 
7f7e57800000-7f7e5781b000 r-xp 00000000 08:20 537352                     /root/.sdkman/candidates/java/21.0.2-amzn/lib/libjimage.so
7f7e5781b000-7f7e57a1a000 ---p 0001b000 08:20 537352                     /root/.sdkman/candidates/java/21.0.2-amzn/lib/libjimage.so
7f7e57a1a000-7f7e57a1c000 r--p 0001a000 08:20 537352                     /root/.sdkman/candidates/java/21.0.2-amzn/lib/libjimage.so
7f7e57a1c000-7f7e57a1d000 rw-p 0001c000 08:20 537352                     /root/.sdkman/candidates/java/21.0.2-amzn/lib/libjimage.so
7f7e57a30000-7f7e57b00000 rw-p 00000000 00:00 0 
7f7e57b00000-7f7e57b04000 ---p 00000000 00:00 0 
7f7e57b04000-7f7e57c00000 rw-p 00000000 00:00 0 
7f7e57c00000-7f7e5904f000 r-xp 00000000 08:20 537311                     /root/.sdkman/candidates/java/21.0.2-amzn/lib/server/libjvm.so
7f7e5904f000-7f7e5924e000 ---p 0144f000 08:20 537311                     /root/.sdkman/candidates/java/21.0.2-amzn/lib/server/libjvm.so
7f7e5924e000-7f7e5931f000 r--p 0144e000 08:20 537311                     /root/.sdkman/candidates/java/21.0.2-amzn/lib/server/libjvm.so
7f7e5931f000-7f7e5934f000 rw-p 0151f000 08:20 537311                     /root/.sdkman/candidates/java/21.0.2-amzn/lib/server/libjvm.so
7f7e5934f000-7f7e593b5000 rw-p 00000000 00:00 0 
7f7e593c5000-7f7e593c8000 r--p 00000000 00:53 5348024558630140           /mnt/e/code/BA-Thesis/java/app/build/libcppjnilib.so
7f7e593c8000-7f7e593ca000 r-xp 00003000 00:53 5348024558630140           /mnt/e/code/BA-Thesis/java/app/build/libcppjnilib.so
7f7e593ca000-7f7e593cb000 r--p 00005000 00:53 5348024558630140           /mnt/e/code/BA-Thesis/java/app/build/libcppjnilib.so
7f7e593cb000-7f7e593cc000 r--p 00005000 00:53 5348024558630140           /mnt/e/code/BA-Thesis/java/app/build/libcppjnilib.so
7f7e593cc000-7f7e593cd000 rw-p 00006000 00:53 5348024558630140           /mnt/e/code/BA-Thesis/java/app/build/libcppjnilib.so
7f7e593cd000-7f7e593ce000 r--p 00000000 08:20 7406                       /usr/lib/locale/C.utf8/LC_NUMERIC
7f7e593ce000-7f7e593cf000 r--p 00000000 08:20 7409                       /usr/lib/locale/C.utf8/LC_TIME
7f7e593cf000-7f7e593d0000 r--p 00000000 08:20 7396                       /usr/lib/locale/C.utf8/LC_COLLATE
7f7e593d0000-7f7e593d1000 r--p 00000000 08:20 7403                       /usr/lib/locale/C.utf8/LC_MONETARY
7f7e593d1000-7f7e593d2000 r--p 00000000 08:20 7401                       /usr/lib/locale/C.utf8/LC_MESSAGES/SYS_LC_MESSAGES
7f7e593d2000-7f7e593d3000 r--p 00000000 08:20 7407                       /usr/lib/locale/C.utf8/LC_PAPER
7f7e593d3000-7f7e593d4000 r--p 00000000 08:20 7404                       /usr/lib/locale/C.utf8/LC_NAME
7f7e593d4000-7f7e593d5000 r--p 00000000 08:20 7395                       /usr/lib/locale/C.utf8/LC_ADDRESS
7f7e593d5000-7f7e593d6000 r--p 00000000 08:20 7408                       /usr/lib/locale/C.utf8/LC_TELEPHONE
7f7e593d6000-7f7e593d7000 r--p 00000000 08:20 7400                       /usr/lib/locale/C.utf8/LC_MEASUREMENT
7f7e593d7000-7f7e593ff000 r--p 00000000 08:20 26535                      /usr/lib/x86_64-linux-gnu/libc.so.6
7f7e593ff000-7f7e59594000 r-xp 00028000 08:20 26535                      /usr/lib/x86_64-linux-gnu/libc.so.6
7f7e59594000-7f7e595ec000 r--p 001bd000 08:20 26535                      /usr/lib/x86_64-linux-gnu/libc.so.6
7f7e595ec000-7f7e595ed000 ---p 00215000 08:20 26535                      /usr/lib/x86_64-linux-gnu/libc.so.6
7f7e595ed000-7f7e595f1000 r--p 00215000 08:20 26535                      /usr/lib/x86_64-linux-gnu/libc.so.6
7f7e595f1000-7f7e595f3000 rw-p 00219000 08:20 26535                      /usr/lib/x86_64-linux-gnu/libc.so.6
7f7e595f3000-7f7e59600000 rw-p 00000000 00:00 0 
7f7e59600000-7f7e5960f000 r-xp 00000000 08:20 537304                     /root/.sdkman/candidates/java/21.0.2-amzn/lib/libjli.so
7f7e5960f000-7f7e5980f000 ---p 0000f000 08:20 537304                     /root/.sdkman/candidates/java/21.0.2-amzn/lib/libjli.so
7f7e5980f000-7f7e59810000 r--p 0000f000 08:20 537304                     /root/.sdkman/candidates/java/21.0.2-amzn/lib/libjli.so
7f7e59810000-7f7e59811000 rw-p 00010000 08:20 537304                     /root/.sdkman/candidates/java/21.0.2-amzn/lib/libjli.so
7f7e59811000-7f7e59818000 r--s 00000000 08:20 51605                      /usr/lib/x86_64-linux-gnu/gconv/gconv-modules.cache
7f7e59818000-7f7e5981d000 rw-p 00000000 00:00 0 
7f7e5981d000-7f7e59827000 ---p 00000000 00:00 0 
7f7e59827000-7f7e59835000 r--p 00000000 08:20 26538                      /usr/lib/x86_64-linux-gnu/libm.so.6
7f7e59835000-7f7e598b1000 r-xp 0000e000 08:20 26538                      /usr/lib/x86_64-linux-gnu/libm.so.6
7f7e598b1000-7f7e5990c000 r--p 0008a000 08:20 26538                      /usr/lib/x86_64-linux-gnu/libm.so.6
7f7e5990c000-7f7e5990d000 r--p 000e4000 08:20 26538                      /usr/lib/x86_64-linux-gnu/libm.so.6
7f7e5990d000-7f7e5990e000 rw-p 000e5000 08:20 26538                      /usr/lib/x86_64-linux-gnu/libm.so.6
7f7e5990e000-7f7e5990f000 r--p 00000000 08:20 26549                      /usr/lib/x86_64-linux-gnu/librt.so.1
7f7e5990f000-7f7e59910000 r-xp 00001000 08:20 26549                      /usr/lib/x86_64-linux-gnu/librt.so.1
7f7e59910000-7f7e59911000 r--p 00002000 08:20 26549                      /usr/lib/x86_64-linux-gnu/librt.so.1
7f7e59911000-7f7e59912000 r--p 00002000 08:20 26549                      /usr/lib/x86_64-linux-gnu/librt.so.1
7f7e59912000-7f7e59913000 rw-p 00003000 08:20 26549                      /usr/lib/x86_64-linux-gnu/librt.so.1
7f7e59913000-7f7e59917000 rw-p 00000000 00:00 0 
7f7e59917000-7f7e59918000 r--p 00000000 08:20 26537                      /usr/lib/x86_64-linux-gnu/libdl.so.2
7f7e59918000-7f7e59919000 r-xp 00001000 08:20 26537                      /usr/lib/x86_64-linux-gnu/libdl.so.2
7f7e59919000-7f7e5991a000 r--p 00002000 08:20 26537                      /usr/lib/x86_64-linux-gnu/libdl.so.2
7f7e5991a000-7f7e5991b000 r--p 00002000 08:20 26537                      /usr/lib/x86_64-linux-gnu/libdl.so.2
7f7e5991b000-7f7e5991c000 rw-p 00003000 08:20 26537                      /usr/lib/x86_64-linux-gnu/libdl.so.2
7f7e5991c000-7f7e5991d000 r--p 00000000 08:20 26547                      /usr/lib/x86_64-linux-gnu/libpthread.so.0
7f7e5991d000-7f7e5991e000 r-xp 00001000 08:20 26547                      /usr/lib/x86_64-linux-gnu/libpthread.so.0
7f7e5991e000-7f7e5991f000 r--p 00002000 08:20 26547                      /usr/lib/x86_64-linux-gnu/libpthread.so.0
7f7e5991f000-7f7e59920000 r--p 00002000 08:20 26547                      /usr/lib/x86_64-linux-gnu/libpthread.so.0
7f7e59920000-7f7e59921000 rw-p 00003000 08:20 26547                      /usr/lib/x86_64-linux-gnu/libpthread.so.0
7f7e59921000-7f7e59923000 r--p 00000000 08:20 6844                       /usr/lib/x86_64-linux-gnu/libz.so.1.2.11
7f7e59923000-7f7e59934000 r-xp 00002000 08:20 6844                       /usr/lib/x86_64-linux-gnu/libz.so.1.2.11
7f7e59934000-7f7e5993a000 r--p 00013000 08:20 6844                       /usr/lib/x86_64-linux-gnu/libz.so.1.2.11
7f7e5993a000-7f7e5993b000 ---p 00019000 08:20 6844                       /usr/lib/x86_64-linux-gnu/libz.so.1.2.11
7f7e5993b000-7f7e5993c000 r--p 00019000 08:20 6844                       /usr/lib/x86_64-linux-gnu/libz.so.1.2.11
7f7e5993c000-7f7e5993d000 rw-p 0001a000 08:20 6844                       /usr/lib/x86_64-linux-gnu/libz.so.1.2.11
7f7e5993d000-7f7e5993e000 r--p 00000000 08:20 7398                       /usr/lib/locale/C.utf8/LC_IDENTIFICATION
7f7e5993e000-7f7e59946000 rw-s 00000000 08:20 1213                       /tmp/hsperfdata_root/10197
7f7e59946000-7f7e59947000 ---p 00000000 00:00 0 
7f7e59947000-7f7e59948000 r--p 00000000 00:00 0 
7f7e59948000-7f7e5994a000 rw-p 00000000 00:00 0 
7f7e5994a000-7f7e5994c000 r--p 00000000 08:20 26532                      /usr/lib/x86_64-linux-gnu/ld-linux-x86-64.so.2
7f7e5994c000-7f7e59976000 r-xp 00002000 08:20 26532                      /usr/lib/x86_64-linux-gnu/ld-linux-x86-64.so.2
7f7e59976000-7f7e59981000 r--p 0002c000 08:20 26532                      /usr/lib/x86_64-linux-gnu/ld-linux-x86-64.so.2
7f7e59981000-7f7e59982000 ---p 00000000 00:00 0 
7f7e59982000-7f7e59984000 r--p 00037000 08:20 26532                      /usr/lib/x86_64-linux-gnu/ld-linux-x86-64.so.2
7f7e59984000-7f7e59986000 rw-p 00039000 08:20 26532                      /usr/lib/x86_64-linux-gnu/ld-linux-x86-64.so.2
7ffd67e86000-7ffd67ea8000 rw-p 00000000 00:00 0                          [stack]
7ffd67fb3000-7ffd67fb7000 r--p 00000000 00:00 0                          [vvar]
7ffd67fb7000-7ffd67fb9000 r-xp 00000000 00:00 0                          [vdso]
Total number of mappings: 216


VM Arguments:
jvm_args: -Djava.library.path=. 
java_command: HelloWorld
java_class_path (initial): .
Launcher Type: SUN_STANDARD

[Global flags]
     intx CICompilerCount                          = 12                                        {product} {ergonomic}
     uint ConcGCThreads                            = 5                                         {product} {ergonomic}
     uint G1ConcRefinementThreads                  = 18                                        {product} {ergonomic}
   size_t G1HeapRegionSize                         = 8388608                                   {product} {ergonomic}
    uintx GCDrainStackTargetSize                   = 64                                        {product} {ergonomic}
   size_t InitialHeapSize                          = 796917760                                 {product} {ergonomic}
   size_t MarkStackSize                            = 4194304                                   {product} {ergonomic}
   size_t MaxHeapSize                              = 12624855040                               {product} {ergonomic}
   size_t MaxNewSize                               = 7574913024                                {product} {ergonomic}
   size_t MinHeapDeltaBytes                        = 8388608                                   {product} {ergonomic}
   size_t MinHeapSize                              = 8388608                                   {product} {ergonomic}
    uintx NonNMethodCodeHeapSize                   = 7602480                                {pd product} {ergonomic}
    uintx NonProfiledCodeHeapSize                  = 122027880                              {pd product} {ergonomic}
    uintx ProfiledCodeHeapSize                     = 122027880                              {pd product} {ergonomic}
    uintx ReservedCodeCacheSize                    = 251658240                              {pd product} {ergonomic}
     bool SegmentedCodeCache                       = true                                      {product} {ergonomic}
   size_t SoftMaxHeapSize                          = 12624855040                            {manageable} {ergonomic}
     bool UseCompressedOops                        = true                           {product lp64_product} {ergonomic}
     bool UseG1GC                                  = true                                      {product} {ergonomic}

Logging:
Log output configuration:
 #0: stdout all=warning uptime,level,tags foldmultilines=false
 #1: stderr all=off uptime,level,tags foldmultilines=false

Environment Variables:
JAVA_HOME=/root/.sdkman/candidates/java/current
PATH=/root/android-ndk/android-ndk-r26b:/root/.nix-profile/bin:/nix/var/nix/profiles/default/bin:/root/android-ndk/android-ndk-r26b/:/root/.sdkman/candidates/kotlin/current/bin:/root/.sdkman/candidates/java/current/bin:/root/.sdkman/candidates/gradle/current/bin:/usr/local/sbin:/usr/local/bin:/usr/sbin:/usr/bin:/sbin:/bin:/usr/games:/usr/local/games:/usr/lib/wsl/lib:/mnt/c/Program Files/PowerShell/7:/mnt/c/Users/Jean/fvm/versions/stable/bin/:/mnt/c/Program Files (x86)/Common Files/Intel/Shared Libraries/redist/intel64_win/compiler:/mnt/c/Program Files/Lapce/:/mnt/c/tools/python/Python311/Scripts/:/mnt/c/tools/python/Python311/:/mnt/c/Program Files (x86)/VMware/VMware Workstation/bin/:/mnt/c/Program Files/OpenSSH/:/mnt/c/Program Files (x86)/Common Files/Intel/Shared Libraries/redist/intel64/compiler:/mnt/c/Windows/system32:/mnt/c/Windows:/mnt/c/Windows/System32/Wbem:/mnt/c/Windows/System32/WindowsPowerShell/v1.0/:/mnt/c/Windows/System32/OpenSSH/:/mnt/c/Program Files/PuTTY/:/mnt/c/Program Files/WireGuard/:/mnt/c/Users/Jean/AppData/Roaming/nvm:/mnt/c/Program Files/nodejs:/mnt/c/ProgramData/chocolatey/bin:/mnt/c/Program Files/Microsoft SQL Server/150/Tools/Binn/:/mnt/c/Program Files/dotnet/:/mnt/c/Program Files/NVIDIA Corporation/NVIDIA NvDLISR:/mnt/c/Program Files/Git/cmd:/mnt/c/Program Files (x86)/NVIDIA Corporation/PhysX/Common:/mnt/c/Program Files/usbipd-win/:/mnt/c/tools/php/php-8.2.5-nts-Win32-vs16-x64:/mnt/c/tools/composer:/mnt/c/Program Files/Docker/Docker/resources/bin:/mnt/c/Program Files (x86)/Microsoft SQL Server/160/DTS/Binn/:/mnt/c/Program Files/Azure Data Studio/bin:/mnt/c/tools/CMake/bin:/mnt/c/Strawberry/c/bin:/mnt/c/Strawberry/perl/site/bin:/mnt/c/Strawberry/perl/bin:/mnt/c/Program Files/PowerShell/7/:/mnt/e/MinGW/bin:/mnt/c/Users/Jean/AppData/Local/pnpm:/mnt/c/Users/Jean/.cargo/bin:/mnt/c/Users/Jean/AppData/Local/Microsoft/WindowsApps:/mnt/c/Users/Jean/AppData/Local/Programs/Microsoft VS Code/bin:/mnt/c/tools/dart-sdk/bin:/mnt/c/Users/Jean/AppData/Roaming/Pub/Cache/bin:/mnt/c/tools/OpenJDK/jdk-17.0.6+10/bin:/mnt/c/Users/Jean/AppData/Local/Programs/oh-my-posh/bin:/mnt/c/Users/Jean/AppData/Local/Android/Sdk/platform-tools:/mnt/c/Users/Jean/fvm/default/bin:/mnt/c/Users/Jean/AppData/Roaming/Composer/vendor/bin:/mnt/c/Users/Jean/AppData/Local/Microsoft/WinGet/Links:/mnt/c/Program Files (x86)/Dr. Memory/bin/:/mnt/c/Users/Jean/.dotnet/tools:/snap/bin
SHELL=/usr/bin/fish
DISPLAY=:0
HOSTTYPE=x86_64
LANG=C.UTF-8
TERM=xterm-256color

Active Locale:
LC_ALL=C.UTF-8
LC_COLLATE=C.UTF-8
LC_CTYPE=C.UTF-8
LC_MESSAGES=C.UTF-8
LC_MONETARY=C.UTF-8
LC_NUMERIC=C.UTF-8
LC_TIME=C.UTF-8

Signal Handlers:
   SIGSEGV: crash_handler in libjvm.so, mask=11100100010111111101111111111110, flags=SA_RESTART|SA_SIGINFO, unblocked
    SIGBUS: crash_handler in libjvm.so, mask=11100100010111111101111111111110, flags=SA_RESTART|SA_SIGINFO, unblocked
    SIGFPE: crash_handler in libjvm.so, mask=11100100010111111101111111111110, flags=SA_RESTART|SA_SIGINFO, unblocked
   SIGPIPE: javaSignalHandler in libjvm.so, mask=11100100010111111101111111111110, flags=SA_RESTART|SA_SIGINFO, blocked
   SIGXFSZ: javaSignalHandler in libjvm.so, mask=11100100010111111101111111111110, flags=SA_RESTART|SA_SIGINFO, blocked
    SIGILL: crash_handler in libjvm.so, mask=11100100010111111101111111111110, flags=SA_RESTART|SA_SIGINFO, unblocked
   SIGUSR2: SR_handler in libjvm.so, mask=00000000000000000000000000000000, flags=SA_RESTART|SA_SIGINFO, blocked
    SIGHUP: UserHandler in libjvm.so, mask=11100100010111111101111111111110, flags=SA_RESTART|SA_SIGINFO, blocked
    SIGINT: UserHandler in libjvm.so, mask=11100100010111111101111111111110, flags=SA_RESTART|SA_SIGINFO, blocked
   SIGTERM: UserHandler in libjvm.so, mask=11100100010111111101111111111110, flags=SA_RESTART|SA_SIGINFO, blocked
   SIGQUIT: UserHandler in libjvm.so, mask=11100100010111111101111111111110, flags=SA_RESTART|SA_SIGINFO, blocked
   SIGTRAP: crash_handler in libjvm.so, mask=11100100010111111101111111111110, flags=SA_RESTART|SA_SIGINFO, unblocked


Periodic native trim disabled

---------------  S Y S T E M  ---------------

OS:
DISTRIB_ID=Ubuntu
DISTRIB_RELEASE=22.04
DISTRIB_CODENAME=jammy
DISTRIB_DESCRIPTION="Ubuntu 22.04.3 LTS"
uname: Linux 5.15.133.1-microsoft-standard-WSL2 #1 SMP Thu Oct 5 21:02:42 UTC 2023 x86_64
OS uptime: 0 days 21:36 hours
libc: glibc 2.35 NPTL 2.35 
rlimit (soft/hard): STACK 8192k/infinity , CORE 0k/infinity , NPROC 192524/192524 , NOFILE 1048576/1048576 , AS infinity/infinity , CPU infinity/infinity , DATA infinity/infinity , FSIZE infinity/infinity , MEMLOCK 65536k/65536k
load average: 0.19 0.09 0.04

/proc/meminfo:
MemTotal:       49292808 kB
MemFree:        47253948 kB
MemAvailable:   47988640 kB
Buffers:           39828 kB
Cached:          1141252 kB
SwapCached:            0 kB
Active:           506260 kB
Inactive:        1024300 kB
Active(anon):       3000 kB
Inactive(anon):   352540 kB
Active(file):     503260 kB
Inactive(file):   671760 kB
Unevictable:           0 kB
Mlocked:               0 kB
SwapTotal:      12582912 kB
SwapFree:       12582912 kB
Dirty:                52 kB
Writeback:             0 kB
AnonPages:        335512 kB
Mapped:           274520 kB
Shmem:              6060 kB
KReclaimable:      67768 kB
Slab:             158740 kB
SReclaimable:      67768 kB
SUnreclaim:        90972 kB
KernelStack:        7664 kB
PageTables:         6860 kB
NFS_Unstable:          0 kB
Bounce:                0 kB
WritebackTmp:          0 kB
CommitLimit:    37229316 kB
Committed_AS:    2975036 kB
VmallocTotal:   34359738367 kB
VmallocUsed:       32480 kB
VmallocChunk:          0 kB
Percpu:            13440 kB
AnonHugePages:    122880 kB
ShmemHugePages:        0 kB
ShmemPmdMapped:        0 kB
FileHugePages:         0 kB
FilePmdMapped:         0 kB
HugePages_Total:       0
HugePages_Free:        0
HugePages_Rsvd:        0
HugePages_Surp:        0
Hugepagesize:       2048 kB
Hugetlb:               0 kB
DirectMap4k:      117760 kB
DirectMap2M:     7180288 kB
DirectMap1G:    52428800 kB

/sys/kernel/mm/transparent_hugepage/enabled: [always] madvise never
/sys/kernel/mm/transparent_hugepage/defrag (defrag/compaction efforts parameter): always defer defer+madvise [madvise] never

Process Memory:
Virtual Size: 15335200K (peak: 15335200K)
Resident Set Size: 46848K (peak: 46848K) (anon: 25320K, file: 21528K, shmem: 0K)
Swapped out: 0K
C-Heap outstanding allocations: 45471K, retained: 2032K
glibc malloc tunables: (default)

/proc/sys/kernel/threads-max (system-wide limit on the number of threads): 385048
/proc/sys/vm/max_map_count (maximum number of memory map areas a process may have): 65530
/proc/sys/kernel/pid_max (system-wide limit on number of process identifiers): 4194304

container (cgroup) information:
container_type: cgroupv1
cpu_cpuset_cpus: 0-23
cpu_memory_nodes: 0
active_processor_count: 24
cpu_quota: no quota
cpu_period: 100000
cpu_shares: no shares
memory_limit_in_bytes: unlimited
memory_and_swap_limit_in_bytes: unlimited
memory_soft_limit_in_bytes: unlimited
memory_usage_in_bytes: 1516916 k
memory_max_usage_in_bytes: 1208528 k
kernel_memory_usage_in_bytes: 52476 k
kernel_memory_max_usage_in_bytes: unlimited
kernel_memory_limit_in_bytes: 57620 k
maximum number of tasks: not supported
current number of tasks: not supported

Hyper-V virtualization detected
Steal ticks since vm start: 0
Steal ticks percentage since vm start:  0.000

CPU: total 24 (initial active 24) (32 cores per cpu, 2 threads per core) family 23 model 113 stepping 0 microcode 0xffffffff, cx8, cmov, fxsr, ht, mmx, 3dnowpref, sse, sse2, sse3, ssse3, sse4a, sse4.1, sse4.2, popcnt, lzcnt, tsc, tscinvbit, avx, avx2, aes, clmul, bmi1, bmi2, adx, sha, fma, vzeroupper, clflush, clflushopt, hv, rdtscp, rdpid, f16c
CPU Model and flags from /proc/cpuinfo:
model name	: AMD Ryzen 9 3900X 12-Core Processor
flags		: fpu vme de pse tsc msr pae mce cx8 apic sep mtrr pge mca cmov pat pse36 clflush mmx fxsr sse sse2 ht syscall nx mmxext fxsr_opt pdpe1gb rdtscp lm constant_tsc rep_good nopl tsc_reliable nonstop_tsc cpuid extd_apicid pni pclmulqdq ssse3 fma cx16 sse4_1 sse4_2 movbe popcnt aes xsave avx f16c rdrand hypervisor lahf_lm cmp_legacy svm cr8_legacy abm sse4a misalignsse 3dnowprefetch osvw topoext perfctr_core ssbd ibpb stibp vmmcall fsgsbase bmi1 avx2 smep bmi2 rdseed adx smap clflushopt clwb sha_ni xsaveopt xsavec xgetbv1 clzero xsaveerptr arat npt nrip_save tsc_scale vmcb_clean flushbyasid decodeassists pausefilter pfthreshold v_vmsave_vmload umip rdpid

Online cpus: 0-23
Offline cpus: 
BIOS frequency limitation: <Not Available>
Frequency switch latency (ns): <Not Available>
Available cpu frequencies: <Not Available>
Current governor: <Not Available>
Core performance/turbo boost: <Not Available>

Memory: 4k page, physical 49292808k(47988640k free), swap 12582912k(12582912k free)
Page Sizes: 4k

vm_info: OpenJDK 64-Bit Server VM (21.0.2+13-LTS) for linux-amd64 JRE (21.0.2+13-LTS), built on 2024-01-10T23:18:41Z by "jenkins" with gcc 7.3.1 20180303 (Red Hat 7.3.1-5)

END.
