#
# A fatal error has been detected by the Java Runtime Environment:
#
#  SIGSEGV (0xb) at pc=0x00007faa635663c0, pid=9591, tid=9592
#
# JRE version: OpenJDK Runtime Environment Corretto-21.0.2.13.1 (21.0.2+13) (build 21.0.2+13-LTS)
# Java VM: OpenJDK 64-Bit Server VM Corretto-21.0.2.13.1 (21.0.2+13-LTS, mixed mode, sharing, tiered, compressed oops, compressed class ptrs, g1 gc, linux-amd64)
# Problematic frame:
# V  [libjvm.so+0xb663c0]
#
# No core dump will be written. Core dumps have been disabled. To enable core dumping, try "ulimit -c unlimited" before starting Java again
#
# If you would like to submit a bug report, please visit:
#   https://github.com/corretto/corretto-21/issues/
#

---------------  S U M M A R Y ------------

Command Line: -Djava.library.path=. HelloWorld

Host: AMD Ryzen 9 3900X 12-Core Processor, 24 cores, 47G, Ubuntu 22.04.3 LTS
Time: Fri Mar  1 09:44:32 2024 CET elapsed time: 0.042637 seconds (0d 0h 0m 0s)

---------------  T H R E A D  ---------------

Current thread (0x00007faa5c028480):  JavaThread "main"             [_thread_in_vm, id=9592, stack(0x00007faa62819000,0x00007faa62919000) (1024K)]

Stack: [0x00007faa62819000,0x00007faa62919000],  sp=0x00007faa629176e8,  free space=1017k
Native frames: (J=compiled Java code, j=interpreted, Vv=VM code, C=native code)
V  [libjvm.so+0xb663c0]
C  [libcppjnilib.so+0x4aa8]  JNIEnv_::SetIntArrayRegion(_jintArray*, int, int, int const*)+0x38
C  [libcppjnilib.so+0x3cf6]  ExtIntMatrix::toJObjectArray(JNIEnv_*)+0x196
C  [libcppjnilib.so+0x3692]  Java_HelloWorld_matrixMultiplication+0x62
j  HelloWorld.matrixMultiplication([[I[[I)[[I+0
j  HelloWorld.main([Ljava/lang/String;)V+153
v  ~StubRoutines::call_stub 0x00007faa4bd2ccc6
V  [libjvm.so+0x909a24]  JavaCalls::call_helper(JavaValue*, methodHandle const&, JavaCallArguments*, JavaThread*)+0x2f4
V  [libjvm.so+0x9b5e1f]  jni_invoke_static(JNIEnv_*, JavaValue*, _jobject*, JNICallType, _jmethodID*, JNI_ArgumentPusher*, JavaThread*) [clone .isra.156] [clone .constprop.261]+0x15f
V  [libjvm.so+0x9b803f]  jni_CallStaticVoidMethod+0x14f
C  [libjli.so+0x57b7]  JavaMain+0xfb7
C  [libjli.so+0x8719]  ThreadJavaMain+0x9
Java frames: (J=compiled Java code, j=interpreted, Vv=VM code)
j  HelloWorld.matrixMultiplication([[I[[I)[[I+0
j  HelloWorld.main([Ljava/lang/String;)V+153
v  ~StubRoutines::call_stub 0x00007faa4bd2ccc6

siginfo: si_signo: 11 (SIGSEGV), si_code: 1 (SEGV_MAPERR), si_addr: 0x00007fada6b2b6f7

Registers:
RAX=0x00007fada6b2b6f7, RBX=0x00007faa5c028480, RCX=0x000000053e813500, RDX=0xffffffffffffffff
RSP=0x00007faa629176e8, RBP=0x00007faa62917750, RSI=0x000000053e813500, RDI=0x00007fada6b2b6f7
R8 =0x0000000000000003, R9 =0x00007faa62917680, R10=0x00007faa6263f918, R11=0x00007faa62643a70
R12=0x00007faa5c028838, R13=0x0000000000000003, R14=0x0000000000000010, R15=0x0000000000000000
RIP=0x00007faa635663c0, EFLAGS=0x0000000000010297, CSGSFS=0x002b000000000033, ERR=0x0000000000000004
  TRAPNO=0x000000000000000e


Register to memory mapping:

RAX=0x00007fada6b2b6f7 is an unknown value
RBX=0x00007faa5c028480 is a thread
RCX=
[error occurred during error reporting (printing register info), id 0xb, SIGSEGV (0xb) at pc=0x00007faa631db466]
RDX=0xffffffffffffffff is an unknown value
RSP=0x00007faa629176e8 is pointing into the stack for thread: 0x00007faa5c028480
RBP=0x00007faa62917750 is pointing into the stack for thread: 0x00007faa5c028480
RSI=
[error occurred during error reporting (printing register info, attempt 2), id 0xb, SIGSEGV (0xb) at pc=0x00007faa631db466]
RDI=0x00007fada6b2b6f7 is an unknown value
R8 =0x0000000000000003 is an unknown value
R9 =0x00007faa62917680 is pointing into the stack for thread: 0x00007faa5c028480
R10=0x00007faa6263f918: <offset 0x0000000000000918> in /mnt/e/code/BA-Thesis/java/app/build/libcppjnilib.so at 0x00007faa6263f000
R11=0x00007faa62643a70: _ZN7JNIEnv_17SetIntArrayRegionEP10_jintArrayiiPKi+0x0000000000000000 in /mnt/e/code/BA-Thesis/java/app/build/libcppjnilib.so at 0x00007faa6263f000
R12=0x00007faa5c028838 points into unknown readable memory: 0x00007faa64126160 | 60 61 12 64 aa 7f 00 00
R13=0x0000000000000003 is an unknown value
R14=0x0000000000000010 is an unknown value
R15=0x0 is null

Top of Stack: (sp=0x00007faa629176e8)
0x00007faa629176e8:   00007faa633be482 00007fada6b2b6f7
0x00007faa629176f8:   000000053e8134f0 00007faa5c028480
0x00007faa62917708:   0000000000000000 00007faa344fc540
0x00007faa62917718:   00007faa643f2780 00007faa643ee600
0x00007faa62917728:   00007fa9d34005d0 0000000000000000
0x00007faa62917738:   00007fa9d34005d0 00007faa629178f8
0x00007faa62917748:   00007faa5c028480 00007faa62917780
0x00007faa62917758:   00007faa62643aa8 00007fada6b2b6f7
0x00007faa62917768:   0000000000000003 00007faa5c134fd0
0x00007faa62917778:   00007faa5c028838 00007faa629177d0
0x00007faa62917788:   00007faa62642cf6 00007faa629177f0
0x00007faa62917798:   00007faa5c028838 000000035c134fb8
0x00007faa629177a8:   00007faa5c134fd0 0000000000000003
0x00007faa629177b8:   00007faa5c134fc8 00007faa5c028838
0x00007faa629177c8:   00007faa629177f0 00007faa62917850
0x00007faa629177d8:   00007faa62642692 00007faa62917810
0x00007faa629177e8:   00007faa5c0058a0 00007faa5c1776c0
0x00007faa629177f8:   0000000300000003 00007faa62917840
0x00007faa62917808:   00007faa632ff884 00007faa5c1776a0
0x00007faa62917818:   0000000300000003 00007faa5c1772c0
0x00007faa62917828:   0000000300000003 00007faa629178e8
0x00007faa62917838:   00007faa629178f0 00007faa629178f8
0x00007faa62917848:   00007faa5c028838 00007faa629178c8
0x00007faa62917858:   00007faa4bd38980 00007faa629178c8
0x00007faa62917868:   00007faa4bd38657 0000000000000000
0x00007faa62917878:   00007faa4bd3861f 00007faa62917880
0x00007faa62917888:   00007fa9d34005d0 0000000000000006
0x00007faa62917898:   00007fa9d3400998 0000000000000000
0x00007faa629178a8:   000000053e812108 00007fa9d34005d0
0x00007faa629178b8:   0000000000000000 00007faa629178e8
0x00007faa629178c8:   00007faa62917948 00007faa4bd342d8
0x00007faa629178d8:   0000000000000000 00007faa4bd35f9a 

Instructions: (pc=0x00007faa635663c0)
0x00007faa635662c0:   08 89 71 08 48 83 c1 04 49 f7 c0 01 00 00 00 74
0x00007faa635662d0:   0a 66 42 8b 74 47 fe 66 89 71 08 c3 0f 1f 40 00
0x00007faa635662e0:   48 8b 74 d0 e8 48 89 74 d1 e8 48 8b 74 d0 f0 48
0x00007faa635662f0:   89 74 d1 f0 48 8b 74 d0 f8 48 89 74 d1 f8 48 8b
0x00007faa63566300:   34 d0 48 89 34 d1 48 83 c2 04 7e d4 48 83 ea 04
0x00007faa63566310:   7c 93 eb a1 49 f7 c0 01 00 00 00 74 0c 66 42 8b
0x00007faa63566320:   4c 47 fe 66 42 89 4c 46 fe 49 f7 c0 02 00 00 00
0x00007faa63566330:   74 44 8b 0c d7 89 0c d6 eb 3c 48 8b 4c d7 f8 48
0x00007faa63566340:   89 4c d6 f8 48 83 ea 01 75 f0 c3 0f 1f 44 00 00
0x00007faa63566350:   48 8b 4c d7 18 48 89 4c d6 18 48 8b 4c d7 10 48
0x00007faa63566360:   89 4c d6 10 48 8b 4c d7 08 48 89 4c d6 08 48 8b
0x00007faa63566370:   0c d7 48 89 0c d6 48 83 ea 04 7d d4 48 83 c2 04
0x00007faa63566380:   7f b8 c3 0f 1f 00 66 2e 0f 1f 84 00 00 00 00 00
0x00007faa63566390:   49 89 d0 48 d1 ea 48 39 fe 4a 8d 44 87 fc 76 05
0x00007faa635663a0:   48 39 c6 76 6f 48 8d 44 d7 f8 48 8d 4c d6 f8 48
0x00007faa635663b0:   f7 da eb 52 66 90 66 2e 0f 1f 84 00 00 00 00 00
0x00007faa635663c0:   48 8b 74 d0 08 48 89 74 d1 08 48 83 c2 01 75 f0
0x00007faa635663d0:   49 f7 c0 01 00 00 00 74 06 8b 70 08 89 71 08 c3
0x00007faa635663e0:   48 8b 74 d0 e8 48 89 74 d1 e8 48 8b 74 d0 f0 48
0x00007faa635663f0:   89 74 d1 f0 48 8b 74 d0 f8 48 89 74 d1 f8 48 8b
0x00007faa63566400:   34 d0 48 89 34 d1 48 83 c2 04 7e d4 48 83 ea 04
0x00007faa63566410:   7c ae eb bc 49 f7 c0 01 00 00 00 74 49 42 8b 4c
0x00007faa63566420:   87 fc 42 89 4c 86 fc eb 3d 48 8b 4c d7 f8 48 89
0x00007faa63566430:   4c d6 f8 48 83 ea 01 75 f0 c3 66 0f 1f 44 00 00
0x00007faa63566440:   48 8b 4c d7 18 48 89 4c d6 18 48 8b 4c d7 10 48
0x00007faa63566450:   89 4c d6 10 48 8b 4c d7 08 48 89 4c d6 08 48 8b
0x00007faa63566460:   0c d7 48 89 0c d6 48 83 ea 04 7d d4 48 83 c2 04
0x00007faa63566470:   7f b7 c3 0f 1f 00 66 2e 0f 1f 84 00 00 00 00 00
0x00007faa63566480:   48 39 fe 48 8d 44 d7 f8 76 09 48 39 c6 0f 86 93
0x00007faa63566490:   00 00 00 48 8d 4c d6 f8 48 f7 da eb 39 48 8b 74
0x00007faa635664a0:   d0 08 48 89 74 d1 08 48 83 c2 01 75 f0 c3 66 90
0x00007faa635664b0:   48 8b 74 d0 e8 48 89 74 d1 e8 48 8b 74 d0 f0 48 


Stack slot to memory mapping:

stack at sp + 0 slots: 0x00007faa633be482: <offset 0x00000000009be482> in /root/.sdkman/candidates/java/21.0.2-amzn/lib/server/libjvm.so at 0x00007faa62a00000
stack at sp + 1 slots: 0x00007fada6b2b6f7 is an unknown value
stack at sp + 2 slots: 0x000000053e8134f0 is an oop: [I 
{0x000000053e8134f0} - klass: {type array int}
 - length: 3
stack at sp + 3 slots: 0x00007faa5c028480 is a thread
stack at sp + 4 slots: 0x0 is null
stack at sp + 5 slots: 0x00007faa344fc540: _ZSt4cout+0x0000000000000000 in /lib/x86_64-linux-gnu/libstdc++.so.6 at 0x00007faa342d3000
stack at sp + 6 slots: 0x00007faa643f2780: _IO_2_1_stdout_+0x0000000000000000 in /lib/x86_64-linux-gnu/libc.so.6 at 0x00007faa641d7000
stack at sp + 7 slots: 0x00007faa643ee600: _IO_file_jumps+0x0000000000000000 in /lib/x86_64-linux-gnu/libc.so.6 at 0x00007faa641d7000


---------------  P R O C E S S  ---------------

Threads class SMR info:
_java_thread_list=0x00007faa5c15f060, length=10, elements={
0x00007faa5c028480, 0x00007faa5c143680, 0x00007faa5c144df0, 0x00007faa5c1468d0,
0x00007faa5c147f10, 0x00007faa5c1494b0, 0x00007faa5c14b070, 0x00007faa5c14c730,
0x00007faa5c15a940, 0x00007faa5c15df20
}

Java Threads: ( => current thread )
=>0x00007faa5c028480 JavaThread "main"                              [_thread_in_vm, id=9592, stack(0x00007faa62819000,0x00007faa62919000) (1024K)]
  0x00007faa5c143680 JavaThread "Reference Handler"          daemon [_thread_blocked, id=9600, stack(0x00007faa35067000,0x00007faa35167000) (1024K)]
  0x00007faa5c144df0 JavaThread "Finalizer"                  daemon [_thread_blocked, id=9601, stack(0x00007faa34f66000,0x00007faa35066000) (1024K)]
  0x00007faa5c1468d0 JavaThread "Signal Dispatcher"          daemon [_thread_blocked, id=9602, stack(0x00007faa34e65000,0x00007faa34f65000) (1024K)]
  0x00007faa5c147f10 JavaThread "Service Thread"             daemon [_thread_blocked, id=9603, stack(0x00007faa34d64000,0x00007faa34e64000) (1024K)]
  0x00007faa5c1494b0 JavaThread "Monitor Deflation Thread"   daemon [_thread_blocked, id=9604, stack(0x00007faa34c63000,0x00007faa34d63000) (1024K)]
  0x00007faa5c14b070 JavaThread "C2 CompilerThread0"         daemon [_thread_blocked, id=9605, stack(0x00007faa34b62000,0x00007faa34c62000) (1024K)]
  0x00007faa5c14c730 JavaThread "C1 CompilerThread0"         daemon [_thread_blocked, id=9606, stack(0x00007faa34a61000,0x00007faa34b61000) (1024K)]
  0x00007faa5c15a940 JavaThread "Notification Thread"        daemon [_thread_blocked, id=9607, stack(0x00007faa34960000,0x00007faa34a60000) (1024K)]
  0x00007faa5c15df20 JavaThread "Common-Cleaner"             daemon [_thread_blocked, id=9608, stack(0x00007faa34500000,0x00007faa34600000) (1024K)]
Total: 10

Other Threads:
  0x00007faa5c133a70 VMThread "VM Thread"                           [id=9599, stack(0x00007faa351bf000,0x00007faa352bf000) (1024K)]
  0x00007faa5c118bb0 WatcherThread "VM Periodic Task Thread"        [id=9598, stack(0x00007faa352c0000,0x00007faa353c0000) (1024K)]
  0x00007faa5c053090 WorkerThread "GC Thread#0"                     [id=9593, stack(0x00007faa60d2f000,0x00007faa60e2f000) (1024K)]
  0x00007faa5c060300 ConcurrentGCThread "G1 Main Marker"            [id=9594, stack(0x00007faa60c2e000,0x00007faa60d2e000) (1024K)]
  0x00007faa5c0612d0 WorkerThread "G1 Conc#0"                       [id=9595, stack(0x00007faa60b2d000,0x00007faa60c2d000) (1024K)]
  0x00007faa5c0feb20 ConcurrentGCThread "G1 Refine#0"               [id=9596, stack(0x00007faa3559e000,0x00007faa3569e000) (1024K)]
  0x00007faa5c0ffad0 ConcurrentGCThread "G1 Service"                [id=9597, stack(0x00007faa3549d000,0x00007faa3559d000) (1024K)]
Total: 7

Threads with active compile tasks:
Total: 0

VM state: not at safepoint (normal execution)

VM Mutex/Monitor currently owned by a thread: None

Heap address: 0x000000050f800000, size: 12040 MB, Compressed Oops mode: Zero based, Oop shift amount: 3

CDS archive(s) mapped at: [0x00007fa9d7000000-0x00007fa9d7ca6000-0x00007fa9d7ca6000), size 13262848, SharedBaseAddress: 0x00007fa9d7000000, ArchiveRelocationMode: 1.
Compressed class space mapped at: 0x00007fa9d8000000-0x00007faa18000000, reserved size: 1073741824
Narrow klass base: 0x00007fa9d7000000, Narrow klass shift: 0, Narrow klass range: 0x100000000

GC Precious Log:
 CardTable entry size: 512
 Card Set container configuration: InlinePtr #cards 4 size 8 Array Of Cards #cards 64 size 144 Howl #buckets 8 coarsen threshold 14745 Howl Bitmap #cards 2048 size 272 coarsen threshold 1843 Card regions per heap region 1 cards per card region 16384
 CPUs: 24 total, 24 available
 Memory: 48137M
 Large Page Support: Disabled
 NUMA Support: Disabled
 Compressed Oops: Enabled (Zero based)
 Heap Region Size: 8M
 Heap Min Capacity: 8M
 Heap Initial Capacity: 760M
 Heap Max Capacity: 12040M
 Pre-touch: Disabled
 Parallel Workers: 18
 Concurrent Workers: 5
 Concurrent Refinement Workers: 18
 Periodic GC: Disabled

Heap:
 garbage-first heap   total 786432K, used 1053K [0x000000050f800000, 0x0000000800000000)
  region size 8192K, 1 young (8192K), 0 survivors (0K)
 Metaspace       used 82K, committed 320K, reserved 1114112K
  class space    used 3K, committed 128K, reserved 1048576K

Heap Regions: E=young(eden), S=young(survivor), O=old, HS=humongous(starts), HC=humongous(continues), CS=collection set, F=free, TAMS=top-at-mark-start, PB=parsable bottom
|   0|0x000000050f800000, 0x000000050f800000, 0x0000000510000000|  0%| F|  |TAMS 0x000000050f800000| PB 0x000000050f800000| Untracked 
|   1|0x0000000510000000, 0x0000000510000000, 0x0000000510800000|  0%| F|  |TAMS 0x0000000510000000| PB 0x0000000510000000| Untracked 
|   2|0x0000000510800000, 0x0000000510800000, 0x0000000511000000|  0%| F|  |TAMS 0x0000000510800000| PB 0x0000000510800000| Untracked 
|   3|0x0000000511000000, 0x0000000511000000, 0x0000000511800000|  0%| F|  |TAMS 0x0000000511000000| PB 0x0000000511000000| Untracked 
|   4|0x0000000511800000, 0x0000000511800000, 0x0000000512000000|  0%| F|  |TAMS 0x0000000511800000| PB 0x0000000511800000| Untracked 
|   5|0x0000000512000000, 0x0000000512000000, 0x0000000512800000|  0%| F|  |TAMS 0x0000000512000000| PB 0x0000000512000000| Untracked 
|   6|0x0000000512800000, 0x0000000512800000, 0x0000000513000000|  0%| F|  |TAMS 0x0000000512800000| PB 0x0000000512800000| Untracked 
|   7|0x0000000513000000, 0x0000000513000000, 0x0000000513800000|  0%| F|  |TAMS 0x0000000513000000| PB 0x0000000513000000| Untracked 
|   8|0x0000000513800000, 0x0000000513800000, 0x0000000514000000|  0%| F|  |TAMS 0x0000000513800000| PB 0x0000000513800000| Untracked 
|   9|0x0000000514000000, 0x0000000514000000, 0x0000000514800000|  0%| F|  |TAMS 0x0000000514000000| PB 0x0000000514000000| Untracked 
|  10|0x0000000514800000, 0x0000000514800000, 0x0000000515000000|  0%| F|  |TAMS 0x0000000514800000| PB 0x0000000514800000| Untracked 
|  11|0x0000000515000000, 0x0000000515000000, 0x0000000515800000|  0%| F|  |TAMS 0x0000000515000000| PB 0x0000000515000000| Untracked 
|  12|0x0000000515800000, 0x0000000515800000, 0x0000000516000000|  0%| F|  |TAMS 0x0000000515800000| PB 0x0000000515800000| Untracked 
|  13|0x0000000516000000, 0x0000000516000000, 0x0000000516800000|  0%| F|  |TAMS 0x0000000516000000| PB 0x0000000516000000| Untracked 
|  14|0x0000000516800000, 0x0000000516800000, 0x0000000517000000|  0%| F|  |TAMS 0x0000000516800000| PB 0x0000000516800000| Untracked 
|  15|0x0000000517000000, 0x0000000517000000, 0x0000000517800000|  0%| F|  |TAMS 0x0000000517000000| PB 0x0000000517000000| Untracked 
|  16|0x0000000517800000, 0x0000000517800000, 0x0000000518000000|  0%| F|  |TAMS 0x0000000517800000| PB 0x0000000517800000| Untracked 
|  17|0x0000000518000000, 0x0000000518000000, 0x0000000518800000|  0%| F|  |TAMS 0x0000000518000000| PB 0x0000000518000000| Untracked 
|  18|0x0000000518800000, 0x0000000518800000, 0x0000000519000000|  0%| F|  |TAMS 0x0000000518800000| PB 0x0000000518800000| Untracked 
|  19|0x0000000519000000, 0x0000000519000000, 0x0000000519800000|  0%| F|  |TAMS 0x0000000519000000| PB 0x0000000519000000| Untracked 
|  20|0x0000000519800000, 0x0000000519800000, 0x000000051a000000|  0%| F|  |TAMS 0x0000000519800000| PB 0x0000000519800000| Untracked 
|  21|0x000000051a000000, 0x000000051a000000, 0x000000051a800000|  0%| F|  |TAMS 0x000000051a000000| PB 0x000000051a000000| Untracked 
|  22|0x000000051a800000, 0x000000051a800000, 0x000000051b000000|  0%| F|  |TAMS 0x000000051a800000| PB 0x000000051a800000| Untracked 
|  23|0x000000051b000000, 0x000000051b000000, 0x000000051b800000|  0%| F|  |TAMS 0x000000051b000000| PB 0x000000051b000000| Untracked 
|  24|0x000000051b800000, 0x000000051b800000, 0x000000051c000000|  0%| F|  |TAMS 0x000000051b800000| PB 0x000000051b800000| Untracked 
|  25|0x000000051c000000, 0x000000051c000000, 0x000000051c800000|  0%| F|  |TAMS 0x000000051c000000| PB 0x000000051c000000| Untracked 
|  26|0x000000051c800000, 0x000000051c800000, 0x000000051d000000|  0%| F|  |TAMS 0x000000051c800000| PB 0x000000051c800000| Untracked 
|  27|0x000000051d000000, 0x000000051d000000, 0x000000051d800000|  0%| F|  |TAMS 0x000000051d000000| PB 0x000000051d000000| Untracked 
|  28|0x000000051d800000, 0x000000051d800000, 0x000000051e000000|  0%| F|  |TAMS 0x000000051d800000| PB 0x000000051d800000| Untracked 
|  29|0x000000051e000000, 0x000000051e000000, 0x000000051e800000|  0%| F|  |TAMS 0x000000051e000000| PB 0x000000051e000000| Untracked 
|  30|0x000000051e800000, 0x000000051e800000, 0x000000051f000000|  0%| F|  |TAMS 0x000000051e800000| PB 0x000000051e800000| Untracked 
|  31|0x000000051f000000, 0x000000051f000000, 0x000000051f800000|  0%| F|  |TAMS 0x000000051f000000| PB 0x000000051f000000| Untracked 
|  32|0x000000051f800000, 0x000000051f800000, 0x0000000520000000|  0%| F|  |TAMS 0x000000051f800000| PB 0x000000051f800000| Untracked 
|  33|0x0000000520000000, 0x0000000520000000, 0x0000000520800000|  0%| F|  |TAMS 0x0000000520000000| PB 0x0000000520000000| Untracked 
|  34|0x0000000520800000, 0x0000000520800000, 0x0000000521000000|  0%| F|  |TAMS 0x0000000520800000| PB 0x0000000520800000| Untracked 
|  35|0x0000000521000000, 0x0000000521000000, 0x0000000521800000|  0%| F|  |TAMS 0x0000000521000000| PB 0x0000000521000000| Untracked 
|  36|0x0000000521800000, 0x0000000521800000, 0x0000000522000000|  0%| F|  |TAMS 0x0000000521800000| PB 0x0000000521800000| Untracked 
|  37|0x0000000522000000, 0x0000000522000000, 0x0000000522800000|  0%| F|  |TAMS 0x0000000522000000| PB 0x0000000522000000| Untracked 
|  38|0x0000000522800000, 0x0000000522800000, 0x0000000523000000|  0%| F|  |TAMS 0x0000000522800000| PB 0x0000000522800000| Untracked 
|  39|0x0000000523000000, 0x0000000523000000, 0x0000000523800000|  0%| F|  |TAMS 0x0000000523000000| PB 0x0000000523000000| Untracked 
|  40|0x0000000523800000, 0x0000000523800000, 0x0000000524000000|  0%| F|  |TAMS 0x0000000523800000| PB 0x0000000523800000| Untracked 
|  41|0x0000000524000000, 0x0000000524000000, 0x0000000524800000|  0%| F|  |TAMS 0x0000000524000000| PB 0x0000000524000000| Untracked 
|  42|0x0000000524800000, 0x0000000524800000, 0x0000000525000000|  0%| F|  |TAMS 0x0000000524800000| PB 0x0000000524800000| Untracked 
|  43|0x0000000525000000, 0x0000000525000000, 0x0000000525800000|  0%| F|  |TAMS 0x0000000525000000| PB 0x0000000525000000| Untracked 
|  44|0x0000000525800000, 0x0000000525800000, 0x0000000526000000|  0%| F|  |TAMS 0x0000000525800000| PB 0x0000000525800000| Untracked 
|  45|0x0000000526000000, 0x0000000526000000, 0x0000000526800000|  0%| F|  |TAMS 0x0000000526000000| PB 0x0000000526000000| Untracked 
|  46|0x0000000526800000, 0x0000000526800000, 0x0000000527000000|  0%| F|  |TAMS 0x0000000526800000| PB 0x0000000526800000| Untracked 
|  47|0x0000000527000000, 0x0000000527000000, 0x0000000527800000|  0%| F|  |TAMS 0x0000000527000000| PB 0x0000000527000000| Untracked 
|  48|0x0000000527800000, 0x0000000527800000, 0x0000000528000000|  0%| F|  |TAMS 0x0000000527800000| PB 0x0000000527800000| Untracked 
|  49|0x0000000528000000, 0x0000000528000000, 0x0000000528800000|  0%| F|  |TAMS 0x0000000528000000| PB 0x0000000528000000| Untracked 
|  50|0x0000000528800000, 0x0000000528800000, 0x0000000529000000|  0%| F|  |TAMS 0x0000000528800000| PB 0x0000000528800000| Untracked 
|  51|0x0000000529000000, 0x0000000529000000, 0x0000000529800000|  0%| F|  |TAMS 0x0000000529000000| PB 0x0000000529000000| Untracked 
|  52|0x0000000529800000, 0x0000000529800000, 0x000000052a000000|  0%| F|  |TAMS 0x0000000529800000| PB 0x0000000529800000| Untracked 
|  53|0x000000052a000000, 0x000000052a000000, 0x000000052a800000|  0%| F|  |TAMS 0x000000052a000000| PB 0x000000052a000000| Untracked 
|  54|0x000000052a800000, 0x000000052a800000, 0x000000052b000000|  0%| F|  |TAMS 0x000000052a800000| PB 0x000000052a800000| Untracked 
|  55|0x000000052b000000, 0x000000052b000000, 0x000000052b800000|  0%| F|  |TAMS 0x000000052b000000| PB 0x000000052b000000| Untracked 
|  56|0x000000052b800000, 0x000000052b800000, 0x000000052c000000|  0%| F|  |TAMS 0x000000052b800000| PB 0x000000052b800000| Untracked 
|  57|0x000000052c000000, 0x000000052c000000, 0x000000052c800000|  0%| F|  |TAMS 0x000000052c000000| PB 0x000000052c000000| Untracked 
|  58|0x000000052c800000, 0x000000052c800000, 0x000000052d000000|  0%| F|  |TAMS 0x000000052c800000| PB 0x000000052c800000| Untracked 
|  59|0x000000052d000000, 0x000000052d000000, 0x000000052d800000|  0%| F|  |TAMS 0x000000052d000000| PB 0x000000052d000000| Untracked 
|  60|0x000000052d800000, 0x000000052d800000, 0x000000052e000000|  0%| F|  |TAMS 0x000000052d800000| PB 0x000000052d800000| Untracked 
|  61|0x000000052e000000, 0x000000052e000000, 0x000000052e800000|  0%| F|  |TAMS 0x000000052e000000| PB 0x000000052e000000| Untracked 
|  62|0x000000052e800000, 0x000000052e800000, 0x000000052f000000|  0%| F|  |TAMS 0x000000052e800000| PB 0x000000052e800000| Untracked 
|  63|0x000000052f000000, 0x000000052f000000, 0x000000052f800000|  0%| F|  |TAMS 0x000000052f000000| PB 0x000000052f000000| Untracked 
|  64|0x000000052f800000, 0x000000052f800000, 0x0000000530000000|  0%| F|  |TAMS 0x000000052f800000| PB 0x000000052f800000| Untracked 
|  65|0x0000000530000000, 0x0000000530000000, 0x0000000530800000|  0%| F|  |TAMS 0x0000000530000000| PB 0x0000000530000000| Untracked 
|  66|0x0000000530800000, 0x0000000530800000, 0x0000000531000000|  0%| F|  |TAMS 0x0000000530800000| PB 0x0000000530800000| Untracked 
|  67|0x0000000531000000, 0x0000000531000000, 0x0000000531800000|  0%| F|  |TAMS 0x0000000531000000| PB 0x0000000531000000| Untracked 
|  68|0x0000000531800000, 0x0000000531800000, 0x0000000532000000|  0%| F|  |TAMS 0x0000000531800000| PB 0x0000000531800000| Untracked 
|  69|0x0000000532000000, 0x0000000532000000, 0x0000000532800000|  0%| F|  |TAMS 0x0000000532000000| PB 0x0000000532000000| Untracked 
|  70|0x0000000532800000, 0x0000000532800000, 0x0000000533000000|  0%| F|  |TAMS 0x0000000532800000| PB 0x0000000532800000| Untracked 
|  71|0x0000000533000000, 0x0000000533000000, 0x0000000533800000|  0%| F|  |TAMS 0x0000000533000000| PB 0x0000000533000000| Untracked 
|  72|0x0000000533800000, 0x0000000533800000, 0x0000000534000000|  0%| F|  |TAMS 0x0000000533800000| PB 0x0000000533800000| Untracked 
|  73|0x0000000534000000, 0x0000000534000000, 0x0000000534800000|  0%| F|  |TAMS 0x0000000534000000| PB 0x0000000534000000| Untracked 
|  74|0x0000000534800000, 0x0000000534800000, 0x0000000535000000|  0%| F|  |TAMS 0x0000000534800000| PB 0x0000000534800000| Untracked 
|  75|0x0000000535000000, 0x0000000535000000, 0x0000000535800000|  0%| F|  |TAMS 0x0000000535000000| PB 0x0000000535000000| Untracked 
|  76|0x0000000535800000, 0x0000000535800000, 0x0000000536000000|  0%| F|  |TAMS 0x0000000535800000| PB 0x0000000535800000| Untracked 
|  77|0x0000000536000000, 0x0000000536000000, 0x0000000536800000|  0%| F|  |TAMS 0x0000000536000000| PB 0x0000000536000000| Untracked 
|  78|0x0000000536800000, 0x0000000536800000, 0x0000000537000000|  0%| F|  |TAMS 0x0000000536800000| PB 0x0000000536800000| Untracked 
|  79|0x0000000537000000, 0x0000000537000000, 0x0000000537800000|  0%| F|  |TAMS 0x0000000537000000| PB 0x0000000537000000| Untracked 
|  80|0x0000000537800000, 0x0000000537800000, 0x0000000538000000|  0%| F|  |TAMS 0x0000000537800000| PB 0x0000000537800000| Untracked 
|  81|0x0000000538000000, 0x0000000538000000, 0x0000000538800000|  0%| F|  |TAMS 0x0000000538000000| PB 0x0000000538000000| Untracked 
|  82|0x0000000538800000, 0x0000000538800000, 0x0000000539000000|  0%| F|  |TAMS 0x0000000538800000| PB 0x0000000538800000| Untracked 
|  83|0x0000000539000000, 0x0000000539000000, 0x0000000539800000|  0%| F|  |TAMS 0x0000000539000000| PB 0x0000000539000000| Untracked 
|  84|0x0000000539800000, 0x0000000539800000, 0x000000053a000000|  0%| F|  |TAMS 0x0000000539800000| PB 0x0000000539800000| Untracked 
|  85|0x000000053a000000, 0x000000053a000000, 0x000000053a800000|  0%| F|  |TAMS 0x000000053a000000| PB 0x000000053a000000| Untracked 
|  86|0x000000053a800000, 0x000000053a800000, 0x000000053b000000|  0%| F|  |TAMS 0x000000053a800000| PB 0x000000053a800000| Untracked 
|  87|0x000000053b000000, 0x000000053b000000, 0x000000053b800000|  0%| F|  |TAMS 0x000000053b000000| PB 0x000000053b000000| Untracked 
|  88|0x000000053b800000, 0x000000053b800000, 0x000000053c000000|  0%| F|  |TAMS 0x000000053b800000| PB 0x000000053b800000| Untracked 
|  89|0x000000053c000000, 0x000000053c000000, 0x000000053c800000|  0%| F|  |TAMS 0x000000053c000000| PB 0x000000053c000000| Untracked 
|  90|0x000000053c800000, 0x000000053c800000, 0x000000053d000000|  0%| F|  |TAMS 0x000000053c800000| PB 0x000000053c800000| Untracked 
|  91|0x000000053d000000, 0x000000053d000000, 0x000000053d800000|  0%| F|  |TAMS 0x000000053d000000| PB 0x000000053d000000| Untracked 
|  92|0x000000053d800000, 0x000000053d800000, 0x000000053e000000|  0%| F|  |TAMS 0x000000053d800000| PB 0x000000053d800000| Untracked 
|  93|0x000000053e000000, 0x000000053e000000, 0x000000053e800000|  0%| F|  |TAMS 0x000000053e000000| PB 0x000000053e000000| Untracked 
|  94|0x000000053e800000, 0x000000053e9eb8d8, 0x000000053f000000| 24%| E|  |TAMS 0x000000053e800000| PB 0x000000053e800000| Complete 
|1504|0x00000007ff800000, 0x00000007ff907778, 0x0000000800000000| 12%| O|  |TAMS 0x00000007ff800000| PB 0x00000007ff800000| Untracked 

Card table byte_map: [0x00007faa419c5000,0x00007faa43149000] _byte_map_base: 0x00007faa3f149000

Marking Bits: (CMBitMap*) 0x00007faa5c053bb0
 Bits: [0x00007faa35da5000, 0x00007faa419c5000)

Polling page: 0x00007faa64648000

Metaspace:

Usage:
  Non-class:     78.75 KB used.
      Class:      3.75 KB used.
       Both:     82.50 KB used.

Virtual space:
  Non-class space:       64.00 MB reserved,     192.00 KB ( <1%) committed,  1 nodes.
      Class space:        1.00 GB reserved,     128.00 KB ( <1%) committed,  1 nodes.
             Both:        1.06 GB reserved,     320.00 KB ( <1%) committed. 

Chunk freelists:
   Non-Class:  12.00 MB
       Class:  15.75 MB
        Both:  27.74 MB

MaxMetaspaceSize: unlimited
CompressedClassSpaceSize: 1.00 GB
Initial GC threshold: 21.00 MB
Current GC threshold: 21.00 MB
CDS: on
 - commit_granule_bytes: 65536.
 - commit_granule_words: 8192.
 - virtual_space_node_default_size: 8388608.
 - enlarge_chunks_in_place: 1.
 - use_allocation_guard: 0.


Internal statistics:

num_allocs_failed_limit: 0.
num_arena_births: 4.
num_arena_deaths: 0.
num_vsnodes_births: 2.
num_vsnodes_deaths: 0.
num_space_committed: 5.
num_space_uncommitted: 0.
num_chunks_returned_to_freelist: 0.
num_chunks_taken_from_freelist: 5.
num_chunk_merges: 0.
num_chunk_splits: 3.
num_chunks_enlarged: 0.
num_inconsistent_stats: 0.

CodeHeap 'non-profiled nmethods': size=119168Kb used=0Kb max_used=0Kb free=119168Kb
 bounds [0x00007faa4c46d000, 0x00007faa4c6dd000, 0x00007faa538cd000]
CodeHeap 'profiled nmethods': size=119164Kb used=4Kb max_used=4Kb free=119159Kb
 bounds [0x00007faa448cd000, 0x00007faa44b3d000, 0x00007faa4bd2c000]
CodeHeap 'non-nmethods': size=7428Kb used=1152Kb max_used=1161Kb free=6275Kb
 bounds [0x00007faa4bd2c000, 0x00007faa4bf9c000, 0x00007faa4c46d000]
 total_blobs=303 nmethods=4 adapters=206
 compilation: enabled
              stopped_count=0, restarted_count=0
 full_count=0

Compilation events (8 events):
Event: 0.018 Thread 0x00007faa5c14c730    1       3       java.lang.Object::<init> (1 bytes)
Event: 0.018 Thread 0x00007faa5c14c730 nmethod 1 0x00007faa448cd010 code [0x00007faa448cd1a0, 0x00007faa448cd2a0]
Event: 0.020 Thread 0x00007faa5c14c730    2       3       java.lang.String::coder (15 bytes)
Event: 0.020 Thread 0x00007faa5c14c730 nmethod 2 0x00007faa448cd310 code [0x00007faa448cd4a0, 0x00007faa448cd5d0]
Event: 0.025 Thread 0x00007faa5c14c730    3       3       java.lang.String::length (11 bytes)
Event: 0.025 Thread 0x00007faa5c14c730 nmethod 3 0x00007faa448cd690 code [0x00007faa448cd840, 0x00007faa448cd9e0]
Event: 0.031 Thread 0x00007faa5c14c730    4       3       java.lang.String::hashCode (60 bytes)
Event: 0.031 Thread 0x00007faa5c14c730 nmethod 4 0x00007faa448cda90 code [0x00007faa448cdc60, 0x00007faa448cdfb0]

GC Heap History (0 events):
No events

Dll operation events (3 events):
Event: 0.003 Loaded shared library /root/.sdkman/candidates/java/21.0.2-amzn/lib/libjava.so
Event: 0.017 Loaded shared library /root/.sdkman/candidates/java/21.0.2-amzn/lib/libjsvml.so
Event: 0.031 Loaded shared library /mnt/e/code/BA-Thesis/java/app/build/libcppjnilib.so

Deoptimization events (0 events):
No events

Classes loaded (8 events):
Event: 0.015 Loading class sun/nio/cs/UTF_8$Encoder
Event: 0.015 Loading class sun/nio/cs/UTF_8$Encoder done
Event: 0.019 Loading class jdk/internal/vm/PostVMInitHook
Event: 0.020 Loading class jdk/internal/vm/PostVMInitHook done
Event: 0.020 Loading class jdk/internal/loader/URLClassPath$FileLoader
Event: 0.020 Loading class jdk/internal/loader/URLClassPath$FileLoader done
Event: 0.021 Loading class jdk/internal/loader/URLClassPath$FileLoader$1
Event: 0.021 Loading class jdk/internal/loader/URLClassPath$FileLoader$1 done

Classes unloaded (0 events):
No events

Classes redefined (0 events):
No events

Internal exceptions (0 events):
No events

ZGC Phase Switch (0 events):
No events

VM Operations (0 events):
No events

Events (20 events):
Event: 0.002 Protecting memory [0x00007faa62819000,0x00007faa6281d000] with protection modes 0
Event: 0.010 Thread 0x00007faa5c028480 Thread added: 0x00007faa5c028480
Event: 0.016 Thread 0x00007faa5c143680 Thread added: 0x00007faa5c143680
Event: 0.016 Protecting memory [0x00007faa35067000,0x00007faa3506b000] with protection modes 0
Event: 0.016 Thread 0x00007faa5c144df0 Thread added: 0x00007faa5c144df0
Event: 0.016 Protecting memory [0x00007faa34f66000,0x00007faa34f6a000] with protection modes 0
Event: 0.016 Thread 0x00007faa5c1468d0 Thread added: 0x00007faa5c1468d0
Event: 0.016 Protecting memory [0x00007faa34e65000,0x00007faa34e69000] with protection modes 0
Event: 0.016 Thread 0x00007faa5c147f10 Thread added: 0x00007faa5c147f10
Event: 0.016 Protecting memory [0x00007faa34d64000,0x00007faa34d68000] with protection modes 0
Event: 0.017 Thread 0x00007faa5c1494b0 Thread added: 0x00007faa5c1494b0
Event: 0.017 Protecting memory [0x00007faa34c63000,0x00007faa34c67000] with protection modes 0
Event: 0.017 Thread 0x00007faa5c14b070 Thread added: 0x00007faa5c14b070
Event: 0.017 Protecting memory [0x00007faa34b62000,0x00007faa34b66000] with protection modes 0
Event: 0.017 Thread 0x00007faa5c14c730 Thread added: 0x00007faa5c14c730
Event: 0.017 Protecting memory [0x00007faa34a61000,0x00007faa34a65000] with protection modes 0
Event: 0.019 Thread 0x00007faa5c15a940 Thread added: 0x00007faa5c15a940
Event: 0.020 Protecting memory [0x00007faa34960000,0x00007faa34964000] with protection modes 0
Event: 0.022 Thread 0x00007faa5c15df20 Thread added: 0x00007faa5c15df20
Event: 0.022 Protecting memory [0x00007faa34500000,0x00007faa34504000] with protection modes 0


Dynamic libraries:
50f800000-53f000000 rw-p 00000000 00:00 0 
53f000000-7ff800000 ---p 00000000 00:00 0 
7ff800000-7ff908000 rw-p 00ce5000 08:20 537309                           /root/.sdkman/candidates/java/21.0.2-amzn/lib/server/classes.jsa
7ff908000-800000000 rw-p 00000000 00:00 0 
563f0c000000-563f0c001000 r-xp 00000000 08:20 307511                     /root/.sdkman/candidates/java/21.0.2-amzn/bin/java
563f0c201000-563f0c202000 r--p 00001000 08:20 307511                     /root/.sdkman/candidates/java/21.0.2-amzn/bin/java
563f0c202000-563f0c203000 rw-p 00002000 08:20 307511                     /root/.sdkman/candidates/java/21.0.2-amzn/bin/java
563f0d8f1000-563f0d937000 rw-p 00000000 00:00 0                          [heap]
7fa9a4000000-7fa9a4021000 rw-p 00000000 00:00 0 
7fa9a4021000-7fa9a8000000 ---p 00000000 00:00 0 
7fa9ac000000-7fa9ac024000 rw-p 00000000 00:00 0 
7fa9ac024000-7fa9b0000000 ---p 00000000 00:00 0 
7fa9b0000000-7fa9b0021000 rw-p 00000000 00:00 0 
7fa9b0021000-7fa9b4000000 ---p 00000000 00:00 0 
7fa9b4000000-7fa9b4021000 rw-p 00000000 00:00 0 
7fa9b4021000-7fa9b8000000 ---p 00000000 00:00 0 
7fa9b8000000-7fa9b805f000 rw-p 00000000 00:00 0 
7fa9b805f000-7fa9bc000000 ---p 00000000 00:00 0 
7fa9bc000000-7fa9bc021000 rw-p 00000000 00:00 0 
7fa9bc021000-7fa9c0000000 ---p 00000000 00:00 0 
7fa9c0000000-7fa9c0021000 rw-p 00000000 00:00 0 
7fa9c0021000-7fa9c4000000 ---p 00000000 00:00 0 
7fa9c4000000-7fa9c4021000 rw-p 00000000 00:00 0 
7fa9c4021000-7fa9c8000000 ---p 00000000 00:00 0 
7fa9c8000000-7fa9c8021000 rw-p 00000000 00:00 0 
7fa9c8021000-7fa9cc000000 ---p 00000000 00:00 0 
7fa9cc000000-7fa9cc021000 rw-p 00000000 00:00 0 
7fa9cc021000-7fa9d0000000 ---p 00000000 00:00 0 
7fa9d3000000-7fa9d3020000 rw-p 00000000 00:00 0 
7fa9d3020000-7fa9d3400000 ---p 00000000 00:00 0 
7fa9d3400000-7fa9d3410000 rw-p 00000000 00:00 0 
7fa9d3410000-7fa9d7000000 ---p 00000000 00:00 0 
7fa9d7000000-7fa9d7ca6000 rw-p 00001000 08:20 537309                     /root/.sdkman/candidates/java/21.0.2-amzn/lib/server/classes.jsa
7fa9d7ca6000-7fa9d8000000 ---p 00000000 00:00 0 
7fa9d8000000-7fa9d8010000 rw-p 00000000 00:00 0 
7fa9d8010000-7fa9d8040000 ---p 00000000 00:00 0 
7fa9d8040000-7fa9d8050000 rw-p 00000000 00:00 0 
7fa9d8050000-7faa18000000 ---p 00000000 00:00 0 
7faa18000000-7faa18021000 rw-p 00000000 00:00 0 
7faa18021000-7faa1c000000 ---p 00000000 00:00 0 
7faa1c000000-7faa1c021000 rw-p 00000000 00:00 0 
7faa1c021000-7faa20000000 ---p 00000000 00:00 0 
7faa20000000-7faa20021000 rw-p 00000000 00:00 0 
7faa20021000-7faa24000000 ---p 00000000 00:00 0 
7faa25d1e000-7faa28000000 rw-p 00000000 00:00 0 
7faa28000000-7faa28021000 rw-p 00000000 00:00 0 
7faa28021000-7faa2c000000 ---p 00000000 00:00 0 
7faa2c000000-7faa2c021000 rw-p 00000000 00:00 0 
7faa2c021000-7faa30000000 ---p 00000000 00:00 0 
7faa30000000-7faa30021000 rw-p 00000000 00:00 0 
7faa30021000-7faa34000000 ---p 00000000 00:00 0 
7faa34152000-7faa342d3000 rw-p 00000000 00:00 0 
7faa342d3000-7faa3436d000 r--p 00000000 08:20 27187                      /usr/lib/x86_64-linux-gnu/libstdc++.so.6.0.30
7faa3436d000-7faa3447e000 r-xp 0009a000 08:20 27187                      /usr/lib/x86_64-linux-gnu/libstdc++.so.6.0.30
7faa3447e000-7faa344ed000 r--p 001ab000 08:20 27187                      /usr/lib/x86_64-linux-gnu/libstdc++.so.6.0.30
7faa344ed000-7faa344ee000 ---p 0021a000 08:20 27187                      /usr/lib/x86_64-linux-gnu/libstdc++.so.6.0.30
7faa344ee000-7faa344f9000 r--p 0021a000 08:20 27187                      /usr/lib/x86_64-linux-gnu/libstdc++.so.6.0.30
7faa344f9000-7faa344fc000 rw-p 00225000 08:20 27187                      /usr/lib/x86_64-linux-gnu/libstdc++.so.6.0.30
7faa344fc000-7faa344ff000 rw-p 00000000 00:00 0 
7faa344ff000-7faa34500000 ---p 00000000 00:00 0 
7faa34500000-7faa34504000 ---p 00000000 00:00 0 
7faa34504000-7faa34600000 rw-p 00000000 00:00 0 
7faa34600000-7faa346ce000 r-xp 00000000 08:20 537319                     /root/.sdkman/candidates/java/21.0.2-amzn/lib/libjsvml.so
7faa346ce000-7faa348cd000 ---p 000ce000 08:20 537319                     /root/.sdkman/candidates/java/21.0.2-amzn/lib/libjsvml.so
7faa348cd000-7faa348ce000 r--p 000cd000 08:20 537319                     /root/.sdkman/candidates/java/21.0.2-amzn/lib/libjsvml.so
7faa348ce000-7faa348cf000 rw-p 000ce000 08:20 537319                     /root/.sdkman/candidates/java/21.0.2-amzn/lib/libjsvml.so
7faa3495f000-7faa34960000 ---p 00000000 00:00 0 
7faa34960000-7faa34964000 ---p 00000000 00:00 0 
7faa34964000-7faa34a60000 rw-p 00000000 00:00 0 
7faa34a60000-7faa34a61000 ---p 00000000 00:00 0 
7faa34a61000-7faa34a65000 ---p 00000000 00:00 0 
7faa34a65000-7faa34b61000 rw-p 00000000 00:00 0 
7faa34b61000-7faa34b62000 ---p 00000000 00:00 0 
7faa34b62000-7faa34b66000 ---p 00000000 00:00 0 
7faa34b66000-7faa34c62000 rw-p 00000000 00:00 0 
7faa34c62000-7faa34c63000 ---p 00000000 00:00 0 
7faa34c63000-7faa34c67000 ---p 00000000 00:00 0 
7faa34c67000-7faa34d63000 rw-p 00000000 00:00 0 
7faa34d63000-7faa34d64000 ---p 00000000 00:00 0 
7faa34d64000-7faa34d68000 ---p 00000000 00:00 0 
7faa34d68000-7faa34e64000 rw-p 00000000 00:00 0 
7faa34e64000-7faa34e65000 ---p 00000000 00:00 0 
7faa34e65000-7faa34e69000 ---p 00000000 00:00 0 
7faa34e69000-7faa34f65000 rw-p 00000000 00:00 0 
7faa34f65000-7faa34f66000 ---p 00000000 00:00 0 
7faa34f66000-7faa34f6a000 ---p 00000000 00:00 0 
7faa34f6a000-7faa35066000 rw-p 00000000 00:00 0 
7faa35066000-7faa35067000 ---p 00000000 00:00 0 
7faa35067000-7faa3506b000 ---p 00000000 00:00 0 
7faa3506b000-7faa35167000 rw-p 00000000 00:00 0 
7faa35167000-7faa351be000 r--p 00000000 08:20 7397                       /usr/lib/locale/C.utf8/LC_CTYPE
7faa351be000-7faa351bf000 ---p 00000000 00:00 0 
7faa351bf000-7faa352bf000 rw-p 00000000 00:00 0 
7faa352bf000-7faa352c0000 ---p 00000000 00:00 0 
7faa352c0000-7faa3549c000 rw-p 00000000 00:00 0 
7faa3549c000-7faa3549d000 ---p 00000000 00:00 0 
7faa3549d000-7faa3559d000 rw-p 00000000 00:00 0 
7faa3559d000-7faa3559e000 ---p 00000000 00:00 0 
7faa3559e000-7faa36985000 rw-p 00000000 00:00 0 
7faa36985000-7faa419a5000 ---p 00000000 00:00 0 
7faa419a5000-7faa41b41000 rw-p 00000000 00:00 0 
7faa41b41000-7faa43145000 ---p 00000000 00:00 0 
7faa43145000-7faa432c5000 rw-p 00000000 00:00 0 
7faa432c5000-7faa448c9000 ---p 00000000 00:00 0 
7faa448c9000-7faa448cd000 rw-p 00000000 00:00 0 
7faa448cd000-7faa44b3d000 rwxp 00000000 00:00 0 
7faa44b3d000-7faa4bd2c000 ---p 00000000 00:00 0 
7faa4bd2c000-7faa4bf9c000 rwxp 00000000 00:00 0 
7faa4bf9c000-7faa4c46d000 ---p 00000000 00:00 0 
7faa4c46d000-7faa4c6dd000 rwxp 00000000 00:00 0 
7faa4c6dd000-7faa538cd000 ---p 00000000 00:00 0 
7faa538cd000-7faa5c000000 r--s 00000000 08:20 537331                     /root/.sdkman/candidates/java/21.0.2-amzn/lib/modules
7faa5c000000-7faa5c188000 rw-p 00000000 00:00 0 
7faa5c188000-7faa60000000 ---p 00000000 00:00 0 
7faa60001000-7faa60004000 r--p 00000000 08:20 9341                       /usr/lib/x86_64-linux-gnu/libgcc_s.so.1
7faa60004000-7faa6001b000 r-xp 00003000 08:20 9341                       /usr/lib/x86_64-linux-gnu/libgcc_s.so.1
7faa6001b000-7faa6001f000 r--p 0001a000 08:20 9341                       /usr/lib/x86_64-linux-gnu/libgcc_s.so.1
7faa6001f000-7faa60020000 r--p 0001d000 08:20 9341                       /usr/lib/x86_64-linux-gnu/libgcc_s.so.1
7faa60020000-7faa60021000 rw-p 0001e000 08:20 9341                       /usr/lib/x86_64-linux-gnu/libgcc_s.so.1
7faa60021000-7faa60b2c000 rw-p 00000000 00:00 0 
7faa60b2c000-7faa60b2d000 ---p 00000000 00:00 0 
7faa60b2d000-7faa60c2d000 rw-p 00000000 00:00 0 
7faa60c2d000-7faa60c2e000 ---p 00000000 00:00 0 
7faa60c2e000-7faa60d2e000 rw-p 00000000 00:00 0 
7faa60d2e000-7faa60d2f000 ---p 00000000 00:00 0 
7faa60d2f000-7faa62000000 rw-p 00000000 00:00 0 
7faa62000000-7faa62020000 r-xp 00000000 08:20 537301                     /root/.sdkman/candidates/java/21.0.2-amzn/lib/libjava.so
7faa62020000-7faa6221f000 ---p 00020000 08:20 537301                     /root/.sdkman/candidates/java/21.0.2-amzn/lib/libjava.so
7faa6221f000-7faa62220000 r--p 0001f000 08:20 537301                     /root/.sdkman/candidates/java/21.0.2-amzn/lib/libjava.so
7faa62220000-7faa62221000 rw-p 00020000 08:20 537301                     /root/.sdkman/candidates/java/21.0.2-amzn/lib/libjava.so
7faa62221000-7faa62222000 rw-p 00000000 00:00 0 
7faa6222f000-7faa62400000 rw-p 00000000 00:00 0 
7faa62400000-7faa6241b000 r-xp 00000000 08:20 537352                     /root/.sdkman/candidates/java/21.0.2-amzn/lib/libjimage.so
7faa6241b000-7faa6261a000 ---p 0001b000 08:20 537352                     /root/.sdkman/candidates/java/21.0.2-amzn/lib/libjimage.so
7faa6261a000-7faa6261c000 r--p 0001a000 08:20 537352                     /root/.sdkman/candidates/java/21.0.2-amzn/lib/libjimage.so
7faa6261c000-7faa6261d000 rw-p 0001c000 08:20 537352                     /root/.sdkman/candidates/java/21.0.2-amzn/lib/libjimage.so
7faa6263f000-7faa62642000 r--p 00000000 00:53 5348024558630140           /mnt/e/code/BA-Thesis/java/app/build/libcppjnilib.so
7faa62642000-7faa62644000 r-xp 00003000 00:53 5348024558630140           /mnt/e/code/BA-Thesis/java/app/build/libcppjnilib.so
7faa62644000-7faa62645000 r--p 00005000 00:53 5348024558630140           /mnt/e/code/BA-Thesis/java/app/build/libcppjnilib.so
7faa62645000-7faa62646000 r--p 00005000 00:53 5348024558630140           /mnt/e/code/BA-Thesis/java/app/build/libcppjnilib.so
7faa62646000-7faa62647000 rw-p 00006000 00:53 5348024558630140           /mnt/e/code/BA-Thesis/java/app/build/libcppjnilib.so
7faa62647000-7faa6264c000 rw-p 00000000 00:00 0 
7faa6264c000-7faa62730000 ---p 00000000 00:00 0 
7faa62730000-7faa62735000 rw-p 00000000 00:00 0 
7faa62735000-7faa62819000 ---p 00000000 00:00 0 
7faa62819000-7faa6281d000 ---p 00000000 00:00 0 
7faa6281d000-7faa62919000 rw-p 00000000 00:00 0 
7faa62919000-7faa62927000 r--p 00000000 08:20 26538                      /usr/lib/x86_64-linux-gnu/libm.so.6
7faa62927000-7faa629a3000 r-xp 0000e000 08:20 26538                      /usr/lib/x86_64-linux-gnu/libm.so.6
7faa629a3000-7faa629fe000 r--p 0008a000 08:20 26538                      /usr/lib/x86_64-linux-gnu/libm.so.6
7faa629fe000-7faa629ff000 r--p 000e4000 08:20 26538                      /usr/lib/x86_64-linux-gnu/libm.so.6
7faa629ff000-7faa62a00000 rw-p 000e5000 08:20 26538                      /usr/lib/x86_64-linux-gnu/libm.so.6
7faa62a00000-7faa63e4f000 r-xp 00000000 08:20 537311                     /root/.sdkman/candidates/java/21.0.2-amzn/lib/server/libjvm.so
7faa63e4f000-7faa6404e000 ---p 0144f000 08:20 537311                     /root/.sdkman/candidates/java/21.0.2-amzn/lib/server/libjvm.so
7faa6404e000-7faa6411f000 r--p 0144e000 08:20 537311                     /root/.sdkman/candidates/java/21.0.2-amzn/lib/server/libjvm.so
7faa6411f000-7faa6414f000 rw-p 0151f000 08:20 537311                     /root/.sdkman/candidates/java/21.0.2-amzn/lib/server/libjvm.so
7faa6414f000-7faa641b5000 rw-p 00000000 00:00 0 
7faa641b6000-7faa641b7000 r--p 00000000 08:20 7406                       /usr/lib/locale/C.utf8/LC_NUMERIC
7faa641b7000-7faa641b8000 r--p 00000000 08:20 7409                       /usr/lib/locale/C.utf8/LC_TIME
7faa641b8000-7faa641b9000 r--p 00000000 08:20 7396                       /usr/lib/locale/C.utf8/LC_COLLATE
7faa641b9000-7faa641ba000 r--p 00000000 08:20 7403                       /usr/lib/locale/C.utf8/LC_MONETARY
7faa641ba000-7faa641bb000 r--p 00000000 08:20 7401                       /usr/lib/locale/C.utf8/LC_MESSAGES/SYS_LC_MESSAGES
7faa641bb000-7faa641bc000 r--p 00000000 08:20 7407                       /usr/lib/locale/C.utf8/LC_PAPER
7faa641bc000-7faa641c3000 r--s 00000000 08:20 51605                      /usr/lib/x86_64-linux-gnu/gconv/gconv-modules.cache
7faa641c3000-7faa641c8000 rw-p 00000000 00:00 0 
7faa641c8000-7faa641d2000 ---p 00000000 00:00 0 
7faa641d2000-7faa641d3000 r--p 00000000 08:20 26549                      /usr/lib/x86_64-linux-gnu/librt.so.1
7faa641d3000-7faa641d4000 r-xp 00001000 08:20 26549                      /usr/lib/x86_64-linux-gnu/librt.so.1
7faa641d4000-7faa641d5000 r--p 00002000 08:20 26549                      /usr/lib/x86_64-linux-gnu/librt.so.1
7faa641d5000-7faa641d6000 r--p 00002000 08:20 26549                      /usr/lib/x86_64-linux-gnu/librt.so.1
7faa641d6000-7faa641d7000 rw-p 00003000 08:20 26549                      /usr/lib/x86_64-linux-gnu/librt.so.1
7faa641d7000-7faa641ff000 r--p 00000000 08:20 26535                      /usr/lib/x86_64-linux-gnu/libc.so.6
7faa641ff000-7faa64394000 r-xp 00028000 08:20 26535                      /usr/lib/x86_64-linux-gnu/libc.so.6
7faa64394000-7faa643ec000 r--p 001bd000 08:20 26535                      /usr/lib/x86_64-linux-gnu/libc.so.6
7faa643ec000-7faa643ed000 ---p 00215000 08:20 26535                      /usr/lib/x86_64-linux-gnu/libc.so.6
7faa643ed000-7faa643f1000 r--p 00215000 08:20 26535                      /usr/lib/x86_64-linux-gnu/libc.so.6
7faa643f1000-7faa643f3000 rw-p 00219000 08:20 26535                      /usr/lib/x86_64-linux-gnu/libc.so.6
7faa643f3000-7faa64400000 rw-p 00000000 00:00 0 
7faa64400000-7faa6440f000 r-xp 00000000 08:20 537304                     /root/.sdkman/candidates/java/21.0.2-amzn/lib/libjli.so
7faa6440f000-7faa6460f000 ---p 0000f000 08:20 537304                     /root/.sdkman/candidates/java/21.0.2-amzn/lib/libjli.so
7faa6460f000-7faa64610000 r--p 0000f000 08:20 537304                     /root/.sdkman/candidates/java/21.0.2-amzn/lib/libjli.so
7faa64610000-7faa64611000 rw-p 00010000 08:20 537304                     /root/.sdkman/candidates/java/21.0.2-amzn/lib/libjli.so
7faa64611000-7faa64612000 r--p 00000000 08:20 7404                       /usr/lib/locale/C.utf8/LC_NAME
7faa64612000-7faa64613000 r--p 00000000 08:20 7395                       /usr/lib/locale/C.utf8/LC_ADDRESS
7faa64613000-7faa64614000 r--p 00000000 08:20 7408                       /usr/lib/locale/C.utf8/LC_TELEPHONE
7faa64614000-7faa64615000 r--p 00000000 08:20 7400                       /usr/lib/locale/C.utf8/LC_MEASUREMENT
7faa64615000-7faa64619000 rw-p 00000000 00:00 0 
7faa64619000-7faa6461a000 r--p 00000000 08:20 26537                      /usr/lib/x86_64-linux-gnu/libdl.so.2
7faa6461a000-7faa6461b000 r-xp 00001000 08:20 26537                      /usr/lib/x86_64-linux-gnu/libdl.so.2
7faa6461b000-7faa6461c000 r--p 00002000 08:20 26537                      /usr/lib/x86_64-linux-gnu/libdl.so.2
7faa6461c000-7faa6461d000 r--p 00002000 08:20 26537                      /usr/lib/x86_64-linux-gnu/libdl.so.2
7faa6461d000-7faa6461e000 rw-p 00003000 08:20 26537                      /usr/lib/x86_64-linux-gnu/libdl.so.2
7faa6461e000-7faa6461f000 r--p 00000000 08:20 26547                      /usr/lib/x86_64-linux-gnu/libpthread.so.0
7faa6461f000-7faa64620000 r-xp 00001000 08:20 26547                      /usr/lib/x86_64-linux-gnu/libpthread.so.0
7faa64620000-7faa64621000 r--p 00002000 08:20 26547                      /usr/lib/x86_64-linux-gnu/libpthread.so.0
7faa64621000-7faa64622000 r--p 00002000 08:20 26547                      /usr/lib/x86_64-linux-gnu/libpthread.so.0
7faa64622000-7faa64623000 rw-p 00003000 08:20 26547                      /usr/lib/x86_64-linux-gnu/libpthread.so.0
7faa64623000-7faa64625000 r--p 00000000 08:20 6844                       /usr/lib/x86_64-linux-gnu/libz.so.1.2.11
7faa64625000-7faa64636000 r-xp 00002000 08:20 6844                       /usr/lib/x86_64-linux-gnu/libz.so.1.2.11
7faa64636000-7faa6463c000 r--p 00013000 08:20 6844                       /usr/lib/x86_64-linux-gnu/libz.so.1.2.11
7faa6463c000-7faa6463d000 ---p 00019000 08:20 6844                       /usr/lib/x86_64-linux-gnu/libz.so.1.2.11
7faa6463d000-7faa6463e000 r--p 00019000 08:20 6844                       /usr/lib/x86_64-linux-gnu/libz.so.1.2.11
7faa6463e000-7faa6463f000 rw-p 0001a000 08:20 6844                       /usr/lib/x86_64-linux-gnu/libz.so.1.2.11
7faa6463f000-7faa64640000 r--p 00000000 08:20 7398                       /usr/lib/locale/C.utf8/LC_IDENTIFICATION
7faa64640000-7faa64648000 rw-s 00000000 08:20 1213                       /tmp/hsperfdata_root/9591
7faa64648000-7faa64649000 ---p 00000000 00:00 0 
7faa64649000-7faa6464a000 r--p 00000000 00:00 0 
7faa6464a000-7faa6464c000 rw-p 00000000 00:00 0 
7faa6464c000-7faa6464e000 r--p 00000000 08:20 26532                      /usr/lib/x86_64-linux-gnu/ld-linux-x86-64.so.2
7faa6464e000-7faa64678000 r-xp 00002000 08:20 26532                      /usr/lib/x86_64-linux-gnu/ld-linux-x86-64.so.2
7faa64678000-7faa64683000 r--p 0002c000 08:20 26532                      /usr/lib/x86_64-linux-gnu/ld-linux-x86-64.so.2
7faa64683000-7faa64684000 ---p 00000000 00:00 0 
7faa64684000-7faa64686000 r--p 00037000 08:20 26532                      /usr/lib/x86_64-linux-gnu/ld-linux-x86-64.so.2
7faa64686000-7faa64688000 rw-p 00039000 08:20 26532                      /usr/lib/x86_64-linux-gnu/ld-linux-x86-64.so.2
7ffc12949000-7ffc1296b000 rw-p 00000000 00:00 0                          [stack]
7ffc129a7000-7ffc129ab000 r--p 00000000 00:00 0                          [vvar]
7ffc129ab000-7ffc129ad000 r-xp 00000000 00:00 0                          [vdso]
Total number of mappings: 217


VM Arguments:
jvm_args: -Djava.library.path=. 
java_command: HelloWorld
java_class_path (initial): .
Launcher Type: SUN_STANDARD

[Global flags]
     intx CICompilerCount                          = 12                                        {product} {ergonomic}
     uint ConcGCThreads                            = 5                                         {product} {ergonomic}
     uint G1ConcRefinementThreads                  = 18                                        {product} {ergonomic}
   size_t G1HeapRegionSize                         = 8388608                                   {product} {ergonomic}
    uintx GCDrainStackTargetSize                   = 64                                        {product} {ergonomic}
   size_t InitialHeapSize                          = 796917760                                 {product} {ergonomic}
   size_t MarkStackSize                            = 4194304                                   {product} {ergonomic}
   size_t MaxHeapSize                              = 12624855040                               {product} {ergonomic}
   size_t MaxNewSize                               = 7574913024                                {product} {ergonomic}
   size_t MinHeapDeltaBytes                        = 8388608                                   {product} {ergonomic}
   size_t MinHeapSize                              = 8388608                                   {product} {ergonomic}
    uintx NonNMethodCodeHeapSize                   = 7602480                                {pd product} {ergonomic}
    uintx NonProfiledCodeHeapSize                  = 122027880                              {pd product} {ergonomic}
    uintx ProfiledCodeHeapSize                     = 122027880                              {pd product} {ergonomic}
    uintx ReservedCodeCacheSize                    = 251658240                              {pd product} {ergonomic}
     bool SegmentedCodeCache                       = true                                      {product} {ergonomic}
   size_t SoftMaxHeapSize                          = 12624855040                            {manageable} {ergonomic}
     bool UseCompressedOops                        = true                           {product lp64_product} {ergonomic}
     bool UseG1GC                                  = true                                      {product} {ergonomic}

Logging:
Log output configuration:
 #0: stdout all=warning uptime,level,tags foldmultilines=false
 #1: stderr all=off uptime,level,tags foldmultilines=false

Environment Variables:
JAVA_HOME=/root/.sdkman/candidates/java/current
PATH=/root/android-ndk/android-ndk-r26b:/root/.nix-profile/bin:/nix/var/nix/profiles/default/bin:/root/android-ndk/android-ndk-r26b/:/root/.sdkman/candidates/kotlin/current/bin:/root/.sdkman/candidates/java/current/bin:/root/.sdkman/candidates/gradle/current/bin:/usr/local/sbin:/usr/local/bin:/usr/sbin:/usr/bin:/sbin:/bin:/usr/games:/usr/local/games:/usr/lib/wsl/lib:/mnt/c/Program Files/PowerShell/7:/mnt/c/Users/Jean/fvm/versions/stable/bin/:/mnt/c/Program Files (x86)/Common Files/Intel/Shared Libraries/redist/intel64_win/compiler:/mnt/c/Program Files/Lapce/:/mnt/c/tools/python/Python311/Scripts/:/mnt/c/tools/python/Python311/:/mnt/c/Program Files (x86)/VMware/VMware Workstation/bin/:/mnt/c/Program Files/OpenSSH/:/mnt/c/Program Files (x86)/Common Files/Intel/Shared Libraries/redist/intel64/compiler:/mnt/c/Windows/system32:/mnt/c/Windows:/mnt/c/Windows/System32/Wbem:/mnt/c/Windows/System32/WindowsPowerShell/v1.0/:/mnt/c/Windows/System32/OpenSSH/:/mnt/c/Program Files/PuTTY/:/mnt/c/Program Files/WireGuard/:/mnt/c/Users/Jean/AppData/Roaming/nvm:/mnt/c/Program Files/nodejs:/mnt/c/ProgramData/chocolatey/bin:/mnt/c/Program Files/Microsoft SQL Server/150/Tools/Binn/:/mnt/c/Program Files/dotnet/:/mnt/c/Program Files/NVIDIA Corporation/NVIDIA NvDLISR:/mnt/c/Program Files/Git/cmd:/mnt/c/Program Files (x86)/NVIDIA Corporation/PhysX/Common:/mnt/c/Program Files/usbipd-win/:/mnt/c/tools/php/php-8.2.5-nts-Win32-vs16-x64:/mnt/c/tools/composer:/mnt/c/Program Files/Docker/Docker/resources/bin:/mnt/c/Program Files (x86)/Microsoft SQL Server/160/DTS/Binn/:/mnt/c/Program Files/Azure Data Studio/bin:/mnt/c/tools/CMake/bin:/mnt/c/Strawberry/c/bin:/mnt/c/Strawberry/perl/site/bin:/mnt/c/Strawberry/perl/bin:/mnt/c/Program Files/PowerShell/7/:/mnt/e/MinGW/bin:/mnt/c/Users/Jean/AppData/Local/pnpm:/mnt/c/Users/Jean/.cargo/bin:/mnt/c/Users/Jean/AppData/Local/Microsoft/WindowsApps:/mnt/c/Users/Jean/AppData/Local/Programs/Microsoft VS Code/bin:/mnt/c/tools/dart-sdk/bin:/mnt/c/Users/Jean/AppData/Roaming/Pub/Cache/bin:/mnt/c/tools/OpenJDK/jdk-17.0.6+10/bin:/mnt/c/Users/Jean/AppData/Local/Programs/oh-my-posh/bin:/mnt/c/Users/Jean/AppData/Local/Android/Sdk/platform-tools:/mnt/c/Users/Jean/fvm/default/bin:/mnt/c/Users/Jean/AppData/Roaming/Composer/vendor/bin:/mnt/c/Users/Jean/AppData/Local/Microsoft/WinGet/Links:/mnt/c/Program Files (x86)/Dr. Memory/bin/:/mnt/c/Users/Jean/.dotnet/tools:/snap/bin
SHELL=/usr/bin/fish
DISPLAY=:0
HOSTTYPE=x86_64
LANG=C.UTF-8
TERM=xterm-256color

Active Locale:
LC_ALL=C.UTF-8
LC_COLLATE=C.UTF-8
LC_CTYPE=C.UTF-8
LC_MESSAGES=C.UTF-8
LC_MONETARY=C.UTF-8
LC_NUMERIC=C.UTF-8
LC_TIME=C.UTF-8

Signal Handlers:
   SIGSEGV: crash_handler in libjvm.so, mask=11100100010111111101111111111110, flags=SA_RESTART|SA_SIGINFO, unblocked
    SIGBUS: crash_handler in libjvm.so, mask=11100100010111111101111111111110, flags=SA_RESTART|SA_SIGINFO, unblocked
    SIGFPE: crash_handler in libjvm.so, mask=11100100010111111101111111111110, flags=SA_RESTART|SA_SIGINFO, unblocked
   SIGPIPE: javaSignalHandler in libjvm.so, mask=11100100010111111101111111111110, flags=SA_RESTART|SA_SIGINFO, blocked
   SIGXFSZ: javaSignalHandler in libjvm.so, mask=11100100010111111101111111111110, flags=SA_RESTART|SA_SIGINFO, blocked
    SIGILL: crash_handler in libjvm.so, mask=11100100010111111101111111111110, flags=SA_RESTART|SA_SIGINFO, unblocked
   SIGUSR2: SR_handler in libjvm.so, mask=00000000000000000000000000000000, flags=SA_RESTART|SA_SIGINFO, blocked
    SIGHUP: UserHandler in libjvm.so, mask=11100100010111111101111111111110, flags=SA_RESTART|SA_SIGINFO, blocked
    SIGINT: UserHandler in libjvm.so, mask=11100100010111111101111111111110, flags=SA_RESTART|SA_SIGINFO, blocked
   SIGTERM: UserHandler in libjvm.so, mask=11100100010111111101111111111110, flags=SA_RESTART|SA_SIGINFO, blocked
   SIGQUIT: UserHandler in libjvm.so, mask=11100100010111111101111111111110, flags=SA_RESTART|SA_SIGINFO, blocked
   SIGTRAP: crash_handler in libjvm.so, mask=11100100010111111101111111111110, flags=SA_RESTART|SA_SIGINFO, unblocked


Periodic native trim disabled

---------------  S Y S T E M  ---------------

OS:
DISTRIB_ID=Ubuntu
DISTRIB_RELEASE=22.04
DISTRIB_CODENAME=jammy
DISTRIB_DESCRIPTION="Ubuntu 22.04.3 LTS"
uname: Linux 5.15.133.1-microsoft-standard-WSL2 #1 SMP Thu Oct 5 21:02:42 UTC 2023 x86_64
OS uptime: 0 days 21:25 hours
libc: glibc 2.35 NPTL 2.35 
rlimit (soft/hard): STACK 8192k/infinity , CORE 0k/infinity , NPROC 192524/192524 , NOFILE 1048576/1048576 , AS infinity/infinity , CPU infinity/infinity , DATA infinity/infinity , FSIZE infinity/infinity , MEMLOCK 65536k/65536k
load average: 0.39 0.15 0.05

/proc/meminfo:
MemTotal:       49292808 kB
MemFree:        47252172 kB
MemAvailable:   47986728 kB
Buffers:           39692 kB
Cached:          1141260 kB
SwapCached:            0 kB
Active:           505592 kB
Inactive:        1027476 kB
Active(anon):       2992 kB
Inactive(anon):   355192 kB
Active(file):     502600 kB
Inactive(file):   672284 kB
Unevictable:           0 kB
Mlocked:               0 kB
SwapTotal:      12582912 kB
SwapFree:       12582912 kB
Dirty:                32 kB
Writeback:            56 kB
AnonPages:        338204 kB
Mapped:           274864 kB
Shmem:              6060 kB
KReclaimable:      67764 kB
Slab:             158368 kB
SReclaimable:      67764 kB
SUnreclaim:        90604 kB
KernelStack:        7728 kB
PageTables:         7216 kB
NFS_Unstable:          0 kB
Bounce:                0 kB
WritebackTmp:          0 kB
CommitLimit:    37229316 kB
Committed_AS:    2982116 kB
VmallocTotal:   34359738367 kB
VmallocUsed:       32464 kB
VmallocChunk:          0 kB
Percpu:            13440 kB
AnonHugePages:    122880 kB
ShmemHugePages:        0 kB
ShmemPmdMapped:        0 kB
FileHugePages:         0 kB
FilePmdMapped:         0 kB
HugePages_Total:       0
HugePages_Free:        0
HugePages_Rsvd:        0
HugePages_Surp:        0
Hugepagesize:       2048 kB
Hugetlb:               0 kB
DirectMap4k:      117760 kB
DirectMap2M:     7180288 kB
DirectMap1G:    52428800 kB

/sys/kernel/mm/transparent_hugepage/enabled: [always] madvise never
/sys/kernel/mm/transparent_hugepage/defrag (defrag/compaction efforts parameter): always defer defer+madvise [madvise] never

Process Memory:
Virtual Size: 15335200K (peak: 15393860K)
Resident Set Size: 46848K (peak: 46848K) (anon: 25324K, file: 21524K, shmem: 0K)
Swapped out: 0K
C-Heap outstanding allocations: 45439K, retained: 2012K
glibc malloc tunables: (default)

/proc/sys/kernel/threads-max (system-wide limit on the number of threads): 385048
/proc/sys/vm/max_map_count (maximum number of memory map areas a process may have): 65530
/proc/sys/kernel/pid_max (system-wide limit on number of process identifiers): 4194304

container (cgroup) information:
container_type: cgroupv1
cpu_cpuset_cpus: 0-23
cpu_memory_nodes: 0
active_processor_count: 24
cpu_quota: no quota
cpu_period: 100000
cpu_shares: no shares
memory_limit_in_bytes: unlimited
memory_and_swap_limit_in_bytes: unlimited
memory_soft_limit_in_bytes: unlimited
memory_usage_in_bytes: 1519176 k
memory_max_usage_in_bytes: 1208528 k
kernel_memory_usage_in_bytes: 52908 k
kernel_memory_max_usage_in_bytes: unlimited
kernel_memory_limit_in_bytes: 57620 k
maximum number of tasks: not supported
current number of tasks: not supported

Hyper-V virtualization detected
Steal ticks since vm start: 0
Steal ticks percentage since vm start:  0.000

CPU: total 24 (initial active 24) (32 cores per cpu, 2 threads per core) family 23 model 113 stepping 0 microcode 0xffffffff, cx8, cmov, fxsr, ht, mmx, 3dnowpref, sse, sse2, sse3, ssse3, sse4a, sse4.1, sse4.2, popcnt, lzcnt, tsc, tscinvbit, avx, avx2, aes, clmul, bmi1, bmi2, adx, sha, fma, vzeroupper, clflush, clflushopt, hv, rdtscp, rdpid, f16c
CPU Model and flags from /proc/cpuinfo:
model name	: AMD Ryzen 9 3900X 12-Core Processor
flags		: fpu vme de pse tsc msr pae mce cx8 apic sep mtrr pge mca cmov pat pse36 clflush mmx fxsr sse sse2 ht syscall nx mmxext fxsr_opt pdpe1gb rdtscp lm constant_tsc rep_good nopl tsc_reliable nonstop_tsc cpuid extd_apicid pni pclmulqdq ssse3 fma cx16 sse4_1 sse4_2 movbe popcnt aes xsave avx f16c rdrand hypervisor lahf_lm cmp_legacy svm cr8_legacy abm sse4a misalignsse 3dnowprefetch osvw topoext perfctr_core ssbd ibpb stibp vmmcall fsgsbase bmi1 avx2 smep bmi2 rdseed adx smap clflushopt clwb sha_ni xsaveopt xsavec xgetbv1 clzero xsaveerptr arat npt nrip_save tsc_scale vmcb_clean flushbyasid decodeassists pausefilter pfthreshold v_vmsave_vmload umip rdpid

Online cpus: 0-23
Offline cpus: 
BIOS frequency limitation: <Not Available>
Frequency switch latency (ns): <Not Available>
Available cpu frequencies: <Not Available>
Current governor: <Not Available>
Core performance/turbo boost: <Not Available>

Memory: 4k page, physical 49292808k(47986728k free), swap 12582912k(12582912k free)
Page Sizes: 4k

vm_info: OpenJDK 64-Bit Server VM (21.0.2+13-LTS) for linux-amd64 JRE (21.0.2+13-LTS), built on 2024-01-10T23:18:41Z by "jenkins" with gcc 7.3.1 20180303 (Red Hat 7.3.1-5)

END.
