#
# A fatal error has been detected by the Java Runtime Environment:
#
#  SIGSEGV (0xb) at pc=0x00007ff5111d2c35, pid=11134, tid=11135
#
# JRE version: OpenJDK Runtime Environment Corretto-21.0.2.13.1 (21.0.2+13) (build 21.0.2+13-LTS)
# Java VM: OpenJDK 64-Bit Server VM Corretto-21.0.2.13.1 (21.0.2+13-LTS, mixed mode, sharing, tiered, compressed oops, compressed class ptrs, g1 gc, linux-amd64)
# Problematic frame:
# C  [libcppjnilib.so+0x3c35]  IntMatrix::print()+0x55
#
# No core dump will be written. Core dumps have been disabled. To enable core dumping, try "ulimit -c unlimited" before starting Java again
#
# If you would like to submit a bug report, please visit:
#   https://github.com/corretto/corretto-21/issues/
# The crash happened outside the Java Virtual Machine in native code.
# See problematic frame for where to report the bug.
#

---------------  S U M M A R Y ------------

Command Line: -Djava.library.path=. HelloWorld

Host: AMD Ryzen 9 3900X 12-Core Processor, 24 cores, 47G, Ubuntu 22.04.3 LTS
Time: Fri Mar  1 10:30:41 2024 CET elapsed time: 0.042162 seconds (0d 0h 0m 0s)

---------------  T H R E A D  ---------------

Current thread (0x00007ff508028480):  JavaThread "main"             [_thread_in_native, id=11135, stack(0x00007ff50f900000,0x00007ff50fa00000) (1024K)]

Stack: [0x00007ff50f900000,0x00007ff50fa00000],  sp=0x00007ff50f9fe790,  free space=1017k
Native frames: (J=compiled Java code, j=interpreted, Vv=VM code, C=native code)
C  [libcppjnilib.so+0x3c35]  IntMatrix::print()+0x55
C  [libcppjnilib.so+0x377b]  Java_HelloWorld_matrixMultiplication+0x11b
j  HelloWorld.matrixMultiplication([[I[[I)[[I+0
j  HelloWorld.main([Ljava/lang/String;)V+153
v  ~StubRoutines::call_stub 0x00007ff4f7d2ccc6
V  [libjvm.so+0x909a24]  JavaCalls::call_helper(JavaValue*, methodHandle const&, JavaCallArguments*, JavaThread*)+0x2f4
V  [libjvm.so+0x9b5e1f]  jni_invoke_static(JNIEnv_*, JavaValue*, _jobject*, JNICallType, _jmethodID*, JNI_ArgumentPusher*, JavaThread*) [clone .isra.156] [clone .constprop.261]+0x15f
V  [libjvm.so+0x9b803f]  jni_CallStaticVoidMethod+0x14f
C  [libjli.so+0x57b7]  JavaMain+0xfb7
C  [libjli.so+0x8719]  ThreadJavaMain+0x9
Java frames: (J=compiled Java code, j=interpreted, Vv=VM code)
j  HelloWorld.matrixMultiplication([[I[[I)[[I+0
j  HelloWorld.main([Ljava/lang/String;)V+153
v  ~StubRoutines::call_stub 0x00007ff4f7d2ccc6

siginfo: si_signo: 11 (SIGSEGV), si_code: 1 (SEGV_MAPERR), si_addr: 0x00007ff2f747f6f7

Registers:
RAX=0x00007ff2f747f6f7, RBX=0x00007ff4804005d0, RCX=0x0000000000000000, RDX=0x00007ff2f747f6f7
RSP=0x00007ff50f9fe790, RBP=0x00007ff50f9fe7b0, RSI=0x00007ff5080008e0, RDI=0x00007ff50f9fe7f0
R8 =0x00007ff5081776c0, R9 =0x00007ff5081777a0, R10=0x00007ff5111e44d0, R11=0xcc60ceb2d03dbc27
R12=0x0000000000000000, R13=0x00007ff4804005d0, R14=0x00007ff50f9fe8f8, R15=0x00007ff508028480
RIP=0x00007ff5111d2c35, EFLAGS=0x0000000000010293, CSGSFS=0x002b000000000033, ERR=0x0000000000000004
  TRAPNO=0x000000000000000e


Register to memory mapping:

RAX=0x00007ff2f747f6f7 is an unknown value
RBX={method} {0x00007ff4804005d0} 'matrixMultiplication' '([[I[[I)[[I' in 'HelloWorld'
RCX=0x0 is null
RDX=0x00007ff2f747f6f7 is an unknown value
RSP=0x00007ff50f9fe790 is pointing into the stack for thread: 0x00007ff508028480
RBP=0x00007ff50f9fe7b0 is pointing into the stack for thread: 0x00007ff508028480
RSI=0x00007ff5080008e0 points into unknown readable memory: 0x0000000100010003 | 03 00 01 00 01 00 00 00
RDI=0x00007ff50f9fe7f0 is pointing into the stack for thread: 0x00007ff508028480
R8 =0x00007ff5081776c0 points into unknown readable memory: 0x00007ff511110c90 | 90 0c 11 11 f5 7f 00 00
R9 =0x00007ff5081777a0 points into unknown readable memory: 0x00007ff5081776c0 | c0 76 17 08 f5 7f 00 00
R10=0x00007ff5111e44d0: <offset 0x000000000000d4d0> in /lib/x86_64-linux-gnu/libc.so.6 at 0x00007ff5111d7000
R11=0xcc60ceb2d03dbc27 is an unknown value
R12=0x0 is null
R13={method} {0x00007ff4804005d0} 'matrixMultiplication' '([[I[[I)[[I' in 'HelloWorld'
R14=0x00007ff50f9fe8f8 is pointing into the stack for thread: 0x00007ff508028480
R15=0x00007ff508028480 is a thread

Top of Stack: (sp=0x00007ff50f9fe790)
0x00007ff50f9fe790:   00007ff5081776c0 00007ff50f9fe7f0
0x00007ff50f9fe7a0:   0000000000000000 00007ff50f9fe7f0
0x00007ff50f9fe7b0:   00007ff50f9fe850 00007ff5111d277b
0x00007ff50f9fe7c0:   0000000000000000 00000008af555300
0x00007ff50f9fe7d0:   00007ff5081777a0 00007ff48a5fb540
0x00007ff50f9fe7e0:   00007ff48a5fb540 00007ff48a5fb540
0x00007ff50f9fe7f0:   00007ff5081776c0 0000000300000003
0x00007ff50f9fe800:   00007ff50f9fe840 00007ff5102ff884
0x00007ff50f9fe810:   00007ff5081776a0 0000000300000003
0x00007ff50f9fe820:   00007ff5081772c0 0000000300000003
0x00007ff50f9fe830:   00007ff50f9fe8e8 00007ff50f9fe8f0
0x00007ff50f9fe840:   00007ff50f9fe8f8 00007ff508028838
0x00007ff50f9fe850:   00007ff50f9fe8c8 00007ff4f7d38980
0x00007ff50f9fe860:   00007ff50f9fe8c8 00007ff4f7d38657
0x00007ff50f9fe870:   0000000000000000 00007ff4f7d3861f
0x00007ff50f9fe880:   00007ff50f9fe880 00007ff4804005d0
0x00007ff50f9fe890:   0000000000000006 00007ff480400998
0x00007ff50f9fe8a0:   0000000000000000 000000053e812108
0x00007ff50f9fe8b0:   00007ff4804005d0 0000000000000000
0x00007ff50f9fe8c0:   00007ff50f9fe8e8 00007ff50f9fe948
0x00007ff50f9fe8d0:   00007ff4f7d342d8 0000000000000000
0x00007ff50f9fe8e0:   00007ff4f7d35f9a 000000053e8133c8
0x00007ff50f9fe8f0:   000000053e813348 000000053e812f90
0x00007ff50f9fe900:   00007ff50f9fe900 00007ff4804007a9
0x00007ff50f9fe910:   0000000000000008 00007ff480400998
0x00007ff50f9fe920:   0000000000000000 000000053e812108
0x00007ff50f9fe930:   00007ff480400810 00007ff50f9fe8e8
0x00007ff50f9fe940:   00007ff50f9fe988 00007ff50f9fe9f0
0x00007ff50f9fe950:   00007ff4f7d2ccc6 0000000000000000
0x00007ff50f9fe960:   0000000000000000 0000000000000000
0x00007ff50f9fe970:   000000053e8133c8 000000053e813348
0x00007ff50f9fe980:   000000053e812f90 000000053e8124c8 

Instructions: (pc=0x00007ff5111d2c35)
0x00007ff5111d2b35:   89 14 c8 c7 45 bc 00 00 00 00 8b 45 bc 3b 45 cc
0x00007ff5111d2b45:   0f 8d 2f 00 00 00 48 8b 45 b0 48 8b 4d c0 48 63
0x00007ff5111d2b55:   55 bc 8b 14 91 48 8b 00 48 63 4d d8 48 8b 04 c8
0x00007ff5111d2b65:   48 63 4d bc 89 14 88 8b 45 bc 83 c0 01 89 45 bc
0x00007ff5111d2b75:   e9 c5 ff ff ff 48 8b 7d f0 48 8b 75 d0 48 8b 55
0x00007ff5111d2b85:   c0 31 c9 e8 43 f5 ff ff e9 00 00 00 00 48 8b 7d
0x00007ff5111d2b95:   f0 48 8b 75 d0 e8 01 f7 ff ff e9 00 00 00 00 e9
0x00007ff5111d2ba5:   00 00 00 00 8b 45 d8 83 c0 01 89 45 d8 e9 3a fe
0x00007ff5111d2bb5:   ff ff 48 81 c4 80 00 00 00 5d c3 48 8b 7d b0 e8
0x00007ff5111d2bc5:   27 f5 ff ff 48 8b 7d e0 e8 ee f7 ff ff 66 2e 0f
0x00007ff5111d2bd5:   1f 84 00 00 00 00 00 0f 1f 40 00 55 48 89 e5 48
0x00007ff5111d2be5:   83 ec 20 48 89 7d f8 48 8b 45 f8 48 89 45 e8 c7
0x00007ff5111d2bf5:   45 f4 00 00 00 00 48 8b 4d e8 8b 45 f4 3b 41 08
0x00007ff5111d2c05:   0f 8d 77 00 00 00 c7 45 f0 00 00 00 00 48 8b 4d
0x00007ff5111d2c15:   e8 8b 45 f0 3b 41 0c 0f 8d 3f 00 00 00 48 8b 45
0x00007ff5111d2c25:   e8 48 8b 00 48 63 4d f4 48 8b 04 c8 48 63 4d f0
0x00007ff5111d2c35:   8b 34 88 48 8b 3d 89 33 00 00 e8 5c f7 ff ff 48
0x00007ff5111d2c45:   89 c7 48 8d 35 15 14 00 00 e8 ed f5 ff ff 8b 45
0x00007ff5111d2c55:   f0 83 c0 01 89 45 f0 e9 b1 ff ff ff 48 8b 3d 60
0x00007ff5111d2c65:   33 00 00 48 8b 35 49 33 00 00 e8 ec f5 ff ff 8b
0x00007ff5111d2c75:   45 f4 83 c0 01 89 45 f4 e9 79 ff ff ff 48 83 c4
0x00007ff5111d2c85:   20 5d c3 0f 1f 84 00 00 00 00 00 55 48 89 e5 48
0x00007ff5111d2c95:   83 ec 60 48 89 7d f8 48 89 75 f0 48 8b 45 f8 48
0x00007ff5111d2ca5:   89 45 b8 48 8b 3d 19 33 00 00 48 89 7d c0 48 8d
0x00007ff5111d2cb5:   35 ab 13 00 00 e8 81 f5 ff ff 48 89 c7 48 8b 35
0x00007ff5111d2cc5:   ef 32 00 00 e8 92 f5 ff ff 48 8b 75 b8 48 8b 55
0x00007ff5111d2cd5:   f0 48 8d 7d e0 e8 11 f7 ff ff 48 8b 7d c0 48 8d
0x00007ff5111d2ce5:   35 92 13 00 00 e8 51 f5 ff ff 48 89 45 c8 e9 00
0x00007ff5111d2cf5:   00 00 00 48 8b 7d c8 48 8b 35 b5 32 00 00 e8 58
0x00007ff5111d2d05:   f5 ff ff e9 00 00 00 00 bf 10 00 00 00 e8 39 f5
0x00007ff5111d2d15:   ff ff 48 89 45 b0 e9 00 00 00 00 48 8b 7d b0 48
0x00007ff5111d2d25:   89 f8 48 89 45 a8 48 8d 75 e0 e8 5c f4 ff ff e9 


Stack slot to memory mapping:

stack at sp + 0 slots: 0x00007ff5081776c0 points into unknown readable memory: 0x00007ff511110c90 | 90 0c 11 11 f5 7f 00 00
stack at sp + 1 slots: 0x00007ff50f9fe7f0 is pointing into the stack for thread: 0x00007ff508028480
stack at sp + 2 slots: 0x0 is null
stack at sp + 3 slots: 0x00007ff50f9fe7f0 is pointing into the stack for thread: 0x00007ff508028480
stack at sp + 4 slots: 0x00007ff50f9fe850 is pointing into the stack for thread: 0x00007ff508028480
stack at sp + 5 slots: 0x00007ff5111d277b: Java_HelloWorld_matrixMultiplication+0x000000000000011b in /mnt/e/code/BA-Thesis/java/app/build/libcppjnilib.so at 0x00007ff5111cf000
stack at sp + 6 slots: 0x0 is null
stack at sp + 7 slots: 0x00000008af555300 is an unknown value


---------------  P R O C E S S  ---------------

Threads class SMR info:
_java_thread_list=0x00007ff50815f060, length=10, elements={
0x00007ff508028480, 0x00007ff508143680, 0x00007ff508144df0, 0x00007ff5081468d0,
0x00007ff508147f10, 0x00007ff5081494b0, 0x00007ff50814b070, 0x00007ff50814c730,
0x00007ff50815a940, 0x00007ff50815df20
}

Java Threads: ( => current thread )
=>0x00007ff508028480 JavaThread "main"                              [_thread_in_native, id=11135, stack(0x00007ff50f900000,0x00007ff50fa00000) (1024K)]
  0x00007ff508143680 JavaThread "Reference Handler"          daemon [_thread_blocked, id=11143, stack(0x00007ff4e013f000,0x00007ff4e023f000) (1024K)]
  0x00007ff508144df0 JavaThread "Finalizer"                  daemon [_thread_blocked, id=11144, stack(0x00007ff4e003e000,0x00007ff4e013e000) (1024K)]
  0x00007ff5081468d0 JavaThread "Signal Dispatcher"          daemon [_thread_blocked, id=11145, stack(0x00007ff48af00000,0x00007ff48b000000) (1024K)]
  0x00007ff508147f10 JavaThread "Service Thread"             daemon [_thread_blocked, id=11146, stack(0x00007ff48adff000,0x00007ff48aeff000) (1024K)]
  0x00007ff5081494b0 JavaThread "Monitor Deflation Thread"   daemon [_thread_blocked, id=11147, stack(0x00007ff48acfe000,0x00007ff48adfe000) (1024K)]
  0x00007ff50814b070 JavaThread "C2 CompilerThread0"         daemon [_thread_blocked, id=11148, stack(0x00007ff48abfd000,0x00007ff48acfd000) (1024K)]
  0x00007ff50814c730 JavaThread "C1 CompilerThread0"         daemon [_thread_blocked, id=11149, stack(0x00007ff48aafc000,0x00007ff48abfc000) (1024K)]
  0x00007ff50815a940 JavaThread "Notification Thread"        daemon [_thread_blocked, id=11150, stack(0x00007ff48a700000,0x00007ff48a800000) (1024K)]
  0x00007ff50815df20 JavaThread "Common-Cleaner"             daemon [_thread_blocked, id=11151, stack(0x00007ff48a5ff000,0x00007ff48a6ff000) (1024K)]
Total: 10

Other Threads:
  0x00007ff508133a70 VMThread "VM Thread"                           [id=11142, stack(0x00007ff4e0297000,0x00007ff4e0397000) (1024K)]
  0x00007ff508118bb0 WatcherThread "VM Periodic Task Thread"        [id=11141, stack(0x00007ff4e0398000,0x00007ff4e0498000) (1024K)]
  0x00007ff508053090 WorkerThread "GC Thread#0"                     [id=11136, stack(0x00007ff50c6aa000,0x00007ff50c7aa000) (1024K)]
  0x00007ff508060300 ConcurrentGCThread "G1 Main Marker"            [id=11137, stack(0x00007ff50c5a9000,0x00007ff50c6a9000) (1024K)]
  0x00007ff5080612d0 WorkerThread "G1 Conc#0"                       [id=11138, stack(0x00007ff50c4a8000,0x00007ff50c5a8000) (1024K)]
  0x00007ff5080feb20 ConcurrentGCThread "G1 Refine#0"               [id=11139, stack(0x00007ff4e061b000,0x00007ff4e071b000) (1024K)]
  0x00007ff5080ffad0 ConcurrentGCThread "G1 Service"                [id=11140, stack(0x00007ff4e051a000,0x00007ff4e061a000) (1024K)]
Total: 7

Threads with active compile tasks:
Total: 0

VM state: not at safepoint (normal execution)

VM Mutex/Monitor currently owned by a thread: None

Heap address: 0x000000050f800000, size: 12040 MB, Compressed Oops mode: Zero based, Oop shift amount: 3

CDS archive(s) mapped at: [0x00007ff48b000000-0x00007ff48bca6000-0x00007ff48bca6000), size 13262848, SharedBaseAddress: 0x00007ff48b000000, ArchiveRelocationMode: 1.
Compressed class space mapped at: 0x00007ff48c000000-0x00007ff4cc000000, reserved size: 1073741824
Narrow klass base: 0x00007ff48b000000, Narrow klass shift: 0, Narrow klass range: 0x100000000

GC Precious Log:
 CardTable entry size: 512
 Card Set container configuration: InlinePtr #cards 4 size 8 Array Of Cards #cards 64 size 144 Howl #buckets 8 coarsen threshold 14745 Howl Bitmap #cards 2048 size 272 coarsen threshold 1843 Card regions per heap region 1 cards per card region 16384
 CPUs: 24 total, 24 available
 Memory: 48137M
 Large Page Support: Disabled
 NUMA Support: Disabled
 Compressed Oops: Enabled (Zero based)
 Heap Region Size: 8M
 Heap Min Capacity: 8M
 Heap Initial Capacity: 760M
 Heap Max Capacity: 12040M
 Pre-touch: Disabled
 Parallel Workers: 18
 Concurrent Workers: 5
 Concurrent Refinement Workers: 18
 Periodic GC: Disabled

Heap:
 garbage-first heap   total 786432K, used 1053K [0x000000050f800000, 0x0000000800000000)
  region size 8192K, 1 young (8192K), 0 survivors (0K)
 Metaspace       used 82K, committed 320K, reserved 1114112K
  class space    used 3K, committed 128K, reserved 1048576K

Heap Regions: E=young(eden), S=young(survivor), O=old, HS=humongous(starts), HC=humongous(continues), CS=collection set, F=free, TAMS=top-at-mark-start, PB=parsable bottom
|   0|0x000000050f800000, 0x000000050f800000, 0x0000000510000000|  0%| F|  |TAMS 0x000000050f800000| PB 0x000000050f800000| Untracked 
|   1|0x0000000510000000, 0x0000000510000000, 0x0000000510800000|  0%| F|  |TAMS 0x0000000510000000| PB 0x0000000510000000| Untracked 
|   2|0x0000000510800000, 0x0000000510800000, 0x0000000511000000|  0%| F|  |TAMS 0x0000000510800000| PB 0x0000000510800000| Untracked 
|   3|0x0000000511000000, 0x0000000511000000, 0x0000000511800000|  0%| F|  |TAMS 0x0000000511000000| PB 0x0000000511000000| Untracked 
|   4|0x0000000511800000, 0x0000000511800000, 0x0000000512000000|  0%| F|  |TAMS 0x0000000511800000| PB 0x0000000511800000| Untracked 
|   5|0x0000000512000000, 0x0000000512000000, 0x0000000512800000|  0%| F|  |TAMS 0x0000000512000000| PB 0x0000000512000000| Untracked 
|   6|0x0000000512800000, 0x0000000512800000, 0x0000000513000000|  0%| F|  |TAMS 0x0000000512800000| PB 0x0000000512800000| Untracked 
|   7|0x0000000513000000, 0x0000000513000000, 0x0000000513800000|  0%| F|  |TAMS 0x0000000513000000| PB 0x0000000513000000| Untracked 
|   8|0x0000000513800000, 0x0000000513800000, 0x0000000514000000|  0%| F|  |TAMS 0x0000000513800000| PB 0x0000000513800000| Untracked 
|   9|0x0000000514000000, 0x0000000514000000, 0x0000000514800000|  0%| F|  |TAMS 0x0000000514000000| PB 0x0000000514000000| Untracked 
|  10|0x0000000514800000, 0x0000000514800000, 0x0000000515000000|  0%| F|  |TAMS 0x0000000514800000| PB 0x0000000514800000| Untracked 
|  11|0x0000000515000000, 0x0000000515000000, 0x0000000515800000|  0%| F|  |TAMS 0x0000000515000000| PB 0x0000000515000000| Untracked 
|  12|0x0000000515800000, 0x0000000515800000, 0x0000000516000000|  0%| F|  |TAMS 0x0000000515800000| PB 0x0000000515800000| Untracked 
|  13|0x0000000516000000, 0x0000000516000000, 0x0000000516800000|  0%| F|  |TAMS 0x0000000516000000| PB 0x0000000516000000| Untracked 
|  14|0x0000000516800000, 0x0000000516800000, 0x0000000517000000|  0%| F|  |TAMS 0x0000000516800000| PB 0x0000000516800000| Untracked 
|  15|0x0000000517000000, 0x0000000517000000, 0x0000000517800000|  0%| F|  |TAMS 0x0000000517000000| PB 0x0000000517000000| Untracked 
|  16|0x0000000517800000, 0x0000000517800000, 0x0000000518000000|  0%| F|  |TAMS 0x0000000517800000| PB 0x0000000517800000| Untracked 
|  17|0x0000000518000000, 0x0000000518000000, 0x0000000518800000|  0%| F|  |TAMS 0x0000000518000000| PB 0x0000000518000000| Untracked 
|  18|0x0000000518800000, 0x0000000518800000, 0x0000000519000000|  0%| F|  |TAMS 0x0000000518800000| PB 0x0000000518800000| Untracked 
|  19|0x0000000519000000, 0x0000000519000000, 0x0000000519800000|  0%| F|  |TAMS 0x0000000519000000| PB 0x0000000519000000| Untracked 
|  20|0x0000000519800000, 0x0000000519800000, 0x000000051a000000|  0%| F|  |TAMS 0x0000000519800000| PB 0x0000000519800000| Untracked 
|  21|0x000000051a000000, 0x000000051a000000, 0x000000051a800000|  0%| F|  |TAMS 0x000000051a000000| PB 0x000000051a000000| Untracked 
|  22|0x000000051a800000, 0x000000051a800000, 0x000000051b000000|  0%| F|  |TAMS 0x000000051a800000| PB 0x000000051a800000| Untracked 
|  23|0x000000051b000000, 0x000000051b000000, 0x000000051b800000|  0%| F|  |TAMS 0x000000051b000000| PB 0x000000051b000000| Untracked 
|  24|0x000000051b800000, 0x000000051b800000, 0x000000051c000000|  0%| F|  |TAMS 0x000000051b800000| PB 0x000000051b800000| Untracked 
|  25|0x000000051c000000, 0x000000051c000000, 0x000000051c800000|  0%| F|  |TAMS 0x000000051c000000| PB 0x000000051c000000| Untracked 
|  26|0x000000051c800000, 0x000000051c800000, 0x000000051d000000|  0%| F|  |TAMS 0x000000051c800000| PB 0x000000051c800000| Untracked 
|  27|0x000000051d000000, 0x000000051d000000, 0x000000051d800000|  0%| F|  |TAMS 0x000000051d000000| PB 0x000000051d000000| Untracked 
|  28|0x000000051d800000, 0x000000051d800000, 0x000000051e000000|  0%| F|  |TAMS 0x000000051d800000| PB 0x000000051d800000| Untracked 
|  29|0x000000051e000000, 0x000000051e000000, 0x000000051e800000|  0%| F|  |TAMS 0x000000051e000000| PB 0x000000051e000000| Untracked 
|  30|0x000000051e800000, 0x000000051e800000, 0x000000051f000000|  0%| F|  |TAMS 0x000000051e800000| PB 0x000000051e800000| Untracked 
|  31|0x000000051f000000, 0x000000051f000000, 0x000000051f800000|  0%| F|  |TAMS 0x000000051f000000| PB 0x000000051f000000| Untracked 
|  32|0x000000051f800000, 0x000000051f800000, 0x0000000520000000|  0%| F|  |TAMS 0x000000051f800000| PB 0x000000051f800000| Untracked 
|  33|0x0000000520000000, 0x0000000520000000, 0x0000000520800000|  0%| F|  |TAMS 0x0000000520000000| PB 0x0000000520000000| Untracked 
|  34|0x0000000520800000, 0x0000000520800000, 0x0000000521000000|  0%| F|  |TAMS 0x0000000520800000| PB 0x0000000520800000| Untracked 
|  35|0x0000000521000000, 0x0000000521000000, 0x0000000521800000|  0%| F|  |TAMS 0x0000000521000000| PB 0x0000000521000000| Untracked 
|  36|0x0000000521800000, 0x0000000521800000, 0x0000000522000000|  0%| F|  |TAMS 0x0000000521800000| PB 0x0000000521800000| Untracked 
|  37|0x0000000522000000, 0x0000000522000000, 0x0000000522800000|  0%| F|  |TAMS 0x0000000522000000| PB 0x0000000522000000| Untracked 
|  38|0x0000000522800000, 0x0000000522800000, 0x0000000523000000|  0%| F|  |TAMS 0x0000000522800000| PB 0x0000000522800000| Untracked 
|  39|0x0000000523000000, 0x0000000523000000, 0x0000000523800000|  0%| F|  |TAMS 0x0000000523000000| PB 0x0000000523000000| Untracked 
|  40|0x0000000523800000, 0x0000000523800000, 0x0000000524000000|  0%| F|  |TAMS 0x0000000523800000| PB 0x0000000523800000| Untracked 
|  41|0x0000000524000000, 0x0000000524000000, 0x0000000524800000|  0%| F|  |TAMS 0x0000000524000000| PB 0x0000000524000000| Untracked 
|  42|0x0000000524800000, 0x0000000524800000, 0x0000000525000000|  0%| F|  |TAMS 0x0000000524800000| PB 0x0000000524800000| Untracked 
|  43|0x0000000525000000, 0x0000000525000000, 0x0000000525800000|  0%| F|  |TAMS 0x0000000525000000| PB 0x0000000525000000| Untracked 
|  44|0x0000000525800000, 0x0000000525800000, 0x0000000526000000|  0%| F|  |TAMS 0x0000000525800000| PB 0x0000000525800000| Untracked 
|  45|0x0000000526000000, 0x0000000526000000, 0x0000000526800000|  0%| F|  |TAMS 0x0000000526000000| PB 0x0000000526000000| Untracked 
|  46|0x0000000526800000, 0x0000000526800000, 0x0000000527000000|  0%| F|  |TAMS 0x0000000526800000| PB 0x0000000526800000| Untracked 
|  47|0x0000000527000000, 0x0000000527000000, 0x0000000527800000|  0%| F|  |TAMS 0x0000000527000000| PB 0x0000000527000000| Untracked 
|  48|0x0000000527800000, 0x0000000527800000, 0x0000000528000000|  0%| F|  |TAMS 0x0000000527800000| PB 0x0000000527800000| Untracked 
|  49|0x0000000528000000, 0x0000000528000000, 0x0000000528800000|  0%| F|  |TAMS 0x0000000528000000| PB 0x0000000528000000| Untracked 
|  50|0x0000000528800000, 0x0000000528800000, 0x0000000529000000|  0%| F|  |TAMS 0x0000000528800000| PB 0x0000000528800000| Untracked 
|  51|0x0000000529000000, 0x0000000529000000, 0x0000000529800000|  0%| F|  |TAMS 0x0000000529000000| PB 0x0000000529000000| Untracked 
|  52|0x0000000529800000, 0x0000000529800000, 0x000000052a000000|  0%| F|  |TAMS 0x0000000529800000| PB 0x0000000529800000| Untracked 
|  53|0x000000052a000000, 0x000000052a000000, 0x000000052a800000|  0%| F|  |TAMS 0x000000052a000000| PB 0x000000052a000000| Untracked 
|  54|0x000000052a800000, 0x000000052a800000, 0x000000052b000000|  0%| F|  |TAMS 0x000000052a800000| PB 0x000000052a800000| Untracked 
|  55|0x000000052b000000, 0x000000052b000000, 0x000000052b800000|  0%| F|  |TAMS 0x000000052b000000| PB 0x000000052b000000| Untracked 
|  56|0x000000052b800000, 0x000000052b800000, 0x000000052c000000|  0%| F|  |TAMS 0x000000052b800000| PB 0x000000052b800000| Untracked 
|  57|0x000000052c000000, 0x000000052c000000, 0x000000052c800000|  0%| F|  |TAMS 0x000000052c000000| PB 0x000000052c000000| Untracked 
|  58|0x000000052c800000, 0x000000052c800000, 0x000000052d000000|  0%| F|  |TAMS 0x000000052c800000| PB 0x000000052c800000| Untracked 
|  59|0x000000052d000000, 0x000000052d000000, 0x000000052d800000|  0%| F|  |TAMS 0x000000052d000000| PB 0x000000052d000000| Untracked 
|  60|0x000000052d800000, 0x000000052d800000, 0x000000052e000000|  0%| F|  |TAMS 0x000000052d800000| PB 0x000000052d800000| Untracked 
|  61|0x000000052e000000, 0x000000052e000000, 0x000000052e800000|  0%| F|  |TAMS 0x000000052e000000| PB 0x000000052e000000| Untracked 
|  62|0x000000052e800000, 0x000000052e800000, 0x000000052f000000|  0%| F|  |TAMS 0x000000052e800000| PB 0x000000052e800000| Untracked 
|  63|0x000000052f000000, 0x000000052f000000, 0x000000052f800000|  0%| F|  |TAMS 0x000000052f000000| PB 0x000000052f000000| Untracked 
|  64|0x000000052f800000, 0x000000052f800000, 0x0000000530000000|  0%| F|  |TAMS 0x000000052f800000| PB 0x000000052f800000| Untracked 
|  65|0x0000000530000000, 0x0000000530000000, 0x0000000530800000|  0%| F|  |TAMS 0x0000000530000000| PB 0x0000000530000000| Untracked 
|  66|0x0000000530800000, 0x0000000530800000, 0x0000000531000000|  0%| F|  |TAMS 0x0000000530800000| PB 0x0000000530800000| Untracked 
|  67|0x0000000531000000, 0x0000000531000000, 0x0000000531800000|  0%| F|  |TAMS 0x0000000531000000| PB 0x0000000531000000| Untracked 
|  68|0x0000000531800000, 0x0000000531800000, 0x0000000532000000|  0%| F|  |TAMS 0x0000000531800000| PB 0x0000000531800000| Untracked 
|  69|0x0000000532000000, 0x0000000532000000, 0x0000000532800000|  0%| F|  |TAMS 0x0000000532000000| PB 0x0000000532000000| Untracked 
|  70|0x0000000532800000, 0x0000000532800000, 0x0000000533000000|  0%| F|  |TAMS 0x0000000532800000| PB 0x0000000532800000| Untracked 
|  71|0x0000000533000000, 0x0000000533000000, 0x0000000533800000|  0%| F|  |TAMS 0x0000000533000000| PB 0x0000000533000000| Untracked 
|  72|0x0000000533800000, 0x0000000533800000, 0x0000000534000000|  0%| F|  |TAMS 0x0000000533800000| PB 0x0000000533800000| Untracked 
|  73|0x0000000534000000, 0x0000000534000000, 0x0000000534800000|  0%| F|  |TAMS 0x0000000534000000| PB 0x0000000534000000| Untracked 
|  74|0x0000000534800000, 0x0000000534800000, 0x0000000535000000|  0%| F|  |TAMS 0x0000000534800000| PB 0x0000000534800000| Untracked 
|  75|0x0000000535000000, 0x0000000535000000, 0x0000000535800000|  0%| F|  |TAMS 0x0000000535000000| PB 0x0000000535000000| Untracked 
|  76|0x0000000535800000, 0x0000000535800000, 0x0000000536000000|  0%| F|  |TAMS 0x0000000535800000| PB 0x0000000535800000| Untracked 
|  77|0x0000000536000000, 0x0000000536000000, 0x0000000536800000|  0%| F|  |TAMS 0x0000000536000000| PB 0x0000000536000000| Untracked 
|  78|0x0000000536800000, 0x0000000536800000, 0x0000000537000000|  0%| F|  |TAMS 0x0000000536800000| PB 0x0000000536800000| Untracked 
|  79|0x0000000537000000, 0x0000000537000000, 0x0000000537800000|  0%| F|  |TAMS 0x0000000537000000| PB 0x0000000537000000| Untracked 
|  80|0x0000000537800000, 0x0000000537800000, 0x0000000538000000|  0%| F|  |TAMS 0x0000000537800000| PB 0x0000000537800000| Untracked 
|  81|0x0000000538000000, 0x0000000538000000, 0x0000000538800000|  0%| F|  |TAMS 0x0000000538000000| PB 0x0000000538000000| Untracked 
|  82|0x0000000538800000, 0x0000000538800000, 0x0000000539000000|  0%| F|  |TAMS 0x0000000538800000| PB 0x0000000538800000| Untracked 
|  83|0x0000000539000000, 0x0000000539000000, 0x0000000539800000|  0%| F|  |TAMS 0x0000000539000000| PB 0x0000000539000000| Untracked 
|  84|0x0000000539800000, 0x0000000539800000, 0x000000053a000000|  0%| F|  |TAMS 0x0000000539800000| PB 0x0000000539800000| Untracked 
|  85|0x000000053a000000, 0x000000053a000000, 0x000000053a800000|  0%| F|  |TAMS 0x000000053a000000| PB 0x000000053a000000| Untracked 
|  86|0x000000053a800000, 0x000000053a800000, 0x000000053b000000|  0%| F|  |TAMS 0x000000053a800000| PB 0x000000053a800000| Untracked 
|  87|0x000000053b000000, 0x000000053b000000, 0x000000053b800000|  0%| F|  |TAMS 0x000000053b000000| PB 0x000000053b000000| Untracked 
|  88|0x000000053b800000, 0x000000053b800000, 0x000000053c000000|  0%| F|  |TAMS 0x000000053b800000| PB 0x000000053b800000| Untracked 
|  89|0x000000053c000000, 0x000000053c000000, 0x000000053c800000|  0%| F|  |TAMS 0x000000053c000000| PB 0x000000053c000000| Untracked 
|  90|0x000000053c800000, 0x000000053c800000, 0x000000053d000000|  0%| F|  |TAMS 0x000000053c800000| PB 0x000000053c800000| Untracked 
|  91|0x000000053d000000, 0x000000053d000000, 0x000000053d800000|  0%| F|  |TAMS 0x000000053d000000| PB 0x000000053d000000| Untracked 
|  92|0x000000053d800000, 0x000000053d800000, 0x000000053e000000|  0%| F|  |TAMS 0x000000053d800000| PB 0x000000053d800000| Untracked 
|  93|0x000000053e000000, 0x000000053e000000, 0x000000053e800000|  0%| F|  |TAMS 0x000000053e000000| PB 0x000000053e000000| Untracked 
|  94|0x000000053e800000, 0x000000053e9eb8d8, 0x000000053f000000| 24%| E|  |TAMS 0x000000053e800000| PB 0x000000053e800000| Complete 
|1504|0x00000007ff800000, 0x00000007ff907778, 0x0000000800000000| 12%| O|  |TAMS 0x00000007ff800000| PB 0x00000007ff800000| Untracked 

Card table byte_map: [0x00007ff4ef149000,0x00007ff4f08cd000] _byte_map_base: 0x00007ff4ec8cd000

Marking Bits: (CMBitMap*) 0x00007ff508053bb0
 Bits: [0x00007ff4e3529000, 0x00007ff4ef149000)

Polling page: 0x00007ff511757000

Metaspace:

Usage:
  Non-class:     78.75 KB used.
      Class:      3.75 KB used.
       Both:     82.50 KB used.

Virtual space:
  Non-class space:       64.00 MB reserved,     192.00 KB ( <1%) committed,  1 nodes.
      Class space:        1.00 GB reserved,     128.00 KB ( <1%) committed,  1 nodes.
             Both:        1.06 GB reserved,     320.00 KB ( <1%) committed. 

Chunk freelists:
   Non-Class:  12.00 MB
       Class:  15.75 MB
        Both:  27.74 MB

MaxMetaspaceSize: unlimited
CompressedClassSpaceSize: 1.00 GB
Initial GC threshold: 21.00 MB
Current GC threshold: 21.00 MB
CDS: on
 - commit_granule_bytes: 65536.
 - commit_granule_words: 8192.
 - virtual_space_node_default_size: 8388608.
 - enlarge_chunks_in_place: 1.
 - use_allocation_guard: 0.


Internal statistics:

num_allocs_failed_limit: 0.
num_arena_births: 4.
num_arena_deaths: 0.
num_vsnodes_births: 2.
num_vsnodes_deaths: 0.
num_space_committed: 5.
num_space_uncommitted: 0.
num_chunks_returned_to_freelist: 0.
num_chunks_taken_from_freelist: 5.
num_chunk_merges: 0.
num_chunk_splits: 3.
num_chunks_enlarged: 0.
num_inconsistent_stats: 0.

CodeHeap 'non-profiled nmethods': size=119168Kb used=0Kb max_used=0Kb free=119168Kb
 bounds [0x00007ff4f846d000, 0x00007ff4f86dd000, 0x00007ff4ff8cd000]
CodeHeap 'profiled nmethods': size=119164Kb used=4Kb max_used=4Kb free=119159Kb
 bounds [0x00007ff4f08cd000, 0x00007ff4f0b3d000, 0x00007ff4f7d2c000]
CodeHeap 'non-nmethods': size=7428Kb used=1153Kb max_used=1159Kb free=6274Kb
 bounds [0x00007ff4f7d2c000, 0x00007ff4f7f9c000, 0x00007ff4f846d000]
 total_blobs=303 nmethods=4 adapters=206
 compilation: enabled
              stopped_count=0, restarted_count=0
 full_count=0

Compilation events (8 events):
Event: 0.018 Thread 0x00007ff50814c730    1       3       java.lang.Object::<init> (1 bytes)
Event: 0.018 Thread 0x00007ff50814c730 nmethod 1 0x00007ff4f08cd010 code [0x00007ff4f08cd1a0, 0x00007ff4f08cd2a0]
Event: 0.020 Thread 0x00007ff50814c730    2       3       java.lang.String::coder (15 bytes)
Event: 0.020 Thread 0x00007ff50814c730 nmethod 2 0x00007ff4f08cd310 code [0x00007ff4f08cd4a0, 0x00007ff4f08cd5d0]
Event: 0.024 Thread 0x00007ff50814c730    3       3       java.lang.String::length (11 bytes)
Event: 0.024 Thread 0x00007ff50814c730 nmethod 3 0x00007ff4f08cd690 code [0x00007ff4f08cd840, 0x00007ff4f08cd9e0]
Event: 0.031 Thread 0x00007ff50814c730    4       3       java.lang.String::hashCode (60 bytes)
Event: 0.031 Thread 0x00007ff50814c730 nmethod 4 0x00007ff4f08cda90 code [0x00007ff4f08cdc60, 0x00007ff4f08cdfb0]

GC Heap History (0 events):
No events

Dll operation events (3 events):
Event: 0.002 Loaded shared library /root/.sdkman/candidates/java/21.0.2-amzn/lib/libjava.so
Event: 0.017 Loaded shared library /root/.sdkman/candidates/java/21.0.2-amzn/lib/libjsvml.so
Event: 0.030 Loaded shared library /mnt/e/code/BA-Thesis/java/app/build/libcppjnilib.so

Deoptimization events (0 events):
No events

Classes loaded (8 events):
Event: 0.015 Loading class sun/nio/cs/UTF_8$Encoder
Event: 0.015 Loading class sun/nio/cs/UTF_8$Encoder done
Event: 0.019 Loading class jdk/internal/vm/PostVMInitHook
Event: 0.019 Loading class jdk/internal/vm/PostVMInitHook done
Event: 0.019 Loading class jdk/internal/loader/URLClassPath$FileLoader
Event: 0.019 Loading class jdk/internal/loader/URLClassPath$FileLoader done
Event: 0.020 Loading class jdk/internal/loader/URLClassPath$FileLoader$1
Event: 0.020 Loading class jdk/internal/loader/URLClassPath$FileLoader$1 done

Classes unloaded (0 events):
No events

Classes redefined (0 events):
No events

Internal exceptions (0 events):
No events

ZGC Phase Switch (0 events):
No events

VM Operations (0 events):
No events

Events (20 events):
Event: 0.002 Protecting memory [0x00007ff50f900000,0x00007ff50f904000] with protection modes 0
Event: 0.010 Thread 0x00007ff508028480 Thread added: 0x00007ff508028480
Event: 0.015 Thread 0x00007ff508143680 Thread added: 0x00007ff508143680
Event: 0.015 Protecting memory [0x00007ff4e013f000,0x00007ff4e0143000] with protection modes 0
Event: 0.016 Thread 0x00007ff508144df0 Thread added: 0x00007ff508144df0
Event: 0.016 Protecting memory [0x00007ff4e003e000,0x00007ff4e0042000] with protection modes 0
Event: 0.016 Thread 0x00007ff5081468d0 Thread added: 0x00007ff5081468d0
Event: 0.016 Protecting memory [0x00007ff48af00000,0x00007ff48af04000] with protection modes 0
Event: 0.016 Thread 0x00007ff508147f10 Thread added: 0x00007ff508147f10
Event: 0.016 Protecting memory [0x00007ff48adff000,0x00007ff48ae03000] with protection modes 0
Event: 0.016 Thread 0x00007ff5081494b0 Thread added: 0x00007ff5081494b0
Event: 0.016 Protecting memory [0x00007ff48acfe000,0x00007ff48ad02000] with protection modes 0
Event: 0.016 Thread 0x00007ff50814b070 Thread added: 0x00007ff50814b070
Event: 0.016 Protecting memory [0x00007ff48abfd000,0x00007ff48ac01000] with protection modes 0
Event: 0.017 Thread 0x00007ff50814c730 Thread added: 0x00007ff50814c730
Event: 0.017 Protecting memory [0x00007ff48aafc000,0x00007ff48ab00000] with protection modes 0
Event: 0.019 Thread 0x00007ff50815a940 Thread added: 0x00007ff50815a940
Event: 0.019 Protecting memory [0x00007ff48a700000,0x00007ff48a704000] with protection modes 0
Event: 0.022 Thread 0x00007ff50815df20 Thread added: 0x00007ff50815df20
Event: 0.022 Protecting memory [0x00007ff48a5ff000,0x00007ff48a603000] with protection modes 0


Dynamic libraries:
50f800000-53f000000 rw-p 00000000 00:00 0 
53f000000-7ff800000 ---p 00000000 00:00 0 
7ff800000-7ff908000 rw-p 00ce5000 08:20 537309                           /root/.sdkman/candidates/java/21.0.2-amzn/lib/server/classes.jsa
7ff908000-800000000 rw-p 00000000 00:00 0 
559d90200000-559d90201000 r-xp 00000000 08:20 307511                     /root/.sdkman/candidates/java/21.0.2-amzn/bin/java
559d90401000-559d90402000 r--p 00001000 08:20 307511                     /root/.sdkman/candidates/java/21.0.2-amzn/bin/java
559d90402000-559d90403000 rw-p 00002000 08:20 307511                     /root/.sdkman/candidates/java/21.0.2-amzn/bin/java
559d91443000-559d91489000 rw-p 00000000 00:00 0                          [heap]
7ff458000000-7ff458021000 rw-p 00000000 00:00 0 
7ff458021000-7ff45c000000 ---p 00000000 00:00 0 
7ff45c000000-7ff45c021000 rw-p 00000000 00:00 0 
7ff45c021000-7ff460000000 ---p 00000000 00:00 0 
7ff460000000-7ff46005f000 rw-p 00000000 00:00 0 
7ff46005f000-7ff464000000 ---p 00000000 00:00 0 
7ff464000000-7ff464024000 rw-p 00000000 00:00 0 
7ff464024000-7ff468000000 ---p 00000000 00:00 0 
7ff468000000-7ff468021000 rw-p 00000000 00:00 0 
7ff468021000-7ff46c000000 ---p 00000000 00:00 0 
7ff46c000000-7ff46c021000 rw-p 00000000 00:00 0 
7ff46c021000-7ff470000000 ---p 00000000 00:00 0 
7ff470000000-7ff470021000 rw-p 00000000 00:00 0 
7ff470021000-7ff474000000 ---p 00000000 00:00 0 
7ff474000000-7ff474021000 rw-p 00000000 00:00 0 
7ff474021000-7ff478000000 ---p 00000000 00:00 0 
7ff478000000-7ff478021000 rw-p 00000000 00:00 0 
7ff478021000-7ff47c000000 ---p 00000000 00:00 0 
7ff47c000000-7ff47c021000 rw-p 00000000 00:00 0 
7ff47c021000-7ff480000000 ---p 00000000 00:00 0 
7ff480000000-7ff480020000 rw-p 00000000 00:00 0 
7ff480020000-7ff480400000 ---p 00000000 00:00 0 
7ff480400000-7ff480410000 rw-p 00000000 00:00 0 
7ff480410000-7ff484000000 ---p 00000000 00:00 0 
7ff484000000-7ff484021000 rw-p 00000000 00:00 0 
7ff484021000-7ff488000000 ---p 00000000 00:00 0 
7ff489f6f000-7ff48a3d2000 rw-p 00000000 00:00 0 
7ff48a3d2000-7ff48a46c000 r--p 00000000 08:20 27187                      /usr/lib/x86_64-linux-gnu/libstdc++.so.6.0.30
7ff48a46c000-7ff48a57d000 r-xp 0009a000 08:20 27187                      /usr/lib/x86_64-linux-gnu/libstdc++.so.6.0.30
7ff48a57d000-7ff48a5ec000 r--p 001ab000 08:20 27187                      /usr/lib/x86_64-linux-gnu/libstdc++.so.6.0.30
7ff48a5ec000-7ff48a5ed000 ---p 0021a000 08:20 27187                      /usr/lib/x86_64-linux-gnu/libstdc++.so.6.0.30
7ff48a5ed000-7ff48a5f8000 r--p 0021a000 08:20 27187                      /usr/lib/x86_64-linux-gnu/libstdc++.so.6.0.30
7ff48a5f8000-7ff48a5fb000 rw-p 00225000 08:20 27187                      /usr/lib/x86_64-linux-gnu/libstdc++.so.6.0.30
7ff48a5fb000-7ff48a5fe000 rw-p 00000000 00:00 0 
7ff48a5fe000-7ff48a5ff000 ---p 00000000 00:00 0 
7ff48a5ff000-7ff48a603000 ---p 00000000 00:00 0 
7ff48a603000-7ff48a6ff000 rw-p 00000000 00:00 0 
7ff48a6ff000-7ff48a700000 ---p 00000000 00:00 0 
7ff48a700000-7ff48a704000 ---p 00000000 00:00 0 
7ff48a704000-7ff48a800000 rw-p 00000000 00:00 0 
7ff48a800000-7ff48a8ce000 r-xp 00000000 08:20 537319                     /root/.sdkman/candidates/java/21.0.2-amzn/lib/libjsvml.so
7ff48a8ce000-7ff48aacd000 ---p 000ce000 08:20 537319                     /root/.sdkman/candidates/java/21.0.2-amzn/lib/libjsvml.so
7ff48aacd000-7ff48aace000 r--p 000cd000 08:20 537319                     /root/.sdkman/candidates/java/21.0.2-amzn/lib/libjsvml.so
7ff48aace000-7ff48aacf000 rw-p 000ce000 08:20 537319                     /root/.sdkman/candidates/java/21.0.2-amzn/lib/libjsvml.so
7ff48aafb000-7ff48aafc000 ---p 00000000 00:00 0 
7ff48aafc000-7ff48ab00000 ---p 00000000 00:00 0 
7ff48ab00000-7ff48abfc000 rw-p 00000000 00:00 0 
7ff48abfc000-7ff48abfd000 ---p 00000000 00:00 0 
7ff48abfd000-7ff48ac01000 ---p 00000000 00:00 0 
7ff48ac01000-7ff48acfd000 rw-p 00000000 00:00 0 
7ff48acfd000-7ff48acfe000 ---p 00000000 00:00 0 
7ff48acfe000-7ff48ad02000 ---p 00000000 00:00 0 
7ff48ad02000-7ff48adfe000 rw-p 00000000 00:00 0 
7ff48adfe000-7ff48adff000 ---p 00000000 00:00 0 
7ff48adff000-7ff48ae03000 ---p 00000000 00:00 0 
7ff48ae03000-7ff48aeff000 rw-p 00000000 00:00 0 
7ff48aeff000-7ff48af00000 ---p 00000000 00:00 0 
7ff48af00000-7ff48af04000 ---p 00000000 00:00 0 
7ff48af04000-7ff48b000000 rw-p 00000000 00:00 0 
7ff48b000000-7ff48bca6000 rw-p 00001000 08:20 537309                     /root/.sdkman/candidates/java/21.0.2-amzn/lib/server/classes.jsa
7ff48bca6000-7ff48c000000 ---p 00000000 00:00 0 
7ff48c000000-7ff48c010000 rw-p 00000000 00:00 0 
7ff48c010000-7ff48c040000 ---p 00000000 00:00 0 
7ff48c040000-7ff48c050000 rw-p 00000000 00:00 0 
7ff48c050000-7ff4cc000000 ---p 00000000 00:00 0 
7ff4cc000000-7ff4cc021000 rw-p 00000000 00:00 0 
7ff4cc021000-7ff4d0000000 ---p 00000000 00:00 0 
7ff4d0000000-7ff4d0021000 rw-p 00000000 00:00 0 
7ff4d0021000-7ff4d4000000 ---p 00000000 00:00 0 
7ff4d4000000-7ff4d4021000 rw-p 00000000 00:00 0 
7ff4d4021000-7ff4d8000000 ---p 00000000 00:00 0 
7ff4d8000000-7ff4d8021000 rw-p 00000000 00:00 0 
7ff4d8021000-7ff4dc000000 ---p 00000000 00:00 0 
7ff4dc000000-7ff4dc021000 rw-p 00000000 00:00 0 
7ff4dc021000-7ff4e0000000 ---p 00000000 00:00 0 
7ff4e003d000-7ff4e003e000 ---p 00000000 00:00 0 
7ff4e003e000-7ff4e0042000 ---p 00000000 00:00 0 
7ff4e0042000-7ff4e013e000 rw-p 00000000 00:00 0 
7ff4e013e000-7ff4e013f000 ---p 00000000 00:00 0 
7ff4e013f000-7ff4e0143000 ---p 00000000 00:00 0 
7ff4e0143000-7ff4e023f000 rw-p 00000000 00:00 0 
7ff4e023f000-7ff4e0296000 r--p 00000000 08:20 7397                       /usr/lib/locale/C.utf8/LC_CTYPE
7ff4e0296000-7ff4e0297000 ---p 00000000 00:00 0 
7ff4e0297000-7ff4e0397000 rw-p 00000000 00:00 0 
7ff4e0397000-7ff4e0398000 ---p 00000000 00:00 0 
7ff4e0398000-7ff4e0519000 rw-p 00000000 00:00 0 
7ff4e0519000-7ff4e051a000 ---p 00000000 00:00 0 
7ff4e051a000-7ff4e061a000 rw-p 00000000 00:00 0 
7ff4e061a000-7ff4e061b000 ---p 00000000 00:00 0 
7ff4e061b000-7ff4e4109000 rw-p 00000000 00:00 0 
7ff4e4109000-7ff4ef129000 ---p 00000000 00:00 0 
7ff4ef129000-7ff4ef2c5000 rw-p 00000000 00:00 0 
7ff4ef2c5000-7ff4f08c9000 ---p 00000000 00:00 0 
7ff4f08c9000-7ff4f08cd000 rw-p 00000000 00:00 0 
7ff4f08cd000-7ff4f0b3d000 rwxp 00000000 00:00 0 
7ff4f0b3d000-7ff4f7d2c000 ---p 00000000 00:00 0 
7ff4f7d2c000-7ff4f7f9c000 rwxp 00000000 00:00 0 
7ff4f7f9c000-7ff4f846d000 ---p 00000000 00:00 0 
7ff4f846d000-7ff4f86dd000 rwxp 00000000 00:00 0 
7ff4f86dd000-7ff4ff8cd000 ---p 00000000 00:00 0 
7ff4ff8cd000-7ff508000000 r--s 00000000 08:20 537331                     /root/.sdkman/candidates/java/21.0.2-amzn/lib/modules
7ff508000000-7ff508188000 rw-p 00000000 00:00 0 
7ff508188000-7ff50c000000 ---p 00000000 00:00 0 
7ff50c028000-7ff50c02b000 r--p 00000000 08:20 9341                       /usr/lib/x86_64-linux-gnu/libgcc_s.so.1
7ff50c02b000-7ff50c042000 r-xp 00003000 08:20 9341                       /usr/lib/x86_64-linux-gnu/libgcc_s.so.1
7ff50c042000-7ff50c046000 r--p 0001a000 08:20 9341                       /usr/lib/x86_64-linux-gnu/libgcc_s.so.1
7ff50c046000-7ff50c047000 r--p 0001d000 08:20 9341                       /usr/lib/x86_64-linux-gnu/libgcc_s.so.1
7ff50c047000-7ff50c048000 rw-p 0001e000 08:20 9341                       /usr/lib/x86_64-linux-gnu/libgcc_s.so.1
7ff50c048000-7ff50c4a7000 rw-p 00000000 00:00 0 
7ff50c4a7000-7ff50c4a8000 ---p 00000000 00:00 0 
7ff50c4a8000-7ff50c5a8000 rw-p 00000000 00:00 0 
7ff50c5a8000-7ff50c5a9000 ---p 00000000 00:00 0 
7ff50c5a9000-7ff50c6a9000 rw-p 00000000 00:00 0 
7ff50c6a9000-7ff50c6aa000 ---p 00000000 00:00 0 
7ff50c6aa000-7ff50c9e6000 rw-p 00000000 00:00 0 
7ff50c9e6000-7ff50dfea000 ---p 00000000 00:00 0 
7ff50dfea000-7ff50f200000 rw-p 00000000 00:00 0 
7ff50f200000-7ff50f220000 r-xp 00000000 08:20 537301                     /root/.sdkman/candidates/java/21.0.2-amzn/lib/libjava.so
7ff50f220000-7ff50f41f000 ---p 00020000 08:20 537301                     /root/.sdkman/candidates/java/21.0.2-amzn/lib/libjava.so
7ff50f41f000-7ff50f420000 r--p 0001f000 08:20 537301                     /root/.sdkman/candidates/java/21.0.2-amzn/lib/libjava.so
7ff50f420000-7ff50f421000 rw-p 00020000 08:20 537301                     /root/.sdkman/candidates/java/21.0.2-amzn/lib/libjava.so
7ff50f421000-7ff50f422000 rw-p 00000000 00:00 0 
7ff50f42e000-7ff50f433000 rw-p 00000000 00:00 0 
7ff50f433000-7ff50f517000 ---p 00000000 00:00 0 
7ff50f517000-7ff50f51c000 rw-p 00000000 00:00 0 
7ff50f51c000-7ff50f600000 ---p 00000000 00:00 0 
7ff50f600000-7ff50f61b000 r-xp 00000000 08:20 537352                     /root/.sdkman/candidates/java/21.0.2-amzn/lib/libjimage.so
7ff50f61b000-7ff50f81a000 ---p 0001b000 08:20 537352                     /root/.sdkman/candidates/java/21.0.2-amzn/lib/libjimage.so
7ff50f81a000-7ff50f81c000 r--p 0001a000 08:20 537352                     /root/.sdkman/candidates/java/21.0.2-amzn/lib/libjimage.so
7ff50f81c000-7ff50f81d000 rw-p 0001c000 08:20 537352                     /root/.sdkman/candidates/java/21.0.2-amzn/lib/libjimage.so
7ff50f830000-7ff50f900000 rw-p 00000000 00:00 0 
7ff50f900000-7ff50f904000 ---p 00000000 00:00 0 
7ff50f904000-7ff50fa00000 rw-p 00000000 00:00 0 
7ff50fa00000-7ff510e4f000 r-xp 00000000 08:20 537311                     /root/.sdkman/candidates/java/21.0.2-amzn/lib/server/libjvm.so
7ff510e4f000-7ff51104e000 ---p 0144f000 08:20 537311                     /root/.sdkman/candidates/java/21.0.2-amzn/lib/server/libjvm.so
7ff51104e000-7ff51111f000 r--p 0144e000 08:20 537311                     /root/.sdkman/candidates/java/21.0.2-amzn/lib/server/libjvm.so
7ff51111f000-7ff51114f000 rw-p 0151f000 08:20 537311                     /root/.sdkman/candidates/java/21.0.2-amzn/lib/server/libjvm.so
7ff51114f000-7ff5111b5000 rw-p 00000000 00:00 0 
7ff5111cf000-7ff5111d2000 r--p 00000000 00:53 5348024558630140           /mnt/e/code/BA-Thesis/java/app/build/libcppjnilib.so
7ff5111d2000-7ff5111d4000 r-xp 00003000 00:53 5348024558630140           /mnt/e/code/BA-Thesis/java/app/build/libcppjnilib.so
7ff5111d4000-7ff5111d5000 r--p 00005000 00:53 5348024558630140           /mnt/e/code/BA-Thesis/java/app/build/libcppjnilib.so
7ff5111d5000-7ff5111d6000 r--p 00005000 00:53 5348024558630140           /mnt/e/code/BA-Thesis/java/app/build/libcppjnilib.so
7ff5111d6000-7ff5111d7000 rw-p 00006000 00:53 5348024558630140           /mnt/e/code/BA-Thesis/java/app/build/libcppjnilib.so
7ff5111d7000-7ff5111ff000 r--p 00000000 08:20 26535                      /usr/lib/x86_64-linux-gnu/libc.so.6
7ff5111ff000-7ff511394000 r-xp 00028000 08:20 26535                      /usr/lib/x86_64-linux-gnu/libc.so.6
7ff511394000-7ff5113ec000 r--p 001bd000 08:20 26535                      /usr/lib/x86_64-linux-gnu/libc.so.6
7ff5113ec000-7ff5113ed000 ---p 00215000 08:20 26535                      /usr/lib/x86_64-linux-gnu/libc.so.6
7ff5113ed000-7ff5113f1000 r--p 00215000 08:20 26535                      /usr/lib/x86_64-linux-gnu/libc.so.6
7ff5113f1000-7ff5113f3000 rw-p 00219000 08:20 26535                      /usr/lib/x86_64-linux-gnu/libc.so.6
7ff5113f3000-7ff511400000 rw-p 00000000 00:00 0 
7ff511400000-7ff51140f000 r-xp 00000000 08:20 537304                     /root/.sdkman/candidates/java/21.0.2-amzn/lib/libjli.so
7ff51140f000-7ff51160f000 ---p 0000f000 08:20 537304                     /root/.sdkman/candidates/java/21.0.2-amzn/lib/libjli.so
7ff51160f000-7ff511610000 r--p 0000f000 08:20 537304                     /root/.sdkman/candidates/java/21.0.2-amzn/lib/libjli.so
7ff511610000-7ff511611000 rw-p 00010000 08:20 537304                     /root/.sdkman/candidates/java/21.0.2-amzn/lib/libjli.so
7ff511618000-7ff511619000 r--p 00000000 08:20 7406                       /usr/lib/locale/C.utf8/LC_NUMERIC
7ff511619000-7ff51161a000 r--p 00000000 08:20 7409                       /usr/lib/locale/C.utf8/LC_TIME
7ff51161a000-7ff51161b000 r--p 00000000 08:20 7396                       /usr/lib/locale/C.utf8/LC_COLLATE
7ff51161b000-7ff51161c000 r--p 00000000 08:20 7403                       /usr/lib/locale/C.utf8/LC_MONETARY
7ff51161c000-7ff51161d000 r--p 00000000 08:20 7401                       /usr/lib/locale/C.utf8/LC_MESSAGES/SYS_LC_MESSAGES
7ff51161d000-7ff51161e000 r--p 00000000 08:20 7407                       /usr/lib/locale/C.utf8/LC_PAPER
7ff51161e000-7ff51161f000 r--p 00000000 08:20 7404                       /usr/lib/locale/C.utf8/LC_NAME
7ff51161f000-7ff511620000 r--p 00000000 08:20 7395                       /usr/lib/locale/C.utf8/LC_ADDRESS
7ff511620000-7ff511621000 r--p 00000000 08:20 7408                       /usr/lib/locale/C.utf8/LC_TELEPHONE
7ff511621000-7ff511622000 r--p 00000000 08:20 7400                       /usr/lib/locale/C.utf8/LC_MEASUREMENT
7ff511622000-7ff511629000 r--s 00000000 08:20 51605                      /usr/lib/x86_64-linux-gnu/gconv/gconv-modules.cache
7ff511629000-7ff51162e000 rw-p 00000000 00:00 0 
7ff51162e000-7ff511638000 ---p 00000000 00:00 0 
7ff511638000-7ff511646000 r--p 00000000 08:20 26538                      /usr/lib/x86_64-linux-gnu/libm.so.6
7ff511646000-7ff5116c2000 r-xp 0000e000 08:20 26538                      /usr/lib/x86_64-linux-gnu/libm.so.6
7ff5116c2000-7ff51171d000 r--p 0008a000 08:20 26538                      /usr/lib/x86_64-linux-gnu/libm.so.6
7ff51171d000-7ff51171e000 r--p 000e4000 08:20 26538                      /usr/lib/x86_64-linux-gnu/libm.so.6
7ff51171e000-7ff51171f000 rw-p 000e5000 08:20 26538                      /usr/lib/x86_64-linux-gnu/libm.so.6
7ff51171f000-7ff511720000 r--p 00000000 08:20 26549                      /usr/lib/x86_64-linux-gnu/librt.so.1
7ff511720000-7ff511721000 r-xp 00001000 08:20 26549                      /usr/lib/x86_64-linux-gnu/librt.so.1
7ff511721000-7ff511722000 r--p 00002000 08:20 26549                      /usr/lib/x86_64-linux-gnu/librt.so.1
7ff511722000-7ff511723000 r--p 00002000 08:20 26549                      /usr/lib/x86_64-linux-gnu/librt.so.1
7ff511723000-7ff511724000 rw-p 00003000 08:20 26549                      /usr/lib/x86_64-linux-gnu/librt.so.1
7ff511724000-7ff511728000 rw-p 00000000 00:00 0 
7ff511728000-7ff511729000 r--p 00000000 08:20 26537                      /usr/lib/x86_64-linux-gnu/libdl.so.2
7ff511729000-7ff51172a000 r-xp 00001000 08:20 26537                      /usr/lib/x86_64-linux-gnu/libdl.so.2
7ff51172a000-7ff51172b000 r--p 00002000 08:20 26537                      /usr/lib/x86_64-linux-gnu/libdl.so.2
7ff51172b000-7ff51172c000 r--p 00002000 08:20 26537                      /usr/lib/x86_64-linux-gnu/libdl.so.2
7ff51172c000-7ff51172d000 rw-p 00003000 08:20 26537                      /usr/lib/x86_64-linux-gnu/libdl.so.2
7ff51172d000-7ff51172e000 r--p 00000000 08:20 26547                      /usr/lib/x86_64-linux-gnu/libpthread.so.0
7ff51172e000-7ff51172f000 r-xp 00001000 08:20 26547                      /usr/lib/x86_64-linux-gnu/libpthread.so.0
7ff51172f000-7ff511730000 r--p 00002000 08:20 26547                      /usr/lib/x86_64-linux-gnu/libpthread.so.0
7ff511730000-7ff511731000 r--p 00002000 08:20 26547                      /usr/lib/x86_64-linux-gnu/libpthread.so.0
7ff511731000-7ff511732000 rw-p 00003000 08:20 26547                      /usr/lib/x86_64-linux-gnu/libpthread.so.0
7ff511732000-7ff511734000 r--p 00000000 08:20 6844                       /usr/lib/x86_64-linux-gnu/libz.so.1.2.11
7ff511734000-7ff511745000 r-xp 00002000 08:20 6844                       /usr/lib/x86_64-linux-gnu/libz.so.1.2.11
7ff511745000-7ff51174b000 r--p 00013000 08:20 6844                       /usr/lib/x86_64-linux-gnu/libz.so.1.2.11
7ff51174b000-7ff51174c000 ---p 00019000 08:20 6844                       /usr/lib/x86_64-linux-gnu/libz.so.1.2.11
7ff51174c000-7ff51174d000 r--p 00019000 08:20 6844                       /usr/lib/x86_64-linux-gnu/libz.so.1.2.11
7ff51174d000-7ff51174e000 rw-p 0001a000 08:20 6844                       /usr/lib/x86_64-linux-gnu/libz.so.1.2.11
7ff51174e000-7ff51174f000 r--p 00000000 08:20 7398                       /usr/lib/locale/C.utf8/LC_IDENTIFICATION
7ff51174f000-7ff511757000 rw-s 00000000 08:20 1213                       /tmp/hsperfdata_root/11134
7ff511757000-7ff511758000 ---p 00000000 00:00 0 
7ff511758000-7ff511759000 r--p 00000000 00:00 0 
7ff511759000-7ff51175b000 rw-p 00000000 00:00 0 
7ff51175b000-7ff51175d000 r--p 00000000 08:20 26532                      /usr/lib/x86_64-linux-gnu/ld-linux-x86-64.so.2
7ff51175d000-7ff511787000 r-xp 00002000 08:20 26532                      /usr/lib/x86_64-linux-gnu/ld-linux-x86-64.so.2
7ff511787000-7ff511792000 r--p 0002c000 08:20 26532                      /usr/lib/x86_64-linux-gnu/ld-linux-x86-64.so.2
7ff511792000-7ff511793000 ---p 00000000 00:00 0 
7ff511793000-7ff511795000 r--p 00037000 08:20 26532                      /usr/lib/x86_64-linux-gnu/ld-linux-x86-64.so.2
7ff511795000-7ff511797000 rw-p 00039000 08:20 26532                      /usr/lib/x86_64-linux-gnu/ld-linux-x86-64.so.2
7fff712fc000-7fff7131e000 rw-p 00000000 00:00 0                          [stack]
7fff713d0000-7fff713d4000 r--p 00000000 00:00 0                          [vvar]
7fff713d4000-7fff713d6000 r-xp 00000000 00:00 0                          [vdso]
Total number of mappings: 216


VM Arguments:
jvm_args: -Djava.library.path=. 
java_command: HelloWorld
java_class_path (initial): .
Launcher Type: SUN_STANDARD

[Global flags]
     intx CICompilerCount                          = 12                                        {product} {ergonomic}
     uint ConcGCThreads                            = 5                                         {product} {ergonomic}
     uint G1ConcRefinementThreads                  = 18                                        {product} {ergonomic}
   size_t G1HeapRegionSize                         = 8388608                                   {product} {ergonomic}
    uintx GCDrainStackTargetSize                   = 64                                        {product} {ergonomic}
   size_t InitialHeapSize                          = 796917760                                 {product} {ergonomic}
   size_t MarkStackSize                            = 4194304                                   {product} {ergonomic}
   size_t MaxHeapSize                              = 12624855040                               {product} {ergonomic}
   size_t MaxNewSize                               = 7574913024                                {product} {ergonomic}
   size_t MinHeapDeltaBytes                        = 8388608                                   {product} {ergonomic}
   size_t MinHeapSize                              = 8388608                                   {product} {ergonomic}
    uintx NonNMethodCodeHeapSize                   = 7602480                                {pd product} {ergonomic}
    uintx NonProfiledCodeHeapSize                  = 122027880                              {pd product} {ergonomic}
    uintx ProfiledCodeHeapSize                     = 122027880                              {pd product} {ergonomic}
    uintx ReservedCodeCacheSize                    = 251658240                              {pd product} {ergonomic}
     bool SegmentedCodeCache                       = true                                      {product} {ergonomic}
   size_t SoftMaxHeapSize                          = 12624855040                            {manageable} {ergonomic}
     bool UseCompressedOops                        = true                           {product lp64_product} {ergonomic}
     bool UseG1GC                                  = true                                      {product} {ergonomic}

Logging:
Log output configuration:
 #0: stdout all=warning uptime,level,tags foldmultilines=false
 #1: stderr all=off uptime,level,tags foldmultilines=false

Environment Variables:
JAVA_HOME=/root/.sdkman/candidates/java/current
PATH=/root/android-ndk/android-ndk-r26b:/root/.nix-profile/bin:/nix/var/nix/profiles/default/bin:/root/android-ndk/android-ndk-r26b/:/root/.sdkman/candidates/kotlin/current/bin:/root/.sdkman/candidates/java/current/bin:/root/.sdkman/candidates/gradle/current/bin:/usr/local/sbin:/usr/local/bin:/usr/sbin:/usr/bin:/sbin:/bin:/usr/games:/usr/local/games:/usr/lib/wsl/lib:/mnt/c/Program Files/PowerShell/7:/mnt/c/Users/Jean/fvm/versions/stable/bin/:/mnt/c/Program Files (x86)/Common Files/Intel/Shared Libraries/redist/intel64_win/compiler:/mnt/c/Program Files/Lapce/:/mnt/c/tools/python/Python311/Scripts/:/mnt/c/tools/python/Python311/:/mnt/c/Program Files (x86)/VMware/VMware Workstation/bin/:/mnt/c/Program Files/OpenSSH/:/mnt/c/Program Files (x86)/Common Files/Intel/Shared Libraries/redist/intel64/compiler:/mnt/c/Windows/system32:/mnt/c/Windows:/mnt/c/Windows/System32/Wbem:/mnt/c/Windows/System32/WindowsPowerShell/v1.0/:/mnt/c/Windows/System32/OpenSSH/:/mnt/c/Program Files/PuTTY/:/mnt/c/Program Files/WireGuard/:/mnt/c/Users/Jean/AppData/Roaming/nvm:/mnt/c/Program Files/nodejs:/mnt/c/ProgramData/chocolatey/bin:/mnt/c/Program Files/Microsoft SQL Server/150/Tools/Binn/:/mnt/c/Program Files/dotnet/:/mnt/c/Program Files/NVIDIA Corporation/NVIDIA NvDLISR:/mnt/c/Program Files/Git/cmd:/mnt/c/Program Files (x86)/NVIDIA Corporation/PhysX/Common:/mnt/c/Program Files/usbipd-win/:/mnt/c/tools/php/php-8.2.5-nts-Win32-vs16-x64:/mnt/c/tools/composer:/mnt/c/Program Files/Docker/Docker/resources/bin:/mnt/c/Program Files (x86)/Microsoft SQL Server/160/DTS/Binn/:/mnt/c/Program Files/Azure Data Studio/bin:/mnt/c/tools/CMake/bin:/mnt/c/Strawberry/c/bin:/mnt/c/Strawberry/perl/site/bin:/mnt/c/Strawberry/perl/bin:/mnt/c/Program Files/PowerShell/7/:/mnt/e/MinGW/bin:/mnt/c/Users/Jean/AppData/Local/pnpm:/mnt/c/Users/Jean/.cargo/bin:/mnt/c/Users/Jean/AppData/Local/Microsoft/WindowsApps:/mnt/c/Users/Jean/AppData/Local/Programs/Microsoft VS Code/bin:/mnt/c/tools/dart-sdk/bin:/mnt/c/Users/Jean/AppData/Roaming/Pub/Cache/bin:/mnt/c/tools/OpenJDK/jdk-17.0.6+10/bin:/mnt/c/Users/Jean/AppData/Local/Programs/oh-my-posh/bin:/mnt/c/Users/Jean/AppData/Local/Android/Sdk/platform-tools:/mnt/c/Users/Jean/fvm/default/bin:/mnt/c/Users/Jean/AppData/Roaming/Composer/vendor/bin:/mnt/c/Users/Jean/AppData/Local/Microsoft/WinGet/Links:/mnt/c/Program Files (x86)/Dr. Memory/bin/:/mnt/c/Users/Jean/.dotnet/tools:/snap/bin
SHELL=/usr/bin/fish
DISPLAY=:0
HOSTTYPE=x86_64
LANG=C.UTF-8
TERM=xterm-256color

Active Locale:
LC_ALL=C.UTF-8
LC_COLLATE=C.UTF-8
LC_CTYPE=C.UTF-8
LC_MESSAGES=C.UTF-8
LC_MONETARY=C.UTF-8
LC_NUMERIC=C.UTF-8
LC_TIME=C.UTF-8

Signal Handlers:
   SIGSEGV: crash_handler in libjvm.so, mask=11100100010111111101111111111110, flags=SA_RESTART|SA_SIGINFO, unblocked
    SIGBUS: crash_handler in libjvm.so, mask=11100100010111111101111111111110, flags=SA_RESTART|SA_SIGINFO, unblocked
    SIGFPE: crash_handler in libjvm.so, mask=11100100010111111101111111111110, flags=SA_RESTART|SA_SIGINFO, unblocked
   SIGPIPE: javaSignalHandler in libjvm.so, mask=11100100010111111101111111111110, flags=SA_RESTART|SA_SIGINFO, blocked
   SIGXFSZ: javaSignalHandler in libjvm.so, mask=11100100010111111101111111111110, flags=SA_RESTART|SA_SIGINFO, blocked
    SIGILL: crash_handler in libjvm.so, mask=11100100010111111101111111111110, flags=SA_RESTART|SA_SIGINFO, unblocked
   SIGUSR2: SR_handler in libjvm.so, mask=00000000000000000000000000000000, flags=SA_RESTART|SA_SIGINFO, blocked
    SIGHUP: UserHandler in libjvm.so, mask=11100100010111111101111111111110, flags=SA_RESTART|SA_SIGINFO, blocked
    SIGINT: UserHandler in libjvm.so, mask=11100100010111111101111111111110, flags=SA_RESTART|SA_SIGINFO, blocked
   SIGTERM: UserHandler in libjvm.so, mask=11100100010111111101111111111110, flags=SA_RESTART|SA_SIGINFO, blocked
   SIGQUIT: UserHandler in libjvm.so, mask=11100100010111111101111111111110, flags=SA_RESTART|SA_SIGINFO, blocked
   SIGTRAP: crash_handler in libjvm.so, mask=11100100010111111101111111111110, flags=SA_RESTART|SA_SIGINFO, unblocked


Periodic native trim disabled

---------------  S Y S T E M  ---------------

OS:
DISTRIB_ID=Ubuntu
DISTRIB_RELEASE=22.04
DISTRIB_CODENAME=jammy
DISTRIB_DESCRIPTION="Ubuntu 22.04.3 LTS"
uname: Linux 5.15.133.1-microsoft-standard-WSL2 #1 SMP Thu Oct 5 21:02:42 UTC 2023 x86_64
OS uptime: 0 days 22:12 hours
libc: glibc 2.35 NPTL 2.35 
rlimit (soft/hard): STACK 8192k/infinity , CORE 0k/infinity , NPROC 192524/192524 , NOFILE 1048576/1048576 , AS infinity/infinity , CPU infinity/infinity , DATA infinity/infinity , FSIZE infinity/infinity , MEMLOCK 65536k/65536k
load average: 0.17 0.09 0.03

/proc/meminfo:
MemTotal:       49292808 kB
MemFree:        47266184 kB
MemAvailable:   48001432 kB
Buffers:           40088 kB
Cached:          1141540 kB
SwapCached:            0 kB
Active:           506684 kB
Inactive:        1024176 kB
Active(anon):       3000 kB
Inactive(anon):   352300 kB
Active(file):     503684 kB
Inactive(file):   671876 kB
Unevictable:           0 kB
Mlocked:               0 kB
SwapTotal:      12582912 kB
SwapFree:       12582912 kB
Dirty:                84 kB
Writeback:             0 kB
AnonPages:        335312 kB
Mapped:           274956 kB
Shmem:              6060 kB
KReclaimable:      67800 kB
Slab:             159068 kB
SReclaimable:      67800 kB
SUnreclaim:        91268 kB
KernelStack:        7664 kB
PageTables:         7056 kB
NFS_Unstable:          0 kB
Bounce:                0 kB
WritebackTmp:          0 kB
CommitLimit:    37229316 kB
Committed_AS:    2975036 kB
VmallocTotal:   34359738367 kB
VmallocUsed:       32432 kB
VmallocChunk:          0 kB
Percpu:            13440 kB
AnonHugePages:    122880 kB
ShmemHugePages:        0 kB
ShmemPmdMapped:        0 kB
FileHugePages:         0 kB
FilePmdMapped:         0 kB
HugePages_Total:       0
HugePages_Free:        0
HugePages_Rsvd:        0
HugePages_Surp:        0
Hugepagesize:       2048 kB
Hugetlb:               0 kB
DirectMap4k:      117760 kB
DirectMap2M:     7180288 kB
DirectMap1G:    52428800 kB

/sys/kernel/mm/transparent_hugepage/enabled: [always] madvise never
/sys/kernel/mm/transparent_hugepage/defrag (defrag/compaction efforts parameter): always defer defer+madvise [madvise] never

Process Memory:
Virtual Size: 15335200K (peak: 15335200K)
Resident Set Size: 46848K (peak: 46848K) (anon: 25324K, file: 21524K, shmem: 0K)
Swapped out: 0K
C-Heap outstanding allocations: 45439K, retained: 2012K
glibc malloc tunables: (default)

/proc/sys/kernel/threads-max (system-wide limit on the number of threads): 385048
/proc/sys/vm/max_map_count (maximum number of memory map areas a process may have): 65530
/proc/sys/kernel/pid_max (system-wide limit on number of process identifiers): 4194304

container (cgroup) information:
container_type: cgroupv1
cpu_cpuset_cpus: 0-23
cpu_memory_nodes: 0
active_processor_count: 24
cpu_quota: no quota
cpu_period: 100000
cpu_shares: no shares
memory_limit_in_bytes: unlimited
memory_and_swap_limit_in_bytes: unlimited
memory_soft_limit_in_bytes: unlimited
memory_usage_in_bytes: 1516976 k
memory_max_usage_in_bytes: 1208528 k
kernel_memory_usage_in_bytes: 52532 k
kernel_memory_max_usage_in_bytes: unlimited
kernel_memory_limit_in_bytes: 57620 k
maximum number of tasks: not supported
current number of tasks: not supported

Hyper-V virtualization detected
Steal ticks since vm start: 0
Steal ticks percentage since vm start:  0.000

CPU: total 24 (initial active 24) (32 cores per cpu, 2 threads per core) family 23 model 113 stepping 0 microcode 0xffffffff, cx8, cmov, fxsr, ht, mmx, 3dnowpref, sse, sse2, sse3, ssse3, sse4a, sse4.1, sse4.2, popcnt, lzcnt, tsc, tscinvbit, avx, avx2, aes, clmul, bmi1, bmi2, adx, sha, fma, vzeroupper, clflush, clflushopt, hv, rdtscp, rdpid, f16c
CPU Model and flags from /proc/cpuinfo:
model name	: AMD Ryzen 9 3900X 12-Core Processor
flags		: fpu vme de pse tsc msr pae mce cx8 apic sep mtrr pge mca cmov pat pse36 clflush mmx fxsr sse sse2 ht syscall nx mmxext fxsr_opt pdpe1gb rdtscp lm constant_tsc rep_good nopl tsc_reliable nonstop_tsc cpuid extd_apicid pni pclmulqdq ssse3 fma cx16 sse4_1 sse4_2 movbe popcnt aes xsave avx f16c rdrand hypervisor lahf_lm cmp_legacy svm cr8_legacy abm sse4a misalignsse 3dnowprefetch osvw topoext perfctr_core ssbd ibpb stibp vmmcall fsgsbase bmi1 avx2 smep bmi2 rdseed adx smap clflushopt clwb sha_ni xsaveopt xsavec xgetbv1 clzero xsaveerptr arat npt nrip_save tsc_scale vmcb_clean flushbyasid decodeassists pausefilter pfthreshold v_vmsave_vmload umip rdpid

Online cpus: 0-23
Offline cpus: 
BIOS frequency limitation: <Not Available>
Frequency switch latency (ns): <Not Available>
Available cpu frequencies: <Not Available>
Current governor: <Not Available>
Core performance/turbo boost: <Not Available>

Memory: 4k page, physical 49292808k(48001136k free), swap 12582912k(12582912k free)
Page Sizes: 4k

vm_info: OpenJDK 64-Bit Server VM (21.0.2+13-LTS) for linux-amd64 JRE (21.0.2+13-LTS), built on 2024-01-10T23:18:41Z by "jenkins" with gcc 7.3.1 20180303 (Red Hat 7.3.1-5)

END.
